[ 2014-03-17T18:36:39+08:00 ] 127.0.0.1 /t/
INFO: [ app_begin ] --START--
INFO: ReadHtmlCache Behavior ::run [ RunTime:0.018001s ]
INFO: [ app_begin ] --END-- [ RunTime:0.056004s ]
INFO: [ view_parse ] --START--
NOTIC: [8] Undefined variable: nav2 E:\xampp\htdocs\t\User\Runtime\Cache\User\31f71441c69b45e90211c42e2a90e094.php 第 70 行.
NOTIC: [8] Undefined variable: nav3 E:\xampp\htdocs\t\User\Runtime\Cache\User\31f71441c69b45e90211c42e2a90e094.php 第 73 行.
NOTIC: [8] Undefined variable: nav4 E:\xampp\htdocs\t\User\Runtime\Cache\User\31f71441c69b45e90211c42e2a90e094.php 第 76 行.
NOTIC: [8] Undefined index: user_name E:\xampp\htdocs\t\User\Runtime\Cache\User\31f71441c69b45e90211c42e2a90e094.php 第 81 行.
INFO: ParseTemplate Behavior ::run [ RunTime:0.179010s ]
INFO: [ view_parse ] --END-- [ RunTime:0.179010s ]
INFO: [ view_filter ] --START--
INFO: ContentReplace Behavior ::run [ RunTime:0.016001s ]
INFO: TokenBuild Behavior ::run [ RunTime:0.004000s ]
INFO: WriteHtmlCache Behavior ::run [ RunTime:0.003000s ]
INFO: ShowRuntime Behavior ::run [ RunTime:0.003000s ]
INFO: [ view_filter ] --END-- [ RunTime:0.027001s ]
INFO: [ view_end ] --START--
INFO: ShowPageTrace Behavior ::run [ RunTime:0.015001s ]
INFO: [ view_end ] --END-- [ RunTime:0.015001s ]

[ 2014-03-17T18:36:41+08:00 ] 127.0.0.1 /t/Office.html
INFO: [ route_check ] --START--
INFO: CheckRoute Behavior ::run [ RunTime:0.018001s ]
INFO: [ route_check ] --END-- [ RunTime:0.018001s ]
INFO: [ app_begin ] --START--
INFO: ReadHtmlCache Behavior ::run [ RunTime:0.001000s ]
INFO: [ app_begin ] --END-- [ RunTime:0.001000s ]
NOTIC: [2048] Declaration of OfficeAction::Show() should be compatible with Action::show($content, $charset = '', $contentType = '', $prefix = '') E:\xampp\htdocs\t\User\Lib\Action\User\OfficeAction.class.php 第 217 行.
INFO: [ view_parse ] --START--
NOTIC: [8] Undefined variable: nav1 E:\xampp\htdocs\t\User\Runtime\Cache\User\e5b574611600f340f8971129dc12d3b7.php 第 67 行.
NOTIC: [8] Undefined variable: nav2 E:\xampp\htdocs\t\User\Runtime\Cache\User\e5b574611600f340f8971129dc12d3b7.php 第 70 行.
NOTIC: [8] Undefined variable: nav3 E:\xampp\htdocs\t\User\Runtime\Cache\User\e5b574611600f340f8971129dc12d3b7.php 第 73 行.
NOTIC: [8] Undefined index: user_name E:\xampp\htdocs\t\User\Runtime\Cache\User\e5b574611600f340f8971129dc12d3b7.php 第 81 行.
NOTIC: [8] Undefined index: user_power E:\xampp\htdocs\t\User\Runtime\Cache\User\e5b574611600f340f8971129dc12d3b7.php 第 138 行.
NOTIC: [8] Undefined index: user_power E:\xampp\htdocs\t\User\Runtime\Cache\User\e5b574611600f340f8971129dc12d3b7.php 第 189 行.
NOTIC: [8] Undefined index: user_power E:\xampp\htdocs\t\User\Runtime\Cache\User\e5b574611600f340f8971129dc12d3b7.php 第 223 行.
NOTIC: [8] Undefined variable: type1_1 E:\xampp\htdocs\t\User\Runtime\Cache\User\e5b574611600f340f8971129dc12d3b7.php 第 226 行.
NOTIC: [8] Undefined variable: type1_2 E:\xampp\htdocs\t\User\Runtime\Cache\User\e5b574611600f340f8971129dc12d3b7.php 第 229 行.
INFO: ParseTemplate Behavior ::run [ RunTime:0.042002s ]
INFO: [ view_parse ] --END-- [ RunTime:0.043003s ]
INFO: [ view_filter ] --START--
INFO: ContentReplace Behavior ::run [ RunTime:0.000000s ]
INFO: TokenBuild Behavior ::run [ RunTime:0.001000s ]
INFO: WriteHtmlCache Behavior ::run [ RunTime:0.001000s ]
INFO: ShowRuntime Behavior ::run [ RunTime:0.000000s ]
INFO: [ view_filter ] --END-- [ RunTime:0.002000s ]
INFO: [ view_end ] --START--
INFO: ShowPageTrace Behavior ::run [ RunTime:0.001000s ]
INFO: [ view_end ] --END-- [ RunTime:0.001000s ]
NOTIC: [8] Constant THEME_NAME already defined E:\xampp\htdocs\t\ThinkPHP\Lib\Core\View.class.php 第 223 行.
NOTIC: [8] Constant THEME_PATH already defined E:\xampp\htdocs\t\ThinkPHP\Lib\Core\View.class.php 第 174 行.
NOTIC: [8] Constant APP_TMPL_PATH already defined E:\xampp\htdocs\t\ThinkPHP\Lib\Core\View.class.php 第 175 行.
INFO: [ view_parse ] --START--
INFO: ParseTemplate Behavior ::run [ RunTime:0.063004s ]
INFO: [ view_parse ] --END-- [ RunTime:-0.005000s ]
INFO: [ view_filter ] --START--
INFO: ContentReplace Behavior ::run [ RunTime:0.000000s ]
INFO: TokenBuild Behavior ::run [ RunTime:0.000000s ]
INFO: WriteHtmlCache Behavior ::run [ RunTime:0.000000s ]
INFO: ShowRuntime Behavior ::run [ RunTime:0.000000s ]
INFO: [ view_filter ] --END-- [ RunTime:-0.065004s ]
NOTIC: [2] Cannot modify header information - headers already sent by (output started at E:\xampp\htdocs\t\ThinkPHP\Lib\Core\View.class.php:99) E:\xampp\htdocs\t\ThinkPHP\Lib\Core\View.class.php 第 95 行.
NOTIC: [2] Cannot modify header information - headers already sent by (output started at E:\xampp\htdocs\t\ThinkPHP\Lib\Core\View.class.php:99) E:\xampp\htdocs\t\ThinkPHP\Lib\Core\View.class.php 第 96 行.
NOTIC: [2] Cannot modify header information - headers already sent by (output started at E:\xampp\htdocs\t\ThinkPHP\Lib\Core\View.class.php:99) E:\xampp\htdocs\t\ThinkPHP\Lib\Core\View.class.php 第 97 行.
INFO: [ view_end ] --START--
INFO: ShowPageTrace Behavior ::run [ RunTime:0.000000s ]
INFO: [ view_end ] --END-- [ RunTime:-0.064004s ]
NOTIC: [8] Constant THEME_NAME already defined E:\xampp\htdocs\t\ThinkPHP\Lib\Core\View.class.php 第 223 行.
NOTIC: [8] Constant THEME_PATH already defined E:\xampp\htdocs\t\ThinkPHP\Lib\Core\View.class.php 第 174 行.
NOTIC: [8] Constant APP_TMPL_PATH already defined E:\xampp\htdocs\t\ThinkPHP\Lib\Core\View.class.php 第 175 行.
INFO: [ view_parse ] --START--
INFO: ParseTemplate Behavior ::run [ RunTime:0.006000s ]
INFO: [ view_parse ] --END-- [ RunTime:-0.069004s ]
INFO: [ view_filter ] --START--
INFO: ContentReplace Behavior ::run [ RunTime:0.000000s ]
INFO: TokenBuild Behavior ::run [ RunTime:0.000000s ]
INFO: WriteHtmlCache Behavior ::run [ RunTime:0.000000s ]
INFO: ShowRuntime Behavior ::run [ RunTime:0.000000s ]
INFO: [ view_filter ] --END-- [ RunTime:-0.073004s ]
NOTIC: [2] Cannot modify header information - headers already sent by (output started at E:\xampp\htdocs\t\ThinkPHP\Lib\Core\View.class.php:99) E:\xampp\htdocs\t\ThinkPHP\Lib\Core\View.class.php 第 95 行.
NOTIC: [2] Cannot modify header information - headers already sent by (output started at E:\xampp\htdocs\t\ThinkPHP\Lib\Core\View.class.php:99) E:\xampp\htdocs\t\ThinkPHP\Lib\Core\View.class.php 第 96 行.
NOTIC: [2] Cannot modify header information - headers already sent by (output started at E:\xampp\htdocs\t\ThinkPHP\Lib\Core\View.class.php:99) E:\xampp\htdocs\t\ThinkPHP\Lib\Core\View.class.php 第 97 行.
INFO: [ view_end ] --START--
INFO: ShowPageTrace Behavior ::run [ RunTime:0.000000s ]
INFO: [ view_end ] --END-- [ RunTime:-0.071004s ]

[ 2014-03-17T18:36:46+08:00 ] 127.0.0.1 /t/Login/Login.html
INFO: [ route_check ] --START--
INFO: CheckRoute Behavior ::run [ RunTime:0.001000s ]
INFO: [ route_check ] --END-- [ RunTime:0.001000s ]
INFO: [ app_begin ] --START--
INFO: ReadHtmlCache Behavior ::run [ RunTime:0.001000s ]
INFO: [ app_begin ] --END-- [ RunTime:0.001000s ]
SQL: SHOW COLUMNS FROM `br_user` [ RunTime:0.065003s ]
SQL: SELECT * FROM `br_user` WHERE ( ykt = '123' )  [ RunTime:0.006001s ]
SQL: UPDATE `br_user` SET `logintime`=1395052606,`loginip`='127.0.0.1' WHERE ( `uid` = 16 ) [ RunTime:0.004000s ]

[ 2014-03-17T18:36:46+08:00 ] 127.0.0.1 /t/Office.html
INFO: [ route_check ] --START--
INFO: CheckRoute Behavior ::run [ RunTime:0.001000s ]
INFO: [ route_check ] --END-- [ RunTime:0.002000s ]
INFO: [ app_begin ] --START--
INFO: ReadHtmlCache Behavior ::run [ RunTime:0.000000s ]
INFO: [ app_begin ] --END-- [ RunTime:0.001000s ]
NOTIC: [2048] Declaration of OfficeAction::Show() should be compatible with Action::show($content, $charset = '', $contentType = '', $prefix = '') E:\xampp\htdocs\t\User\Lib\Action\User\OfficeAction.class.php 第 217 行.
INFO: [ view_parse ] --START--
NOTIC: [8] Undefined variable: nav1 E:\xampp\htdocs\t\User\Runtime\Cache\User\e5b574611600f340f8971129dc12d3b7.php 第 67 行.
NOTIC: [8] Undefined variable: nav2 E:\xampp\htdocs\t\User\Runtime\Cache\User\e5b574611600f340f8971129dc12d3b7.php 第 70 行.
NOTIC: [8] Undefined variable: nav3 E:\xampp\htdocs\t\User\Runtime\Cache\User\e5b574611600f340f8971129dc12d3b7.php 第 73 行.
NOTIC: [8] Undefined variable: type3_1 E:\xampp\htdocs\t\User\Runtime\Cache\User\e5b574611600f340f8971129dc12d3b7.php 第 193 行.
NOTIC: [8] Undefined variable: type3_9 E:\xampp\htdocs\t\User\Runtime\Cache\User\e5b574611600f340f8971129dc12d3b7.php 第 196 行.
NOTIC: [8] Undefined variable: type3_2 E:\xampp\htdocs\t\User\Runtime\Cache\User\e5b574611600f340f8971129dc12d3b7.php 第 199 行.
NOTIC: [8] Undefined variable: type3_3 E:\xampp\htdocs\t\User\Runtime\Cache\User\e5b574611600f340f8971129dc12d3b7.php 第 203 行.
NOTIC: [8] Undefined variable: type3_4 E:\xampp\htdocs\t\User\Runtime\Cache\User\e5b574611600f340f8971129dc12d3b7.php 第 207 行.
NOTIC: [8] Undefined variable: type3_5 E:\xampp\htdocs\t\User\Runtime\Cache\User\e5b574611600f340f8971129dc12d3b7.php 第 210 行.
NOTIC: [8] Undefined variable: type3_6 E:\xampp\htdocs\t\User\Runtime\Cache\User\e5b574611600f340f8971129dc12d3b7.php 第 213 行.
NOTIC: [8] Undefined variable: type3_7 E:\xampp\htdocs\t\User\Runtime\Cache\User\e5b574611600f340f8971129dc12d3b7.php 第 216 行.
NOTIC: [8] Undefined variable: type3_8 E:\xampp\htdocs\t\User\Runtime\Cache\User\e5b574611600f340f8971129dc12d3b7.php 第 219 行.
INFO: ParseTemplate Behavior ::run [ RunTime:0.034002s ]
INFO: [ view_parse ] --END-- [ RunTime:0.034002s ]
INFO: [ view_filter ] --START--
INFO: ContentReplace Behavior ::run [ RunTime:0.001000s ]
INFO: TokenBuild Behavior ::run [ RunTime:0.001000s ]
INFO: WriteHtmlCache Behavior ::run [ RunTime:0.000000s ]
INFO: ShowRuntime Behavior ::run [ RunTime:0.001000s ]
INFO: [ view_filter ] --END-- [ RunTime:0.004000s ]
INFO: [ view_end ] --START--
INFO: ShowPageTrace Behavior ::run [ RunTime:0.001000s ]
INFO: [ view_end ] --END-- [ RunTime:0.001000s ]
NOTIC: [8] Constant THEME_NAME already defined E:\xampp\htdocs\t\ThinkPHP\Lib\Core\View.class.php 第 223 行.
NOTIC: [8] Constant THEME_PATH already defined E:\xampp\htdocs\t\ThinkPHP\Lib\Core\View.class.php 第 174 行.
NOTIC: [8] Constant APP_TMPL_PATH already defined E:\xampp\htdocs\t\ThinkPHP\Lib\Core\View.class.php 第 175 行.
INFO: [ view_parse ] --START--
INFO: ParseTemplate Behavior ::run [ RunTime:0.004000s ]
INFO: [ view_parse ] --END-- [ RunTime:-0.005000s ]
INFO: [ view_filter ] --START--
INFO: ContentReplace Behavior ::run [ RunTime:0.000000s ]
INFO: TokenBuild Behavior ::run [ RunTime:0.000000s ]
INFO: WriteHtmlCache Behavior ::run [ RunTime:0.000000s ]
INFO: ShowRuntime Behavior ::run [ RunTime:0.000000s ]
INFO: [ view_filter ] --END-- [ RunTime:-0.005000s ]
NOTIC: [2] Cannot modify header information - headers already sent by (output started at E:\xampp\htdocs\t\ThinkPHP\Lib\Core\View.class.php:99) E:\xampp\htdocs\t\ThinkPHP\Lib\Core\View.class.php 第 95 行.
NOTIC: [2] Cannot modify header information - headers already sent by (output started at E:\xampp\htdocs\t\ThinkPHP\Lib\Core\View.class.php:99) E:\xampp\htdocs\t\ThinkPHP\Lib\Core\View.class.php 第 96 行.
NOTIC: [2] Cannot modify header information - headers already sent by (output started at E:\xampp\htdocs\t\ThinkPHP\Lib\Core\View.class.php:99) E:\xampp\htdocs\t\ThinkPHP\Lib\Core\View.class.php 第 97 行.
INFO: [ view_end ] --START--
INFO: ShowPageTrace Behavior ::run [ RunTime:0.000000s ]
INFO: [ view_end ] --END-- [ RunTime:-0.005000s ]
NOTIC: [8] Constant THEME_NAME already defined E:\xampp\htdocs\t\ThinkPHP\Lib\Core\View.class.php 第 223 行.
NOTIC: [8] Constant THEME_PATH already defined E:\xampp\htdocs\t\ThinkPHP\Lib\Core\View.class.php 第 174 行.
NOTIC: [8] Constant APP_TMPL_PATH already defined E:\xampp\htdocs\t\ThinkPHP\Lib\Core\View.class.php 第 175 行.
INFO: [ view_parse ] --START--
INFO: ParseTemplate Behavior ::run [ RunTime:0.005001s ]
INFO: [ view_parse ] --END-- [ RunTime:-0.010000s ]
INFO: [ view_filter ] --START--
INFO: ContentReplace Behavior ::run [ RunTime:0.000000s ]
INFO: TokenBuild Behavior ::run [ RunTime:0.000000s ]
INFO: WriteHtmlCache Behavior ::run [ RunTime:0.000000s ]
INFO: ShowRuntime Behavior ::run [ RunTime:0.000000s ]
INFO: [ view_filter ] --END-- [ RunTime:-0.011001s ]
NOTIC: [2] Cannot modify header information - headers already sent by (output started at E:\xampp\htdocs\t\ThinkPHP\Lib\Core\View.class.php:99) E:\xampp\htdocs\t\ThinkPHP\Lib\Core\View.class.php 第 95 行.
NOTIC: [2] Cannot modify header information - headers already sent by (output started at E:\xampp\htdocs\t\ThinkPHP\Lib\Core\View.class.php:99) E:\xampp\htdocs\t\ThinkPHP\Lib\Core\View.class.php 第 96 行.
NOTIC: [2] Cannot modify header information - headers already sent by (output started at E:\xampp\htdocs\t\ThinkPHP\Lib\Core\View.class.php:99) E:\xampp\htdocs\t\ThinkPHP\Lib\Core\View.class.php 第 97 行.
INFO: [ view_end ] --START--
INFO: ShowPageTrace Behavior ::run [ RunTime:0.000000s ]
INFO: [ view_end ] --END-- [ RunTime:-0.010001s ]

[ 2014-03-17T18:38:12+08:00 ] 127.0.0.1 /t/Office/Show/type/1/gp/3.html
INFO: [ route_check ] --START--
INFO: CheckRoute Behavior ::run [ RunTime:0.002000s ]
INFO: [ route_check ] --END-- [ RunTime:0.002000s ]
INFO: [ app_begin ] --START--
INFO: ReadHtmlCache Behavior ::run [ RunTime:0.000000s ]
INFO: [ app_begin ] --END-- [ RunTime:0.001000s ]
NOTIC: [2048] Declaration of OfficeAction::Show() should be compatible with Action::show($content, $charset = '', $contentType = '', $prefix = '') E:\xampp\htdocs\t\User\Lib\Action\User\OfficeAction.class.php 第 217 行.
SQL: SHOW COLUMNS FROM `br_approval` [ RunTime:0.088005s ]
SQL: SELECT COUNT(*) AS tp_count FROM `br_approval` WHERE ( atype = 21 ) LIMIT 1   [ RunTime:0.001000s ]
SQL: SELECT * FROM `br_approval` WHERE ( atype = 21 ) ORDER BY adate desc LIMIT 0,30   [ RunTime:0.001000s ]
INFO: [ view_parse ] --START--
NOTIC: [8] Undefined variable: nav1 E:\xampp\htdocs\t\User\Runtime\Cache\User\e5b574611600f340f8971129dc12d3b7.php 第 67 行.
NOTIC: [8] Undefined variable: nav2 E:\xampp\htdocs\t\User\Runtime\Cache\User\e5b574611600f340f8971129dc12d3b7.php 第 70 行.
NOTIC: [8] Undefined variable: nav3 E:\xampp\htdocs\t\User\Runtime\Cache\User\e5b574611600f340f8971129dc12d3b7.php 第 73 行.
NOTIC: [8] Undefined variable: type3_9 E:\xampp\htdocs\t\User\Runtime\Cache\User\e5b574611600f340f8971129dc12d3b7.php 第 196 行.
NOTIC: [8] Undefined variable: type3_2 E:\xampp\htdocs\t\User\Runtime\Cache\User\e5b574611600f340f8971129dc12d3b7.php 第 199 行.
NOTIC: [8] Undefined variable: type3_3 E:\xampp\htdocs\t\User\Runtime\Cache\User\e5b574611600f340f8971129dc12d3b7.php 第 203 行.
NOTIC: [8] Undefined variable: type3_4 E:\xampp\htdocs\t\User\Runtime\Cache\User\e5b574611600f340f8971129dc12d3b7.php 第 207 行.
NOTIC: [8] Undefined variable: type3_5 E:\xampp\htdocs\t\User\Runtime\Cache\User\e5b574611600f340f8971129dc12d3b7.php 第 210 行.
NOTIC: [8] Undefined variable: type3_6 E:\xampp\htdocs\t\User\Runtime\Cache\User\e5b574611600f340f8971129dc12d3b7.php 第 213 行.
NOTIC: [8] Undefined variable: type3_7 E:\xampp\htdocs\t\User\Runtime\Cache\User\e5b574611600f340f8971129dc12d3b7.php 第 216 行.
NOTIC: [8] Undefined variable: type3_8 E:\xampp\htdocs\t\User\Runtime\Cache\User\e5b574611600f340f8971129dc12d3b7.php 第 219 行.
INFO: ParseTemplate Behavior ::run [ RunTime:0.021001s ]
INFO: [ view_parse ] --END-- [ RunTime:0.021001s ]
INFO: [ view_filter ] --START--
INFO: ContentReplace Behavior ::run [ RunTime:0.001000s ]
INFO: TokenBuild Behavior ::run [ RunTime:0.000000s ]
INFO: WriteHtmlCache Behavior ::run [ RunTime:0.000000s ]
INFO: ShowRuntime Behavior ::run [ RunTime:0.001000s ]
INFO: [ view_filter ] --END-- [ RunTime:0.003000s ]
INFO: [ view_end ] --START--
INFO: ShowPageTrace Behavior ::run [ RunTime:0.000000s ]
INFO: [ view_end ] --END-- [ RunTime:0.001000s ]
NOTIC: [8] Constant THEME_NAME already defined E:\xampp\htdocs\t\ThinkPHP\Lib\Core\View.class.php 第 223 行.
NOTIC: [8] Constant THEME_PATH already defined E:\xampp\htdocs\t\ThinkPHP\Lib\Core\View.class.php 第 174 行.
NOTIC: [8] Constant APP_TMPL_PATH already defined E:\xampp\htdocs\t\ThinkPHP\Lib\Core\View.class.php 第 175 行.
INFO: [ view_parse ] --START--
SQL: SHOW COLUMNS FROM `br_community` [ RunTime:0.057004s ]
SQL: SELECT * FROM `br_community` WHERE ( cid = 6 )  [ RunTime:0.001000s ]
SQL: SELECT * FROM `br_community` WHERE ( cid = 6 )  [ RunTime:0.001000s ]
SQL: SELECT * FROM `br_community` WHERE ( cid = 6 )  [ RunTime:0.001000s ]
INFO: ParseTemplate Behavior ::run [ RunTime:0.082005s ]
INFO: [ view_parse ] --END-- [ RunTime:-0.004000s ]
INFO: [ view_filter ] --START--
INFO: ContentReplace Behavior ::run [ RunTime:0.000000s ]
INFO: TokenBuild Behavior ::run [ RunTime:0.000000s ]
INFO: WriteHtmlCache Behavior ::run [ RunTime:0.000000s ]
INFO: ShowRuntime Behavior ::run [ RunTime:0.000000s ]
INFO: [ view_filter ] --END-- [ RunTime:-0.083005s ]
NOTIC: [2] Cannot modify header information - headers already sent by (output started at E:\xampp\htdocs\t\ThinkPHP\Lib\Core\View.class.php:99) E:\xampp\htdocs\t\ThinkPHP\Lib\Core\View.class.php 第 95 行.
NOTIC: [2] Cannot modify header information - headers already sent by (output started at E:\xampp\htdocs\t\ThinkPHP\Lib\Core\View.class.php:99) E:\xampp\htdocs\t\ThinkPHP\Lib\Core\View.class.php 第 96 行.
NOTIC: [2] Cannot modify header information - headers already sent by (output started at E:\xampp\htdocs\t\ThinkPHP\Lib\Core\View.class.php:99) E:\xampp\htdocs\t\ThinkPHP\Lib\Core\View.class.php 第 97 行.
INFO: [ view_end ] --START--
INFO: ShowPageTrace Behavior ::run [ RunTime:0.000000s ]
INFO: [ view_end ] --END-- [ RunTime:-0.082005s ]
NOTIC: [8] Constant THEME_NAME already defined E:\xampp\htdocs\t\ThinkPHP\Lib\Core\View.class.php 第 223 行.
NOTIC: [8] Constant THEME_PATH already defined E:\xampp\htdocs\t\ThinkPHP\Lib\Core\View.class.php 第 174 行.
NOTIC: [8] Constant APP_TMPL_PATH already defined E:\xampp\htdocs\t\ThinkPHP\Lib\Core\View.class.php 第 175 行.
INFO: [ view_parse ] --START--
INFO: ParseTemplate Behavior ::run [ RunTime:0.004000s ]
INFO: [ view_parse ] --END-- [ RunTime:-0.087005s ]
INFO: [ view_filter ] --START--
INFO: ContentReplace Behavior ::run [ RunTime:0.000000s ]
INFO: TokenBuild Behavior ::run [ RunTime:0.000000s ]
INFO: WriteHtmlCache Behavior ::run [ RunTime:0.000000s ]
INFO: ShowRuntime Behavior ::run [ RunTime:0.000000s ]
INFO: [ view_filter ] --END-- [ RunTime:-0.088005s ]
NOTIC: [2] Cannot modify header information - headers already sent by (output started at E:\xampp\htdocs\t\ThinkPHP\Lib\Core\View.class.php:99) E:\xampp\htdocs\t\ThinkPHP\Lib\Core\View.class.php 第 95 行.
NOTIC: [2] Cannot modify header information - headers already sent by (output started at E:\xampp\htdocs\t\ThinkPHP\Lib\Core\View.class.php:99) E:\xampp\htdocs\t\ThinkPHP\Lib\Core\View.class.php 第 96 行.
NOTIC: [2] Cannot modify header information - headers already sent by (output started at E:\xampp\htdocs\t\ThinkPHP\Lib\Core\View.class.php:99) E:\xampp\htdocs\t\ThinkPHP\Lib\Core\View.class.php 第 97 行.
INFO: [ view_end ] --START--
INFO: ShowPageTrace Behavior ::run [ RunTime:0.001000s ]
INFO: [ view_end ] --END-- [ RunTime:-0.087005s ]

[ 2014-03-17T18:39:06+08:00 ] 127.0.0.1 /t/Office/ShowDetial/type/1/gp/3/index/1/da/8.html
INFO: [ route_check ] --START--
INFO: CheckRoute Behavior ::run [ RunTime:0.001000s ]
INFO: [ route_check ] --END-- [ RunTime:0.001000s ]
INFO: [ app_begin ] --START--
INFO: ReadHtmlCache Behavior ::run [ RunTime:0.000000s ]
INFO: [ app_begin ] --END-- [ RunTime:0.001001s ]
NOTIC: [2048] Declaration of OfficeAction::Show() should be compatible with Action::show($content, $charset = '', $contentType = '', $prefix = '') E:\xampp\htdocs\t\User\Lib\Action\User\OfficeAction.class.php 第 217 行.
SQL: SHOW COLUMNS FROM `br_approval` [ RunTime:0.008000s ]
SQL: SELECT * FROM `br_approval` WHERE ( aid = 8 )  [ RunTime:0.001000s ]
INFO: [ view_parse ] --START--
NOTIC: [8] Undefined variable: nav1 E:\xampp\htdocs\t\User\Runtime\Cache\User\e5b574611600f340f8971129dc12d3b7.php 第 67 行.
NOTIC: [8] Undefined variable: nav2 E:\xampp\htdocs\t\User\Runtime\Cache\User\e5b574611600f340f8971129dc12d3b7.php 第 70 行.
NOTIC: [8] Undefined variable: nav3 E:\xampp\htdocs\t\User\Runtime\Cache\User\e5b574611600f340f8971129dc12d3b7.php 第 73 行.
NOTIC: [8] Undefined variable: type3_1 E:\xampp\htdocs\t\User\Runtime\Cache\User\e5b574611600f340f8971129dc12d3b7.php 第 193 行.
NOTIC: [8] Undefined variable: type3_9 E:\xampp\htdocs\t\User\Runtime\Cache\User\e5b574611600f340f8971129dc12d3b7.php 第 196 行.
NOTIC: [8] Undefined variable: type3_2 E:\xampp\htdocs\t\User\Runtime\Cache\User\e5b574611600f340f8971129dc12d3b7.php 第 199 行.
NOTIC: [8] Undefined variable: type3_3 E:\xampp\htdocs\t\User\Runtime\Cache\User\e5b574611600f340f8971129dc12d3b7.php 第 203 行.
NOTIC: [8] Undefined variable: type3_4 E:\xampp\htdocs\t\User\Runtime\Cache\User\e5b574611600f340f8971129dc12d3b7.php 第 207 行.
NOTIC: [8] Undefined variable: type3_5 E:\xampp\htdocs\t\User\Runtime\Cache\User\e5b574611600f340f8971129dc12d3b7.php 第 210 行.
NOTIC: [8] Undefined variable: type3_6 E:\xampp\htdocs\t\User\Runtime\Cache\User\e5b574611600f340f8971129dc12d3b7.php 第 213 行.
NOTIC: [8] Undefined variable: type3_7 E:\xampp\htdocs\t\User\Runtime\Cache\User\e5b574611600f340f8971129dc12d3b7.php 第 216 行.
NOTIC: [8] Undefined variable: type3_8 E:\xampp\htdocs\t\User\Runtime\Cache\User\e5b574611600f340f8971129dc12d3b7.php 第 219 行.
INFO: ParseTemplate Behavior ::run [ RunTime:0.023001s ]
INFO: [ view_parse ] --END-- [ RunTime:0.023001s ]
INFO: [ view_filter ] --START--
INFO: ContentReplace Behavior ::run [ RunTime:0.001000s ]
INFO: TokenBuild Behavior ::run [ RunTime:0.000000s ]
INFO: WriteHtmlCache Behavior ::run [ RunTime:0.001000s ]
INFO: ShowRuntime Behavior ::run [ RunTime:0.001000s ]
INFO: [ view_filter ] --END-- [ RunTime:0.003000s ]
INFO: [ view_end ] --START--
INFO: ShowPageTrace Behavior ::run [ RunTime:0.001000s ]
INFO: [ view_end ] --END-- [ RunTime:0.001000s ]
NOTIC: [8] Constant THEME_NAME already defined E:\xampp\htdocs\t\ThinkPHP\Lib\Core\View.class.php 第 223 行.
NOTIC: [8] Constant THEME_PATH already defined E:\xampp\htdocs\t\ThinkPHP\Lib\Core\View.class.php 第 174 行.
NOTIC: [8] Constant APP_TMPL_PATH already defined E:\xampp\htdocs\t\ThinkPHP\Lib\Core\View.class.php 第 175 行.
INFO: [ view_parse ] --START--
NOTIC: [8] Undefined index: user_xh E:\xampp\htdocs\t\User\Runtime\Cache\User\f61d69792a03e54e9c8224d009383c60.php 第 31 行.
SQL: SHOW COLUMNS FROM `br_community` [ RunTime:0.008000s ]
SQL: SELECT * FROM `br_community` WHERE ( cid = 0 )  [ RunTime:0.000000s ]
INFO: ParseTemplate Behavior ::run [ RunTime:0.019001s ]
INFO: [ view_parse ] --END-- [ RunTime:-0.004000s ]
INFO: [ view_filter ] --START--
INFO: ContentReplace Behavior ::run [ RunTime:0.000000s ]
INFO: TokenBuild Behavior ::run [ RunTime:0.000000s ]
INFO: WriteHtmlCache Behavior ::run [ RunTime:0.000000s ]
INFO: ShowRuntime Behavior ::run [ RunTime:0.000000s ]
INFO: [ view_filter ] --END-- [ RunTime:-0.020001s ]
NOTIC: [2] Cannot modify header information - headers already sent by (output started at E:\xampp\htdocs\t\ThinkPHP\Lib\Core\View.class.php:99) E:\xampp\htdocs\t\ThinkPHP\Lib\Core\View.class.php 第 95 行.
NOTIC: [2] Cannot modify header information - headers already sent by (output started at E:\xampp\htdocs\t\ThinkPHP\Lib\Core\View.class.php:99) E:\xampp\htdocs\t\ThinkPHP\Lib\Core\View.class.php 第 96 行.
NOTIC: [2] Cannot modify header information - headers already sent by (output started at E:\xampp\htdocs\t\ThinkPHP\Lib\Core\View.class.php:99) E:\xampp\htdocs\t\ThinkPHP\Lib\Core\View.class.php 第 97 行.
INFO: [ view_end ] --START--
INFO: ShowPageTrace Behavior ::run [ RunTime:0.000000s ]
INFO: [ view_end ] --END-- [ RunTime:-0.020001s ]
NOTIC: [8] Constant THEME_NAME already defined E:\xampp\htdocs\t\ThinkPHP\Lib\Core\View.class.php 第 223 行.
NOTIC: [8] Constant THEME_PATH already defined E:\xampp\htdocs\t\ThinkPHP\Lib\Core\View.class.php 第 174 行.
NOTIC: [8] Constant APP_TMPL_PATH already defined E:\xampp\htdocs\t\ThinkPHP\Lib\Core\View.class.php 第 175 行.
INFO: [ view_parse ] --START--
INFO: ParseTemplate Behavior ::run [ RunTime:0.005001s ]
INFO: [ view_parse ] --END-- [ RunTime:-0.025001s ]
INFO: [ view_filter ] --START--
INFO: ContentReplace Behavior ::run [ RunTime:0.000000s ]
INFO: TokenBuild Behavior ::run [ RunTime:0.000000s ]
INFO: WriteHtmlCache Behavior ::run [ RunTime:0.000000s ]
INFO: ShowRuntime Behavior ::run [ RunTime:0.000000s ]
INFO: [ view_filter ] --END-- [ RunTime:-0.027002s ]
NOTIC: [2] Cannot modify header information - headers already sent by (output started at E:\xampp\htdocs\t\ThinkPHP\Lib\Core\View.class.php:99) E:\xampp\htdocs\t\ThinkPHP\Lib\Core\View.class.php 第 95 行.
NOTIC: [2] Cannot modify header information - headers already sent by (output started at E:\xampp\htdocs\t\ThinkPHP\Lib\Core\View.class.php:99) E:\xampp\htdocs\t\ThinkPHP\Lib\Core\View.class.php 第 96 行.
NOTIC: [2] Cannot modify header information - headers already sent by (output started at E:\xampp\htdocs\t\ThinkPHP\Lib\Core\View.class.php:99) E:\xampp\htdocs\t\ThinkPHP\Lib\Core\View.class.php 第 97 行.
INFO: [ view_end ] --START--
INFO: ShowPageTrace Behavior ::run [ RunTime:0.000000s ]
INFO: [ view_end ] --END-- [ RunTime:-0.027002s ]

[ 2014-03-17T18:40:31+08:00 ] 127.0.0.1 /t/Office/Check
INFO: [ route_check ] --START--
INFO: CheckRoute Behavior ::run [ RunTime:0.001000s ]
INFO: [ route_check ] --END-- [ RunTime:0.001000s ]
INFO: [ app_begin ] --START--
INFO: ReadHtmlCache Behavior ::run [ RunTime:0.000000s ]
INFO: [ app_begin ] --END-- [ RunTime:0.001000s ]
NOTIC: [2048] Declaration of OfficeAction::Show() should be compatible with Action::show($content, $charset = '', $contentType = '', $prefix = '') E:\xampp\htdocs\t\User\Lib\Action\User\OfficeAction.class.php 第 217 行.
SQL: SHOW COLUMNS FROM `br_approval` [ RunTime:0.007000s ]
SQL: UPDATE `br_approval` SET `asuggestion`='',`astatus`='P' WHERE ( `aid` = 8 ) [ RunTime:0.005000s ]

[ 2014-03-17T18:41:07+08:00 ] 127.0.0.1 /t/Office/Show/type/1/gp/3.html
INFO: [ route_check ] --START--
INFO: CheckRoute Behavior ::run [ RunTime:0.002000s ]
INFO: [ route_check ] --END-- [ RunTime:0.002000s ]
INFO: [ app_begin ] --START--
INFO: ReadHtmlCache Behavior ::run [ RunTime:0.001000s ]
INFO: [ app_begin ] --END-- [ RunTime:0.002001s ]
NOTIC: [2048] Declaration of OfficeAction::Show() should be compatible with Action::show($content, $charset = '', $contentType = '', $prefix = '') E:\xampp\htdocs\t\User\Lib\Action\User\OfficeAction.class.php 第 217 行.
SQL: SHOW COLUMNS FROM `br_approval` [ RunTime:0.008000s ]
SQL: SELECT COUNT(*) AS tp_count FROM `br_approval` WHERE ( atype = 21 ) LIMIT 1   [ RunTime:0.001000s ]
SQL: SELECT * FROM `br_approval` WHERE ( atype = 21 ) ORDER BY adate desc LIMIT 0,30   [ RunTime:0.000000s ]
INFO: [ view_parse ] --START--
NOTIC: [8] Undefined variable: nav1 E:\xampp\htdocs\t\User\Runtime\Cache\User\e5b574611600f340f8971129dc12d3b7.php 第 67 行.
NOTIC: [8] Undefined variable: nav2 E:\xampp\htdocs\t\User\Runtime\Cache\User\e5b574611600f340f8971129dc12d3b7.php 第 70 行.
NOTIC: [8] Undefined variable: nav3 E:\xampp\htdocs\t\User\Runtime\Cache\User\e5b574611600f340f8971129dc12d3b7.php 第 73 行.
NOTIC: [8] Undefined variable: type3_9 E:\xampp\htdocs\t\User\Runtime\Cache\User\e5b574611600f340f8971129dc12d3b7.php 第 196 行.
NOTIC: [8] Undefined variable: type3_2 E:\xampp\htdocs\t\User\Runtime\Cache\User\e5b574611600f340f8971129dc12d3b7.php 第 199 行.
NOTIC: [8] Undefined variable: type3_3 E:\xampp\htdocs\t\User\Runtime\Cache\User\e5b574611600f340f8971129dc12d3b7.php 第 203 行.
NOTIC: [8] Undefined variable: type3_4 E:\xampp\htdocs\t\User\Runtime\Cache\User\e5b574611600f340f8971129dc12d3b7.php 第 207 行.
NOTIC: [8] Undefined variable: type3_5 E:\xampp\htdocs\t\User\Runtime\Cache\User\e5b574611600f340f8971129dc12d3b7.php 第 210 行.
NOTIC: [8] Undefined variable: type3_6 E:\xampp\htdocs\t\User\Runtime\Cache\User\e5b574611600f340f8971129dc12d3b7.php 第 213 行.
NOTIC: [8] Undefined variable: type3_7 E:\xampp\htdocs\t\User\Runtime\Cache\User\e5b574611600f340f8971129dc12d3b7.php 第 216 行.
NOTIC: [8] Undefined variable: type3_8 E:\xampp\htdocs\t\User\Runtime\Cache\User\e5b574611600f340f8971129dc12d3b7.php 第 219 行.
INFO: ParseTemplate Behavior ::run [ RunTime:0.024001s ]
INFO: [ view_parse ] --END-- [ RunTime:0.024001s ]
INFO: [ view_filter ] --START--
INFO: ContentReplace Behavior ::run [ RunTime:0.000000s ]
INFO: TokenBuild Behavior ::run [ RunTime:0.001000s ]
INFO: WriteHtmlCache Behavior ::run [ RunTime:0.000000s ]
INFO: ShowRuntime Behavior ::run [ RunTime:0.000000s ]
INFO: [ view_filter ] --END-- [ RunTime:0.002000s ]
INFO: [ view_end ] --START--
INFO: ShowPageTrace Behavior ::run [ RunTime:0.002000s ]
INFO: [ view_end ] --END-- [ RunTime:0.002000s ]
NOTIC: [8] Constant THEME_NAME already defined E:\xampp\htdocs\t\ThinkPHP\Lib\Core\View.class.php 第 223 行.
NOTIC: [8] Constant THEME_PATH already defined E:\xampp\htdocs\t\ThinkPHP\Lib\Core\View.class.php 第 174 行.
NOTIC: [8] Constant APP_TMPL_PATH already defined E:\xampp\htdocs\t\ThinkPHP\Lib\Core\View.class.php 第 175 行.
INFO: [ view_parse ] --START--
SQL: SHOW COLUMNS FROM `br_community` [ RunTime:0.008000s ]
SQL: SELECT * FROM `br_community` WHERE ( cid = 6 )  [ RunTime:0.001000s ]
SQL: SELECT * FROM `br_community` WHERE ( cid = 6 )  [ RunTime:0.001000s ]
SQL: SELECT * FROM `br_community` WHERE ( cid = 6 )  [ RunTime:0.000000s ]
INFO: ParseTemplate Behavior ::run [ RunTime:0.018001s ]
INFO: [ view_parse ] --END-- [ RunTime:-0.005000s ]
INFO: [ view_filter ] --START--
INFO: ContentReplace Behavior ::run [ RunTime:0.000000s ]
INFO: TokenBuild Behavior ::run [ RunTime:0.000000s ]
INFO: WriteHtmlCache Behavior ::run [ RunTime:0.000000s ]
INFO: ShowRuntime Behavior ::run [ RunTime:0.000000s ]
INFO: [ view_filter ] --END-- [ RunTime:-0.021001s ]
NOTIC: [2] Cannot modify header information - headers already sent by (output started at E:\xampp\htdocs\t\ThinkPHP\Lib\Core\View.class.php:99) E:\xampp\htdocs\t\ThinkPHP\Lib\Core\View.class.php 第 95 行.
NOTIC: [2] Cannot modify header information - headers already sent by (output started at E:\xampp\htdocs\t\ThinkPHP\Lib\Core\View.class.php:99) E:\xampp\htdocs\t\ThinkPHP\Lib\Core\View.class.php 第 96 行.
NOTIC: [2] Cannot modify header information - headers already sent by (output started at E:\xampp\htdocs\t\ThinkPHP\Lib\Core\View.class.php:99) E:\xampp\htdocs\t\ThinkPHP\Lib\Core\View.class.php 第 97 行.
INFO: [ view_end ] --START--
INFO: ShowPageTrace Behavior ::run [ RunTime:0.000000s ]
INFO: [ view_end ] --END-- [ RunTime:-0.019001s ]
NOTIC: [8] Constant THEME_NAME already defined E:\xampp\htdocs\t\ThinkPHP\Lib\Core\View.class.php 第 223 行.
NOTIC: [8] Constant THEME_PATH already defined E:\xampp\htdocs\t\ThinkPHP\Lib\Core\View.class.php 第 174 行.
NOTIC: [8] Constant APP_TMPL_PATH already defined E:\xampp\htdocs\t\ThinkPHP\Lib\Core\View.class.php 第 175 行.
INFO: [ view_parse ] --START--
INFO: ParseTemplate Behavior ::run [ RunTime:0.004001s ]
INFO: [ view_parse ] --END-- [ RunTime:-0.025001s ]
INFO: [ view_filter ] --START--
INFO: ContentReplace Behavior ::run [ RunTime:0.000000s ]
INFO: TokenBuild Behavior ::run [ RunTime:0.000000s ]
INFO: WriteHtmlCache Behavior ::run [ RunTime:0.000000s ]
INFO: ShowRuntime Behavior ::run [ RunTime:0.000000s ]
INFO: [ view_filter ] --END-- [ RunTime:-0.026002s ]
NOTIC: [2] Cannot modify header information - headers already sent by (output started at E:\xampp\htdocs\t\ThinkPHP\Lib\Core\View.class.php:99) E:\xampp\htdocs\t\ThinkPHP\Lib\Core\View.class.php 第 95 行.
NOTIC: [2] Cannot modify header information - headers already sent by (output started at E:\xampp\htdocs\t\ThinkPHP\Lib\Core\View.class.php:99) E:\xampp\htdocs\t\ThinkPHP\Lib\Core\View.class.php 第 96 行.
NOTIC: [2] Cannot modify header information - headers already sent by (output started at E:\xampp\htdocs\t\ThinkPHP\Lib\Core\View.class.php:99) E:\xampp\htdocs\t\ThinkPHP\Lib\Core\View.class.php 第 97 行.
INFO: [ view_end ] --START--
INFO: ShowPageTrace Behavior ::run [ RunTime:0.000000s ]
INFO: [ view_end ] --END-- [ RunTime:-0.025002s ]

[ 2014-03-17T18:41:12+08:00 ] 127.0.0.1 /t/Office/ShowDetial/type/1/gp/3/index/1/da/7.html
INFO: [ route_check ] --START--
INFO: CheckRoute Behavior ::run [ RunTime:0.001001s ]
INFO: [ route_check ] --END-- [ RunTime:0.001001s ]
INFO: [ app_begin ] --START--
INFO: ReadHtmlCache Behavior ::run [ RunTime:0.001000s ]
INFO: [ app_begin ] --END-- [ RunTime:0.001000s ]
NOTIC: [2048] Declaration of OfficeAction::Show() should be compatible with Action::show($content, $charset = '', $contentType = '', $prefix = '') E:\xampp\htdocs\t\User\Lib\Action\User\OfficeAction.class.php 第 217 行.
SQL: SHOW COLUMNS FROM `br_approval` [ RunTime:0.008001s ]
SQL: SELECT * FROM `br_approval` WHERE ( aid = 7 )  [ RunTime:0.000000s ]
INFO: [ view_parse ] --START--
NOTIC: [8] Undefined variable: nav1 E:\xampp\htdocs\t\User\Runtime\Cache\User\e5b574611600f340f8971129dc12d3b7.php 第 67 行.
NOTIC: [8] Undefined variable: nav2 E:\xampp\htdocs\t\User\Runtime\Cache\User\e5b574611600f340f8971129dc12d3b7.php 第 70 行.
NOTIC: [8] Undefined variable: nav3 E:\xampp\htdocs\t\User\Runtime\Cache\User\e5b574611600f340f8971129dc12d3b7.php 第 73 行.
NOTIC: [8] Undefined variable: type3_1 E:\xampp\htdocs\t\User\Runtime\Cache\User\e5b574611600f340f8971129dc12d3b7.php 第 193 行.
NOTIC: [8] Undefined variable: type3_9 E:\xampp\htdocs\t\User\Runtime\Cache\User\e5b574611600f340f8971129dc12d3b7.php 第 196 行.
NOTIC: [8] Undefined variable: type3_2 E:\xampp\htdocs\t\User\Runtime\Cache\User\e5b574611600f340f8971129dc12d3b7.php 第 199 行.
NOTIC: [8] Undefined variable: type3_3 E:\xampp\htdocs\t\User\Runtime\Cache\User\e5b574611600f340f8971129dc12d3b7.php 第 203 行.
NOTIC: [8] Undefined variable: type3_4 E:\xampp\htdocs\t\User\Runtime\Cache\User\e5b574611600f340f8971129dc12d3b7.php 第 207 行.
NOTIC: [8] Undefined variable: type3_5 E:\xampp\htdocs\t\User\Runtime\Cache\User\e5b574611600f340f8971129dc12d3b7.php 第 210 行.
NOTIC: [8] Undefined variable: type3_6 E:\xampp\htdocs\t\User\Runtime\Cache\User\e5b574611600f340f8971129dc12d3b7.php 第 213 行.
NOTIC: [8] Undefined variable: type3_7 E:\xampp\htdocs\t\User\Runtime\Cache\User\e5b574611600f340f8971129dc12d3b7.php 第 216 行.
NOTIC: [8] Undefined variable: type3_8 E:\xampp\htdocs\t\User\Runtime\Cache\User\e5b574611600f340f8971129dc12d3b7.php 第 219 行.
INFO: ParseTemplate Behavior ::run [ RunTime:0.021001s ]
INFO: [ view_parse ] --END-- [ RunTime:0.021001s ]
INFO: [ view_filter ] --START--
INFO: ContentReplace Behavior ::run [ RunTime:0.001000s ]
INFO: TokenBuild Behavior ::run [ RunTime:0.000000s ]
INFO: WriteHtmlCache Behavior ::run [ RunTime:0.000000s ]
INFO: ShowRuntime Behavior ::run [ RunTime:0.001000s ]
INFO: [ view_filter ] --END-- [ RunTime:0.002000s ]
INFO: [ view_end ] --START--
INFO: ShowPageTrace Behavior ::run [ RunTime:0.001000s ]
INFO: [ view_end ] --END-- [ RunTime:0.001000s ]
NOTIC: [8] Constant THEME_NAME already defined E:\xampp\htdocs\t\ThinkPHP\Lib\Core\View.class.php 第 223 行.
NOTIC: [8] Constant THEME_PATH already defined E:\xampp\htdocs\t\ThinkPHP\Lib\Core\View.class.php 第 174 行.
NOTIC: [8] Constant APP_TMPL_PATH already defined E:\xampp\htdocs\t\ThinkPHP\Lib\Core\View.class.php 第 175 行.
INFO: [ view_parse ] --START--
NOTIC: [8] Undefined index: user_xh E:\xampp\htdocs\t\User\Runtime\Cache\User\f61d69792a03e54e9c8224d009383c60.php 第 31 行.
SQL: SHOW COLUMNS FROM `br_community` [ RunTime:0.008000s ]
SQL: SELECT * FROM `br_community` WHERE ( cid = 0 )  [ RunTime:0.000000s ]
INFO: ParseTemplate Behavior ::run [ RunTime:0.018001s ]
INFO: [ view_parse ] --END-- [ RunTime:-0.004000s ]
INFO: [ view_filter ] --START--
INFO: ContentReplace Behavior ::run [ RunTime:0.001000s ]
INFO: TokenBuild Behavior ::run [ RunTime:0.000000s ]
INFO: WriteHtmlCache Behavior ::run [ RunTime:0.000000s ]
INFO: ShowRuntime Behavior ::run [ RunTime:0.000000s ]
INFO: [ view_filter ] --END-- [ RunTime:-0.020001s ]
NOTIC: [2] Cannot modify header information - headers already sent by (output started at E:\xampp\htdocs\t\ThinkPHP\Lib\Core\View.class.php:99) E:\xampp\htdocs\t\ThinkPHP\Lib\Core\View.class.php 第 95 行.
NOTIC: [2] Cannot modify header information - headers already sent by (output started at E:\xampp\htdocs\t\ThinkPHP\Lib\Core\View.class.php:99) E:\xampp\htdocs\t\ThinkPHP\Lib\Core\View.class.php 第 96 行.
NOTIC: [2] Cannot modify header information - headers already sent by (output started at E:\xampp\htdocs\t\ThinkPHP\Lib\Core\View.class.php:99) E:\xampp\htdocs\t\ThinkPHP\Lib\Core\View.class.php 第 97 行.
INFO: [ view_end ] --START--
INFO: ShowPageTrace Behavior ::run [ RunTime:0.000000s ]
INFO: [ view_end ] --END-- [ RunTime:-0.020001s ]
NOTIC: [8] Constant THEME_NAME already defined E:\xampp\htdocs\t\ThinkPHP\Lib\Core\View.class.php 第 223 行.
NOTIC: [8] Constant THEME_PATH already defined E:\xampp\htdocs\t\ThinkPHP\Lib\Core\View.class.php 第 174 行.
NOTIC: [8] Constant APP_TMPL_PATH already defined E:\xampp\htdocs\t\ThinkPHP\Lib\Core\View.class.php 第 175 行.
INFO: [ view_parse ] --START--
INFO: ParseTemplate Behavior ::run [ RunTime:0.005000s ]
INFO: [ view_parse ] --END-- [ RunTime:-0.024002s ]
INFO: [ view_filter ] --START--
INFO: ContentReplace Behavior ::run [ RunTime:0.000000s ]
INFO: TokenBuild Behavior ::run [ RunTime:0.000000s ]
INFO: WriteHtmlCache Behavior ::run [ RunTime:0.000000s ]
INFO: ShowRuntime Behavior ::run [ RunTime:0.000000s ]
INFO: [ view_filter ] --END-- [ RunTime:-0.027002s ]
NOTIC: [2] Cannot modify header information - headers already sent by (output started at E:\xampp\htdocs\t\ThinkPHP\Lib\Core\View.class.php:99) E:\xampp\htdocs\t\ThinkPHP\Lib\Core\View.class.php 第 95 行.
NOTIC: [2] Cannot modify header information - headers already sent by (output started at E:\xampp\htdocs\t\ThinkPHP\Lib\Core\View.class.php:99) E:\xampp\htdocs\t\ThinkPHP\Lib\Core\View.class.php 第 96 行.
NOTIC: [2] Cannot modify header information - headers already sent by (output started at E:\xampp\htdocs\t\ThinkPHP\Lib\Core\View.class.php:99) E:\xampp\htdocs\t\ThinkPHP\Lib\Core\View.class.php 第 97 行.
INFO: [ view_end ] --START--
INFO: ShowPageTrace Behavior ::run [ RunTime:0.000000s ]
INFO: [ view_end ] --END-- [ RunTime:-0.026002s ]

[ 2014-03-17T18:42:15+08:00 ] 127.0.0.1 /t/Office/Show/type/1/gp/3.html
INFO: [ route_check ] --START--
INFO: CheckRoute Behavior ::run [ RunTime:0.001000s ]
INFO: [ route_check ] --END-- [ RunTime:0.001000s ]
INFO: [ app_begin ] --START--
INFO: ReadHtmlCache Behavior ::run [ RunTime:0.001000s ]
INFO: [ app_begin ] --END-- [ RunTime:0.001000s ]
NOTIC: [2048] Declaration of OfficeAction::Show() should be compatible with Action::show($content, $charset = '', $contentType = '', $prefix = '') E:\xampp\htdocs\t\User\Lib\Action\User\OfficeAction.class.php 第 217 行.
SQL: SHOW COLUMNS FROM `br_approval` [ RunTime:0.008001s ]
SQL: SELECT COUNT(*) AS tp_count FROM `br_approval` WHERE ( atype = 21 ) LIMIT 1   [ RunTime:0.001000s ]
SQL: SELECT * FROM `br_approval` WHERE ( atype = 21 ) ORDER BY adate desc LIMIT 0,30   [ RunTime:0.001000s ]
INFO: [ view_parse ] --START--
NOTIC: [8] Undefined variable: nav1 E:\xampp\htdocs\t\User\Runtime\Cache\User\e5b574611600f340f8971129dc12d3b7.php 第 67 行.
NOTIC: [8] Undefined variable: nav2 E:\xampp\htdocs\t\User\Runtime\Cache\User\e5b574611600f340f8971129dc12d3b7.php 第 70 行.
NOTIC: [8] Undefined variable: nav3 E:\xampp\htdocs\t\User\Runtime\Cache\User\e5b574611600f340f8971129dc12d3b7.php 第 73 行.
NOTIC: [8] Undefined variable: type3_9 E:\xampp\htdocs\t\User\Runtime\Cache\User\e5b574611600f340f8971129dc12d3b7.php 第 196 行.
NOTIC: [8] Undefined variable: type3_2 E:\xampp\htdocs\t\User\Runtime\Cache\User\e5b574611600f340f8971129dc12d3b7.php 第 199 行.
NOTIC: [8] Undefined variable: type3_3 E:\xampp\htdocs\t\User\Runtime\Cache\User\e5b574611600f340f8971129dc12d3b7.php 第 203 行.
NOTIC: [8] Undefined variable: type3_4 E:\xampp\htdocs\t\User\Runtime\Cache\User\e5b574611600f340f8971129dc12d3b7.php 第 207 行.
NOTIC: [8] Undefined variable: type3_5 E:\xampp\htdocs\t\User\Runtime\Cache\User\e5b574611600f340f8971129dc12d3b7.php 第 210 行.
NOTIC: [8] Undefined variable: type3_6 E:\xampp\htdocs\t\User\Runtime\Cache\User\e5b574611600f340f8971129dc12d3b7.php 第 213 行.
NOTIC: [8] Undefined variable: type3_7 E:\xampp\htdocs\t\User\Runtime\Cache\User\e5b574611600f340f8971129dc12d3b7.php 第 216 行.
NOTIC: [8] Undefined variable: type3_8 E:\xampp\htdocs\t\User\Runtime\Cache\User\e5b574611600f340f8971129dc12d3b7.php 第 219 行.
INFO: ParseTemplate Behavior ::run [ RunTime:0.022001s ]
INFO: [ view_parse ] --END-- [ RunTime:0.022001s ]
INFO: [ view_filter ] --START--
INFO: ContentReplace Behavior ::run [ RunTime:0.001000s ]
INFO: TokenBuild Behavior ::run [ RunTime:0.000000s ]
INFO: WriteHtmlCache Behavior ::run [ RunTime:0.001000s ]
INFO: ShowRuntime Behavior ::run [ RunTime:0.001000s ]
INFO: [ view_filter ] --END-- [ RunTime:0.003000s ]
INFO: [ view_end ] --START--
INFO: ShowPageTrace Behavior ::run [ RunTime:0.001000s ]
INFO: [ view_end ] --END-- [ RunTime:0.001000s ]
NOTIC: [8] Constant THEME_NAME already defined E:\xampp\htdocs\t\ThinkPHP\Lib\Core\View.class.php 第 223 行.
NOTIC: [8] Constant THEME_PATH already defined E:\xampp\htdocs\t\ThinkPHP\Lib\Core\View.class.php 第 174 行.
NOTIC: [8] Constant APP_TMPL_PATH already defined E:\xampp\htdocs\t\ThinkPHP\Lib\Core\View.class.php 第 175 行.
INFO: [ view_parse ] --START--
SQL: SHOW COLUMNS FROM `br_community` [ RunTime:0.008000s ]
SQL: SELECT * FROM `br_community` WHERE ( cid = 6 )  [ RunTime:0.001000s ]
SQL: SELECT * FROM `br_community` WHERE ( cid = 6 )  [ RunTime:0.001000s ]
SQL: SELECT * FROM `br_community` WHERE ( cid = 6 )  [ RunTime:0.001000s ]
INFO: ParseTemplate Behavior ::run [ RunTime:0.019001s ]
INFO: [ view_parse ] --END-- [ RunTime:-0.004000s ]
INFO: [ view_filter ] --START--
INFO: ContentReplace Behavior ::run [ RunTime:0.000000s ]
INFO: TokenBuild Behavior ::run [ RunTime:0.000000s ]
INFO: WriteHtmlCache Behavior ::run [ RunTime:0.000000s ]
INFO: ShowRuntime Behavior ::run [ RunTime:0.000000s ]
INFO: [ view_filter ] --END-- [ RunTime:-0.020001s ]
NOTIC: [2] Cannot modify header information - headers already sent by (output started at E:\xampp\htdocs\t\ThinkPHP\Lib\Core\View.class.php:99) E:\xampp\htdocs\t\ThinkPHP\Lib\Core\View.class.php 第 95 行.
NOTIC: [2] Cannot modify header information - headers already sent by (output started at E:\xampp\htdocs\t\ThinkPHP\Lib\Core\View.class.php:99) E:\xampp\htdocs\t\ThinkPHP\Lib\Core\View.class.php 第 96 行.
NOTIC: [2] Cannot modify header information - headers already sent by (output started at E:\xampp\htdocs\t\ThinkPHP\Lib\Core\View.class.php:99) E:\xampp\htdocs\t\ThinkPHP\Lib\Core\View.class.php 第 97 行.
INFO: [ view_end ] --START--
INFO: ShowPageTrace Behavior ::run [ RunTime:0.000000s ]
INFO: [ view_end ] --END-- [ RunTime:-0.020001s ]
NOTIC: [8] Constant THEME_NAME already defined E:\xampp\htdocs\t\ThinkPHP\Lib\Core\View.class.php 第 223 行.
NOTIC: [8] Constant THEME_PATH already defined E:\xampp\htdocs\t\ThinkPHP\Lib\Core\View.class.php 第 174 行.
NOTIC: [8] Constant APP_TMPL_PATH already defined E:\xampp\htdocs\t\ThinkPHP\Lib\Core\View.class.php 第 175 行.
INFO: [ view_parse ] --START--
INFO: ParseTemplate Behavior ::run [ RunTime:0.004001s ]
INFO: [ view_parse ] --END-- [ RunTime:-0.024001s ]
INFO: [ view_filter ] --START--
INFO: ContentReplace Behavior ::run [ RunTime:0.000000s ]
INFO: TokenBuild Behavior ::run [ RunTime:0.000000s ]
INFO: WriteHtmlCache Behavior ::run [ RunTime:0.000000s ]
INFO: ShowRuntime Behavior ::run [ RunTime:0.000000s ]
INFO: [ view_filter ] --END-- [ RunTime:-0.026002s ]
NOTIC: [2] Cannot modify header information - headers already sent by (output started at E:\xampp\htdocs\t\ThinkPHP\Lib\Core\View.class.php:99) E:\xampp\htdocs\t\ThinkPHP\Lib\Core\View.class.php 第 95 行.
NOTIC: [2] Cannot modify header information - headers already sent by (output started at E:\xampp\htdocs\t\ThinkPHP\Lib\Core\View.class.php:99) E:\xampp\htdocs\t\ThinkPHP\Lib\Core\View.class.php 第 96 行.
NOTIC: [2] Cannot modify header information - headers already sent by (output started at E:\xampp\htdocs\t\ThinkPHP\Lib\Core\View.class.php:99) E:\xampp\htdocs\t\ThinkPHP\Lib\Core\View.class.php 第 97 行.
INFO: [ view_end ] --START--
INFO: ShowPageTrace Behavior ::run [ RunTime:0.000000s ]
INFO: [ view_end ] --END-- [ RunTime:-0.025002s ]

[ 2014-03-17T18:43:09+08:00 ] 127.0.0.1 /t/Print/ShowDetial/type/1/gp/3/index/1/da/8.html
INFO: [ route_check ] --START--
INFO: CheckRoute Behavior ::run [ RunTime:0.002000s ]
INFO: [ route_check ] --END-- [ RunTime:0.002000s ]
INFO: [ app_begin ] --START--
INFO: ReadHtmlCache Behavior ::run [ RunTime:0.001000s ]
INFO: [ app_begin ] --END-- [ RunTime:0.001000s ]
SQL: SHOW COLUMNS FROM `br_approval` [ RunTime:0.008000s ]
SQL: SELECT * FROM `br_approval` WHERE ( aid = 8 )  [ RunTime:0.001000s ]
INFO: [ view_parse ] --START--
INFO: ParseTemplate Behavior ::run [ RunTime:0.079005s ]
INFO: [ view_parse ] --END-- [ RunTime:0.079005s ]
INFO: [ view_filter ] --START--
INFO: ContentReplace Behavior ::run [ RunTime:0.001000s ]
INFO: TokenBuild Behavior ::run [ RunTime:0.001000s ]
INFO: WriteHtmlCache Behavior ::run [ RunTime:0.000000s ]
INFO: ShowRuntime Behavior ::run [ RunTime:0.001000s ]
INFO: [ view_filter ] --END-- [ RunTime:0.003000s ]
INFO: [ view_end ] --START--
INFO: ShowPageTrace Behavior ::run [ RunTime:0.001000s ]
INFO: [ view_end ] --END-- [ RunTime:0.001000s ]

[ 2014-03-17T18:43:42+08:00 ] 127.0.0.1 /t/Office/Show/type/6/gp/3.html
INFO: [ route_check ] --START--
INFO: CheckRoute Behavior ::run [ RunTime:0.001000s ]
INFO: [ route_check ] --END-- [ RunTime:0.001000s ]
INFO: [ app_begin ] --START--
INFO: ReadHtmlCache Behavior ::run [ RunTime:0.001000s ]
INFO: [ app_begin ] --END-- [ RunTime:0.001000s ]
NOTIC: [2048] Declaration of OfficeAction::Show() should be compatible with Action::show($content, $charset = '', $contentType = '', $prefix = '') E:\xampp\htdocs\t\User\Lib\Action\User\OfficeAction.class.php 第 217 行.
SQL: SHOW COLUMNS FROM `br_approval` [ RunTime:0.009001s ]
SQL: SELECT COUNT(*) AS tp_count FROM `br_approval` WHERE ( atype = 26 ) LIMIT 1   [ RunTime:0.001000s ]
SQL: SELECT * FROM `br_approval` WHERE ( atype = 26 ) ORDER BY adate desc LIMIT 0,30   [ RunTime:0.000000s ]
INFO: [ view_parse ] --START--
NOTIC: [8] Undefined variable: nav1 E:\xampp\htdocs\t\User\Runtime\Cache\User\e5b574611600f340f8971129dc12d3b7.php 第 67 行.
NOTIC: [8] Undefined variable: nav2 E:\xampp\htdocs\t\User\Runtime\Cache\User\e5b574611600f340f8971129dc12d3b7.php 第 70 行.
NOTIC: [8] Undefined variable: nav3 E:\xampp\htdocs\t\User\Runtime\Cache\User\e5b574611600f340f8971129dc12d3b7.php 第 73 行.
NOTIC: [8] Undefined variable: type3_1 E:\xampp\htdocs\t\User\Runtime\Cache\User\e5b574611600f340f8971129dc12d3b7.php 第 193 行.
NOTIC: [8] Undefined variable: type3_9 E:\xampp\htdocs\t\User\Runtime\Cache\User\e5b574611600f340f8971129dc12d3b7.php 第 196 行.
NOTIC: [8] Undefined variable: type3_2 E:\xampp\htdocs\t\User\Runtime\Cache\User\e5b574611600f340f8971129dc12d3b7.php 第 199 行.
NOTIC: [8] Undefined variable: type3_3 E:\xampp\htdocs\t\User\Runtime\Cache\User\e5b574611600f340f8971129dc12d3b7.php 第 203 行.
NOTIC: [8] Undefined variable: type3_4 E:\xampp\htdocs\t\User\Runtime\Cache\User\e5b574611600f340f8971129dc12d3b7.php 第 207 行.
NOTIC: [8] Undefined variable: type3_5 E:\xampp\htdocs\t\User\Runtime\Cache\User\e5b574611600f340f8971129dc12d3b7.php 第 210 行.
NOTIC: [8] Undefined variable: type3_7 E:\xampp\htdocs\t\User\Runtime\Cache\User\e5b574611600f340f8971129dc12d3b7.php 第 216 行.
NOTIC: [8] Undefined variable: type3_8 E:\xampp\htdocs\t\User\Runtime\Cache\User\e5b574611600f340f8971129dc12d3b7.php 第 219 行.
INFO: ParseTemplate Behavior ::run [ RunTime:0.023001s ]
INFO: [ view_parse ] --END-- [ RunTime:0.023001s ]
INFO: [ view_filter ] --START--
INFO: ContentReplace Behavior ::run [ RunTime:0.001000s ]
INFO: TokenBuild Behavior ::run [ RunTime:0.001000s ]
INFO: WriteHtmlCache Behavior ::run [ RunTime:0.000000s ]
INFO: ShowRuntime Behavior ::run [ RunTime:0.001000s ]
INFO: [ view_filter ] --END-- [ RunTime:0.003000s ]
INFO: [ view_end ] --START--
INFO: ShowPageTrace Behavior ::run [ RunTime:0.001001s ]
INFO: [ view_end ] --END-- [ RunTime:0.001001s ]
NOTIC: [8] Constant THEME_NAME already defined E:\xampp\htdocs\t\ThinkPHP\Lib\Core\View.class.php 第 223 行.
NOTIC: [8] Constant THEME_PATH already defined E:\xampp\htdocs\t\ThinkPHP\Lib\Core\View.class.php 第 174 行.
NOTIC: [8] Constant APP_TMPL_PATH already defined E:\xampp\htdocs\t\ThinkPHP\Lib\Core\View.class.php 第 175 行.
INFO: [ view_parse ] --START--
SQL: SHOW COLUMNS FROM `br_community` [ RunTime:0.008000s ]
SQL: SELECT * FROM `br_community` WHERE ( cid = 6 )  [ RunTime:0.000000s ]
SQL: SELECT * FROM `br_community` WHERE ( cid = 6 )  [ RunTime:0.000000s ]
INFO: ParseTemplate Behavior ::run [ RunTime:0.018001s ]
INFO: [ view_parse ] --END-- [ RunTime:-0.004001s ]
INFO: [ view_filter ] --START--
INFO: ContentReplace Behavior ::run [ RunTime:0.000000s ]
INFO: TokenBuild Behavior ::run [ RunTime:0.000000s ]
INFO: WriteHtmlCache Behavior ::run [ RunTime:0.000000s ]
INFO: ShowRuntime Behavior ::run [ RunTime:0.001000s ]
INFO: [ view_filter ] --END-- [ RunTime:-0.019002s ]
NOTIC: [2] Cannot modify header information - headers already sent by (output started at E:\xampp\htdocs\t\ThinkPHP\Lib\Core\View.class.php:99) E:\xampp\htdocs\t\ThinkPHP\Lib\Core\View.class.php 第 95 行.
NOTIC: [2] Cannot modify header information - headers already sent by (output started at E:\xampp\htdocs\t\ThinkPHP\Lib\Core\View.class.php:99) E:\xampp\htdocs\t\ThinkPHP\Lib\Core\View.class.php 第 96 行.
NOTIC: [2] Cannot modify header information - headers already sent by (output started at E:\xampp\htdocs\t\ThinkPHP\Lib\Core\View.class.php:99) E:\xampp\htdocs\t\ThinkPHP\Lib\Core\View.class.php 第 97 行.
INFO: [ view_end ] --START--
INFO: ShowPageTrace Behavior ::run [ RunTime:0.000000s ]
INFO: [ view_end ] --END-- [ RunTime:-0.019001s ]
NOTIC: [8] Constant THEME_NAME already defined E:\xampp\htdocs\t\ThinkPHP\Lib\Core\View.class.php 第 223 行.
NOTIC: [8] Constant THEME_PATH already defined E:\xampp\htdocs\t\ThinkPHP\Lib\Core\View.class.php 第 174 行.
NOTIC: [8] Constant APP_TMPL_PATH already defined E:\xampp\htdocs\t\ThinkPHP\Lib\Core\View.class.php 第 175 行.
INFO: [ view_parse ] --START--
INFO: ParseTemplate Behavior ::run [ RunTime:0.005000s ]
INFO: [ view_parse ] --END-- [ RunTime:-0.023002s ]
INFO: [ view_filter ] --START--
INFO: ContentReplace Behavior ::run [ RunTime:0.001000s ]
INFO: TokenBuild Behavior ::run [ RunTime:0.000000s ]
INFO: WriteHtmlCache Behavior ::run [ RunTime:0.000000s ]
INFO: ShowRuntime Behavior ::run [ RunTime:0.000000s ]
INFO: [ view_filter ] --END-- [ RunTime:-0.025002s ]
NOTIC: [2] Cannot modify header information - headers already sent by (output started at E:\xampp\htdocs\t\ThinkPHP\Lib\Core\View.class.php:99) E:\xampp\htdocs\t\ThinkPHP\Lib\Core\View.class.php 第 95 行.
NOTIC: [2] Cannot modify header information - headers already sent by (output started at E:\xampp\htdocs\t\ThinkPHP\Lib\Core\View.class.php:99) E:\xampp\htdocs\t\ThinkPHP\Lib\Core\View.class.php 第 96 行.
NOTIC: [2] Cannot modify header information - headers already sent by (output started at E:\xampp\htdocs\t\ThinkPHP\Lib\Core\View.class.php:99) E:\xampp\htdocs\t\ThinkPHP\Lib\Core\View.class.php 第 97 行.
INFO: [ view_end ] --START--
INFO: ShowPageTrace Behavior ::run [ RunTime:0.000000s ]
INFO: [ view_end ] --END-- [ RunTime:-0.025001s ]

[ 2014-03-17T18:46:44+08:00 ] 127.0.0.1 /t/Office/ShowDetial/type/6/gp/3/index/6/da/15.html
INFO: [ route_check ] --START--
INFO: CheckRoute Behavior ::run [ RunTime:0.003000s ]
INFO: [ route_check ] --END-- [ RunTime:0.004000s ]
INFO: [ app_begin ] --START--
INFO: ReadHtmlCache Behavior ::run [ RunTime:0.003001s ]
INFO: [ app_begin ] --END-- [ RunTime:0.003001s ]
NOTIC: [2048] Declaration of OfficeAction::Show() should be compatible with Action::show($content, $charset = '', $contentType = '', $prefix = '') E:\xampp\htdocs\t\User\Lib\Action\User\OfficeAction.class.php 第 217 行.
SQL: SHOW COLUMNS FROM `br_approval` [ RunTime:0.008000s ]
SQL: SELECT * FROM `br_approval` WHERE ( aid = 15 )  [ RunTime:0.000000s ]
INFO: [ view_parse ] --START--
NOTIC: [8] Undefined variable: nav1 E:\xampp\htdocs\t\User\Runtime\Cache\User\e5b574611600f340f8971129dc12d3b7.php 第 67 行.
NOTIC: [8] Undefined variable: nav2 E:\xampp\htdocs\t\User\Runtime\Cache\User\e5b574611600f340f8971129dc12d3b7.php 第 70 行.
NOTIC: [8] Undefined variable: nav3 E:\xampp\htdocs\t\User\Runtime\Cache\User\e5b574611600f340f8971129dc12d3b7.php 第 73 行.
NOTIC: [8] Undefined variable: type3_1 E:\xampp\htdocs\t\User\Runtime\Cache\User\e5b574611600f340f8971129dc12d3b7.php 第 193 行.
NOTIC: [8] Undefined variable: type3_9 E:\xampp\htdocs\t\User\Runtime\Cache\User\e5b574611600f340f8971129dc12d3b7.php 第 196 行.
NOTIC: [8] Undefined variable: type3_2 E:\xampp\htdocs\t\User\Runtime\Cache\User\e5b574611600f340f8971129dc12d3b7.php 第 199 行.
NOTIC: [8] Undefined variable: type3_3 E:\xampp\htdocs\t\User\Runtime\Cache\User\e5b574611600f340f8971129dc12d3b7.php 第 203 行.
NOTIC: [8] Undefined variable: type3_4 E:\xampp\htdocs\t\User\Runtime\Cache\User\e5b574611600f340f8971129dc12d3b7.php 第 207 行.
NOTIC: [8] Undefined variable: type3_5 E:\xampp\htdocs\t\User\Runtime\Cache\User\e5b574611600f340f8971129dc12d3b7.php 第 210 行.
NOTIC: [8] Undefined variable: type3_6 E:\xampp\htdocs\t\User\Runtime\Cache\User\e5b574611600f340f8971129dc12d3b7.php 第 213 行.
NOTIC: [8] Undefined variable: type3_7 E:\xampp\htdocs\t\User\Runtime\Cache\User\e5b574611600f340f8971129dc12d3b7.php 第 216 行.
NOTIC: [8] Undefined variable: type3_8 E:\xampp\htdocs\t\User\Runtime\Cache\User\e5b574611600f340f8971129dc12d3b7.php 第 219 行.
INFO: ParseTemplate Behavior ::run [ RunTime:0.022001s ]
INFO: [ view_parse ] --END-- [ RunTime:0.022001s ]
INFO: [ view_filter ] --START--
INFO: ContentReplace Behavior ::run [ RunTime:0.003000s ]
INFO: TokenBuild Behavior ::run [ RunTime:0.002000s ]
INFO: WriteHtmlCache Behavior ::run [ RunTime:0.001000s ]
INFO: ShowRuntime Behavior ::run [ RunTime:0.002000s ]
INFO: [ view_filter ] --END-- [ RunTime:0.008000s ]
INFO: [ view_end ] --START--
INFO: ShowPageTrace Behavior ::run [ RunTime:0.003000s ]
INFO: [ view_end ] --END-- [ RunTime:0.003000s ]
NOTIC: [8] Constant THEME_NAME already defined E:\xampp\htdocs\t\ThinkPHP\Lib\Core\View.class.php 第 223 行.
NOTIC: [8] Constant THEME_PATH already defined E:\xampp\htdocs\t\ThinkPHP\Lib\Core\View.class.php 第 174 行.
NOTIC: [8] Constant APP_TMPL_PATH already defined E:\xampp\htdocs\t\ThinkPHP\Lib\Core\View.class.php 第 175 行.
INFO: [ view_parse ] --START--
NOTIC: [8] Undefined index: user_xh E:\xampp\htdocs\t\User\Runtime\Cache\User\c9da7910400bb4b1918c1cca580bee03.php 第 29 行.
SQL: SHOW COLUMNS FROM `br_community` [ RunTime:0.008001s ]
SQL: SELECT * FROM `br_community` WHERE ( cid = 0 )  [ RunTime:0.001000s ]
INFO: ParseTemplate Behavior ::run [ RunTime:0.039002s ]
INFO: [ view_parse ] --END-- [ RunTime:-0.012001s ]
INFO: [ view_filter ] --START--
INFO: ContentReplace Behavior ::run [ RunTime:0.000000s ]
INFO: TokenBuild Behavior ::run [ RunTime:0.000000s ]
INFO: WriteHtmlCache Behavior ::run [ RunTime:0.000000s ]
INFO: ShowRuntime Behavior ::run [ RunTime:0.000000s ]
INFO: [ view_filter ] --END-- [ RunTime:-0.043003s ]
NOTIC: [2] Cannot modify header information - headers already sent by (output started at E:\xampp\htdocs\t\ThinkPHP\Lib\Core\View.class.php:99) E:\xampp\htdocs\t\ThinkPHP\Lib\Core\View.class.php 第 95 行.
NOTIC: [2] Cannot modify header information - headers already sent by (output started at E:\xampp\htdocs\t\ThinkPHP\Lib\Core\View.class.php:99) E:\xampp\htdocs\t\ThinkPHP\Lib\Core\View.class.php 第 96 行.
NOTIC: [2] Cannot modify header information - headers already sent by (output started at E:\xampp\htdocs\t\ThinkPHP\Lib\Core\View.class.php:99) E:\xampp\htdocs\t\ThinkPHP\Lib\Core\View.class.php 第 97 行.
INFO: [ view_end ] --START--
INFO: ShowPageTrace Behavior ::run [ RunTime:0.000000s ]
INFO: [ view_end ] --END-- [ RunTime:-0.041003s ]
NOTIC: [8] Constant THEME_NAME already defined E:\xampp\htdocs\t\ThinkPHP\Lib\Core\View.class.php 第 223 行.
NOTIC: [8] Constant THEME_PATH already defined E:\xampp\htdocs\t\ThinkPHP\Lib\Core\View.class.php 第 174 行.
NOTIC: [8] Constant APP_TMPL_PATH already defined E:\xampp\htdocs\t\ThinkPHP\Lib\Core\View.class.php 第 175 行.
INFO: [ view_parse ] --START--
INFO: ParseTemplate Behavior ::run [ RunTime:0.005000s ]
INFO: [ view_parse ] --END-- [ RunTime:-0.053003s ]
INFO: [ view_filter ] --START--
INFO: ContentReplace Behavior ::run [ RunTime:0.000000s ]
INFO: TokenBuild Behavior ::run [ RunTime:0.000000s ]
INFO: WriteHtmlCache Behavior ::run [ RunTime:0.000000s ]
INFO: ShowRuntime Behavior ::run [ RunTime:0.000000s ]
INFO: [ view_filter ] --END-- [ RunTime:-0.050003s ]
NOTIC: [2] Cannot modify header information - headers already sent by (output started at E:\xampp\htdocs\t\ThinkPHP\Lib\Core\View.class.php:99) E:\xampp\htdocs\t\ThinkPHP\Lib\Core\View.class.php 第 95 行.
NOTIC: [2] Cannot modify header information - headers already sent by (output started at E:\xampp\htdocs\t\ThinkPHP\Lib\Core\View.class.php:99) E:\xampp\htdocs\t\ThinkPHP\Lib\Core\View.class.php 第 96 行.
NOTIC: [2] Cannot modify header information - headers already sent by (output started at E:\xampp\htdocs\t\ThinkPHP\Lib\Core\View.class.php:99) E:\xampp\htdocs\t\ThinkPHP\Lib\Core\View.class.php 第 97 行.
INFO: [ view_end ] --START--
INFO: ShowPageTrace Behavior ::run [ RunTime:0.000000s ]
INFO: [ view_end ] --END-- [ RunTime:-0.048003s ]

[ 2014-03-17T18:46:47+08:00 ] 127.0.0.1 /t/Office/Check
INFO: [ route_check ] --START--
INFO: CheckRoute Behavior ::run [ RunTime:0.001000s ]
INFO: [ route_check ] --END-- [ RunTime:0.001000s ]
INFO: [ app_begin ] --START--
INFO: ReadHtmlCache Behavior ::run [ RunTime:0.001000s ]
INFO: [ app_begin ] --END-- [ RunTime:0.001000s ]
NOTIC: [2048] Declaration of OfficeAction::Show() should be compatible with Action::show($content, $charset = '', $contentType = '', $prefix = '') E:\xampp\htdocs\t\User\Lib\Action\User\OfficeAction.class.php 第 217 行.
SQL: SHOW COLUMNS FROM `br_approval` [ RunTime:0.008000s ]
SQL: UPDATE `br_approval` SET `asuggestion`='',`astatus`='O' WHERE ( `aid` = 15 ) [ RunTime:0.003000s ]

[ 2014-03-17T18:47:13+08:00 ] 127.0.0.1 /t/Office/Show/type/6/gp/3.html
INFO: [ route_check ] --START--
INFO: CheckRoute Behavior ::run [ RunTime:0.001000s ]
INFO: [ route_check ] --END-- [ RunTime:0.001000s ]
INFO: [ app_begin ] --START--
INFO: ReadHtmlCache Behavior ::run [ RunTime:0.001000s ]
INFO: [ app_begin ] --END-- [ RunTime:0.001000s ]
NOTIC: [2048] Declaration of OfficeAction::Show() should be compatible with Action::show($content, $charset = '', $contentType = '', $prefix = '') E:\xampp\htdocs\t\User\Lib\Action\User\OfficeAction.class.php 第 217 行.
SQL: SHOW COLUMNS FROM `br_approval` [ RunTime:0.010000s ]
SQL: SELECT COUNT(*) AS tp_count FROM `br_approval` WHERE ( atype = 26 ) LIMIT 1   [ RunTime:0.001001s ]
SQL: SELECT * FROM `br_approval` WHERE ( atype = 26 ) ORDER BY adate desc LIMIT 0,30   [ RunTime:0.001000s ]
INFO: [ view_parse ] --START--
NOTIC: [8] Undefined variable: nav1 E:\xampp\htdocs\t\User\Runtime\Cache\User\e5b574611600f340f8971129dc12d3b7.php 第 67 行.
NOTIC: [8] Undefined variable: nav2 E:\xampp\htdocs\t\User\Runtime\Cache\User\e5b574611600f340f8971129dc12d3b7.php 第 70 行.
NOTIC: [8] Undefined variable: nav3 E:\xampp\htdocs\t\User\Runtime\Cache\User\e5b574611600f340f8971129dc12d3b7.php 第 73 行.
NOTIC: [8] Undefined variable: type3_1 E:\xampp\htdocs\t\User\Runtime\Cache\User\e5b574611600f340f8971129dc12d3b7.php 第 193 行.
NOTIC: [8] Undefined variable: type3_9 E:\xampp\htdocs\t\User\Runtime\Cache\User\e5b574611600f340f8971129dc12d3b7.php 第 196 行.
NOTIC: [8] Undefined variable: type3_2 E:\xampp\htdocs\t\User\Runtime\Cache\User\e5b574611600f340f8971129dc12d3b7.php 第 199 行.
NOTIC: [8] Undefined variable: type3_3 E:\xampp\htdocs\t\User\Runtime\Cache\User\e5b574611600f340f8971129dc12d3b7.php 第 203 行.
NOTIC: [8] Undefined variable: type3_4 E:\xampp\htdocs\t\User\Runtime\Cache\User\e5b574611600f340f8971129dc12d3b7.php 第 207 行.
NOTIC: [8] Undefined variable: type3_5 E:\xampp\htdocs\t\User\Runtime\Cache\User\e5b574611600f340f8971129dc12d3b7.php 第 210 行.
NOTIC: [8] Undefined variable: type3_7 E:\xampp\htdocs\t\User\Runtime\Cache\User\e5b574611600f340f8971129dc12d3b7.php 第 216 行.
NOTIC: [8] Undefined variable: type3_8 E:\xampp\htdocs\t\User\Runtime\Cache\User\e5b574611600f340f8971129dc12d3b7.php 第 219 行.
INFO: ParseTemplate Behavior ::run [ RunTime:0.023001s ]
INFO: [ view_parse ] --END-- [ RunTime:0.023001s ]
INFO: [ view_filter ] --START--
INFO: ContentReplace Behavior ::run [ RunTime:0.000000s ]
INFO: TokenBuild Behavior ::run [ RunTime:0.001000s ]
INFO: WriteHtmlCache Behavior ::run [ RunTime:0.000000s ]
INFO: ShowRuntime Behavior ::run [ RunTime:0.001000s ]
INFO: [ view_filter ] --END-- [ RunTime:0.002000s ]
INFO: [ view_end ] --START--
INFO: ShowPageTrace Behavior ::run [ RunTime:0.001000s ]
INFO: [ view_end ] --END-- [ RunTime:0.001000s ]
NOTIC: [8] Constant THEME_NAME already defined E:\xampp\htdocs\t\ThinkPHP\Lib\Core\View.class.php 第 223 行.
NOTIC: [8] Constant THEME_PATH already defined E:\xampp\htdocs\t\ThinkPHP\Lib\Core\View.class.php 第 174 行.
NOTIC: [8] Constant APP_TMPL_PATH already defined E:\xampp\htdocs\t\ThinkPHP\Lib\Core\View.class.php 第 175 行.
INFO: [ view_parse ] --START--
SQL: SHOW COLUMNS FROM `br_community` [ RunTime:0.009000s ]
SQL: SELECT * FROM `br_community` WHERE ( cid = 6 )  [ RunTime:0.001000s ]
SQL: SELECT * FROM `br_community` WHERE ( cid = 6 )  [ RunTime:0.000000s ]
INFO: ParseTemplate Behavior ::run [ RunTime:0.017001s ]
INFO: [ view_parse ] --END-- [ RunTime:-0.004000s ]
INFO: [ view_filter ] --START--
INFO: ContentReplace Behavior ::run [ RunTime:0.000000s ]
INFO: TokenBuild Behavior ::run [ RunTime:0.000000s ]
INFO: WriteHtmlCache Behavior ::run [ RunTime:0.000000s ]
INFO: ShowRuntime Behavior ::run [ RunTime:0.000000s ]
INFO: [ view_filter ] --END-- [ RunTime:-0.019001s ]
NOTIC: [2] Cannot modify header information - headers already sent by (output started at E:\xampp\htdocs\t\ThinkPHP\Lib\Core\View.class.php:99) E:\xampp\htdocs\t\ThinkPHP\Lib\Core\View.class.php 第 95 行.
NOTIC: [2] Cannot modify header information - headers already sent by (output started at E:\xampp\htdocs\t\ThinkPHP\Lib\Core\View.class.php:99) E:\xampp\htdocs\t\ThinkPHP\Lib\Core\View.class.php 第 96 行.
NOTIC: [2] Cannot modify header information - headers already sent by (output started at E:\xampp\htdocs\t\ThinkPHP\Lib\Core\View.class.php:99) E:\xampp\htdocs\t\ThinkPHP\Lib\Core\View.class.php 第 97 行.
INFO: [ view_end ] --START--
INFO: ShowPageTrace Behavior ::run [ RunTime:0.000000s ]
INFO: [ view_end ] --END-- [ RunTime:-0.019001s ]
NOTIC: [8] Constant THEME_NAME already defined E:\xampp\htdocs\t\ThinkPHP\Lib\Core\View.class.php 第 223 行.
NOTIC: [8] Constant THEME_PATH already defined E:\xampp\htdocs\t\ThinkPHP\Lib\Core\View.class.php 第 174 行.
NOTIC: [8] Constant APP_TMPL_PATH already defined E:\xampp\htdocs\t\ThinkPHP\Lib\Core\View.class.php 第 175 行.
INFO: [ view_parse ] --START--
INFO: ParseTemplate Behavior ::run [ RunTime:0.004000s ]
INFO: [ view_parse ] --END-- [ RunTime:-0.023001s ]
INFO: [ view_filter ] --START--
INFO: ContentReplace Behavior ::run [ RunTime:0.000000s ]
INFO: TokenBuild Behavior ::run [ RunTime:0.000000s ]
INFO: WriteHtmlCache Behavior ::run [ RunTime:0.000000s ]
INFO: ShowRuntime Behavior ::run [ RunTime:0.000000s ]
INFO: [ view_filter ] --END-- [ RunTime:-0.025001s ]
NOTIC: [2] Cannot modify header information - headers already sent by (output started at E:\xampp\htdocs\t\ThinkPHP\Lib\Core\View.class.php:99) E:\xampp\htdocs\t\ThinkPHP\Lib\Core\View.class.php 第 95 行.
NOTIC: [2] Cannot modify header information - headers already sent by (output started at E:\xampp\htdocs\t\ThinkPHP\Lib\Core\View.class.php:99) E:\xampp\htdocs\t\ThinkPHP\Lib\Core\View.class.php 第 96 行.
NOTIC: [2] Cannot modify header information - headers already sent by (output started at E:\xampp\htdocs\t\ThinkPHP\Lib\Core\View.class.php:99) E:\xampp\htdocs\t\ThinkPHP\Lib\Core\View.class.php 第 97 行.
INFO: [ view_end ] --START--
INFO: ShowPageTrace Behavior ::run [ RunTime:0.000000s ]
INFO: [ view_end ] --END-- [ RunTime:-0.024001s ]

[ 2014-03-17T18:56:16+08:00 ] 127.0.0.1 /t/
INFO: [ app_begin ] --START--
INFO: ReadHtmlCache Behavior ::run [ RunTime:0.002000s ]
INFO: [ app_begin ] --END-- [ RunTime:0.002000s ]
INFO: [ view_parse ] --START--
NOTIC: [8] Undefined variable: nav2 E:\xampp\htdocs\t\User\Runtime\Cache\User\31f71441c69b45e90211c42e2a90e094.php 第 70 行.
NOTIC: [8] Undefined variable: nav3 E:\xampp\htdocs\t\User\Runtime\Cache\User\31f71441c69b45e90211c42e2a90e094.php 第 73 行.
NOTIC: [8] Undefined variable: nav4 E:\xampp\htdocs\t\User\Runtime\Cache\User\31f71441c69b45e90211c42e2a90e094.php 第 76 行.
NOTIC: [8] Undefined index: user_name E:\xampp\htdocs\t\User\Runtime\Cache\User\31f71441c69b45e90211c42e2a90e094.php 第 81 行.
INFO: ParseTemplate Behavior ::run [ RunTime:0.017001s ]
INFO: [ view_parse ] --END-- [ RunTime:0.017001s ]
INFO: [ view_filter ] --START--
INFO: ContentReplace Behavior ::run [ RunTime:0.001000s ]
INFO: TokenBuild Behavior ::run [ RunTime:0.001000s ]
INFO: WriteHtmlCache Behavior ::run [ RunTime:0.000000s ]
INFO: ShowRuntime Behavior ::run [ RunTime:0.001000s ]
INFO: [ view_filter ] --END-- [ RunTime:0.003000s ]
INFO: [ view_end ] --START--
INFO: ShowPageTrace Behavior ::run [ RunTime:0.001001s ]
INFO: [ view_end ] --END-- [ RunTime:0.001001s ]

[ 2014-03-17T18:56:19+08:00 ] 127.0.0.1 /t/Community.html
INFO: [ route_check ] --START--
INFO: CheckRoute Behavior ::run [ RunTime:0.001000s ]
INFO: [ route_check ] --END-- [ RunTime:0.002000s ]
INFO: [ app_begin ] --START--
INFO: ReadHtmlCache Behavior ::run [ RunTime:0.001000s ]
INFO: [ app_begin ] --END-- [ RunTime:0.001000s ]
NOTIC: [2048] Declaration of CommunityAction::Show() should be compatible with Action::show($content, $charset = '', $contentType = '', $prefix = '') E:\xampp\htdocs\t\User\Lib\Action\User\CommunityAction.class.php 第 105 行.
SQL: SHOW COLUMNS FROM `br_community` [ RunTime:0.026001s ]
SQL: SELECT COUNT(*) AS tp_count FROM `br_community` WHERE ( cstatus = 1 ) LIMIT 1   [ RunTime:0.023002s ]
SQL: SELECT * FROM `br_community` WHERE ( cstatus = 1 ) ORDER BY cpoint desc,ccreatetime LIMIT 0,12   [ RunTime:0.001000s ]
INFO: [ view_parse ] --START--
NOTIC: [8] Undefined variable: nav1 E:\xampp\htdocs\t\User\Runtime\Cache\User\a07737abf35d289f8570ff8a2beb3bc2.php 第 67 行.
NOTIC: [8] Undefined variable: nav3 E:\xampp\htdocs\t\User\Runtime\Cache\User\a07737abf35d289f8570ff8a2beb3bc2.php 第 73 行.
NOTIC: [8] Undefined variable: nav4 E:\xampp\htdocs\t\User\Runtime\Cache\User\a07737abf35d289f8570ff8a2beb3bc2.php 第 76 行.
NOTIC: [8] Undefined index: user_name E:\xampp\htdocs\t\User\Runtime\Cache\User\a07737abf35d289f8570ff8a2beb3bc2.php 第 81 行.
NOTIC: [8] Undefined variable: tab1 E:\xampp\htdocs\t\User\Runtime\Cache\User\a07737abf35d289f8570ff8a2beb3bc2.php 第 134 行.
NOTIC: [8] Undefined variable: tab2 E:\xampp\htdocs\t\User\Runtime\Cache\User\a07737abf35d289f8570ff8a2beb3bc2.php 第 137 行.
NOTIC: [8] Undefined variable: tab3 E:\xampp\htdocs\t\User\Runtime\Cache\User\a07737abf35d289f8570ff8a2beb3bc2.php 第 140 行.
NOTIC: [8] Undefined variable: tab4 E:\xampp\htdocs\t\User\Runtime\Cache\User\a07737abf35d289f8570ff8a2beb3bc2.php 第 143 行.
NOTIC: [8] Undefined variable: tab5 E:\xampp\htdocs\t\User\Runtime\Cache\User\a07737abf35d289f8570ff8a2beb3bc2.php 第 146 行.
NOTIC: [8] Undefined index: cslogan E:\xampp\htdocs\t\User\Runtime\Cache\User\a07737abf35d289f8570ff8a2beb3bc2.php 第 159 行.
NOTIC: [8] Undefined index: cslogan E:\xampp\htdocs\t\User\Runtime\Cache\User\a07737abf35d289f8570ff8a2beb3bc2.php 第 159 行.
NOTIC: [8] Undefined index: cslogan E:\xampp\htdocs\t\User\Runtime\Cache\User\a07737abf35d289f8570ff8a2beb3bc2.php 第 159 行.
NOTIC: [8] Undefined index: cslogan E:\xampp\htdocs\t\User\Runtime\Cache\User\a07737abf35d289f8570ff8a2beb3bc2.php 第 159 行.
NOTIC: [8] Undefined index: cslogan E:\xampp\htdocs\t\User\Runtime\Cache\User\a07737abf35d289f8570ff8a2beb3bc2.php 第 159 行.
NOTIC: [8] Undefined index: cslogan E:\xampp\htdocs\t\User\Runtime\Cache\User\a07737abf35d289f8570ff8a2beb3bc2.php 第 159 行.
NOTIC: [8] Undefined index: cslogan E:\xampp\htdocs\t\User\Runtime\Cache\User\a07737abf35d289f8570ff8a2beb3bc2.php 第 159 行.
NOTIC: [8] Undefined index: cslogan E:\xampp\htdocs\t\User\Runtime\Cache\User\a07737abf35d289f8570ff8a2beb3bc2.php 第 159 行.
NOTIC: [8] Undefined index: cslogan E:\xampp\htdocs\t\User\Runtime\Cache\User\a07737abf35d289f8570ff8a2beb3bc2.php 第 159 行.
NOTIC: [8] Undefined index: cslogan E:\xampp\htdocs\t\User\Runtime\Cache\User\a07737abf35d289f8570ff8a2beb3bc2.php 第 159 行.
NOTIC: [8] Undefined index: cslogan E:\xampp\htdocs\t\User\Runtime\Cache\User\a07737abf35d289f8570ff8a2beb3bc2.php 第 159 行.
NOTIC: [8] Undefined index: cslogan E:\xampp\htdocs\t\User\Runtime\Cache\User\a07737abf35d289f8570ff8a2beb3bc2.php 第 159 行.
INFO: ParseTemplate Behavior ::run [ RunTime:0.033002s ]
INFO: [ view_parse ] --END-- [ RunTime:0.033002s ]
INFO: [ view_filter ] --START--
INFO: ContentReplace Behavior ::run [ RunTime:0.001000s ]
INFO: TokenBuild Behavior ::run [ RunTime:0.001000s ]
INFO: WriteHtmlCache Behavior ::run [ RunTime:0.000000s ]
INFO: ShowRuntime Behavior ::run [ RunTime:0.001000s ]
INFO: [ view_filter ] --END-- [ RunTime:0.003000s ]
INFO: [ view_end ] --START--
INFO: ShowPageTrace Behavior ::run [ RunTime:0.001000s ]
INFO: [ view_end ] --END-- [ RunTime:0.001000s ]

[ 2014-03-17T18:56:21+08:00 ] 127.0.0.1 /t/Community/ShowDetial/id/54.html
INFO: [ route_check ] --START--
INFO: CheckRoute Behavior ::run [ RunTime:0.002000s ]
INFO: [ route_check ] --END-- [ RunTime:0.002000s ]
INFO: [ app_begin ] --START--
INFO: ReadHtmlCache Behavior ::run [ RunTime:0.001000s ]
INFO: [ app_begin ] --END-- [ RunTime:0.001000s ]
NOTIC: [2048] Declaration of CommunityAction::Show() should be compatible with Action::show($content, $charset = '', $contentType = '', $prefix = '') E:\xampp\htdocs\t\User\Lib\Action\User\CommunityAction.class.php 第 105 行.
SQL: SHOW COLUMNS FROM `br_community` [ RunTime:0.008001s ]
SQL: SELECT * FROM `br_community` WHERE ( cid = 54 )  [ RunTime:0.001000s ]
SQL: SHOW COLUMNS FROM `br_filemap` [ RunTime:0.051003s ]
SQL: SELECT * FROM `br_filemap` WHERE ( cid = 54 )  [ RunTime:0.001000s ]
INFO: [ view_parse ] --START--
NOTIC: [8] Undefined variable: nav1 E:\xampp\htdocs\t\User\Runtime\Cache\User\af4b8ff0564272b44cd9043b1636bf57.php 第 67 行.
NOTIC: [8] Undefined variable: nav3 E:\xampp\htdocs\t\User\Runtime\Cache\User\af4b8ff0564272b44cd9043b1636bf57.php 第 73 行.
NOTIC: [8] Undefined variable: nav4 E:\xampp\htdocs\t\User\Runtime\Cache\User\af4b8ff0564272b44cd9043b1636bf57.php 第 76 行.
NOTIC: [8] Undefined index: user_name E:\xampp\htdocs\t\User\Runtime\Cache\User\af4b8ff0564272b44cd9043b1636bf57.php 第 81 行.
NOTIC: [8] Use of undefined constant __PUBLIC__ - assumed '__PUBLIC__' E:\xampp\htdocs\t\User\Common\common.php 第 54 行.
NOTIC: [8] Use of undefined constant __PUBLIC__ - assumed '__PUBLIC__' E:\xampp\htdocs\t\User\Common\common.php 第 54 行.
NOTIC: [8] Use of undefined constant __PUBLIC__ - assumed '__PUBLIC__' E:\xampp\htdocs\t\User\Common\common.php 第 54 行.
INFO: ParseTemplate Behavior ::run [ RunTime:0.032001s ]
INFO: [ view_parse ] --END-- [ RunTime:0.032001s ]
INFO: [ view_filter ] --START--
INFO: ContentReplace Behavior ::run [ RunTime:0.001000s ]
INFO: TokenBuild Behavior ::run [ RunTime:0.000000s ]
INFO: WriteHtmlCache Behavior ::run [ RunTime:0.001001s ]
INFO: ShowRuntime Behavior ::run [ RunTime:0.001000s ]
INFO: [ view_filter ] --END-- [ RunTime:0.003001s ]
INFO: [ view_end ] --START--
INFO: ShowPageTrace Behavior ::run [ RunTime:0.002000s ]
INFO: [ view_end ] --END-- [ RunTime:0.002000s ]

[ 2014-03-17T19:00:42+08:00 ] 127.0.0.1 /t/Community/SignUp/id/54.html
INFO: [ route_check ] --START--
INFO: CheckRoute Behavior ::run [ RunTime:0.002001s ]
INFO: [ route_check ] --END-- [ RunTime:0.002001s ]
INFO: [ app_begin ] --START--
INFO: ReadHtmlCache Behavior ::run [ RunTime:0.001000s ]
INFO: [ app_begin ] --END-- [ RunTime:0.001000s ]
NOTIC: [2048] Declaration of CommunityAction::Show() should be compatible with Action::show($content, $charset = '', $contentType = '', $prefix = '') E:\xampp\htdocs\t\User\Lib\Action\User\CommunityAction.class.php 第 108 行.
INFO: [ view_parse ] --START--
NOTIC: [8] Undefined variable: nav1 E:\xampp\htdocs\t\User\Runtime\Cache\User\d438466b680a06218d9479ba669eb34b.php 第 67 行.
NOTIC: [8] Undefined variable: nav3 E:\xampp\htdocs\t\User\Runtime\Cache\User\d438466b680a06218d9479ba669eb34b.php 第 73 行.
NOTIC: [8] Undefined variable: nav4 E:\xampp\htdocs\t\User\Runtime\Cache\User\d438466b680a06218d9479ba669eb34b.php 第 76 行.
NOTIC: [8] Undefined index: user_name E:\xampp\htdocs\t\User\Runtime\Cache\User\d438466b680a06218d9479ba669eb34b.php 第 81 行.
NOTIC: [8] Undefined index: user_name E:\xampp\htdocs\t\User\Runtime\Cache\User\d438466b680a06218d9479ba669eb34b.php 第 159 行.
NOTIC: [8] Undefined index: user_xh E:\xampp\htdocs\t\User\Runtime\Cache\User\d438466b680a06218d9479ba669eb34b.php 第 168 行.
INFO: ParseTemplate Behavior ::run [ RunTime:0.045002s ]
INFO: [ view_parse ] --END-- [ RunTime:0.045002s ]
INFO: [ view_filter ] --START--
INFO: ContentReplace Behavior ::run [ RunTime:0.001000s ]
INFO: TokenBuild Behavior ::run [ RunTime:0.001000s ]
INFO: WriteHtmlCache Behavior ::run [ RunTime:0.002001s ]
INFO: ShowRuntime Behavior ::run [ RunTime:0.001000s ]
INFO: [ view_filter ] --END-- [ RunTime:0.005001s ]
INFO: [ view_end ] --START--
INFO: ShowPageTrace Behavior ::run [ RunTime:0.001000s ]
INFO: [ view_end ] --END-- [ RunTime:0.001000s ]

[ 2014-03-17T19:00:45+08:00 ] 127.0.0.1 /t/Community/Submit/type/1.html
INFO: [ route_check ] --START--
INFO: CheckRoute Behavior ::run [ RunTime:0.002000s ]
INFO: [ route_check ] --END-- [ RunTime:0.002000s ]
INFO: [ app_begin ] --START--
INFO: ReadHtmlCache Behavior ::run [ RunTime:0.001000s ]
INFO: [ app_begin ] --END-- [ RunTime:0.001000s ]
NOTIC: [2048] Declaration of CommunityAction::Show() should be compatible with Action::show($content, $charset = '', $contentType = '', $prefix = '') E:\xampp\htdocs\t\User\Lib\Action\User\CommunityAction.class.php 第 108 行.

[ 2014-03-17T19:00:45+08:00 ] 127.0.0.1 /t/Login.html
INFO: [ route_check ] --START--
INFO: CheckRoute Behavior ::run [ RunTime:0.001000s ]
INFO: [ route_check ] --END-- [ RunTime:0.001000s ]
INFO: [ app_begin ] --START--
INFO: ReadHtmlCache Behavior ::run [ RunTime:0.001000s ]
INFO: [ app_begin ] --END-- [ RunTime:0.001000s ]
ERR: 参数错误或者未定义:relogin

[ 2014-03-17T19:01:36+08:00 ] 127.0.0.1 /t/Community/Submit/type/1.html
INFO: [ route_check ] --START--
INFO: CheckRoute Behavior ::run [ RunTime:0.001000s ]
INFO: [ route_check ] --END-- [ RunTime:0.002000s ]
INFO: [ app_begin ] --START--
INFO: ReadHtmlCache Behavior ::run [ RunTime:0.001001s ]
INFO: [ app_begin ] --END-- [ RunTime:0.001001s ]
NOTIC: [2048] Declaration of CommunityAction::Show() should be compatible with Action::show($content, $charset = '', $contentType = '', $prefix = '') E:\xampp\htdocs\t\User\Lib\Action\User\CommunityAction.class.php 第 105 行.

[ 2014-03-17T19:01:36+08:00 ] 127.0.0.1 /t/Login/index/relogin/0.html
INFO: [ route_check ] --START--
INFO: CheckRoute Behavior ::run [ RunTime:0.001000s ]
INFO: [ route_check ] --END-- [ RunTime:0.001000s ]
INFO: [ app_begin ] --START--
INFO: ReadHtmlCache Behavior ::run [ RunTime:0.001000s ]
INFO: [ app_begin ] --END-- [ RunTime:0.001000s ]
INFO: [ view_parse ] --START--
NOTIC: [8] Undefined variable: nav1 E:\xampp\htdocs\t\User\Runtime\Cache\User\5b765d262bc3558d207741b0414e7db8.php 第 67 行.
NOTIC: [8] Undefined variable: nav2 E:\xampp\htdocs\t\User\Runtime\Cache\User\5b765d262bc3558d207741b0414e7db8.php 第 70 行.
NOTIC: [8] Undefined variable: nav3 E:\xampp\htdocs\t\User\Runtime\Cache\User\5b765d262bc3558d207741b0414e7db8.php 第 73 行.
NOTIC: [8] Undefined variable: nav4 E:\xampp\htdocs\t\User\Runtime\Cache\User\5b765d262bc3558d207741b0414e7db8.php 第 76 行.
NOTIC: [8] Undefined index: user_name E:\xampp\htdocs\t\User\Runtime\Cache\User\5b765d262bc3558d207741b0414e7db8.php 第 81 行.
INFO: ParseTemplate Behavior ::run [ RunTime:0.086005s ]
INFO: [ view_parse ] --END-- [ RunTime:0.086005s ]
INFO: [ view_filter ] --START--
INFO: ContentReplace Behavior ::run [ RunTime:0.001000s ]
INFO: TokenBuild Behavior ::run [ RunTime:0.001000s ]
INFO: WriteHtmlCache Behavior ::run [ RunTime:0.000000s ]
INFO: ShowRuntime Behavior ::run [ RunTime:0.001000s ]
INFO: [ view_filter ] --END-- [ RunTime:0.003000s ]
INFO: [ view_end ] --START--
INFO: ShowPageTrace Behavior ::run [ RunTime:0.001000s ]
INFO: [ view_end ] --END-- [ RunTime:0.001000s ]

[ 2014-03-17T19:04:25+08:00 ] 127.0.0.1 /t/Community/Submit/type/1.html
INFO: [ route_check ] --START--
INFO: CheckRoute Behavior ::run [ RunTime:0.001000s ]
INFO: [ route_check ] --END-- [ RunTime:0.001000s ]
INFO: [ app_begin ] --START--
INFO: ReadHtmlCache Behavior ::run [ RunTime:0.001000s ]
INFO: [ app_begin ] --END-- [ RunTime:0.001000s ]

[ 2014-03-17T19:04:28+08:00 ] 127.0.0.1 /t/Community/SignUp/id/54.html
INFO: [ route_check ] --START--
INFO: CheckRoute Behavior ::run [ RunTime:0.002000s ]
INFO: [ route_check ] --END-- [ RunTime:0.002000s ]
INFO: [ app_begin ] --START--
INFO: ReadHtmlCache Behavior ::run [ RunTime:0.002000s ]
INFO: [ app_begin ] --END-- [ RunTime:0.002000s ]

[ 2014-03-17T19:04:52+08:00 ] 127.0.0.1 /t/Community/SignUp/id/54.html
INFO: [ route_check ] --START--
INFO: CheckRoute Behavior ::run [ RunTime:0.001000s ]
INFO: [ route_check ] --END-- [ RunTime:0.001000s ]
INFO: [ app_begin ] --START--
INFO: ReadHtmlCache Behavior ::run [ RunTime:0.000000s ]
INFO: [ app_begin ] --END-- [ RunTime:0.000000s ]

[ 2014-03-17T19:05:08+08:00 ] 127.0.0.1 /t/Community/SignUp/id/54.html
INFO: [ route_check ] --START--
INFO: CheckRoute Behavior ::run [ RunTime:0.002000s ]
INFO: [ route_check ] --END-- [ RunTime:0.002000s ]
INFO: [ app_begin ] --START--
INFO: ReadHtmlCache Behavior ::run [ RunTime:0.001000s ]
INFO: [ app_begin ] --END-- [ RunTime:0.001000s ]
NOTIC: [2048] Declaration of CommunityAction::Show() should be compatible with Action::show($content, $charset = '', $contentType = '', $prefix = '') E:\xampp\htdocs\t\User\Lib\Action\User\CommunityAction.class.php 第 105 行.
INFO: [ view_parse ] --START--
NOTIC: [8] Undefined variable: nav1 E:\xampp\htdocs\t\User\Runtime\Cache\User\d438466b680a06218d9479ba669eb34b.php 第 67 行.
NOTIC: [8] Undefined variable: nav3 E:\xampp\htdocs\t\User\Runtime\Cache\User\d438466b680a06218d9479ba669eb34b.php 第 73 行.
NOTIC: [8] Undefined variable: nav4 E:\xampp\htdocs\t\User\Runtime\Cache\User\d438466b680a06218d9479ba669eb34b.php 第 76 行.
NOTIC: [8] Undefined index: user_name E:\xampp\htdocs\t\User\Runtime\Cache\User\d438466b680a06218d9479ba669eb34b.php 第 81 行.
NOTIC: [8] Undefined index: user_name E:\xampp\htdocs\t\User\Runtime\Cache\User\d438466b680a06218d9479ba669eb34b.php 第 161 行.
NOTIC: [8] Undefined index: user_xh E:\xampp\htdocs\t\User\Runtime\Cache\User\d438466b680a06218d9479ba669eb34b.php 第 170 行.
INFO: ParseTemplate Behavior ::run [ RunTime:0.020001s ]
INFO: [ view_parse ] --END-- [ RunTime:0.020001s ]
INFO: [ view_filter ] --START--
INFO: ContentReplace Behavior ::run [ RunTime:0.001000s ]
INFO: TokenBuild Behavior ::run [ RunTime:0.001000s ]
INFO: WriteHtmlCache Behavior ::run [ RunTime:0.001000s ]
INFO: ShowRuntime Behavior ::run [ RunTime:0.001000s ]
INFO: [ view_filter ] --END-- [ RunTime:0.004000s ]
INFO: [ view_end ] --START--
INFO: ShowPageTrace Behavior ::run [ RunTime:0.001000s ]
INFO: [ view_end ] --END-- [ RunTime:0.001000s ]

[ 2014-03-17T19:05:10+08:00 ] 127.0.0.1 /t/Community/Submit/type/1.html
INFO: [ route_check ] --START--
INFO: CheckRoute Behavior ::run [ RunTime:0.001000s ]
INFO: [ route_check ] --END-- [ RunTime:0.001000s ]
INFO: [ app_begin ] --START--
INFO: ReadHtmlCache Behavior ::run [ RunTime:0.001000s ]
INFO: [ app_begin ] --END-- [ RunTime:0.001000s ]
NOTIC: [2048] Declaration of CommunityAction::Show() should be compatible with Action::show($content, $charset = '', $contentType = '', $prefix = '') E:\xampp\htdocs\t\User\Lib\Action\User\CommunityAction.class.php 第 105 行.

[ 2014-03-17T19:05:31+08:00 ] 127.0.0.1 /t/Community/SignUp/id/54.html
INFO: [ route_check ] --START--
INFO: CheckRoute Behavior ::run [ RunTime:0.002000s ]
INFO: [ route_check ] --END-- [ RunTime:0.002000s ]
INFO: [ app_begin ] --START--
INFO: ReadHtmlCache Behavior ::run [ RunTime:0.001000s ]
INFO: [ app_begin ] --END-- [ RunTime:0.001000s ]
NOTIC: [2048] Declaration of CommunityAction::Show() should be compatible with Action::show($content, $charset = '', $contentType = '', $prefix = '') E:\xampp\htdocs\t\User\Lib\Action\User\CommunityAction.class.php 第 105 行.
INFO: [ view_parse ] --START--
NOTIC: [8] Undefined variable: nav1 E:\xampp\htdocs\t\User\Runtime\Cache\User\d438466b680a06218d9479ba669eb34b.php 第 67 行.
NOTIC: [8] Undefined variable: nav3 E:\xampp\htdocs\t\User\Runtime\Cache\User\d438466b680a06218d9479ba669eb34b.php 第 73 行.
NOTIC: [8] Undefined variable: nav4 E:\xampp\htdocs\t\User\Runtime\Cache\User\d438466b680a06218d9479ba669eb34b.php 第 76 行.
NOTIC: [8] Undefined index: user_name E:\xampp\htdocs\t\User\Runtime\Cache\User\d438466b680a06218d9479ba669eb34b.php 第 81 行.
NOTIC: [8] Undefined index: user_name E:\xampp\htdocs\t\User\Runtime\Cache\User\d438466b680a06218d9479ba669eb34b.php 第 161 行.
NOTIC: [8] Undefined index: user_xh E:\xampp\htdocs\t\User\Runtime\Cache\User\d438466b680a06218d9479ba669eb34b.php 第 170 行.
INFO: ParseTemplate Behavior ::run [ RunTime:0.018001s ]
INFO: [ view_parse ] --END-- [ RunTime:0.018001s ]
INFO: [ view_filter ] --START--
INFO: ContentReplace Behavior ::run [ RunTime:0.001000s ]
INFO: TokenBuild Behavior ::run [ RunTime:0.001000s ]
INFO: WriteHtmlCache Behavior ::run [ RunTime:0.000000s ]
INFO: ShowRuntime Behavior ::run [ RunTime:0.001000s ]
INFO: [ view_filter ] --END-- [ RunTime:0.003000s ]
INFO: [ view_end ] --START--
INFO: ShowPageTrace Behavior ::run [ RunTime:0.001001s ]
INFO: [ view_end ] --END-- [ RunTime:0.001001s ]

[ 2014-03-17T19:05:33+08:00 ] 127.0.0.1 /t/Community/Submit/type/1.html
INFO: [ route_check ] --START--
INFO: CheckRoute Behavior ::run [ RunTime:0.002000s ]
INFO: [ route_check ] --END-- [ RunTime:0.002000s ]
INFO: [ app_begin ] --START--
INFO: ReadHtmlCache Behavior ::run [ RunTime:0.001000s ]
INFO: [ app_begin ] --END-- [ RunTime:0.001000s ]
NOTIC: [2048] Declaration of CommunityAction::Show() should be compatible with Action::show($content, $charset = '', $contentType = '', $prefix = '') E:\xampp\htdocs\t\User\Lib\Action\User\CommunityAction.class.php 第 105 行.

