[ 2014-03-06T13:23:47+08:00 ] 127.0.0.1 /t/
INFO: [ app_begin ] --START--
INFO: ReadHtmlCache Behavior ::run [ RunTime:0.031200s ]
INFO: [ app_begin ] --END-- [ RunTime:0.140400s ]
INFO: [ view_parse ] --START--
NOTIC: [8] Undefined variable: nav2 E:\xampp\htdocs\t\User\Runtime\Cache\User\31f71441c69b45e90211c42e2a90e094.php 第 69 行.
NOTIC: [8] Undefined variable: nav3 E:\xampp\htdocs\t\User\Runtime\Cache\User\31f71441c69b45e90211c42e2a90e094.php 第 72 行.
NOTIC: [8] Undefined variable: nav4 E:\xampp\htdocs\t\User\Runtime\Cache\User\31f71441c69b45e90211c42e2a90e094.php 第 75 行.
NOTIC: [8] Undefined index: user_name E:\xampp\htdocs\t\User\Runtime\Cache\User\31f71441c69b45e90211c42e2a90e094.php 第 80 行.
INFO: ParseTemplate Behavior ::run [ RunTime:0.280800s ]
INFO: [ view_parse ] --END-- [ RunTime:0.280800s ]
INFO: [ view_filter ] --START--
INFO: ContentReplace Behavior ::run [ RunTime:0.015600s ]
INFO: TokenBuild Behavior ::run [ RunTime:0.000000s ]
INFO: WriteHtmlCache Behavior ::run [ RunTime:0.000000s ]
INFO: ShowRuntime Behavior ::run [ RunTime:0.000000s ]
INFO: [ view_filter ] --END-- [ RunTime:0.062400s ]
INFO: [ view_end ] --START--
INFO: ShowPageTrace Behavior ::run [ RunTime:0.015600s ]
INFO: [ view_end ] --END-- [ RunTime:0.015600s ]

[ 2014-03-06T13:25:38+08:00 ] 127.0.0.1 /t/Login/Login.html
INFO: [ route_check ] --START--
INFO: CheckRoute Behavior ::run [ RunTime:0.015600s ]
INFO: [ route_check ] --END-- [ RunTime:0.015600s ]
INFO: [ app_begin ] --START--
INFO: ReadHtmlCache Behavior ::run [ RunTime:0.000000s ]
INFO: [ app_begin ] --END-- [ RunTime:0.000000s ]
SQL: SHOW COLUMNS FROM `br_user` [ RunTime:0.124800s ]
SQL: SELECT * FROM `br_user` WHERE ( ykt = '123' )  [ RunTime:0.015600s ]
SQL: UPDATE `br_user` SET `logintime`=1394083538,`loginip`='127.0.0.1' WHERE ( `uid` = 16 ) [ RunTime:0.031200s ]

[ 2014-03-06T13:25:38+08:00 ] 127.0.0.1 /t/
INFO: [ app_begin ] --START--
INFO: ReadHtmlCache Behavior ::run [ RunTime:0.000000s ]
INFO: [ app_begin ] --END-- [ RunTime:0.000000s ]
INFO: [ view_parse ] --START--
NOTIC: [8] Undefined variable: nav2 E:\xampp\htdocs\t\User\Runtime\Cache\User\31f71441c69b45e90211c42e2a90e094.php 第 69 行.
NOTIC: [8] Undefined variable: nav3 E:\xampp\htdocs\t\User\Runtime\Cache\User\31f71441c69b45e90211c42e2a90e094.php 第 72 行.
NOTIC: [8] Undefined variable: nav4 E:\xampp\htdocs\t\User\Runtime\Cache\User\31f71441c69b45e90211c42e2a90e094.php 第 75 行.
INFO: ParseTemplate Behavior ::run [ RunTime:0.015600s ]
INFO: [ view_parse ] --END-- [ RunTime:0.015600s ]
INFO: [ view_filter ] --START--
INFO: ContentReplace Behavior ::run [ RunTime:0.015600s ]
INFO: TokenBuild Behavior ::run [ RunTime:0.000000s ]
INFO: WriteHtmlCache Behavior ::run [ RunTime:0.000000s ]
INFO: ShowRuntime Behavior ::run [ RunTime:0.000000s ]
INFO: [ view_filter ] --END-- [ RunTime:0.015600s ]
INFO: [ view_end ] --START--
INFO: ShowPageTrace Behavior ::run [ RunTime:0.000000s ]
INFO: [ view_end ] --END-- [ RunTime:0.000000s ]

[ 2014-03-06T13:25:40+08:00 ] 127.0.0.1 /t/Office.html
INFO: [ route_check ] --START--
INFO: CheckRoute Behavior ::run [ RunTime:0.000000s ]
INFO: [ route_check ] --END-- [ RunTime:0.000000s ]
INFO: [ app_begin ] --START--
INFO: ReadHtmlCache Behavior ::run [ RunTime:0.000000s ]
INFO: [ app_begin ] --END-- [ RunTime:0.000000s ]
NOTIC: [2048] Declaration of OfficeAction::Show() should be compatible with Action::show($content, $charset = '', $contentType = '', $prefix = '') E:\xampp\htdocs\t\User\Lib\Action\User\OfficeAction.class.php 第 199 行.
INFO: [ view_parse ] --START--
NOTIC: [8] Undefined variable: nav1 E:\xampp\htdocs\t\User\Runtime\Cache\User\e5b574611600f340f8971129dc12d3b7.php 第 66 行.
NOTIC: [8] Undefined variable: nav2 E:\xampp\htdocs\t\User\Runtime\Cache\User\e5b574611600f340f8971129dc12d3b7.php 第 69 行.
NOTIC: [8] Undefined variable: nav3 E:\xampp\htdocs\t\User\Runtime\Cache\User\e5b574611600f340f8971129dc12d3b7.php 第 72 行.
NOTIC: [8] Undefined variable: type3_1 E:\xampp\htdocs\t\User\Runtime\Cache\User\e5b574611600f340f8971129dc12d3b7.php 第 187 行.
NOTIC: [8] Undefined variable: type3_2 E:\xampp\htdocs\t\User\Runtime\Cache\User\e5b574611600f340f8971129dc12d3b7.php 第 190 行.
NOTIC: [8] Undefined variable: type3_3 E:\xampp\htdocs\t\User\Runtime\Cache\User\e5b574611600f340f8971129dc12d3b7.php 第 193 行.
NOTIC: [8] Undefined variable: type3_4 E:\xampp\htdocs\t\User\Runtime\Cache\User\e5b574611600f340f8971129dc12d3b7.php 第 196 行.
NOTIC: [8] Undefined variable: type3_5 E:\xampp\htdocs\t\User\Runtime\Cache\User\e5b574611600f340f8971129dc12d3b7.php 第 199 行.
NOTIC: [8] Undefined variable: type3_6 E:\xampp\htdocs\t\User\Runtime\Cache\User\e5b574611600f340f8971129dc12d3b7.php 第 202 行.
NOTIC: [8] Undefined variable: type3_7 E:\xampp\htdocs\t\User\Runtime\Cache\User\e5b574611600f340f8971129dc12d3b7.php 第 205 行.
NOTIC: [8] Undefined variable: type3_8 E:\xampp\htdocs\t\User\Runtime\Cache\User\e5b574611600f340f8971129dc12d3b7.php 第 208 行.
INFO: ParseTemplate Behavior ::run [ RunTime:0.078000s ]
INFO: [ view_parse ] --END-- [ RunTime:0.078000s ]
INFO: [ view_filter ] --START--
INFO: ContentReplace Behavior ::run [ RunTime:0.000000s ]
INFO: TokenBuild Behavior ::run [ RunTime:0.000000s ]
INFO: WriteHtmlCache Behavior ::run [ RunTime:0.000000s ]
INFO: ShowRuntime Behavior ::run [ RunTime:0.000000s ]
INFO: [ view_filter ] --END-- [ RunTime:0.000000s ]
INFO: [ view_end ] --START--
INFO: ShowPageTrace Behavior ::run [ RunTime:0.000000s ]
INFO: [ view_end ] --END-- [ RunTime:0.000000s ]
NOTIC: [8] Constant THEME_NAME already defined E:\xampp\htdocs\t\ThinkPHP\Lib\Core\View.class.php 第 223 行.
NOTIC: [8] Constant THEME_PATH already defined E:\xampp\htdocs\t\ThinkPHP\Lib\Core\View.class.php 第 174 行.
NOTIC: [8] Constant APP_TMPL_PATH already defined E:\xampp\htdocs\t\ThinkPHP\Lib\Core\View.class.php 第 175 行.
INFO: [ view_parse ] --START--
INFO: ParseTemplate Behavior ::run [ RunTime:0.000000s ]
INFO: [ view_parse ] --END-- [ RunTime:0.000000s ]
INFO: [ view_filter ] --START--
INFO: ContentReplace Behavior ::run [ RunTime:0.015600s ]
INFO: TokenBuild Behavior ::run [ RunTime:0.000000s ]
INFO: WriteHtmlCache Behavior ::run [ RunTime:0.000000s ]
INFO: ShowRuntime Behavior ::run [ RunTime:0.000000s ]
INFO: [ view_filter ] --END-- [ RunTime:0.000000s ]
NOTIC: [2] Cannot modify header information - headers already sent by (output started at E:\xampp\htdocs\t\ThinkPHP\Lib\Core\View.class.php:99) E:\xampp\htdocs\t\ThinkPHP\Lib\Core\View.class.php 第 95 行.
NOTIC: [2] Cannot modify header information - headers already sent by (output started at E:\xampp\htdocs\t\ThinkPHP\Lib\Core\View.class.php:99) E:\xampp\htdocs\t\ThinkPHP\Lib\Core\View.class.php 第 96 行.
NOTIC: [2] Cannot modify header information - headers already sent by (output started at E:\xampp\htdocs\t\ThinkPHP\Lib\Core\View.class.php:99) E:\xampp\htdocs\t\ThinkPHP\Lib\Core\View.class.php 第 97 行.
INFO: [ view_end ] --START--
INFO: ShowPageTrace Behavior ::run [ RunTime:0.000000s ]
INFO: [ view_end ] --END-- [ RunTime:-0.031200s ]
NOTIC: [8] Constant THEME_NAME already defined E:\xampp\htdocs\t\ThinkPHP\Lib\Core\View.class.php 第 223 行.
NOTIC: [8] Constant THEME_PATH already defined E:\xampp\htdocs\t\ThinkPHP\Lib\Core\View.class.php 第 174 行.
NOTIC: [8] Constant APP_TMPL_PATH already defined E:\xampp\htdocs\t\ThinkPHP\Lib\Core\View.class.php 第 175 行.
INFO: [ view_parse ] --START--
INFO: ParseTemplate Behavior ::run [ RunTime:0.000000s ]
INFO: [ view_parse ] --END-- [ RunTime:-0.031200s ]
INFO: [ view_filter ] --START--
INFO: ContentReplace Behavior ::run [ RunTime:0.000000s ]
INFO: TokenBuild Behavior ::run [ RunTime:0.000000s ]
INFO: WriteHtmlCache Behavior ::run [ RunTime:0.000000s ]
INFO: ShowRuntime Behavior ::run [ RunTime:0.000000s ]
INFO: [ view_filter ] --END-- [ RunTime:-0.031200s ]
NOTIC: [2] Cannot modify header information - headers already sent by (output started at E:\xampp\htdocs\t\ThinkPHP\Lib\Core\View.class.php:99) E:\xampp\htdocs\t\ThinkPHP\Lib\Core\View.class.php 第 95 行.
NOTIC: [2] Cannot modify header information - headers already sent by (output started at E:\xampp\htdocs\t\ThinkPHP\Lib\Core\View.class.php:99) E:\xampp\htdocs\t\ThinkPHP\Lib\Core\View.class.php 第 96 行.
NOTIC: [2] Cannot modify header information - headers already sent by (output started at E:\xampp\htdocs\t\ThinkPHP\Lib\Core\View.class.php:99) E:\xampp\htdocs\t\ThinkPHP\Lib\Core\View.class.php 第 97 行.
INFO: [ view_end ] --START--
INFO: ShowPageTrace Behavior ::run [ RunTime:0.000000s ]
INFO: [ view_end ] --END-- [ RunTime:-0.031200s ]

[ 2014-03-06T13:25:45+08:00 ] 127.0.0.1 /t/Office/Show/type/1/gp/3.html
INFO: [ route_check ] --START--
INFO: CheckRoute Behavior ::run [ RunTime:0.000000s ]
INFO: [ route_check ] --END-- [ RunTime:0.000000s ]
INFO: [ app_begin ] --START--
INFO: ReadHtmlCache Behavior ::run [ RunTime:0.000000s ]
INFO: [ app_begin ] --END-- [ RunTime:0.000000s ]
NOTIC: [2048] Declaration of OfficeAction::Show() should be compatible with Action::show($content, $charset = '', $contentType = '', $prefix = '') E:\xampp\htdocs\t\User\Lib\Action\User\OfficeAction.class.php 第 199 行.
SQL: SHOW COLUMNS FROM `br_approval` [ RunTime:0.031200s ]
SQL: SELECT COUNT(*) AS tp_count FROM `br_approval` WHERE ( atype = 21 ) LIMIT 1   [ RunTime:0.015600s ]
SQL: SELECT * FROM `br_approval` WHERE ( atype = 21 ) ORDER BY adate desc LIMIT 0,30   [ RunTime:0.015600s ]
INFO: [ view_parse ] --START--
NOTIC: [8] Undefined variable: nav1 E:\xampp\htdocs\t\User\Runtime\Cache\User\e5b574611600f340f8971129dc12d3b7.php 第 66 行.
NOTIC: [8] Undefined variable: nav2 E:\xampp\htdocs\t\User\Runtime\Cache\User\e5b574611600f340f8971129dc12d3b7.php 第 69 行.
NOTIC: [8] Undefined variable: nav3 E:\xampp\htdocs\t\User\Runtime\Cache\User\e5b574611600f340f8971129dc12d3b7.php 第 72 行.
NOTIC: [8] Undefined variable: type3_2 E:\xampp\htdocs\t\User\Runtime\Cache\User\e5b574611600f340f8971129dc12d3b7.php 第 190 行.
NOTIC: [8] Undefined variable: type3_3 E:\xampp\htdocs\t\User\Runtime\Cache\User\e5b574611600f340f8971129dc12d3b7.php 第 193 行.
NOTIC: [8] Undefined variable: type3_4 E:\xampp\htdocs\t\User\Runtime\Cache\User\e5b574611600f340f8971129dc12d3b7.php 第 196 行.
NOTIC: [8] Undefined variable: type3_5 E:\xampp\htdocs\t\User\Runtime\Cache\User\e5b574611600f340f8971129dc12d3b7.php 第 199 行.
NOTIC: [8] Undefined variable: type3_6 E:\xampp\htdocs\t\User\Runtime\Cache\User\e5b574611600f340f8971129dc12d3b7.php 第 202 行.
NOTIC: [8] Undefined variable: type3_7 E:\xampp\htdocs\t\User\Runtime\Cache\User\e5b574611600f340f8971129dc12d3b7.php 第 205 行.
NOTIC: [8] Undefined variable: type3_8 E:\xampp\htdocs\t\User\Runtime\Cache\User\e5b574611600f340f8971129dc12d3b7.php 第 208 行.
INFO: ParseTemplate Behavior ::run [ RunTime:0.015600s ]
INFO: [ view_parse ] --END-- [ RunTime:0.015600s ]
INFO: [ view_filter ] --START--
INFO: ContentReplace Behavior ::run [ RunTime:0.000000s ]
INFO: TokenBuild Behavior ::run [ RunTime:0.000000s ]
INFO: WriteHtmlCache Behavior ::run [ RunTime:0.000000s ]
INFO: ShowRuntime Behavior ::run [ RunTime:0.000000s ]
INFO: [ view_filter ] --END-- [ RunTime:0.000000s ]
INFO: [ view_end ] --START--
INFO: ShowPageTrace Behavior ::run [ RunTime:0.000000s ]
INFO: [ view_end ] --END-- [ RunTime:0.000000s ]
NOTIC: [8] Constant THEME_NAME already defined E:\xampp\htdocs\t\ThinkPHP\Lib\Core\View.class.php 第 223 行.
NOTIC: [8] Constant THEME_PATH already defined E:\xampp\htdocs\t\ThinkPHP\Lib\Core\View.class.php 第 174 行.
NOTIC: [8] Constant APP_TMPL_PATH already defined E:\xampp\htdocs\t\ThinkPHP\Lib\Core\View.class.php 第 175 行.
INFO: [ view_parse ] --START--
INFO: ParseTemplate Behavior ::run [ RunTime:0.015600s ]
INFO: [ view_parse ] --END-- [ RunTime:-0.015600s ]
INFO: [ view_filter ] --START--
INFO: ContentReplace Behavior ::run [ RunTime:0.000000s ]
INFO: TokenBuild Behavior ::run [ RunTime:0.000000s ]
INFO: WriteHtmlCache Behavior ::run [ RunTime:0.000000s ]
INFO: ShowRuntime Behavior ::run [ RunTime:0.000000s ]
INFO: [ view_filter ] --END-- [ RunTime:-0.031200s ]
NOTIC: [2] Cannot modify header information - headers already sent by (output started at E:\xampp\htdocs\t\ThinkPHP\Lib\Core\View.class.php:99) E:\xampp\htdocs\t\ThinkPHP\Lib\Core\View.class.php 第 95 行.
NOTIC: [2] Cannot modify header information - headers already sent by (output started at E:\xampp\htdocs\t\ThinkPHP\Lib\Core\View.class.php:99) E:\xampp\htdocs\t\ThinkPHP\Lib\Core\View.class.php 第 96 行.
NOTIC: [2] Cannot modify header information - headers already sent by (output started at E:\xampp\htdocs\t\ThinkPHP\Lib\Core\View.class.php:99) E:\xampp\htdocs\t\ThinkPHP\Lib\Core\View.class.php 第 97 行.
INFO: [ view_end ] --START--
INFO: ShowPageTrace Behavior ::run [ RunTime:0.000000s ]
INFO: [ view_end ] --END-- [ RunTime:-0.031200s ]
NOTIC: [8] Constant THEME_NAME already defined E:\xampp\htdocs\t\ThinkPHP\Lib\Core\View.class.php 第 223 行.
NOTIC: [8] Constant THEME_PATH already defined E:\xampp\htdocs\t\ThinkPHP\Lib\Core\View.class.php 第 174 行.
NOTIC: [8] Constant APP_TMPL_PATH already defined E:\xampp\htdocs\t\ThinkPHP\Lib\Core\View.class.php 第 175 行.
INFO: [ view_parse ] --START--
INFO: ParseTemplate Behavior ::run [ RunTime:0.000000s ]
INFO: [ view_parse ] --END-- [ RunTime:-0.031200s ]
INFO: [ view_filter ] --START--
INFO: ContentReplace Behavior ::run [ RunTime:0.000000s ]
INFO: TokenBuild Behavior ::run [ RunTime:0.000000s ]
INFO: WriteHtmlCache Behavior ::run [ RunTime:0.000000s ]
INFO: ShowRuntime Behavior ::run [ RunTime:0.000000s ]
INFO: [ view_filter ] --END-- [ RunTime:-0.031200s ]
NOTIC: [2] Cannot modify header information - headers already sent by (output started at E:\xampp\htdocs\t\ThinkPHP\Lib\Core\View.class.php:99) E:\xampp\htdocs\t\ThinkPHP\Lib\Core\View.class.php 第 95 行.
NOTIC: [2] Cannot modify header information - headers already sent by (output started at E:\xampp\htdocs\t\ThinkPHP\Lib\Core\View.class.php:99) E:\xampp\htdocs\t\ThinkPHP\Lib\Core\View.class.php 第 96 行.
NOTIC: [2] Cannot modify header information - headers already sent by (output started at E:\xampp\htdocs\t\ThinkPHP\Lib\Core\View.class.php:99) E:\xampp\htdocs\t\ThinkPHP\Lib\Core\View.class.php 第 97 行.
INFO: [ view_end ] --START--
INFO: ShowPageTrace Behavior ::run [ RunTime:0.000000s ]
INFO: [ view_end ] --END-- [ RunTime:-0.031200s ]

[ 2014-03-06T13:25:47+08:00 ] 127.0.0.1 /t/Office/Show/type/2/gp/3.html
INFO: [ route_check ] --START--
INFO: CheckRoute Behavior ::run [ RunTime:0.000000s ]
INFO: [ route_check ] --END-- [ RunTime:0.000000s ]
INFO: [ app_begin ] --START--
INFO: ReadHtmlCache Behavior ::run [ RunTime:0.000000s ]
INFO: [ app_begin ] --END-- [ RunTime:0.000000s ]
NOTIC: [2048] Declaration of OfficeAction::Show() should be compatible with Action::show($content, $charset = '', $contentType = '', $prefix = '') E:\xampp\htdocs\t\User\Lib\Action\User\OfficeAction.class.php 第 199 行.
SQL: SHOW COLUMNS FROM `br_approval` [ RunTime:0.000000s ]
SQL: SELECT COUNT(*) AS tp_count FROM `br_approval` WHERE ( atype = 22 ) LIMIT 1   [ RunTime:0.000000s ]
SQL: SELECT * FROM `br_approval` WHERE ( atype = 22 ) ORDER BY adate desc LIMIT 0,30   [ RunTime:0.000000s ]
INFO: [ view_parse ] --START--
NOTIC: [8] Undefined variable: nav1 E:\xampp\htdocs\t\User\Runtime\Cache\User\e5b574611600f340f8971129dc12d3b7.php 第 66 行.
NOTIC: [8] Undefined variable: nav2 E:\xampp\htdocs\t\User\Runtime\Cache\User\e5b574611600f340f8971129dc12d3b7.php 第 69 行.
NOTIC: [8] Undefined variable: nav3 E:\xampp\htdocs\t\User\Runtime\Cache\User\e5b574611600f340f8971129dc12d3b7.php 第 72 行.
NOTIC: [8] Undefined variable: type3_1 E:\xampp\htdocs\t\User\Runtime\Cache\User\e5b574611600f340f8971129dc12d3b7.php 第 187 行.
NOTIC: [8] Undefined variable: type3_3 E:\xampp\htdocs\t\User\Runtime\Cache\User\e5b574611600f340f8971129dc12d3b7.php 第 193 行.
NOTIC: [8] Undefined variable: type3_4 E:\xampp\htdocs\t\User\Runtime\Cache\User\e5b574611600f340f8971129dc12d3b7.php 第 196 行.
NOTIC: [8] Undefined variable: type3_5 E:\xampp\htdocs\t\User\Runtime\Cache\User\e5b574611600f340f8971129dc12d3b7.php 第 199 行.
NOTIC: [8] Undefined variable: type3_6 E:\xampp\htdocs\t\User\Runtime\Cache\User\e5b574611600f340f8971129dc12d3b7.php 第 202 行.
NOTIC: [8] Undefined variable: type3_7 E:\xampp\htdocs\t\User\Runtime\Cache\User\e5b574611600f340f8971129dc12d3b7.php 第 205 行.
NOTIC: [8] Undefined variable: type3_8 E:\xampp\htdocs\t\User\Runtime\Cache\User\e5b574611600f340f8971129dc12d3b7.php 第 208 行.
INFO: ParseTemplate Behavior ::run [ RunTime:0.031200s ]
INFO: [ view_parse ] --END-- [ RunTime:0.031200s ]
INFO: [ view_filter ] --START--
INFO: ContentReplace Behavior ::run [ RunTime:0.000000s ]
INFO: TokenBuild Behavior ::run [ RunTime:0.000000s ]
INFO: WriteHtmlCache Behavior ::run [ RunTime:0.000000s ]
INFO: ShowRuntime Behavior ::run [ RunTime:0.000000s ]
INFO: [ view_filter ] --END-- [ RunTime:0.000000s ]
INFO: [ view_end ] --START--
INFO: ShowPageTrace Behavior ::run [ RunTime:0.000000s ]
INFO: [ view_end ] --END-- [ RunTime:0.000000s ]
NOTIC: [8] Constant THEME_NAME already defined E:\xampp\htdocs\t\ThinkPHP\Lib\Core\View.class.php 第 223 行.
NOTIC: [8] Constant THEME_PATH already defined E:\xampp\htdocs\t\ThinkPHP\Lib\Core\View.class.php 第 174 行.
NOTIC: [8] Constant APP_TMPL_PATH already defined E:\xampp\htdocs\t\ThinkPHP\Lib\Core\View.class.php 第 175 行.
INFO: [ view_parse ] --START--
INFO: ParseTemplate Behavior ::run [ RunTime:0.031201s ]
INFO: [ view_parse ] --END-- [ RunTime:-0.062400s ]
INFO: [ view_filter ] --START--
INFO: ContentReplace Behavior ::run [ RunTime:0.000000s ]
INFO: TokenBuild Behavior ::run [ RunTime:0.000000s ]
INFO: WriteHtmlCache Behavior ::run [ RunTime:0.000000s ]
INFO: ShowRuntime Behavior ::run [ RunTime:0.000000s ]
INFO: [ view_filter ] --END-- [ RunTime:-0.093601s ]
NOTIC: [2] Cannot modify header information - headers already sent by (output started at E:\xampp\htdocs\t\ThinkPHP\Lib\Core\View.class.php:99) E:\xampp\htdocs\t\ThinkPHP\Lib\Core\View.class.php 第 95 行.
NOTIC: [2] Cannot modify header information - headers already sent by (output started at E:\xampp\htdocs\t\ThinkPHP\Lib\Core\View.class.php:99) E:\xampp\htdocs\t\ThinkPHP\Lib\Core\View.class.php 第 96 行.
NOTIC: [2] Cannot modify header information - headers already sent by (output started at E:\xampp\htdocs\t\ThinkPHP\Lib\Core\View.class.php:99) E:\xampp\htdocs\t\ThinkPHP\Lib\Core\View.class.php 第 97 行.
INFO: [ view_end ] --START--
INFO: ShowPageTrace Behavior ::run [ RunTime:0.000000s ]
INFO: [ view_end ] --END-- [ RunTime:-0.093601s ]
NOTIC: [8] Constant THEME_NAME already defined E:\xampp\htdocs\t\ThinkPHP\Lib\Core\View.class.php 第 223 行.
NOTIC: [8] Constant THEME_PATH already defined E:\xampp\htdocs\t\ThinkPHP\Lib\Core\View.class.php 第 174 行.
NOTIC: [8] Constant APP_TMPL_PATH already defined E:\xampp\htdocs\t\ThinkPHP\Lib\Core\View.class.php 第 175 行.
INFO: [ view_parse ] --START--
INFO: ParseTemplate Behavior ::run [ RunTime:0.000000s ]
INFO: [ view_parse ] --END-- [ RunTime:-0.093601s ]
INFO: [ view_filter ] --START--
INFO: ContentReplace Behavior ::run [ RunTime:0.000000s ]
INFO: TokenBuild Behavior ::run [ RunTime:0.000000s ]
INFO: WriteHtmlCache Behavior ::run [ RunTime:0.000000s ]
INFO: ShowRuntime Behavior ::run [ RunTime:0.000000s ]
INFO: [ view_filter ] --END-- [ RunTime:-0.093601s ]
NOTIC: [2] Cannot modify header information - headers already sent by (output started at E:\xampp\htdocs\t\ThinkPHP\Lib\Core\View.class.php:99) E:\xampp\htdocs\t\ThinkPHP\Lib\Core\View.class.php 第 95 行.
NOTIC: [2] Cannot modify header information - headers already sent by (output started at E:\xampp\htdocs\t\ThinkPHP\Lib\Core\View.class.php:99) E:\xampp\htdocs\t\ThinkPHP\Lib\Core\View.class.php 第 96 行.
NOTIC: [2] Cannot modify header information - headers already sent by (output started at E:\xampp\htdocs\t\ThinkPHP\Lib\Core\View.class.php:99) E:\xampp\htdocs\t\ThinkPHP\Lib\Core\View.class.php 第 97 行.
INFO: [ view_end ] --START--
INFO: ShowPageTrace Behavior ::run [ RunTime:0.000000s ]
INFO: [ view_end ] --END-- [ RunTime:-0.093601s ]

[ 2014-03-06T13:25:49+08:00 ] 127.0.0.1 /t/Office/Show/type/3/gp/3.html
INFO: [ route_check ] --START--
INFO: CheckRoute Behavior ::run [ RunTime:0.000000s ]
INFO: [ route_check ] --END-- [ RunTime:0.000000s ]
INFO: [ app_begin ] --START--
INFO: ReadHtmlCache Behavior ::run [ RunTime:0.000000s ]
INFO: [ app_begin ] --END-- [ RunTime:0.000000s ]
NOTIC: [2048] Declaration of OfficeAction::Show() should be compatible with Action::show($content, $charset = '', $contentType = '', $prefix = '') E:\xampp\htdocs\t\User\Lib\Action\User\OfficeAction.class.php 第 199 行.
SQL: SHOW COLUMNS FROM `br_approval` [ RunTime:0.000000s ]
SQL: SELECT COUNT(*) AS tp_count FROM `br_approval` WHERE ( atype = 23 ) LIMIT 1   [ RunTime:0.000000s ]
SQL: SELECT * FROM `br_approval` WHERE ( atype = 23 ) ORDER BY adate desc LIMIT 0,30   [ RunTime:0.000000s ]
INFO: [ view_parse ] --START--
NOTIC: [8] Undefined variable: nav1 E:\xampp\htdocs\t\User\Runtime\Cache\User\e5b574611600f340f8971129dc12d3b7.php 第 66 行.
NOTIC: [8] Undefined variable: nav2 E:\xampp\htdocs\t\User\Runtime\Cache\User\e5b574611600f340f8971129dc12d3b7.php 第 69 行.
NOTIC: [8] Undefined variable: nav3 E:\xampp\htdocs\t\User\Runtime\Cache\User\e5b574611600f340f8971129dc12d3b7.php 第 72 行.
NOTIC: [8] Undefined variable: type3_1 E:\xampp\htdocs\t\User\Runtime\Cache\User\e5b574611600f340f8971129dc12d3b7.php 第 187 行.
NOTIC: [8] Undefined variable: type3_2 E:\xampp\htdocs\t\User\Runtime\Cache\User\e5b574611600f340f8971129dc12d3b7.php 第 190 行.
NOTIC: [8] Undefined variable: type3_4 E:\xampp\htdocs\t\User\Runtime\Cache\User\e5b574611600f340f8971129dc12d3b7.php 第 196 行.
NOTIC: [8] Undefined variable: type3_5 E:\xampp\htdocs\t\User\Runtime\Cache\User\e5b574611600f340f8971129dc12d3b7.php 第 199 行.
NOTIC: [8] Undefined variable: type3_6 E:\xampp\htdocs\t\User\Runtime\Cache\User\e5b574611600f340f8971129dc12d3b7.php 第 202 行.
NOTIC: [8] Undefined variable: type3_7 E:\xampp\htdocs\t\User\Runtime\Cache\User\e5b574611600f340f8971129dc12d3b7.php 第 205 行.
NOTIC: [8] Undefined variable: type3_8 E:\xampp\htdocs\t\User\Runtime\Cache\User\e5b574611600f340f8971129dc12d3b7.php 第 208 行.
INFO: ParseTemplate Behavior ::run [ RunTime:0.031200s ]
INFO: [ view_parse ] --END-- [ RunTime:0.031200s ]
INFO: [ view_filter ] --START--
INFO: ContentReplace Behavior ::run [ RunTime:0.000000s ]
INFO: TokenBuild Behavior ::run [ RunTime:0.000000s ]
INFO: WriteHtmlCache Behavior ::run [ RunTime:0.000000s ]
INFO: ShowRuntime Behavior ::run [ RunTime:0.000000s ]
INFO: [ view_filter ] --END-- [ RunTime:0.000000s ]
INFO: [ view_end ] --START--
INFO: ShowPageTrace Behavior ::run [ RunTime:0.000000s ]
INFO: [ view_end ] --END-- [ RunTime:0.000000s ]
NOTIC: [8] Constant THEME_NAME already defined E:\xampp\htdocs\t\ThinkPHP\Lib\Core\View.class.php 第 223 行.
NOTIC: [8] Constant THEME_PATH already defined E:\xampp\htdocs\t\ThinkPHP\Lib\Core\View.class.php 第 174 行.
NOTIC: [8] Constant APP_TMPL_PATH already defined E:\xampp\htdocs\t\ThinkPHP\Lib\Core\View.class.php 第 175 行.
INFO: [ view_parse ] --START--
INFO: ParseTemplate Behavior ::run [ RunTime:0.015600s ]
INFO: [ view_parse ] --END-- [ RunTime:0.000000s ]
INFO: [ view_filter ] --START--
INFO: ContentReplace Behavior ::run [ RunTime:0.000000s ]
INFO: TokenBuild Behavior ::run [ RunTime:0.000000s ]
INFO: WriteHtmlCache Behavior ::run [ RunTime:0.000000s ]
INFO: ShowRuntime Behavior ::run [ RunTime:0.000000s ]
INFO: [ view_filter ] --END-- [ RunTime:-0.015600s ]
NOTIC: [2] Cannot modify header information - headers already sent by (output started at E:\xampp\htdocs\t\ThinkPHP\Lib\Core\View.class.php:99) E:\xampp\htdocs\t\ThinkPHP\Lib\Core\View.class.php 第 95 行.
NOTIC: [2] Cannot modify header information - headers already sent by (output started at E:\xampp\htdocs\t\ThinkPHP\Lib\Core\View.class.php:99) E:\xampp\htdocs\t\ThinkPHP\Lib\Core\View.class.php 第 96 行.
NOTIC: [2] Cannot modify header information - headers already sent by (output started at E:\xampp\htdocs\t\ThinkPHP\Lib\Core\View.class.php:99) E:\xampp\htdocs\t\ThinkPHP\Lib\Core\View.class.php 第 97 行.
INFO: [ view_end ] --START--
INFO: ShowPageTrace Behavior ::run [ RunTime:0.000000s ]
INFO: [ view_end ] --END-- [ RunTime:-0.015600s ]
NOTIC: [8] Constant THEME_NAME already defined E:\xampp\htdocs\t\ThinkPHP\Lib\Core\View.class.php 第 223 行.
NOTIC: [8] Constant THEME_PATH already defined E:\xampp\htdocs\t\ThinkPHP\Lib\Core\View.class.php 第 174 行.
NOTIC: [8] Constant APP_TMPL_PATH already defined E:\xampp\htdocs\t\ThinkPHP\Lib\Core\View.class.php 第 175 行.
INFO: [ view_parse ] --START--
INFO: ParseTemplate Behavior ::run [ RunTime:0.000000s ]
INFO: [ view_parse ] --END-- [ RunTime:-0.015600s ]
INFO: [ view_filter ] --START--
INFO: ContentReplace Behavior ::run [ RunTime:0.000000s ]
INFO: TokenBuild Behavior ::run [ RunTime:0.000000s ]
INFO: WriteHtmlCache Behavior ::run [ RunTime:0.000000s ]
INFO: ShowRuntime Behavior ::run [ RunTime:0.000000s ]
INFO: [ view_filter ] --END-- [ RunTime:-0.015600s ]
NOTIC: [2] Cannot modify header information - headers already sent by (output started at E:\xampp\htdocs\t\ThinkPHP\Lib\Core\View.class.php:99) E:\xampp\htdocs\t\ThinkPHP\Lib\Core\View.class.php 第 95 行.
NOTIC: [2] Cannot modify header information - headers already sent by (output started at E:\xampp\htdocs\t\ThinkPHP\Lib\Core\View.class.php:99) E:\xampp\htdocs\t\ThinkPHP\Lib\Core\View.class.php 第 96 行.
NOTIC: [2] Cannot modify header information - headers already sent by (output started at E:\xampp\htdocs\t\ThinkPHP\Lib\Core\View.class.php:99) E:\xampp\htdocs\t\ThinkPHP\Lib\Core\View.class.php 第 97 行.
INFO: [ view_end ] --START--
INFO: ShowPageTrace Behavior ::run [ RunTime:0.000000s ]
INFO: [ view_end ] --END-- [ RunTime:-0.015600s ]

[ 2014-03-06T13:25:51+08:00 ] 127.0.0.1 /t/Office/Show/type/1/gp/3.html
INFO: [ route_check ] --START--
INFO: CheckRoute Behavior ::run [ RunTime:0.015600s ]
INFO: [ route_check ] --END-- [ RunTime:0.015600s ]
INFO: [ app_begin ] --START--
INFO: ReadHtmlCache Behavior ::run [ RunTime:0.000000s ]
INFO: [ app_begin ] --END-- [ RunTime:0.000000s ]
NOTIC: [2048] Declaration of OfficeAction::Show() should be compatible with Action::show($content, $charset = '', $contentType = '', $prefix = '') E:\xampp\htdocs\t\User\Lib\Action\User\OfficeAction.class.php 第 199 行.
SQL: SHOW COLUMNS FROM `br_approval` [ RunTime:0.000000s ]
SQL: SELECT COUNT(*) AS tp_count FROM `br_approval` WHERE ( atype = 21 ) LIMIT 1   [ RunTime:0.000000s ]
SQL: SELECT * FROM `br_approval` WHERE ( atype = 21 ) ORDER BY adate desc LIMIT 0,30   [ RunTime:0.000000s ]
INFO: [ view_parse ] --START--
NOTIC: [8] Undefined variable: nav1 E:\xampp\htdocs\t\User\Runtime\Cache\User\e5b574611600f340f8971129dc12d3b7.php 第 66 行.
NOTIC: [8] Undefined variable: nav2 E:\xampp\htdocs\t\User\Runtime\Cache\User\e5b574611600f340f8971129dc12d3b7.php 第 69 行.
NOTIC: [8] Undefined variable: nav3 E:\xampp\htdocs\t\User\Runtime\Cache\User\e5b574611600f340f8971129dc12d3b7.php 第 72 行.
NOTIC: [8] Undefined variable: type3_2 E:\xampp\htdocs\t\User\Runtime\Cache\User\e5b574611600f340f8971129dc12d3b7.php 第 190 行.
NOTIC: [8] Undefined variable: type3_3 E:\xampp\htdocs\t\User\Runtime\Cache\User\e5b574611600f340f8971129dc12d3b7.php 第 193 行.
NOTIC: [8] Undefined variable: type3_4 E:\xampp\htdocs\t\User\Runtime\Cache\User\e5b574611600f340f8971129dc12d3b7.php 第 196 行.
NOTIC: [8] Undefined variable: type3_5 E:\xampp\htdocs\t\User\Runtime\Cache\User\e5b574611600f340f8971129dc12d3b7.php 第 199 行.
NOTIC: [8] Undefined variable: type3_6 E:\xampp\htdocs\t\User\Runtime\Cache\User\e5b574611600f340f8971129dc12d3b7.php 第 202 行.
NOTIC: [8] Undefined variable: type3_7 E:\xampp\htdocs\t\User\Runtime\Cache\User\e5b574611600f340f8971129dc12d3b7.php 第 205 行.
NOTIC: [8] Undefined variable: type3_8 E:\xampp\htdocs\t\User\Runtime\Cache\User\e5b574611600f340f8971129dc12d3b7.php 第 208 行.
INFO: ParseTemplate Behavior ::run [ RunTime:0.015600s ]
INFO: [ view_parse ] --END-- [ RunTime:0.015600s ]
INFO: [ view_filter ] --START--
INFO: ContentReplace Behavior ::run [ RunTime:0.000000s ]
INFO: TokenBuild Behavior ::run [ RunTime:0.000000s ]
INFO: WriteHtmlCache Behavior ::run [ RunTime:0.000000s ]
INFO: ShowRuntime Behavior ::run [ RunTime:0.000000s ]
INFO: [ view_filter ] --END-- [ RunTime:0.015600s ]
INFO: [ view_end ] --START--
INFO: ShowPageTrace Behavior ::run [ RunTime:0.000000s ]
INFO: [ view_end ] --END-- [ RunTime:0.000000s ]
NOTIC: [8] Constant THEME_NAME already defined E:\xampp\htdocs\t\ThinkPHP\Lib\Core\View.class.php 第 223 行.
NOTIC: [8] Constant THEME_PATH already defined E:\xampp\htdocs\t\ThinkPHP\Lib\Core\View.class.php 第 174 行.
NOTIC: [8] Constant APP_TMPL_PATH already defined E:\xampp\htdocs\t\ThinkPHP\Lib\Core\View.class.php 第 175 行.
INFO: [ view_parse ] --START--
INFO: ParseTemplate Behavior ::run [ RunTime:0.000000s ]
INFO: [ view_parse ] --END-- [ RunTime:-0.015600s ]
INFO: [ view_filter ] --START--
INFO: ContentReplace Behavior ::run [ RunTime:0.000000s ]
INFO: TokenBuild Behavior ::run [ RunTime:0.000000s ]
INFO: WriteHtmlCache Behavior ::run [ RunTime:0.000000s ]
INFO: ShowRuntime Behavior ::run [ RunTime:0.000000s ]
INFO: [ view_filter ] --END-- [ RunTime:0.000000s ]
NOTIC: [2] Cannot modify header information - headers already sent by (output started at E:\xampp\htdocs\t\ThinkPHP\Lib\Core\View.class.php:99) E:\xampp\htdocs\t\ThinkPHP\Lib\Core\View.class.php 第 95 行.
NOTIC: [2] Cannot modify header information - headers already sent by (output started at E:\xampp\htdocs\t\ThinkPHP\Lib\Core\View.class.php:99) E:\xampp\htdocs\t\ThinkPHP\Lib\Core\View.class.php 第 96 行.
NOTIC: [2] Cannot modify header information - headers already sent by (output started at E:\xampp\htdocs\t\ThinkPHP\Lib\Core\View.class.php:99) E:\xampp\htdocs\t\ThinkPHP\Lib\Core\View.class.php 第 97 行.
INFO: [ view_end ] --START--
INFO: ShowPageTrace Behavior ::run [ RunTime:0.000000s ]
INFO: [ view_end ] --END-- [ RunTime:0.000000s ]
NOTIC: [8] Constant THEME_NAME already defined E:\xampp\htdocs\t\ThinkPHP\Lib\Core\View.class.php 第 223 行.
NOTIC: [8] Constant THEME_PATH already defined E:\xampp\htdocs\t\ThinkPHP\Lib\Core\View.class.php 第 174 行.
NOTIC: [8] Constant APP_TMPL_PATH already defined E:\xampp\htdocs\t\ThinkPHP\Lib\Core\View.class.php 第 175 行.
INFO: [ view_parse ] --START--
INFO: ParseTemplate Behavior ::run [ RunTime:0.015600s ]
INFO: [ view_parse ] --END-- [ RunTime:-0.015600s ]
INFO: [ view_filter ] --START--
INFO: ContentReplace Behavior ::run [ RunTime:0.000000s ]
INFO: TokenBuild Behavior ::run [ RunTime:0.000000s ]
INFO: WriteHtmlCache Behavior ::run [ RunTime:0.000000s ]
INFO: ShowRuntime Behavior ::run [ RunTime:0.000000s ]
INFO: [ view_filter ] --END-- [ RunTime:-0.015600s ]
NOTIC: [2] Cannot modify header information - headers already sent by (output started at E:\xampp\htdocs\t\ThinkPHP\Lib\Core\View.class.php:99) E:\xampp\htdocs\t\ThinkPHP\Lib\Core\View.class.php 第 95 行.
NOTIC: [2] Cannot modify header information - headers already sent by (output started at E:\xampp\htdocs\t\ThinkPHP\Lib\Core\View.class.php:99) E:\xampp\htdocs\t\ThinkPHP\Lib\Core\View.class.php 第 96 行.
NOTIC: [2] Cannot modify header information - headers already sent by (output started at E:\xampp\htdocs\t\ThinkPHP\Lib\Core\View.class.php:99) E:\xampp\htdocs\t\ThinkPHP\Lib\Core\View.class.php 第 97 行.
INFO: [ view_end ] --START--
INFO: ShowPageTrace Behavior ::run [ RunTime:0.000000s ]
INFO: [ view_end ] --END-- [ RunTime:-0.015600s ]

