[ 2014-04-01T00:20:14+08:00 ] 127.0.0.1 /t/
INFO: [ app_begin ] --START--
INFO: ReadHtmlCache Behavior ::run [ RunTime:0.051003s ]
INFO: [ app_begin ] --END-- [ RunTime:0.177010s ]
INFO: [ view_parse ] --START--
NOTIC: [8] Undefined variable: nav2 E:\xampp\htdocs\t\User\Runtime\Cache\User\31f71441c69b45e90211c42e2a90e094.php 第 70 行.
NOTIC: [8] Undefined variable: nav3 E:\xampp\htdocs\t\User\Runtime\Cache\User\31f71441c69b45e90211c42e2a90e094.php 第 73 行.
NOTIC: [8] Undefined variable: nav4 E:\xampp\htdocs\t\User\Runtime\Cache\User\31f71441c69b45e90211c42e2a90e094.php 第 76 行.
NOTIC: [8] Undefined index: user_name E:\xampp\htdocs\t\User\Runtime\Cache\User\31f71441c69b45e90211c42e2a90e094.php 第 81 行.
INFO: ParseTemplate Behavior ::run [ RunTime:0.131008s ]
INFO: [ view_parse ] --END-- [ RunTime:0.131008s ]
INFO: [ view_filter ] --START--
INFO: ContentReplace Behavior ::run [ RunTime:0.022001s ]
INFO: TokenBuild Behavior ::run [ RunTime:0.005000s ]
INFO: WriteHtmlCache Behavior ::run [ RunTime:0.004001s ]
INFO: ShowRuntime Behavior ::run [ RunTime:0.004000s ]
INFO: [ view_filter ] --END-- [ RunTime:0.035002s ]
INFO: [ view_end ] --START--
INFO: ShowPageTrace Behavior ::run [ RunTime:0.012001s ]
INFO: [ view_end ] --END-- [ RunTime:0.012001s ]

[ 2014-04-01T00:20:23+08:00 ] 127.0.0.1 /t/Vote/Show/1
INFO: [ route_check ] --START--
INFO: CheckRoute Behavior ::run [ RunTime:0.018001s ]
INFO: [ route_check ] --END-- [ RunTime:0.018001s ]
INFO: [ app_begin ] --START--
INFO: ReadHtmlCache Behavior ::run [ RunTime:0.001000s ]
INFO: [ app_begin ] --END-- [ RunTime:0.001000s ]
NOTIC: [2048] Declaration of VoteAction::Show() should be compatible with Action::show($content, $charset = '', $contentType = '', $prefix = '') E:\xampp\htdocs\t\User\Lib\Action\User\VoteAction.class.php 第 123 行.
ERR: 参数错误或者未定义:type

[ 2014-04-01T00:20:32+08:00 ] 127.0.0.1 /t/Vote/Show/type/1
INFO: [ route_check ] --START--
INFO: CheckRoute Behavior ::run [ RunTime:0.003001s ]
INFO: [ route_check ] --END-- [ RunTime:0.003001s ]
INFO: [ app_begin ] --START--
INFO: ReadHtmlCache Behavior ::run [ RunTime:0.001000s ]
INFO: [ app_begin ] --END-- [ RunTime:0.001000s ]
NOTIC: [2048] Declaration of VoteAction::Show() should be compatible with Action::show($content, $charset = '', $contentType = '', $prefix = '') E:\xampp\htdocs\t\User\Lib\Action\User\VoteAction.class.php 第 123 行.
SQL: SHOW COLUMNS FROM `br_community` [ RunTime:0.083005s ]
SQL: SELECT * FROM `br_community`  [ RunTime:0.004000s ]
INFO: [ view_parse ] --START--
NOTIC: [8] Undefined variable: nav1 E:\xampp\htdocs\t\User\Runtime\Cache\User\6ce2d41e34d33ee4ed5b9dbfcef1fd23.php 第 67 行.
NOTIC: [8] Undefined variable: nav2 E:\xampp\htdocs\t\User\Runtime\Cache\User\6ce2d41e34d33ee4ed5b9dbfcef1fd23.php 第 70 行.
NOTIC: [8] Undefined variable: nav3 E:\xampp\htdocs\t\User\Runtime\Cache\User\6ce2d41e34d33ee4ed5b9dbfcef1fd23.php 第 73 行.
NOTIC: [8] Undefined variable: nav4 E:\xampp\htdocs\t\User\Runtime\Cache\User\6ce2d41e34d33ee4ed5b9dbfcef1fd23.php 第 76 行.
NOTIC: [8] Undefined index: user_name E:\xampp\htdocs\t\User\Runtime\Cache\User\6ce2d41e34d33ee4ed5b9dbfcef1fd23.php 第 81 行.
INFO: ParseTemplate Behavior ::run [ RunTime:0.023001s ]
INFO: [ view_parse ] --END-- [ RunTime:0.023001s ]
INFO: [ view_filter ] --START--
INFO: ContentReplace Behavior ::run [ RunTime:0.001001s ]
INFO: TokenBuild Behavior ::run [ RunTime:0.001000s ]
INFO: WriteHtmlCache Behavior ::run [ RunTime:0.001000s ]
INFO: ShowRuntime Behavior ::run [ RunTime:0.001000s ]
INFO: [ view_filter ] --END-- [ RunTime:0.004001s ]
INFO: [ view_end ] --START--
INFO: ShowPageTrace Behavior ::run [ RunTime:0.001000s ]
INFO: [ view_end ] --END-- [ RunTime:0.001000s ]

[ 2014-04-01T00:22:02+08:00 ] 127.0.0.1 /t/Vote/Show/type/1
INFO: [ route_check ] --START--
INFO: CheckRoute Behavior ::run [ RunTime:0.002000s ]
INFO: [ route_check ] --END-- [ RunTime:0.002000s ]
INFO: [ app_begin ] --START--
INFO: ReadHtmlCache Behavior ::run [ RunTime:0.002000s ]
INFO: [ app_begin ] --END-- [ RunTime:0.002000s ]
NOTIC: [2048] Declaration of VoteAction::Show() should be compatible with Action::show($content, $charset = '', $contentType = '', $prefix = '') E:\xampp\htdocs\t\User\Lib\Action\User\VoteAction.class.php 第 123 行.
SQL: SHOW COLUMNS FROM `br_community` [ RunTime:0.011001s ]
SQL: SELECT * FROM `br_community`  [ RunTime:0.003000s ]
INFO: [ view_parse ] --START--
NOTIC: [8] Undefined variable: nav1 E:\xampp\htdocs\t\User\Runtime\Cache\User\6ce2d41e34d33ee4ed5b9dbfcef1fd23.php 第 67 行.
NOTIC: [8] Undefined variable: nav2 E:\xampp\htdocs\t\User\Runtime\Cache\User\6ce2d41e34d33ee4ed5b9dbfcef1fd23.php 第 70 行.
NOTIC: [8] Undefined variable: nav3 E:\xampp\htdocs\t\User\Runtime\Cache\User\6ce2d41e34d33ee4ed5b9dbfcef1fd23.php 第 73 行.
NOTIC: [8] Undefined variable: nav4 E:\xampp\htdocs\t\User\Runtime\Cache\User\6ce2d41e34d33ee4ed5b9dbfcef1fd23.php 第 76 行.
NOTIC: [8] Undefined index: user_name E:\xampp\htdocs\t\User\Runtime\Cache\User\6ce2d41e34d33ee4ed5b9dbfcef1fd23.php 第 81 行.
INFO: ParseTemplate Behavior ::run [ RunTime:0.025002s ]
INFO: [ view_parse ] --END-- [ RunTime:0.025002s ]
INFO: [ view_filter ] --START--
INFO: ContentReplace Behavior ::run [ RunTime:0.001000s ]
INFO: TokenBuild Behavior ::run [ RunTime:0.002000s ]
INFO: WriteHtmlCache Behavior ::run [ RunTime:0.001000s ]
INFO: ShowRuntime Behavior ::run [ RunTime:0.001000s ]
INFO: [ view_filter ] --END-- [ RunTime:0.005000s ]
INFO: [ view_end ] --START--
INFO: ShowPageTrace Behavior ::run [ RunTime:0.001000s ]
INFO: [ view_end ] --END-- [ RunTime:0.001000s ]

[ 2014-04-01T00:22:05+08:00 ] 127.0.0.1 /t/Vote/Show/type/123123
INFO: [ route_check ] --START--
INFO: CheckRoute Behavior ::run [ RunTime:0.002000s ]
INFO: [ route_check ] --END-- [ RunTime:0.002000s ]
INFO: [ app_begin ] --START--
INFO: ReadHtmlCache Behavior ::run [ RunTime:0.001000s ]
INFO: [ app_begin ] --END-- [ RunTime:0.002000s ]
NOTIC: [2048] Declaration of VoteAction::Show() should be compatible with Action::show($content, $charset = '', $contentType = '', $prefix = '') E:\xampp\htdocs\t\User\Lib\Action\User\VoteAction.class.php 第 123 行.

[ 2014-04-01T00:26:36+08:00 ] 127.0.0.1 /t/Vote/Show/type/1
INFO: [ route_check ] --START--
INFO: CheckRoute Behavior ::run [ RunTime:0.002000s ]
INFO: [ route_check ] --END-- [ RunTime:0.002000s ]
INFO: [ app_begin ] --START--
INFO: ReadHtmlCache Behavior ::run [ RunTime:0.001000s ]
INFO: [ app_begin ] --END-- [ RunTime:0.001000s ]
NOTIC: [2048] Declaration of VoteAction::Show() should be compatible with Action::show($content, $charset = '', $contentType = '', $prefix = '') E:\xampp\htdocs\t\User\Lib\Action\User\VoteAction.class.php 第 123 行.
SQL: SHOW COLUMNS FROM `br_community` [ RunTime:0.009000s ]
SQL: SELECT * FROM `br_community`  [ RunTime:0.003001s ]
INFO: [ view_parse ] --START--
NOTIC: [8] Undefined variable: nav1 E:\xampp\htdocs\t\User\Runtime\Cache\User\6ce2d41e34d33ee4ed5b9dbfcef1fd23.php 第 67 行.
NOTIC: [8] Undefined variable: nav2 E:\xampp\htdocs\t\User\Runtime\Cache\User\6ce2d41e34d33ee4ed5b9dbfcef1fd23.php 第 70 行.
NOTIC: [8] Undefined variable: nav3 E:\xampp\htdocs\t\User\Runtime\Cache\User\6ce2d41e34d33ee4ed5b9dbfcef1fd23.php 第 73 行.
NOTIC: [8] Undefined variable: nav4 E:\xampp\htdocs\t\User\Runtime\Cache\User\6ce2d41e34d33ee4ed5b9dbfcef1fd23.php 第 76 行.
NOTIC: [8] Undefined index: user_name E:\xampp\htdocs\t\User\Runtime\Cache\User\6ce2d41e34d33ee4ed5b9dbfcef1fd23.php 第 81 行.
INFO: ParseTemplate Behavior ::run [ RunTime:0.020001s ]
INFO: [ view_parse ] --END-- [ RunTime:0.020001s ]
INFO: [ view_filter ] --START--
INFO: ContentReplace Behavior ::run [ RunTime:0.002000s ]
INFO: TokenBuild Behavior ::run [ RunTime:0.001000s ]
INFO: WriteHtmlCache Behavior ::run [ RunTime:0.001000s ]
INFO: ShowRuntime Behavior ::run [ RunTime:0.002000s ]
INFO: [ view_filter ] --END-- [ RunTime:0.006000s ]
INFO: [ view_end ] --START--
INFO: ShowPageTrace Behavior ::run [ RunTime:0.001000s ]
INFO: [ view_end ] --END-- [ RunTime:0.001000s ]

[ 2014-04-01T00:27:00+08:00 ] 127.0.0.1 /t/Vote/Show/type/1
INFO: [ route_check ] --START--
INFO: CheckRoute Behavior ::run [ RunTime:0.002000s ]
INFO: [ route_check ] --END-- [ RunTime:0.002000s ]
INFO: [ app_begin ] --START--
INFO: ReadHtmlCache Behavior ::run [ RunTime:0.001000s ]
INFO: [ app_begin ] --END-- [ RunTime:0.001000s ]
NOTIC: [2048] Declaration of VoteAction::Show() should be compatible with Action::show($content, $charset = '', $contentType = '', $prefix = '') E:\xampp\htdocs\t\User\Lib\Action\User\VoteAction.class.php 第 123 行.
SQL: SHOW COLUMNS FROM `br_community` [ RunTime:0.008000s ]
SQL: SELECT * FROM `br_community`  [ RunTime:0.002001s ]
INFO: [ view_parse ] --START--
NOTIC: [8] Undefined variable: nav1 E:\xampp\htdocs\t\User\Runtime\Cache\User\6ce2d41e34d33ee4ed5b9dbfcef1fd23.php 第 67 行.
NOTIC: [8] Undefined variable: nav2 E:\xampp\htdocs\t\User\Runtime\Cache\User\6ce2d41e34d33ee4ed5b9dbfcef1fd23.php 第 70 行.
NOTIC: [8] Undefined variable: nav3 E:\xampp\htdocs\t\User\Runtime\Cache\User\6ce2d41e34d33ee4ed5b9dbfcef1fd23.php 第 73 行.
NOTIC: [8] Undefined variable: nav4 E:\xampp\htdocs\t\User\Runtime\Cache\User\6ce2d41e34d33ee4ed5b9dbfcef1fd23.php 第 76 行.
NOTIC: [8] Undefined index: user_name E:\xampp\htdocs\t\User\Runtime\Cache\User\6ce2d41e34d33ee4ed5b9dbfcef1fd23.php 第 81 行.
INFO: ParseTemplate Behavior ::run [ RunTime:0.019001s ]
INFO: [ view_parse ] --END-- [ RunTime:0.020001s ]
INFO: [ view_filter ] --START--
INFO: ContentReplace Behavior ::run [ RunTime:0.001000s ]
INFO: TokenBuild Behavior ::run [ RunTime:0.000000s ]
INFO: WriteHtmlCache Behavior ::run [ RunTime:0.001000s ]
INFO: ShowRuntime Behavior ::run [ RunTime:0.001000s ]
INFO: [ view_filter ] --END-- [ RunTime:0.003000s ]
INFO: [ view_end ] --START--
INFO: ShowPageTrace Behavior ::run [ RunTime:0.001000s ]
INFO: [ view_end ] --END-- [ RunTime:0.002000s ]

[ 2014-04-01T00:27:57+08:00 ] 127.0.0.1 /t/Vote/Show/type/1
INFO: [ route_check ] --START--
INFO: CheckRoute Behavior ::run [ RunTime:0.001000s ]
INFO: [ route_check ] --END-- [ RunTime:0.001000s ]
INFO: [ app_begin ] --START--
INFO: ReadHtmlCache Behavior ::run [ RunTime:0.001000s ]
INFO: [ app_begin ] --END-- [ RunTime:0.001000s ]
NOTIC: [2048] Declaration of VoteAction::Show() should be compatible with Action::show($content, $charset = '', $contentType = '', $prefix = '') E:\xampp\htdocs\t\User\Lib\Action\User\VoteAction.class.php 第 123 行.
SQL: SHOW COLUMNS FROM `br_community` [ RunTime:0.008001s ]
SQL: SELECT * FROM `br_community`  [ RunTime:0.003000s ]
INFO: [ view_parse ] --START--
NOTIC: [8] Undefined variable: nav1 E:\xampp\htdocs\t\User\Runtime\Cache\User\6ce2d41e34d33ee4ed5b9dbfcef1fd23.php 第 67 行.
NOTIC: [8] Undefined variable: nav2 E:\xampp\htdocs\t\User\Runtime\Cache\User\6ce2d41e34d33ee4ed5b9dbfcef1fd23.php 第 70 行.
NOTIC: [8] Undefined variable: nav3 E:\xampp\htdocs\t\User\Runtime\Cache\User\6ce2d41e34d33ee4ed5b9dbfcef1fd23.php 第 73 行.
NOTIC: [8] Undefined variable: nav4 E:\xampp\htdocs\t\User\Runtime\Cache\User\6ce2d41e34d33ee4ed5b9dbfcef1fd23.php 第 76 行.
NOTIC: [8] Undefined index: user_name E:\xampp\htdocs\t\User\Runtime\Cache\User\6ce2d41e34d33ee4ed5b9dbfcef1fd23.php 第 81 行.
INFO: ParseTemplate Behavior ::run [ RunTime:0.021001s ]
INFO: [ view_parse ] --END-- [ RunTime:0.021001s ]
INFO: [ view_filter ] --START--
INFO: ContentReplace Behavior ::run [ RunTime:0.002000s ]
INFO: TokenBuild Behavior ::run [ RunTime:0.000000s ]
INFO: WriteHtmlCache Behavior ::run [ RunTime:0.001000s ]
INFO: ShowRuntime Behavior ::run [ RunTime:0.001001s ]
INFO: [ view_filter ] --END-- [ RunTime:0.004001s ]
INFO: [ view_end ] --START--
INFO: ShowPageTrace Behavior ::run [ RunTime:0.002000s ]
INFO: [ view_end ] --END-- [ RunTime:0.002000s ]

[ 2014-04-01T00:29:12+08:00 ] 127.0.0.1 /t/Vote/Show/type/1
INFO: [ route_check ] --START--
INFO: CheckRoute Behavior ::run [ RunTime:0.002000s ]
INFO: [ route_check ] --END-- [ RunTime:0.002000s ]
INFO: [ app_begin ] --START--
INFO: ReadHtmlCache Behavior ::run [ RunTime:0.001000s ]
INFO: [ app_begin ] --END-- [ RunTime:0.002000s ]
NOTIC: [2048] Declaration of VoteAction::Show() should be compatible with Action::show($content, $charset = '', $contentType = '', $prefix = '') E:\xampp\htdocs\t\User\Lib\Action\User\VoteAction.class.php 第 123 行.
SQL: SHOW COLUMNS FROM `br_community` [ RunTime:0.009000s ]
SQL: SELECT * FROM `br_community`  [ RunTime:0.002000s ]
INFO: [ view_parse ] --START--
NOTIC: [8] Undefined variable: nav1 E:\xampp\htdocs\t\User\Runtime\Cache\User\6ce2d41e34d33ee4ed5b9dbfcef1fd23.php 第 67 行.
NOTIC: [8] Undefined variable: nav2 E:\xampp\htdocs\t\User\Runtime\Cache\User\6ce2d41e34d33ee4ed5b9dbfcef1fd23.php 第 70 行.
NOTIC: [8] Undefined variable: nav3 E:\xampp\htdocs\t\User\Runtime\Cache\User\6ce2d41e34d33ee4ed5b9dbfcef1fd23.php 第 73 行.
NOTIC: [8] Undefined variable: nav4 E:\xampp\htdocs\t\User\Runtime\Cache\User\6ce2d41e34d33ee4ed5b9dbfcef1fd23.php 第 76 行.
NOTIC: [8] Undefined index: user_name E:\xampp\htdocs\t\User\Runtime\Cache\User\6ce2d41e34d33ee4ed5b9dbfcef1fd23.php 第 81 行.
INFO: ParseTemplate Behavior ::run [ RunTime:0.021001s ]
INFO: [ view_parse ] --END-- [ RunTime:0.021001s ]
INFO: [ view_filter ] --START--
INFO: ContentReplace Behavior ::run [ RunTime:0.002000s ]
INFO: TokenBuild Behavior ::run [ RunTime:0.000000s ]
INFO: WriteHtmlCache Behavior ::run [ RunTime:0.001000s ]
INFO: ShowRuntime Behavior ::run [ RunTime:0.001000s ]
INFO: [ view_filter ] --END-- [ RunTime:0.004000s ]
INFO: [ view_end ] --START--
INFO: ShowPageTrace Behavior ::run [ RunTime:0.002000s ]
INFO: [ view_end ] --END-- [ RunTime:0.002000s ]

[ 2014-04-01T00:30:04+08:00 ] 127.0.0.1 /t/Vote/Show/type/1
INFO: [ route_check ] --START--
INFO: CheckRoute Behavior ::run [ RunTime:0.002001s ]
INFO: [ route_check ] --END-- [ RunTime:0.002001s ]
INFO: [ app_begin ] --START--
INFO: ReadHtmlCache Behavior ::run [ RunTime:0.001000s ]
INFO: [ app_begin ] --END-- [ RunTime:0.001000s ]
NOTIC: [2048] Declaration of VoteAction::Show() should be compatible with Action::show($content, $charset = '', $contentType = '', $prefix = '') E:\xampp\htdocs\t\User\Lib\Action\User\VoteAction.class.php 第 123 行.
SQL: SHOW COLUMNS FROM `br_community` [ RunTime:0.008001s ]
SQL: SELECT * FROM `br_community`  [ RunTime:0.002000s ]
INFO: [ view_parse ] --START--
NOTIC: [8] Undefined variable: nav1 E:\xampp\htdocs\t\User\Runtime\Cache\User\6ce2d41e34d33ee4ed5b9dbfcef1fd23.php 第 67 行.
NOTIC: [8] Undefined variable: nav2 E:\xampp\htdocs\t\User\Runtime\Cache\User\6ce2d41e34d33ee4ed5b9dbfcef1fd23.php 第 70 行.
NOTIC: [8] Undefined variable: nav3 E:\xampp\htdocs\t\User\Runtime\Cache\User\6ce2d41e34d33ee4ed5b9dbfcef1fd23.php 第 73 行.
NOTIC: [8] Undefined variable: nav4 E:\xampp\htdocs\t\User\Runtime\Cache\User\6ce2d41e34d33ee4ed5b9dbfcef1fd23.php 第 76 行.
NOTIC: [8] Undefined index: user_name E:\xampp\htdocs\t\User\Runtime\Cache\User\6ce2d41e34d33ee4ed5b9dbfcef1fd23.php 第 81 行.
INFO: ParseTemplate Behavior ::run [ RunTime:0.022001s ]
INFO: [ view_parse ] --END-- [ RunTime:0.022001s ]
INFO: [ view_filter ] --START--
INFO: ContentReplace Behavior ::run [ RunTime:0.001000s ]
INFO: TokenBuild Behavior ::run [ RunTime:0.001000s ]
INFO: WriteHtmlCache Behavior ::run [ RunTime:0.000000s ]
INFO: ShowRuntime Behavior ::run [ RunTime:0.000000s ]
INFO: [ view_filter ] --END-- [ RunTime:0.003000s ]
INFO: [ view_end ] --START--
INFO: ShowPageTrace Behavior ::run [ RunTime:0.002000s ]
INFO: [ view_end ] --END-- [ RunTime:0.002000s ]

[ 2014-04-01T00:30:11+08:00 ] 127.0.0.1 /t/Vote/Show/type/1
INFO: [ route_check ] --START--
INFO: CheckRoute Behavior ::run [ RunTime:0.002001s ]
INFO: [ route_check ] --END-- [ RunTime:0.002001s ]
INFO: [ app_begin ] --START--
INFO: ReadHtmlCache Behavior ::run [ RunTime:0.001000s ]
INFO: [ app_begin ] --END-- [ RunTime:0.001000s ]
NOTIC: [2048] Declaration of VoteAction::Show() should be compatible with Action::show($content, $charset = '', $contentType = '', $prefix = '') E:\xampp\htdocs\t\User\Lib\Action\User\VoteAction.class.php 第 123 行.
SQL: SHOW COLUMNS FROM `br_community` [ RunTime:0.008001s ]
SQL: SELECT * FROM `br_community`  [ RunTime:0.002000s ]
INFO: [ view_parse ] --START--
NOTIC: [8] Undefined variable: nav1 E:\xampp\htdocs\t\User\Runtime\Cache\User\6ce2d41e34d33ee4ed5b9dbfcef1fd23.php 第 67 行.
NOTIC: [8] Undefined variable: nav2 E:\xampp\htdocs\t\User\Runtime\Cache\User\6ce2d41e34d33ee4ed5b9dbfcef1fd23.php 第 70 行.
NOTIC: [8] Undefined variable: nav3 E:\xampp\htdocs\t\User\Runtime\Cache\User\6ce2d41e34d33ee4ed5b9dbfcef1fd23.php 第 73 行.
NOTIC: [8] Undefined variable: nav4 E:\xampp\htdocs\t\User\Runtime\Cache\User\6ce2d41e34d33ee4ed5b9dbfcef1fd23.php 第 76 行.
NOTIC: [8] Undefined index: user_name E:\xampp\htdocs\t\User\Runtime\Cache\User\6ce2d41e34d33ee4ed5b9dbfcef1fd23.php 第 81 行.
INFO: ParseTemplate Behavior ::run [ RunTime:0.021001s ]
INFO: [ view_parse ] --END-- [ RunTime:0.021001s ]
INFO: [ view_filter ] --START--
INFO: ContentReplace Behavior ::run [ RunTime:0.001000s ]
INFO: TokenBuild Behavior ::run [ RunTime:0.001000s ]
INFO: WriteHtmlCache Behavior ::run [ RunTime:0.001000s ]
INFO: ShowRuntime Behavior ::run [ RunTime:0.001000s ]
INFO: [ view_filter ] --END-- [ RunTime:0.004000s ]
INFO: [ view_end ] --START--
INFO: ShowPageTrace Behavior ::run [ RunTime:0.001000s ]
INFO: [ view_end ] --END-- [ RunTime:0.001000s ]

[ 2014-04-01T00:31:15+08:00 ] 127.0.0.1 /t/Vote/Show/type/1
INFO: [ route_check ] --START--
INFO: CheckRoute Behavior ::run [ RunTime:0.001000s ]
INFO: [ route_check ] --END-- [ RunTime:0.001000s ]
INFO: [ app_begin ] --START--
INFO: ReadHtmlCache Behavior ::run [ RunTime:0.001000s ]
INFO: [ app_begin ] --END-- [ RunTime:0.001000s ]
NOTIC: [2048] Declaration of VoteAction::Show() should be compatible with Action::show($content, $charset = '', $contentType = '', $prefix = '') E:\xampp\htdocs\t\User\Lib\Action\User\VoteAction.class.php 第 123 行.
SQL: SHOW COLUMNS FROM `br_community` [ RunTime:0.008000s ]
SQL: SELECT * FROM `br_community` ORDER BY cpoint desc  [ RunTime:0.087005s ]
INFO: [ view_parse ] --START--
NOTIC: [8] Undefined variable: nav1 E:\xampp\htdocs\t\User\Runtime\Cache\User\6ce2d41e34d33ee4ed5b9dbfcef1fd23.php 第 67 行.
NOTIC: [8] Undefined variable: nav2 E:\xampp\htdocs\t\User\Runtime\Cache\User\6ce2d41e34d33ee4ed5b9dbfcef1fd23.php 第 70 行.
NOTIC: [8] Undefined variable: nav3 E:\xampp\htdocs\t\User\Runtime\Cache\User\6ce2d41e34d33ee4ed5b9dbfcef1fd23.php 第 73 行.
NOTIC: [8] Undefined variable: nav4 E:\xampp\htdocs\t\User\Runtime\Cache\User\6ce2d41e34d33ee4ed5b9dbfcef1fd23.php 第 76 行.
NOTIC: [8] Undefined index: user_name E:\xampp\htdocs\t\User\Runtime\Cache\User\6ce2d41e34d33ee4ed5b9dbfcef1fd23.php 第 81 行.
INFO: ParseTemplate Behavior ::run [ RunTime:0.020001s ]
INFO: [ view_parse ] --END-- [ RunTime:0.020001s ]
INFO: [ view_filter ] --START--
INFO: ContentReplace Behavior ::run [ RunTime:0.001000s ]
INFO: TokenBuild Behavior ::run [ RunTime:0.001000s ]
INFO: WriteHtmlCache Behavior ::run [ RunTime:0.000000s ]
INFO: ShowRuntime Behavior ::run [ RunTime:0.001000s ]
INFO: [ view_filter ] --END-- [ RunTime:0.003000s ]
INFO: [ view_end ] --START--
INFO: ShowPageTrace Behavior ::run [ RunTime:0.001000s ]
INFO: [ view_end ] --END-- [ RunTime:0.001000s ]

[ 2014-04-01T00:32:08+08:00 ] 127.0.0.1 /t/Vote/Show/type/1
INFO: [ route_check ] --START--
INFO: CheckRoute Behavior ::run [ RunTime:0.002001s ]
INFO: [ route_check ] --END-- [ RunTime:0.002001s ]
INFO: [ app_begin ] --START--
INFO: ReadHtmlCache Behavior ::run [ RunTime:0.001000s ]
INFO: [ app_begin ] --END-- [ RunTime:0.002000s ]
NOTIC: [2048] Declaration of VoteAction::Show() should be compatible with Action::show($content, $charset = '', $contentType = '', $prefix = '') E:\xampp\htdocs\t\User\Lib\Action\User\VoteAction.class.php 第 123 行.
SQL: SHOW COLUMNS FROM `br_community` [ RunTime:0.008000s ]
SQL: SELECT * FROM `br_community` ORDER BY cpoint desc  [ RunTime:0.003000s ]
INFO: [ view_parse ] --START--
NOTIC: [8] Undefined variable: nav1 E:\xampp\htdocs\t\User\Runtime\Cache\User\6ce2d41e34d33ee4ed5b9dbfcef1fd23.php 第 67 行.
NOTIC: [8] Undefined variable: nav2 E:\xampp\htdocs\t\User\Runtime\Cache\User\6ce2d41e34d33ee4ed5b9dbfcef1fd23.php 第 70 行.
NOTIC: [8] Undefined variable: nav3 E:\xampp\htdocs\t\User\Runtime\Cache\User\6ce2d41e34d33ee4ed5b9dbfcef1fd23.php 第 73 行.
NOTIC: [8] Undefined variable: nav4 E:\xampp\htdocs\t\User\Runtime\Cache\User\6ce2d41e34d33ee4ed5b9dbfcef1fd23.php 第 76 行.
NOTIC: [8] Undefined index: user_name E:\xampp\htdocs\t\User\Runtime\Cache\User\6ce2d41e34d33ee4ed5b9dbfcef1fd23.php 第 81 行.
NOTIC: [8] Undefined variable: cid E:\xampp\htdocs\t\User\Runtime\Cache\User\6ce2d41e34d33ee4ed5b9dbfcef1fd23.php 第 144 行.
NOTIC: [8] Undefined variable: cid E:\xampp\htdocs\t\User\Runtime\Cache\User\6ce2d41e34d33ee4ed5b9dbfcef1fd23.php 第 144 行.
NOTIC: [8] Undefined variable: cid E:\xampp\htdocs\t\User\Runtime\Cache\User\6ce2d41e34d33ee4ed5b9dbfcef1fd23.php 第 144 行.
NOTIC: [8] Undefined variable: cid E:\xampp\htdocs\t\User\Runtime\Cache\User\6ce2d41e34d33ee4ed5b9dbfcef1fd23.php 第 144 行.
NOTIC: [8] Undefined variable: cid E:\xampp\htdocs\t\User\Runtime\Cache\User\6ce2d41e34d33ee4ed5b9dbfcef1fd23.php 第 144 行.
NOTIC: [8] Undefined variable: cid E:\xampp\htdocs\t\User\Runtime\Cache\User\6ce2d41e34d33ee4ed5b9dbfcef1fd23.php 第 144 行.
NOTIC: [8] Undefined variable: cid E:\xampp\htdocs\t\User\Runtime\Cache\User\6ce2d41e34d33ee4ed5b9dbfcef1fd23.php 第 144 行.
NOTIC: [8] Undefined variable: cid E:\xampp\htdocs\t\User\Runtime\Cache\User\6ce2d41e34d33ee4ed5b9dbfcef1fd23.php 第 144 行.
NOTIC: [8] Undefined variable: cid E:\xampp\htdocs\t\User\Runtime\Cache\User\6ce2d41e34d33ee4ed5b9dbfcef1fd23.php 第 144 行.
NOTIC: [8] Undefined variable: cid E:\xampp\htdocs\t\User\Runtime\Cache\User\6ce2d41e34d33ee4ed5b9dbfcef1fd23.php 第 144 行.
NOTIC: [8] Undefined variable: cid E:\xampp\htdocs\t\User\Runtime\Cache\User\6ce2d41e34d33ee4ed5b9dbfcef1fd23.php 第 144 行.
NOTIC: [8] Undefined variable: cid E:\xampp\htdocs\t\User\Runtime\Cache\User\6ce2d41e34d33ee4ed5b9dbfcef1fd23.php 第 144 行.
NOTIC: [8] Undefined variable: cid E:\xampp\htdocs\t\User\Runtime\Cache\User\6ce2d41e34d33ee4ed5b9dbfcef1fd23.php 第 144 行.
NOTIC: [8] Undefined variable: cid E:\xampp\htdocs\t\User\Runtime\Cache\User\6ce2d41e34d33ee4ed5b9dbfcef1fd23.php 第 144 行.
NOTIC: [8] Undefined variable: cid E:\xampp\htdocs\t\User\Runtime\Cache\User\6ce2d41e34d33ee4ed5b9dbfcef1fd23.php 第 144 行.
NOTIC: [8] Undefined variable: cid E:\xampp\htdocs\t\User\Runtime\Cache\User\6ce2d41e34d33ee4ed5b9dbfcef1fd23.php 第 144 行.
NOTIC: [8] Undefined variable: cid E:\xampp\htdocs\t\User\Runtime\Cache\User\6ce2d41e34d33ee4ed5b9dbfcef1fd23.php 第 144 行.
NOTIC: [8] Undefined variable: cid E:\xampp\htdocs\t\User\Runtime\Cache\User\6ce2d41e34d33ee4ed5b9dbfcef1fd23.php 第 144 行.
NOTIC: [8] Undefined variable: cid E:\xampp\htdocs\t\User\Runtime\Cache\User\6ce2d41e34d33ee4ed5b9dbfcef1fd23.php 第 144 行.
NOTIC: [8] Undefined variable: cid E:\xampp\htdocs\t\User\Runtime\Cache\User\6ce2d41e34d33ee4ed5b9dbfcef1fd23.php 第 144 行.
NOTIC: [8] Undefined variable: cid E:\xampp\htdocs\t\User\Runtime\Cache\User\6ce2d41e34d33ee4ed5b9dbfcef1fd23.php 第 144 行.
NOTIC: [8] Undefined variable: cid E:\xampp\htdocs\t\User\Runtime\Cache\User\6ce2d41e34d33ee4ed5b9dbfcef1fd23.php 第 144 行.
NOTIC: [8] Undefined variable: cid E:\xampp\htdocs\t\User\Runtime\Cache\User\6ce2d41e34d33ee4ed5b9dbfcef1fd23.php 第 144 行.
NOTIC: [8] Undefined variable: cid E:\xampp\htdocs\t\User\Runtime\Cache\User\6ce2d41e34d33ee4ed5b9dbfcef1fd23.php 第 144 行.
NOTIC: [8] Undefined variable: cid E:\xampp\htdocs\t\User\Runtime\Cache\User\6ce2d41e34d33ee4ed5b9dbfcef1fd23.php 第 144 行.
NOTIC: [8] Undefined variable: cid E:\xampp\htdocs\t\User\Runtime\Cache\User\6ce2d41e34d33ee4ed5b9dbfcef1fd23.php 第 144 行.
NOTIC: [8] Undefined variable: cid E:\xampp\htdocs\t\User\Runtime\Cache\User\6ce2d41e34d33ee4ed5b9dbfcef1fd23.php 第 144 行.
NOTIC: [8] Undefined variable: cid E:\xampp\htdocs\t\User\Runtime\Cache\User\6ce2d41e34d33ee4ed5b9dbfcef1fd23.php 第 144 行.
NOTIC: [8] Undefined variable: cid E:\xampp\htdocs\t\User\Runtime\Cache\User\6ce2d41e34d33ee4ed5b9dbfcef1fd23.php 第 144 行.
NOTIC: [8] Undefined variable: cid E:\xampp\htdocs\t\User\Runtime\Cache\User\6ce2d41e34d33ee4ed5b9dbfcef1fd23.php 第 144 行.
NOTIC: [8] Undefined variable: cid E:\xampp\htdocs\t\User\Runtime\Cache\User\6ce2d41e34d33ee4ed5b9dbfcef1fd23.php 第 144 行.
NOTIC: [8] Undefined variable: cid E:\xampp\htdocs\t\User\Runtime\Cache\User\6ce2d41e34d33ee4ed5b9dbfcef1fd23.php 第 144 行.
NOTIC: [8] Undefined variable: cid E:\xampp\htdocs\t\User\Runtime\Cache\User\6ce2d41e34d33ee4ed5b9dbfcef1fd23.php 第 144 行.
NOTIC: [8] Undefined variable: cid E:\xampp\htdocs\t\User\Runtime\Cache\User\6ce2d41e34d33ee4ed5b9dbfcef1fd23.php 第 144 行.
NOTIC: [8] Undefined variable: cid E:\xampp\htdocs\t\User\Runtime\Cache\User\6ce2d41e34d33ee4ed5b9dbfcef1fd23.php 第 144 行.
NOTIC: [8] Undefined variable: cid E:\xampp\htdocs\t\User\Runtime\Cache\User\6ce2d41e34d33ee4ed5b9dbfcef1fd23.php 第 144 行.
NOTIC: [8] Undefined variable: cid E:\xampp\htdocs\t\User\Runtime\Cache\User\6ce2d41e34d33ee4ed5b9dbfcef1fd23.php 第 144 行.
NOTIC: [8] Undefined variable: cid E:\xampp\htdocs\t\User\Runtime\Cache\User\6ce2d41e34d33ee4ed5b9dbfcef1fd23.php 第 144 行.
NOTIC: [8] Undefined variable: cid E:\xampp\htdocs\t\User\Runtime\Cache\User\6ce2d41e34d33ee4ed5b9dbfcef1fd23.php 第 144 行.
NOTIC: [8] Undefined variable: cid E:\xampp\htdocs\t\User\Runtime\Cache\User\6ce2d41e34d33ee4ed5b9dbfcef1fd23.php 第 144 行.
NOTIC: [8] Undefined variable: cid E:\xampp\htdocs\t\User\Runtime\Cache\User\6ce2d41e34d33ee4ed5b9dbfcef1fd23.php 第 144 行.
NOTIC: [8] Undefined variable: cid E:\xampp\htdocs\t\User\Runtime\Cache\User\6ce2d41e34d33ee4ed5b9dbfcef1fd23.php 第 144 行.
NOTIC: [8] Undefined variable: cid E:\xampp\htdocs\t\User\Runtime\Cache\User\6ce2d41e34d33ee4ed5b9dbfcef1fd23.php 第 144 行.
NOTIC: [8] Undefined variable: cid E:\xampp\htdocs\t\User\Runtime\Cache\User\6ce2d41e34d33ee4ed5b9dbfcef1fd23.php 第 144 行.
NOTIC: [8] Undefined variable: cid E:\xampp\htdocs\t\User\Runtime\Cache\User\6ce2d41e34d33ee4ed5b9dbfcef1fd23.php 第 144 行.
NOTIC: [8] Undefined variable: cid E:\xampp\htdocs\t\User\Runtime\Cache\User\6ce2d41e34d33ee4ed5b9dbfcef1fd23.php 第 144 行.
NOTIC: [8] Undefined variable: cid E:\xampp\htdocs\t\User\Runtime\Cache\User\6ce2d41e34d33ee4ed5b9dbfcef1fd23.php 第 144 行.
NOTIC: [8] Undefined variable: cid E:\xampp\htdocs\t\User\Runtime\Cache\User\6ce2d41e34d33ee4ed5b9dbfcef1fd23.php 第 144 行.
NOTIC: [8] Undefined variable: cid E:\xampp\htdocs\t\User\Runtime\Cache\User\6ce2d41e34d33ee4ed5b9dbfcef1fd23.php 第 144 行.
NOTIC: [8] Undefined variable: cid E:\xampp\htdocs\t\User\Runtime\Cache\User\6ce2d41e34d33ee4ed5b9dbfcef1fd23.php 第 144 行.
NOTIC: [8] Undefined variable: cid E:\xampp\htdocs\t\User\Runtime\Cache\User\6ce2d41e34d33ee4ed5b9dbfcef1fd23.php 第 144 行.
NOTIC: [8] Undefined variable: cid E:\xampp\htdocs\t\User\Runtime\Cache\User\6ce2d41e34d33ee4ed5b9dbfcef1fd23.php 第 144 行.
NOTIC: [8] Undefined variable: cid E:\xampp\htdocs\t\User\Runtime\Cache\User\6ce2d41e34d33ee4ed5b9dbfcef1fd23.php 第 144 行.
NOTIC: [8] Undefined variable: cid E:\xampp\htdocs\t\User\Runtime\Cache\User\6ce2d41e34d33ee4ed5b9dbfcef1fd23.php 第 144 行.
NOTIC: [8] Undefined variable: cid E:\xampp\htdocs\t\User\Runtime\Cache\User\6ce2d41e34d33ee4ed5b9dbfcef1fd23.php 第 144 行.
NOTIC: [8] Undefined variable: cid E:\xampp\htdocs\t\User\Runtime\Cache\User\6ce2d41e34d33ee4ed5b9dbfcef1fd23.php 第 144 行.
NOTIC: [8] Undefined variable: cid E:\xampp\htdocs\t\User\Runtime\Cache\User\6ce2d41e34d33ee4ed5b9dbfcef1fd23.php 第 144 行.
NOTIC: [8] Undefined variable: cid E:\xampp\htdocs\t\User\Runtime\Cache\User\6ce2d41e34d33ee4ed5b9dbfcef1fd23.php 第 144 行.
NOTIC: [8] Undefined variable: cid E:\xampp\htdocs\t\User\Runtime\Cache\User\6ce2d41e34d33ee4ed5b9dbfcef1fd23.php 第 144 行.
NOTIC: [8] Undefined variable: cid E:\xampp\htdocs\t\User\Runtime\Cache\User\6ce2d41e34d33ee4ed5b9dbfcef1fd23.php 第 144 行.
NOTIC: [8] Undefined variable: cid E:\xampp\htdocs\t\User\Runtime\Cache\User\6ce2d41e34d33ee4ed5b9dbfcef1fd23.php 第 144 行.
NOTIC: [8] Undefined variable: cid E:\xampp\htdocs\t\User\Runtime\Cache\User\6ce2d41e34d33ee4ed5b9dbfcef1fd23.php 第 144 行.
NOTIC: [8] Undefined variable: cid E:\xampp\htdocs\t\User\Runtime\Cache\User\6ce2d41e34d33ee4ed5b9dbfcef1fd23.php 第 144 行.
NOTIC: [8] Undefined variable: cid E:\xampp\htdocs\t\User\Runtime\Cache\User\6ce2d41e34d33ee4ed5b9dbfcef1fd23.php 第 144 行.
NOTIC: [8] Undefined variable: cid E:\xampp\htdocs\t\User\Runtime\Cache\User\6ce2d41e34d33ee4ed5b9dbfcef1fd23.php 第 144 行.
NOTIC: [8] Undefined variable: cid E:\xampp\htdocs\t\User\Runtime\Cache\User\6ce2d41e34d33ee4ed5b9dbfcef1fd23.php 第 144 行.
NOTIC: [8] Undefined variable: cid E:\xampp\htdocs\t\User\Runtime\Cache\User\6ce2d41e34d33ee4ed5b9dbfcef1fd23.php 第 144 行.
NOTIC: [8] Undefined variable: cid E:\xampp\htdocs\t\User\Runtime\Cache\User\6ce2d41e34d33ee4ed5b9dbfcef1fd23.php 第 144 行.
NOTIC: [8] Undefined variable: cid E:\xampp\htdocs\t\User\Runtime\Cache\User\6ce2d41e34d33ee4ed5b9dbfcef1fd23.php 第 144 行.
NOTIC: [8] Undefined variable: cid E:\xampp\htdocs\t\User\Runtime\Cache\User\6ce2d41e34d33ee4ed5b9dbfcef1fd23.php 第 144 行.
NOTIC: [8] Undefined variable: cid E:\xampp\htdocs\t\User\Runtime\Cache\User\6ce2d41e34d33ee4ed5b9dbfcef1fd23.php 第 144 行.
NOTIC: [8] Undefined variable: cid E:\xampp\htdocs\t\User\Runtime\Cache\User\6ce2d41e34d33ee4ed5b9dbfcef1fd23.php 第 144 行.
NOTIC: [8] Undefined variable: cid E:\xampp\htdocs\t\User\Runtime\Cache\User\6ce2d41e34d33ee4ed5b9dbfcef1fd23.php 第 144 行.
NOTIC: [8] Undefined variable: cid E:\xampp\htdocs\t\User\Runtime\Cache\User\6ce2d41e34d33ee4ed5b9dbfcef1fd23.php 第 144 行.
NOTIC: [8] Undefined variable: cid E:\xampp\htdocs\t\User\Runtime\Cache\User\6ce2d41e34d33ee4ed5b9dbfcef1fd23.php 第 144 行.
NOTIC: [8] Undefined variable: cid E:\xampp\htdocs\t\User\Runtime\Cache\User\6ce2d41e34d33ee4ed5b9dbfcef1fd23.php 第 144 行.
NOTIC: [8] Undefined variable: cid E:\xampp\htdocs\t\User\Runtime\Cache\User\6ce2d41e34d33ee4ed5b9dbfcef1fd23.php 第 144 行.
NOTIC: [8] Undefined variable: cid E:\xampp\htdocs\t\User\Runtime\Cache\User\6ce2d41e34d33ee4ed5b9dbfcef1fd23.php 第 144 行.
NOTIC: [8] Undefined variable: cid E:\xampp\htdocs\t\User\Runtime\Cache\User\6ce2d41e34d33ee4ed5b9dbfcef1fd23.php 第 144 行.
NOTIC: [8] Undefined variable: cid E:\xampp\htdocs\t\User\Runtime\Cache\User\6ce2d41e34d33ee4ed5b9dbfcef1fd23.php 第 144 行.
NOTIC: [8] Undefined variable: cid E:\xampp\htdocs\t\User\Runtime\Cache\User\6ce2d41e34d33ee4ed5b9dbfcef1fd23.php 第 144 行.
NOTIC: [8] Undefined variable: cid E:\xampp\htdocs\t\User\Runtime\Cache\User\6ce2d41e34d33ee4ed5b9dbfcef1fd23.php 第 144 行.
NOTIC: [8] Undefined variable: cid E:\xampp\htdocs\t\User\Runtime\Cache\User\6ce2d41e34d33ee4ed5b9dbfcef1fd23.php 第 144 行.
NOTIC: [8] Undefined variable: cid E:\xampp\htdocs\t\User\Runtime\Cache\User\6ce2d41e34d33ee4ed5b9dbfcef1fd23.php 第 144 行.
NOTIC: [8] Undefined variable: cid E:\xampp\htdocs\t\User\Runtime\Cache\User\6ce2d41e34d33ee4ed5b9dbfcef1fd23.php 第 144 行.
NOTIC: [8] Undefined variable: cid E:\xampp\htdocs\t\User\Runtime\Cache\User\6ce2d41e34d33ee4ed5b9dbfcef1fd23.php 第 144 行.
NOTIC: [8] Undefined variable: cid E:\xampp\htdocs\t\User\Runtime\Cache\User\6ce2d41e34d33ee4ed5b9dbfcef1fd23.php 第 144 行.
NOTIC: [8] Undefined variable: cid E:\xampp\htdocs\t\User\Runtime\Cache\User\6ce2d41e34d33ee4ed5b9dbfcef1fd23.php 第 144 行.
NOTIC: [8] Undefined variable: cid E:\xampp\htdocs\t\User\Runtime\Cache\User\6ce2d41e34d33ee4ed5b9dbfcef1fd23.php 第 144 行.
NOTIC: [8] Undefined variable: cid E:\xampp\htdocs\t\User\Runtime\Cache\User\6ce2d41e34d33ee4ed5b9dbfcef1fd23.php 第 144 行.
NOTIC: [8] Undefined variable: cid E:\xampp\htdocs\t\User\Runtime\Cache\User\6ce2d41e34d33ee4ed5b9dbfcef1fd23.php 第 144 行.
NOTIC: [8] Undefined variable: cid E:\xampp\htdocs\t\User\Runtime\Cache\User\6ce2d41e34d33ee4ed5b9dbfcef1fd23.php 第 144 行.
NOTIC: [8] Undefined variable: cid E:\xampp\htdocs\t\User\Runtime\Cache\User\6ce2d41e34d33ee4ed5b9dbfcef1fd23.php 第 144 行.
NOTIC: [8] Undefined variable: cid E:\xampp\htdocs\t\User\Runtime\Cache\User\6ce2d41e34d33ee4ed5b9dbfcef1fd23.php 第 144 行.
NOTIC: [8] Undefined variable: cid E:\xampp\htdocs\t\User\Runtime\Cache\User\6ce2d41e34d33ee4ed5b9dbfcef1fd23.php 第 144 行.
NOTIC: [8] Undefined variable: cid E:\xampp\htdocs\t\User\Runtime\Cache\User\6ce2d41e34d33ee4ed5b9dbfcef1fd23.php 第 144 行.
NOTIC: [8] Undefined variable: cid E:\xampp\htdocs\t\User\Runtime\Cache\User\6ce2d41e34d33ee4ed5b9dbfcef1fd23.php 第 144 行.
NOTIC: [8] Undefined variable: cid E:\xampp\htdocs\t\User\Runtime\Cache\User\6ce2d41e34d33ee4ed5b9dbfcef1fd23.php 第 144 行.
NOTIC: [8] Undefined variable: cid E:\xampp\htdocs\t\User\Runtime\Cache\User\6ce2d41e34d33ee4ed5b9dbfcef1fd23.php 第 144 行.
NOTIC: [8] Undefined variable: cid E:\xampp\htdocs\t\User\Runtime\Cache\User\6ce2d41e34d33ee4ed5b9dbfcef1fd23.php 第 144 行.
NOTIC: [8] Undefined variable: cid E:\xampp\htdocs\t\User\Runtime\Cache\User\6ce2d41e34d33ee4ed5b9dbfcef1fd23.php 第 144 行.
NOTIC: [8] Undefined variable: cid E:\xampp\htdocs\t\User\Runtime\Cache\User\6ce2d41e34d33ee4ed5b9dbfcef1fd23.php 第 144 行.
NOTIC: [8] Undefined variable: cid E:\xampp\htdocs\t\User\Runtime\Cache\User\6ce2d41e34d33ee4ed5b9dbfcef1fd23.php 第 144 行.
NOTIC: [8] Undefined variable: cid E:\xampp\htdocs\t\User\Runtime\Cache\User\6ce2d41e34d33ee4ed5b9dbfcef1fd23.php 第 144 行.
NOTIC: [8] Undefined variable: cid E:\xampp\htdocs\t\User\Runtime\Cache\User\6ce2d41e34d33ee4ed5b9dbfcef1fd23.php 第 144 行.
NOTIC: [8] Undefined variable: cid E:\xampp\htdocs\t\User\Runtime\Cache\User\6ce2d41e34d33ee4ed5b9dbfcef1fd23.php 第 144 行.
NOTIC: [8] Undefined variable: cid E:\xampp\htdocs\t\User\Runtime\Cache\User\6ce2d41e34d33ee4ed5b9dbfcef1fd23.php 第 144 行.
NOTIC: [8] Undefined variable: cid E:\xampp\htdocs\t\User\Runtime\Cache\User\6ce2d41e34d33ee4ed5b9dbfcef1fd23.php 第 144 行.
NOTIC: [8] Undefined variable: cid E:\xampp\htdocs\t\User\Runtime\Cache\User\6ce2d41e34d33ee4ed5b9dbfcef1fd23.php 第 144 行.
NOTIC: [8] Undefined variable: cid E:\xampp\htdocs\t\User\Runtime\Cache\User\6ce2d41e34d33ee4ed5b9dbfcef1fd23.php 第 144 行.
NOTIC: [8] Undefined variable: cid E:\xampp\htdocs\t\User\Runtime\Cache\User\6ce2d41e34d33ee4ed5b9dbfcef1fd23.php 第 144 行.
INFO: ParseTemplate Behavior ::run [ RunTime:0.025002s ]
INFO: [ view_parse ] --END-- [ RunTime:0.025002s ]
INFO: [ view_filter ] --START--
INFO: ContentReplace Behavior ::run [ RunTime:0.001000s ]
INFO: TokenBuild Behavior ::run [ RunTime:0.001000s ]
INFO: WriteHtmlCache Behavior ::run [ RunTime:0.000000s ]
INFO: ShowRuntime Behavior ::run [ RunTime:0.001000s ]
INFO: [ view_filter ] --END-- [ RunTime:0.003000s ]
INFO: [ view_end ] --START--
INFO: ShowPageTrace Behavior ::run [ RunTime:0.002000s ]
INFO: [ view_end ] --END-- [ RunTime:0.002000s ]

[ 2014-04-01T00:32:46+08:00 ] 127.0.0.1 /t/Vote/Show/type/1
INFO: [ route_check ] --START--
INFO: CheckRoute Behavior ::run [ RunTime:0.001000s ]
INFO: [ route_check ] --END-- [ RunTime:0.001000s ]
INFO: [ app_begin ] --START--
INFO: ReadHtmlCache Behavior ::run [ RunTime:0.000000s ]
INFO: [ app_begin ] --END-- [ RunTime:0.001000s ]
NOTIC: [2048] Declaration of VoteAction::Show() should be compatible with Action::show($content, $charset = '', $contentType = '', $prefix = '') E:\xampp\htdocs\t\User\Lib\Action\User\VoteAction.class.php 第 123 行.
SQL: SHOW COLUMNS FROM `br_community` [ RunTime:0.007000s ]
SQL: SELECT * FROM `br_community` ORDER BY cpoint desc  [ RunTime:0.003001s ]
INFO: [ view_parse ] --START--
NOTIC: [8] Undefined variable: nav1 E:\xampp\htdocs\t\User\Runtime\Cache\User\6ce2d41e34d33ee4ed5b9dbfcef1fd23.php 第 67 行.
NOTIC: [8] Undefined variable: nav2 E:\xampp\htdocs\t\User\Runtime\Cache\User\6ce2d41e34d33ee4ed5b9dbfcef1fd23.php 第 70 行.
NOTIC: [8] Undefined variable: nav3 E:\xampp\htdocs\t\User\Runtime\Cache\User\6ce2d41e34d33ee4ed5b9dbfcef1fd23.php 第 73 行.
NOTIC: [8] Undefined variable: nav4 E:\xampp\htdocs\t\User\Runtime\Cache\User\6ce2d41e34d33ee4ed5b9dbfcef1fd23.php 第 76 行.
NOTIC: [8] Undefined index: user_name E:\xampp\htdocs\t\User\Runtime\Cache\User\6ce2d41e34d33ee4ed5b9dbfcef1fd23.php 第 81 行.
INFO: ParseTemplate Behavior ::run [ RunTime:0.021001s ]
INFO: [ view_parse ] --END-- [ RunTime:0.021001s ]
INFO: [ view_filter ] --START--
INFO: ContentReplace Behavior ::run [ RunTime:0.001000s ]
INFO: TokenBuild Behavior ::run [ RunTime:0.000000s ]
INFO: WriteHtmlCache Behavior ::run [ RunTime:0.001000s ]
INFO: ShowRuntime Behavior ::run [ RunTime:0.000000s ]
INFO: [ view_filter ] --END-- [ RunTime:0.003000s ]
INFO: [ view_end ] --START--
INFO: ShowPageTrace Behavior ::run [ RunTime:0.001000s ]
INFO: [ view_end ] --END-- [ RunTime:0.001000s ]

[ 2014-04-01T00:34:56+08:00 ] 127.0.0.1 /t/Vote/Show/type/1
INFO: [ route_check ] --START--
INFO: CheckRoute Behavior ::run [ RunTime:0.002000s ]
INFO: [ route_check ] --END-- [ RunTime:0.002000s ]
INFO: [ app_begin ] --START--
INFO: ReadHtmlCache Behavior ::run [ RunTime:0.001000s ]
INFO: [ app_begin ] --END-- [ RunTime:0.002000s ]
NOTIC: [2048] Declaration of VoteAction::Show() should be compatible with Action::show($content, $charset = '', $contentType = '', $prefix = '') E:\xampp\htdocs\t\User\Lib\Action\User\VoteAction.class.php 第 123 行.
SQL: SHOW COLUMNS FROM `br_community` [ RunTime:0.009000s ]
SQL: SELECT * FROM `br_community` ORDER BY cpoint desc  [ RunTime:0.003001s ]
INFO: [ view_parse ] --START--
NOTIC: [8] Undefined variable: nav1 E:\xampp\htdocs\t\User\Runtime\Cache\User\6ce2d41e34d33ee4ed5b9dbfcef1fd23.php 第 67 行.
NOTIC: [8] Undefined variable: nav2 E:\xampp\htdocs\t\User\Runtime\Cache\User\6ce2d41e34d33ee4ed5b9dbfcef1fd23.php 第 70 行.
NOTIC: [8] Undefined variable: nav3 E:\xampp\htdocs\t\User\Runtime\Cache\User\6ce2d41e34d33ee4ed5b9dbfcef1fd23.php 第 73 行.
NOTIC: [8] Undefined variable: nav4 E:\xampp\htdocs\t\User\Runtime\Cache\User\6ce2d41e34d33ee4ed5b9dbfcef1fd23.php 第 76 行.
NOTIC: [8] Undefined index: user_name E:\xampp\htdocs\t\User\Runtime\Cache\User\6ce2d41e34d33ee4ed5b9dbfcef1fd23.php 第 81 行.
INFO: ParseTemplate Behavior ::run [ RunTime:0.022001s ]
INFO: [ view_parse ] --END-- [ RunTime:0.022001s ]
INFO: [ view_filter ] --START--
INFO: ContentReplace Behavior ::run [ RunTime:0.001000s ]
INFO: TokenBuild Behavior ::run [ RunTime:0.000000s ]
INFO: WriteHtmlCache Behavior ::run [ RunTime:0.001000s ]
INFO: ShowRuntime Behavior ::run [ RunTime:0.001000s ]
INFO: [ view_filter ] --END-- [ RunTime:0.004000s ]
INFO: [ view_end ] --START--
INFO: ShowPageTrace Behavior ::run [ RunTime:0.002000s ]
INFO: [ view_end ] --END-- [ RunTime:0.002000s ]

[ 2014-04-01T00:36:43+08:00 ] 127.0.0.1 /t/Vote/Show/type/1
INFO: [ route_check ] --START--
INFO: CheckRoute Behavior ::run [ RunTime:0.002000s ]
INFO: [ route_check ] --END-- [ RunTime:0.002000s ]
INFO: [ app_begin ] --START--
INFO: ReadHtmlCache Behavior ::run [ RunTime:0.002000s ]
INFO: [ app_begin ] --END-- [ RunTime:0.002000s ]
NOTIC: [2048] Declaration of VoteAction::Show() should be compatible with Action::show($content, $charset = '', $contentType = '', $prefix = '') E:\xampp\htdocs\t\User\Lib\Action\User\VoteAction.class.php 第 123 行.
SQL: SHOW COLUMNS FROM `br_community` [ RunTime:0.016001s ]
SQL: SELECT * FROM `br_community` ORDER BY cpoint desc  [ RunTime:0.005001s ]
INFO: [ view_parse ] --START--
NOTIC: [8] Undefined variable: nav1 E:\xampp\htdocs\t\User\Runtime\Cache\User\6ce2d41e34d33ee4ed5b9dbfcef1fd23.php 第 67 行.
NOTIC: [8] Undefined variable: nav2 E:\xampp\htdocs\t\User\Runtime\Cache\User\6ce2d41e34d33ee4ed5b9dbfcef1fd23.php 第 70 行.
NOTIC: [8] Undefined variable: nav3 E:\xampp\htdocs\t\User\Runtime\Cache\User\6ce2d41e34d33ee4ed5b9dbfcef1fd23.php 第 73 行.
NOTIC: [8] Undefined variable: nav4 E:\xampp\htdocs\t\User\Runtime\Cache\User\6ce2d41e34d33ee4ed5b9dbfcef1fd23.php 第 76 行.
NOTIC: [8] Undefined index: user_name E:\xampp\htdocs\t\User\Runtime\Cache\User\6ce2d41e34d33ee4ed5b9dbfcef1fd23.php 第 81 行.
INFO: ParseTemplate Behavior ::run [ RunTime:0.026001s ]
INFO: [ view_parse ] --END-- [ RunTime:0.026001s ]
INFO: [ view_filter ] --START--
INFO: ContentReplace Behavior ::run [ RunTime:0.001000s ]
INFO: TokenBuild Behavior ::run [ RunTime:0.001000s ]
INFO: WriteHtmlCache Behavior ::run [ RunTime:0.001000s ]
INFO: ShowRuntime Behavior ::run [ RunTime:0.001000s ]
INFO: [ view_filter ] --END-- [ RunTime:0.004000s ]
INFO: [ view_end ] --START--
INFO: ShowPageTrace Behavior ::run [ RunTime:0.002000s ]
INFO: [ view_end ] --END-- [ RunTime:0.003001s ]

[ 2014-04-01T00:38:29+08:00 ] 127.0.0.1 /t/Vote/Show/type/1
INFO: [ route_check ] --START--
INFO: CheckRoute Behavior ::run [ RunTime:0.003000s ]
INFO: [ route_check ] --END-- [ RunTime:0.004000s ]
INFO: [ app_begin ] --START--
INFO: ReadHtmlCache Behavior ::run [ RunTime:0.002000s ]
INFO: [ app_begin ] --END-- [ RunTime:0.002000s ]
NOTIC: [2048] Declaration of VoteAction::Show() should be compatible with Action::show($content, $charset = '', $contentType = '', $prefix = '') E:\xampp\htdocs\t\User\Lib\Action\User\VoteAction.class.php 第 123 行.
SQL: SHOW COLUMNS FROM `br_community` [ RunTime:0.011001s ]
SQL: SELECT * FROM `br_community` ORDER BY cpoint desc  [ RunTime:0.005000s ]
INFO: [ view_parse ] --START--
NOTIC: [8] Undefined variable: nav1 E:\xampp\htdocs\t\User\Runtime\Cache\User\6ce2d41e34d33ee4ed5b9dbfcef1fd23.php 第 67 行.
NOTIC: [8] Undefined variable: nav2 E:\xampp\htdocs\t\User\Runtime\Cache\User\6ce2d41e34d33ee4ed5b9dbfcef1fd23.php 第 70 行.
NOTIC: [8] Undefined variable: nav3 E:\xampp\htdocs\t\User\Runtime\Cache\User\6ce2d41e34d33ee4ed5b9dbfcef1fd23.php 第 73 行.
NOTIC: [8] Undefined variable: nav4 E:\xampp\htdocs\t\User\Runtime\Cache\User\6ce2d41e34d33ee4ed5b9dbfcef1fd23.php 第 76 行.
NOTIC: [8] Undefined index: user_name E:\xampp\htdocs\t\User\Runtime\Cache\User\6ce2d41e34d33ee4ed5b9dbfcef1fd23.php 第 81 行.
INFO: ParseTemplate Behavior ::run [ RunTime:0.029002s ]
INFO: [ view_parse ] --END-- [ RunTime:0.029002s ]
INFO: [ view_filter ] --START--
INFO: ContentReplace Behavior ::run [ RunTime:0.002000s ]
INFO: TokenBuild Behavior ::run [ RunTime:0.001000s ]
INFO: WriteHtmlCache Behavior ::run [ RunTime:0.000000s ]
INFO: ShowRuntime Behavior ::run [ RunTime:0.001000s ]
INFO: [ view_filter ] --END-- [ RunTime:0.004000s ]
INFO: [ view_end ] --START--
INFO: ShowPageTrace Behavior ::run [ RunTime:0.001000s ]
INFO: [ view_end ] --END-- [ RunTime:0.001000s ]

[ 2014-04-01T00:41:07+08:00 ] 127.0.0.1 /t/Vote/Show/type/1
INFO: [ route_check ] --START--
INFO: CheckRoute Behavior ::run [ RunTime:0.002000s ]
INFO: [ route_check ] --END-- [ RunTime:0.002000s ]
INFO: [ app_begin ] --START--
INFO: ReadHtmlCache Behavior ::run [ RunTime:0.000000s ]
INFO: [ app_begin ] --END-- [ RunTime:0.001000s ]
NOTIC: [2048] Declaration of VoteAction::Show() should be compatible with Action::show($content, $charset = '', $contentType = '', $prefix = '') E:\xampp\htdocs\t\User\Lib\Action\User\VoteAction.class.php 第 123 行.
SQL: SHOW COLUMNS FROM `br_community` [ RunTime:0.008001s ]
SQL: SELECT * FROM `br_community` ORDER BY cpoint desc  [ RunTime:0.003000s ]
INFO: [ view_parse ] --START--
NOTIC: [8] Undefined variable: nav1 E:\xampp\htdocs\t\User\Runtime\Cache\User\6ce2d41e34d33ee4ed5b9dbfcef1fd23.php 第 67 行.
NOTIC: [8] Undefined variable: nav2 E:\xampp\htdocs\t\User\Runtime\Cache\User\6ce2d41e34d33ee4ed5b9dbfcef1fd23.php 第 70 行.
NOTIC: [8] Undefined variable: nav3 E:\xampp\htdocs\t\User\Runtime\Cache\User\6ce2d41e34d33ee4ed5b9dbfcef1fd23.php 第 73 行.
NOTIC: [8] Undefined variable: nav4 E:\xampp\htdocs\t\User\Runtime\Cache\User\6ce2d41e34d33ee4ed5b9dbfcef1fd23.php 第 76 行.
NOTIC: [8] Undefined index: user_name E:\xampp\htdocs\t\User\Runtime\Cache\User\6ce2d41e34d33ee4ed5b9dbfcef1fd23.php 第 81 行.
INFO: ParseTemplate Behavior ::run [ RunTime:0.021001s ]
INFO: [ view_parse ] --END-- [ RunTime:0.021001s ]
INFO: [ view_filter ] --START--
INFO: ContentReplace Behavior ::run [ RunTime:0.001000s ]
INFO: TokenBuild Behavior ::run [ RunTime:0.000000s ]
INFO: WriteHtmlCache Behavior ::run [ RunTime:0.001000s ]
INFO: ShowRuntime Behavior ::run [ RunTime:0.001000s ]
INFO: [ view_filter ] --END-- [ RunTime:0.003000s ]
INFO: [ view_end ] --START--
INFO: ShowPageTrace Behavior ::run [ RunTime:0.001000s ]
INFO: [ view_end ] --END-- [ RunTime:0.001000s ]

[ 2014-04-01T00:44:11+08:00 ] 127.0.0.1 /t/Vote/Show/type/1
INFO: [ route_check ] --START--
INFO: CheckRoute Behavior ::run [ RunTime:0.002000s ]
INFO: [ route_check ] --END-- [ RunTime:0.003000s ]
INFO: [ app_begin ] --START--
INFO: ReadHtmlCache Behavior ::run [ RunTime:0.001000s ]
INFO: [ app_begin ] --END-- [ RunTime:0.002000s ]
NOTIC: [2048] Declaration of VoteAction::Show() should be compatible with Action::show($content, $charset = '', $contentType = '', $prefix = '') E:\xampp\htdocs\t\User\Lib\Action\User\VoteAction.class.php 第 123 行.
SQL: SHOW COLUMNS FROM `br_community` [ RunTime:0.009001s ]
SQL: SELECT * FROM `br_community` ORDER BY cpoint desc  [ RunTime:0.003000s ]
INFO: [ view_parse ] --START--
NOTIC: [8] Undefined variable: nav1 E:\xampp\htdocs\t\User\Runtime\Cache\User\6ce2d41e34d33ee4ed5b9dbfcef1fd23.php 第 67 行.
NOTIC: [8] Undefined variable: nav2 E:\xampp\htdocs\t\User\Runtime\Cache\User\6ce2d41e34d33ee4ed5b9dbfcef1fd23.php 第 70 行.
NOTIC: [8] Undefined variable: nav3 E:\xampp\htdocs\t\User\Runtime\Cache\User\6ce2d41e34d33ee4ed5b9dbfcef1fd23.php 第 73 行.
NOTIC: [8] Undefined variable: nav4 E:\xampp\htdocs\t\User\Runtime\Cache\User\6ce2d41e34d33ee4ed5b9dbfcef1fd23.php 第 76 行.
NOTIC: [8] Undefined index: user_name E:\xampp\htdocs\t\User\Runtime\Cache\User\6ce2d41e34d33ee4ed5b9dbfcef1fd23.php 第 81 行.
INFO: ParseTemplate Behavior ::run [ RunTime:0.025002s ]
INFO: [ view_parse ] --END-- [ RunTime:0.025002s ]
INFO: [ view_filter ] --START--
INFO: ContentReplace Behavior ::run [ RunTime:0.001000s ]
INFO: TokenBuild Behavior ::run [ RunTime:0.001000s ]
INFO: WriteHtmlCache Behavior ::run [ RunTime:0.000000s ]
INFO: ShowRuntime Behavior ::run [ RunTime:0.002000s ]
INFO: [ view_filter ] --END-- [ RunTime:0.005000s ]
INFO: [ view_end ] --START--
INFO: ShowPageTrace Behavior ::run [ RunTime:0.003000s ]
INFO: [ view_end ] --END-- [ RunTime:0.004000s ]

[ 2014-04-01T00:45:07+08:00 ] 127.0.0.1 /t/Vote/Show/type/1
INFO: [ route_check ] --START--
INFO: CheckRoute Behavior ::run [ RunTime:0.002000s ]
INFO: [ route_check ] --END-- [ RunTime:0.002000s ]
INFO: [ app_begin ] --START--
INFO: ReadHtmlCache Behavior ::run [ RunTime:0.001000s ]
INFO: [ app_begin ] --END-- [ RunTime:0.001000s ]
NOTIC: [2048] Declaration of VoteAction::Show() should be compatible with Action::show($content, $charset = '', $contentType = '', $prefix = '') E:\xampp\htdocs\t\User\Lib\Action\User\VoteAction.class.php 第 123 行.
SQL: SHOW COLUMNS FROM `br_community` [ RunTime:0.008001s ]
SQL: SELECT * FROM `br_community` ORDER BY cpoint desc  [ RunTime:0.003000s ]
INFO: [ view_parse ] --START--
NOTIC: [8] Undefined variable: nav1 E:\xampp\htdocs\t\User\Runtime\Cache\User\6ce2d41e34d33ee4ed5b9dbfcef1fd23.php 第 67 行.
NOTIC: [8] Undefined variable: nav2 E:\xampp\htdocs\t\User\Runtime\Cache\User\6ce2d41e34d33ee4ed5b9dbfcef1fd23.php 第 70 行.
NOTIC: [8] Undefined variable: nav3 E:\xampp\htdocs\t\User\Runtime\Cache\User\6ce2d41e34d33ee4ed5b9dbfcef1fd23.php 第 73 行.
NOTIC: [8] Undefined variable: nav4 E:\xampp\htdocs\t\User\Runtime\Cache\User\6ce2d41e34d33ee4ed5b9dbfcef1fd23.php 第 76 行.
NOTIC: [8] Undefined index: user_name E:\xampp\htdocs\t\User\Runtime\Cache\User\6ce2d41e34d33ee4ed5b9dbfcef1fd23.php 第 81 行.
INFO: ParseTemplate Behavior ::run [ RunTime:0.019001s ]
INFO: [ view_parse ] --END-- [ RunTime:0.019001s ]
INFO: [ view_filter ] --START--
INFO: ContentReplace Behavior ::run [ RunTime:0.001000s ]
INFO: TokenBuild Behavior ::run [ RunTime:0.000000s ]
INFO: WriteHtmlCache Behavior ::run [ RunTime:0.001000s ]
INFO: ShowRuntime Behavior ::run [ RunTime:0.001000s ]
INFO: [ view_filter ] --END-- [ RunTime:0.003000s ]
INFO: [ view_end ] --START--
INFO: ShowPageTrace Behavior ::run [ RunTime:0.001000s ]
INFO: [ view_end ] --END-- [ RunTime:0.001000s ]

[ 2014-04-01T00:46:03+08:00 ] 127.0.0.1 /t/Vote/Show/type/1
INFO: [ route_check ] --START--
INFO: CheckRoute Behavior ::run [ RunTime:0.002000s ]
INFO: [ route_check ] --END-- [ RunTime:0.002000s ]
INFO: [ app_begin ] --START--
INFO: ReadHtmlCache Behavior ::run [ RunTime:0.001000s ]
INFO: [ app_begin ] --END-- [ RunTime:0.001000s ]
NOTIC: [2048] Declaration of VoteAction::Show() should be compatible with Action::show($content, $charset = '', $contentType = '', $prefix = '') E:\xampp\htdocs\t\User\Lib\Action\User\VoteAction.class.php 第 123 行.
SQL: SHOW COLUMNS FROM `br_community` [ RunTime:0.007001s ]
SQL: SELECT * FROM `br_community` ORDER BY cpoint desc  [ RunTime:0.003000s ]
INFO: [ view_parse ] --START--
NOTIC: [8] Undefined variable: nav1 E:\xampp\htdocs\t\User\Runtime\Cache\User\6ce2d41e34d33ee4ed5b9dbfcef1fd23.php 第 67 行.
NOTIC: [8] Undefined variable: nav2 E:\xampp\htdocs\t\User\Runtime\Cache\User\6ce2d41e34d33ee4ed5b9dbfcef1fd23.php 第 70 行.
NOTIC: [8] Undefined variable: nav3 E:\xampp\htdocs\t\User\Runtime\Cache\User\6ce2d41e34d33ee4ed5b9dbfcef1fd23.php 第 73 行.
NOTIC: [8] Undefined variable: nav4 E:\xampp\htdocs\t\User\Runtime\Cache\User\6ce2d41e34d33ee4ed5b9dbfcef1fd23.php 第 76 行.
NOTIC: [8] Undefined index: user_name E:\xampp\htdocs\t\User\Runtime\Cache\User\6ce2d41e34d33ee4ed5b9dbfcef1fd23.php 第 81 行.
INFO: ParseTemplate Behavior ::run [ RunTime:0.021001s ]
INFO: [ view_parse ] --END-- [ RunTime:0.021001s ]
INFO: [ view_filter ] --START--
INFO: ContentReplace Behavior ::run [ RunTime:0.001000s ]
INFO: TokenBuild Behavior ::run [ RunTime:0.001000s ]
INFO: WriteHtmlCache Behavior ::run [ RunTime:0.001000s ]
INFO: ShowRuntime Behavior ::run [ RunTime:0.001001s ]
INFO: [ view_filter ] --END-- [ RunTime:0.004001s ]
INFO: [ view_end ] --START--
INFO: ShowPageTrace Behavior ::run [ RunTime:0.002000s ]
INFO: [ view_end ] --END-- [ RunTime:0.002000s ]

[ 2014-04-01T00:47:22+08:00 ] 127.0.0.1 /t/Vote/Show/type/1
INFO: [ route_check ] --START--
INFO: CheckRoute Behavior ::run [ RunTime:0.001000s ]
INFO: [ route_check ] --END-- [ RunTime:0.001000s ]
INFO: [ app_begin ] --START--
INFO: ReadHtmlCache Behavior ::run [ RunTime:0.001000s ]
INFO: [ app_begin ] --END-- [ RunTime:0.001000s ]
NOTIC: [2048] Declaration of VoteAction::Show() should be compatible with Action::show($content, $charset = '', $contentType = '', $prefix = '') E:\xampp\htdocs\t\User\Lib\Action\User\VoteAction.class.php 第 123 行.
SQL: SHOW COLUMNS FROM `br_community` [ RunTime:0.010001s ]
SQL: SELECT * FROM `br_community` ORDER BY cpoint desc  [ RunTime:0.003000s ]
INFO: [ view_parse ] --START--
NOTIC: [8] Undefined variable: nav1 E:\xampp\htdocs\t\User\Runtime\Cache\User\6ce2d41e34d33ee4ed5b9dbfcef1fd23.php 第 67 行.
NOTIC: [8] Undefined variable: nav2 E:\xampp\htdocs\t\User\Runtime\Cache\User\6ce2d41e34d33ee4ed5b9dbfcef1fd23.php 第 70 行.
NOTIC: [8] Undefined variable: nav3 E:\xampp\htdocs\t\User\Runtime\Cache\User\6ce2d41e34d33ee4ed5b9dbfcef1fd23.php 第 73 行.
NOTIC: [8] Undefined variable: nav4 E:\xampp\htdocs\t\User\Runtime\Cache\User\6ce2d41e34d33ee4ed5b9dbfcef1fd23.php 第 76 行.
NOTIC: [8] Undefined index: user_name E:\xampp\htdocs\t\User\Runtime\Cache\User\6ce2d41e34d33ee4ed5b9dbfcef1fd23.php 第 81 行.
INFO: ParseTemplate Behavior ::run [ RunTime:0.025002s ]
INFO: [ view_parse ] --END-- [ RunTime:0.025002s ]
INFO: [ view_filter ] --START--
INFO: ContentReplace Behavior ::run [ RunTime:0.001000s ]
INFO: TokenBuild Behavior ::run [ RunTime:0.001000s ]
INFO: WriteHtmlCache Behavior ::run [ RunTime:0.001000s ]
INFO: ShowRuntime Behavior ::run [ RunTime:0.001000s ]
INFO: [ view_filter ] --END-- [ RunTime:0.004000s ]
INFO: [ view_end ] --START--
INFO: ShowPageTrace Behavior ::run [ RunTime:0.001000s ]
INFO: [ view_end ] --END-- [ RunTime:0.001000s ]

[ 2014-04-01T00:47:24+08:00 ] 127.0.0.1 /t/Vote/Vote.html
INFO: [ route_check ] --START--
INFO: CheckRoute Behavior ::run [ RunTime:0.001000s ]
INFO: [ route_check ] --END-- [ RunTime:0.001000s ]
INFO: [ app_begin ] --START--
INFO: ReadHtmlCache Behavior ::run [ RunTime:0.001000s ]
INFO: [ app_begin ] --END-- [ RunTime:0.001000s ]
NOTIC: [2048] Declaration of VoteAction::Show() should be compatible with Action::show($content, $charset = '', $contentType = '', $prefix = '') E:\xampp\htdocs\t\User\Lib\Action\User\VoteAction.class.php 第 123 行.

[ 2014-04-01T00:57:37+08:00 ] 127.0.0.1 /t/
INFO: [ app_begin ] --START--
INFO: ReadHtmlCache Behavior ::run [ RunTime:0.001000s ]
INFO: [ app_begin ] --END-- [ RunTime:0.001000s ]
INFO: [ view_parse ] --START--
NOTIC: [8] Undefined variable: nav2 E:\xampp\htdocs\t\User\Runtime\Cache\User\31f71441c69b45e90211c42e2a90e094.php 第 70 行.
NOTIC: [8] Undefined variable: nav3 E:\xampp\htdocs\t\User\Runtime\Cache\User\31f71441c69b45e90211c42e2a90e094.php 第 73 行.
NOTIC: [8] Undefined variable: nav4 E:\xampp\htdocs\t\User\Runtime\Cache\User\31f71441c69b45e90211c42e2a90e094.php 第 76 行.
NOTIC: [8] Undefined index: user_name E:\xampp\htdocs\t\User\Runtime\Cache\User\31f71441c69b45e90211c42e2a90e094.php 第 81 行.
INFO: ParseTemplate Behavior ::run [ RunTime:0.018001s ]
INFO: [ view_parse ] --END-- [ RunTime:0.018001s ]
INFO: [ view_filter ] --START--
INFO: ContentReplace Behavior ::run [ RunTime:0.001000s ]
INFO: TokenBuild Behavior ::run [ RunTime:0.001000s ]
INFO: WriteHtmlCache Behavior ::run [ RunTime:0.001001s ]
INFO: ShowRuntime Behavior ::run [ RunTime:0.001000s ]
INFO: [ view_filter ] --END-- [ RunTime:0.004001s ]
INFO: [ view_end ] --START--
INFO: ShowPageTrace Behavior ::run [ RunTime:0.001000s ]
INFO: [ view_end ] --END-- [ RunTime:0.001000s ]

[ 2014-04-01T00:57:44+08:00 ] 127.0.0.1 /t/Vote/Show/type/1.html
INFO: [ route_check ] --START--
INFO: CheckRoute Behavior ::run [ RunTime:0.001000s ]
INFO: [ route_check ] --END-- [ RunTime:0.002000s ]
INFO: [ app_begin ] --START--
INFO: ReadHtmlCache Behavior ::run [ RunTime:0.000000s ]
INFO: [ app_begin ] --END-- [ RunTime:0.001000s ]
NOTIC: [2048] Declaration of VoteAction::Show() should be compatible with Action::show($content, $charset = '', $contentType = '', $prefix = '') E:\xampp\htdocs\t\User\Lib\Action\User\VoteAction.class.php 第 123 行.
SQL: SHOW COLUMNS FROM `br_community` [ RunTime:0.008001s ]
SQL: SELECT * FROM `br_community` WHERE ( cstatus = 1 ) ORDER BY cpoint desc,ccreatetime  [ RunTime:0.028001s ]
INFO: [ view_parse ] --START--
NOTIC: [8] Undefined variable: nav1 E:\xampp\htdocs\t\User\Runtime\Cache\User\6ce2d41e34d33ee4ed5b9dbfcef1fd23.php 第 67 行.
NOTIC: [8] Undefined variable: nav2 E:\xampp\htdocs\t\User\Runtime\Cache\User\6ce2d41e34d33ee4ed5b9dbfcef1fd23.php 第 70 行.
NOTIC: [8] Undefined variable: nav3 E:\xampp\htdocs\t\User\Runtime\Cache\User\6ce2d41e34d33ee4ed5b9dbfcef1fd23.php 第 73 行.
NOTIC: [8] Undefined variable: nav4 E:\xampp\htdocs\t\User\Runtime\Cache\User\6ce2d41e34d33ee4ed5b9dbfcef1fd23.php 第 76 行.
NOTIC: [8] Undefined index: user_name E:\xampp\htdocs\t\User\Runtime\Cache\User\6ce2d41e34d33ee4ed5b9dbfcef1fd23.php 第 81 行.
INFO: ParseTemplate Behavior ::run [ RunTime:0.022002s ]
INFO: [ view_parse ] --END-- [ RunTime:0.022002s ]
INFO: [ view_filter ] --START--
INFO: ContentReplace Behavior ::run [ RunTime:0.001000s ]
INFO: TokenBuild Behavior ::run [ RunTime:0.000000s ]
INFO: WriteHtmlCache Behavior ::run [ RunTime:0.001000s ]
INFO: ShowRuntime Behavior ::run [ RunTime:0.001000s ]
INFO: [ view_filter ] --END-- [ RunTime:0.004000s ]
INFO: [ view_end ] --START--
INFO: ShowPageTrace Behavior ::run [ RunTime:0.001000s ]
INFO: [ view_end ] --END-- [ RunTime:0.001000s ]

[ 2014-04-01T00:58:10+08:00 ] 127.0.0.1 /t/
INFO: [ app_begin ] --START--
INFO: ReadHtmlCache Behavior ::run [ RunTime:0.001000s ]
INFO: [ app_begin ] --END-- [ RunTime:0.002000s ]
INFO: [ view_parse ] --START--
NOTIC: [8] Undefined variable: nav2 E:\xampp\htdocs\t\User\Runtime\Cache\User\31f71441c69b45e90211c42e2a90e094.php 第 70 行.
NOTIC: [8] Undefined variable: nav3 E:\xampp\htdocs\t\User\Runtime\Cache\User\31f71441c69b45e90211c42e2a90e094.php 第 73 行.
NOTIC: [8] Undefined variable: nav4 E:\xampp\htdocs\t\User\Runtime\Cache\User\31f71441c69b45e90211c42e2a90e094.php 第 76 行.
NOTIC: [8] Undefined index: user_name E:\xampp\htdocs\t\User\Runtime\Cache\User\31f71441c69b45e90211c42e2a90e094.php 第 81 行.
INFO: ParseTemplate Behavior ::run [ RunTime:0.017001s ]
INFO: [ view_parse ] --END-- [ RunTime:0.017001s ]
INFO: [ view_filter ] --START--
INFO: ContentReplace Behavior ::run [ RunTime:0.001000s ]
INFO: TokenBuild Behavior ::run [ RunTime:0.001000s ]
INFO: WriteHtmlCache Behavior ::run [ RunTime:0.000000s ]
INFO: ShowRuntime Behavior ::run [ RunTime:0.001000s ]
INFO: [ view_filter ] --END-- [ RunTime:0.003000s ]
INFO: [ view_end ] --START--
INFO: ShowPageTrace Behavior ::run [ RunTime:0.001000s ]
INFO: [ view_end ] --END-- [ RunTime:0.001000s ]

[ 2014-04-01T00:58:33+08:00 ] 127.0.0.1 /t/
INFO: [ app_begin ] --START--
INFO: ReadHtmlCache Behavior ::run [ RunTime:0.001000s ]
INFO: [ app_begin ] --END-- [ RunTime:0.001000s ]
INFO: [ view_parse ] --START--
NOTIC: [8] Undefined variable: nav2 E:\xampp\htdocs\t\User\Runtime\Cache\User\31f71441c69b45e90211c42e2a90e094.php 第 70 行.
NOTIC: [8] Undefined variable: nav3 E:\xampp\htdocs\t\User\Runtime\Cache\User\31f71441c69b45e90211c42e2a90e094.php 第 73 行.
NOTIC: [8] Undefined variable: nav4 E:\xampp\htdocs\t\User\Runtime\Cache\User\31f71441c69b45e90211c42e2a90e094.php 第 76 行.
NOTIC: [8] Undefined index: user_name E:\xampp\htdocs\t\User\Runtime\Cache\User\31f71441c69b45e90211c42e2a90e094.php 第 81 行.
INFO: ParseTemplate Behavior ::run [ RunTime:0.020001s ]
INFO: [ view_parse ] --END-- [ RunTime:0.020001s ]
INFO: [ view_filter ] --START--
INFO: ContentReplace Behavior ::run [ RunTime:0.001000s ]
INFO: TokenBuild Behavior ::run [ RunTime:0.000000s ]
INFO: WriteHtmlCache Behavior ::run [ RunTime:0.001000s ]
INFO: ShowRuntime Behavior ::run [ RunTime:0.001001s ]
INFO: [ view_filter ] --END-- [ RunTime:0.003001s ]
INFO: [ view_end ] --START--
INFO: ShowPageTrace Behavior ::run [ RunTime:0.001000s ]
INFO: [ view_end ] --END-- [ RunTime:0.001000s ]

[ 2014-04-01T00:58:50+08:00 ] 127.0.0.1 /t/
INFO: [ app_begin ] --START--
INFO: ReadHtmlCache Behavior ::run [ RunTime:0.001000s ]
INFO: [ app_begin ] --END-- [ RunTime:0.001000s ]
INFO: [ view_parse ] --START--
NOTIC: [8] Undefined variable: nav2 E:\xampp\htdocs\t\User\Runtime\Cache\User\31f71441c69b45e90211c42e2a90e094.php 第 70 行.
NOTIC: [8] Undefined variable: nav3 E:\xampp\htdocs\t\User\Runtime\Cache\User\31f71441c69b45e90211c42e2a90e094.php 第 73 行.
NOTIC: [8] Undefined variable: nav4 E:\xampp\htdocs\t\User\Runtime\Cache\User\31f71441c69b45e90211c42e2a90e094.php 第 76 行.
NOTIC: [8] Undefined index: user_name E:\xampp\htdocs\t\User\Runtime\Cache\User\31f71441c69b45e90211c42e2a90e094.php 第 81 行.
INFO: ParseTemplate Behavior ::run [ RunTime:0.017001s ]
INFO: [ view_parse ] --END-- [ RunTime:0.017001s ]
INFO: [ view_filter ] --START--
INFO: ContentReplace Behavior ::run [ RunTime:0.001000s ]
INFO: TokenBuild Behavior ::run [ RunTime:0.000000s ]
INFO: WriteHtmlCache Behavior ::run [ RunTime:0.001000s ]
INFO: ShowRuntime Behavior ::run [ RunTime:0.000000s ]
INFO: [ view_filter ] --END-- [ RunTime:0.002000s ]
INFO: [ view_end ] --START--
INFO: ShowPageTrace Behavior ::run [ RunTime:0.000000s ]
INFO: [ view_end ] --END-- [ RunTime:0.000000s ]

[ 2014-04-01T00:59:27+08:00 ] 127.0.0.1 /t/
INFO: [ app_begin ] --START--
INFO: ReadHtmlCache Behavior ::run [ RunTime:0.001000s ]
INFO: [ app_begin ] --END-- [ RunTime:0.001000s ]
INFO: [ view_parse ] --START--
NOTIC: [8] Undefined variable: nav2 E:\xampp\htdocs\t\User\Runtime\Cache\User\31f71441c69b45e90211c42e2a90e094.php 第 70 行.
NOTIC: [8] Undefined variable: nav3 E:\xampp\htdocs\t\User\Runtime\Cache\User\31f71441c69b45e90211c42e2a90e094.php 第 73 行.
NOTIC: [8] Undefined variable: nav4 E:\xampp\htdocs\t\User\Runtime\Cache\User\31f71441c69b45e90211c42e2a90e094.php 第 76 行.
NOTIC: [8] Undefined index: user_name E:\xampp\htdocs\t\User\Runtime\Cache\User\31f71441c69b45e90211c42e2a90e094.php 第 81 行.
INFO: ParseTemplate Behavior ::run [ RunTime:0.017001s ]
INFO: [ view_parse ] --END-- [ RunTime:0.017001s ]
INFO: [ view_filter ] --START--
INFO: ContentReplace Behavior ::run [ RunTime:0.001000s ]
INFO: TokenBuild Behavior ::run [ RunTime:0.001001s ]
INFO: WriteHtmlCache Behavior ::run [ RunTime:0.000000s ]
INFO: ShowRuntime Behavior ::run [ RunTime:0.001000s ]
INFO: [ view_filter ] --END-- [ RunTime:0.003001s ]
INFO: [ view_end ] --START--
INFO: ShowPageTrace Behavior ::run [ RunTime:0.001000s ]
INFO: [ view_end ] --END-- [ RunTime:0.001000s ]

[ 2014-04-01T00:59:39+08:00 ] 127.0.0.1 /t/Vote/Show/type/1.html
INFO: [ route_check ] --START--
INFO: CheckRoute Behavior ::run [ RunTime:0.001000s ]
INFO: [ route_check ] --END-- [ RunTime:0.001000s ]
INFO: [ app_begin ] --START--
INFO: ReadHtmlCache Behavior ::run [ RunTime:0.002001s ]
INFO: [ app_begin ] --END-- [ RunTime:0.002001s ]
NOTIC: [2048] Declaration of VoteAction::Show() should be compatible with Action::show($content, $charset = '', $contentType = '', $prefix = '') E:\xampp\htdocs\t\User\Lib\Action\User\VoteAction.class.php 第 123 行.
SQL: SHOW COLUMNS FROM `br_community` [ RunTime:0.008000s ]
SQL: SELECT * FROM `br_community` WHERE ( cstatus = 1 ) ORDER BY cpoint desc,ccreatetime  [ RunTime:0.003000s ]
INFO: [ view_parse ] --START--
NOTIC: [8] Undefined variable: nav1 E:\xampp\htdocs\t\User\Runtime\Cache\User\6ce2d41e34d33ee4ed5b9dbfcef1fd23.php 第 67 行.
NOTIC: [8] Undefined variable: nav2 E:\xampp\htdocs\t\User\Runtime\Cache\User\6ce2d41e34d33ee4ed5b9dbfcef1fd23.php 第 70 行.
NOTIC: [8] Undefined variable: nav3 E:\xampp\htdocs\t\User\Runtime\Cache\User\6ce2d41e34d33ee4ed5b9dbfcef1fd23.php 第 73 行.
NOTIC: [8] Undefined variable: nav4 E:\xampp\htdocs\t\User\Runtime\Cache\User\6ce2d41e34d33ee4ed5b9dbfcef1fd23.php 第 76 行.
NOTIC: [8] Undefined index: user_name E:\xampp\htdocs\t\User\Runtime\Cache\User\6ce2d41e34d33ee4ed5b9dbfcef1fd23.php 第 81 行.
INFO: ParseTemplate Behavior ::run [ RunTime:0.020001s ]
INFO: [ view_parse ] --END-- [ RunTime:0.020001s ]
INFO: [ view_filter ] --START--
INFO: ContentReplace Behavior ::run [ RunTime:0.001001s ]
INFO: TokenBuild Behavior ::run [ RunTime:0.001000s ]
INFO: WriteHtmlCache Behavior ::run [ RunTime:0.001000s ]
INFO: ShowRuntime Behavior ::run [ RunTime:0.000000s ]
INFO: [ view_filter ] --END-- [ RunTime:0.004001s ]
INFO: [ view_end ] --START--
INFO: ShowPageTrace Behavior ::run [ RunTime:0.002000s ]
INFO: [ view_end ] --END-- [ RunTime:0.002000s ]

[ 2014-04-01T01:00:12+08:00 ] 127.0.0.1 /t/
INFO: [ app_begin ] --START--
INFO: ReadHtmlCache Behavior ::run [ RunTime:0.001000s ]
INFO: [ app_begin ] --END-- [ RunTime:0.001000s ]
INFO: [ view_parse ] --START--
NOTIC: [8] Undefined variable: nav2 E:\xampp\htdocs\t\User\Runtime\Cache\User\31f71441c69b45e90211c42e2a90e094.php 第 70 行.
NOTIC: [8] Undefined variable: nav3 E:\xampp\htdocs\t\User\Runtime\Cache\User\31f71441c69b45e90211c42e2a90e094.php 第 73 行.
NOTIC: [8] Undefined variable: nav4 E:\xampp\htdocs\t\User\Runtime\Cache\User\31f71441c69b45e90211c42e2a90e094.php 第 76 行.
NOTIC: [8] Undefined index: user_name E:\xampp\htdocs\t\User\Runtime\Cache\User\31f71441c69b45e90211c42e2a90e094.php 第 81 行.
INFO: ParseTemplate Behavior ::run [ RunTime:0.017001s ]
INFO: [ view_parse ] --END-- [ RunTime:0.017001s ]
INFO: [ view_filter ] --START--
INFO: ContentReplace Behavior ::run [ RunTime:0.001000s ]
INFO: TokenBuild Behavior ::run [ RunTime:0.001000s ]
INFO: WriteHtmlCache Behavior ::run [ RunTime:0.000000s ]
INFO: ShowRuntime Behavior ::run [ RunTime:0.001000s ]
INFO: [ view_filter ] --END-- [ RunTime:0.003000s ]
INFO: [ view_end ] --START--
INFO: ShowPageTrace Behavior ::run [ RunTime:0.001000s ]
INFO: [ view_end ] --END-- [ RunTime:0.001000s ]

