[ 2014-02-26T19:11:54+08:00 ] 127.0.0.1 /t/
INFO: [ app_begin ] --START--
INFO: ReadHtmlCache Behavior ::run [ RunTime:0.029001s ]
INFO: [ app_begin ] --END-- [ RunTime:0.047002s ]
INFO: [ view_parse ] --START--
NOTIC: [8] Undefined variable: nav2 E:\xampp\htdocs\t\User\Runtime\Cache\User\31f71441c69b45e90211c42e2a90e094.php 第 69 行.
NOTIC: [8] Undefined variable: nav3 E:\xampp\htdocs\t\User\Runtime\Cache\User\31f71441c69b45e90211c42e2a90e094.php 第 72 行.
NOTIC: [8] Undefined variable: nav4 E:\xampp\htdocs\t\User\Runtime\Cache\User\31f71441c69b45e90211c42e2a90e094.php 第 75 行.
NOTIC: [8] Undefined index: user_name E:\xampp\htdocs\t\User\Runtime\Cache\User\31f71441c69b45e90211c42e2a90e094.php 第 80 行.
INFO: ParseTemplate Behavior ::run [ RunTime:0.148009s ]
INFO: [ view_parse ] --END-- [ RunTime:0.148009s ]
INFO: [ view_filter ] --START--
INFO: ContentReplace Behavior ::run [ RunTime:0.018001s ]
INFO: TokenBuild Behavior ::run [ RunTime:0.003000s ]
INFO: WriteHtmlCache Behavior ::run [ RunTime:0.002000s ]
INFO: ShowRuntime Behavior ::run [ RunTime:0.004000s ]
INFO: [ view_filter ] --END-- [ RunTime:0.027001s ]
INFO: [ view_end ] --START--
INFO: ShowPageTrace Behavior ::run [ RunTime:0.003001s ]
INFO: [ view_end ] --END-- [ RunTime:0.003001s ]

