[ 2014-02-27T17:54:41+08:00 ] 127.0.0.1 /t/
INFO: [ app_begin ] --START--
INFO: ReadHtmlCache Behavior ::run [ RunTime:0.040002s ]
INFO: [ app_begin ] --END-- [ RunTime:0.123007s ]
INFO: [ view_parse ] --START--
NOTIC: [8] Undefined variable: nav2 E:\xampp\htdocs\t\User\Runtime\Cache\User\31f71441c69b45e90211c42e2a90e094.php 第 69 行.
NOTIC: [8] Undefined variable: nav3 E:\xampp\htdocs\t\User\Runtime\Cache\User\31f71441c69b45e90211c42e2a90e094.php 第 72 行.
NOTIC: [8] Undefined variable: nav4 E:\xampp\htdocs\t\User\Runtime\Cache\User\31f71441c69b45e90211c42e2a90e094.php 第 75 行.
NOTIC: [8] Undefined index: user_name E:\xampp\htdocs\t\User\Runtime\Cache\User\31f71441c69b45e90211c42e2a90e094.php 第 80 行.
INFO: ParseTemplate Behavior ::run [ RunTime:0.235014s ]
INFO: [ view_parse ] --END-- [ RunTime:0.235014s ]
INFO: [ view_filter ] --START--
INFO: ContentReplace Behavior ::run [ RunTime:0.018001s ]
INFO: TokenBuild Behavior ::run [ RunTime:0.003000s ]
INFO: WriteHtmlCache Behavior ::run [ RunTime:0.004000s ]
INFO: ShowRuntime Behavior ::run [ RunTime:0.004001s ]
INFO: [ view_filter ] --END-- [ RunTime:0.029002s ]
INFO: [ view_end ] --START--
INFO: ShowPageTrace Behavior ::run [ RunTime:0.003000s ]
INFO: [ view_end ] --END-- [ RunTime:0.003000s ]

[ 2014-02-27T17:55:06+08:00 ] 127.0.0.1 /t/Community.html
INFO: [ route_check ] --START--
INFO: CheckRoute Behavior ::run [ RunTime:0.021001s ]
INFO: [ route_check ] --END-- [ RunTime:0.021001s ]
INFO: [ app_begin ] --START--
INFO: ReadHtmlCache Behavior ::run [ RunTime:0.001001s ]
INFO: [ app_begin ] --END-- [ RunTime:0.001001s ]
NOTIC: [2048] Declaration of CommunityAction::Show() should be compatible with Action::show($content, $charset = '', $contentType = '', $prefix = '') E:\xampp\htdocs\t\User\Lib\Action\User\CommunityAction.class.php 第 101 行.
SQL: SHOW COLUMNS FROM `br_community` [ RunTime:0.107007s ]
SQL: SELECT COUNT(*) AS tp_count FROM `br_community` LIMIT 1   [ RunTime:0.004001s ]
SQL: SELECT * FROM `br_community` ORDER BY cid LIMIT 0,12   [ RunTime:0.010000s ]
INFO: [ view_parse ] --START--
NOTIC: [8] Undefined variable: nav1 E:\xampp\htdocs\t\User\Runtime\Cache\User\a07737abf35d289f8570ff8a2beb3bc2.php 第 66 行.
NOTIC: [8] Undefined variable: nav3 E:\xampp\htdocs\t\User\Runtime\Cache\User\a07737abf35d289f8570ff8a2beb3bc2.php 第 72 行.
NOTIC: [8] Undefined variable: nav4 E:\xampp\htdocs\t\User\Runtime\Cache\User\a07737abf35d289f8570ff8a2beb3bc2.php 第 75 行.
NOTIC: [8] Undefined index: user_name E:\xampp\htdocs\t\User\Runtime\Cache\User\a07737abf35d289f8570ff8a2beb3bc2.php 第 80 行.
NOTIC: [8] Undefined variable: tab1 E:\xampp\htdocs\t\User\Runtime\Cache\User\a07737abf35d289f8570ff8a2beb3bc2.php 第 133 行.
NOTIC: [8] Undefined variable: tab2 E:\xampp\htdocs\t\User\Runtime\Cache\User\a07737abf35d289f8570ff8a2beb3bc2.php 第 136 行.
NOTIC: [8] Undefined variable: tab3 E:\xampp\htdocs\t\User\Runtime\Cache\User\a07737abf35d289f8570ff8a2beb3bc2.php 第 139 行.
NOTIC: [8] Undefined variable: tab4 E:\xampp\htdocs\t\User\Runtime\Cache\User\a07737abf35d289f8570ff8a2beb3bc2.php 第 142 行.
NOTIC: [8] Undefined variable: tab5 E:\xampp\htdocs\t\User\Runtime\Cache\User\a07737abf35d289f8570ff8a2beb3bc2.php 第 145 行.
NOTIC: [8] Undefined index: cslogan E:\xampp\htdocs\t\User\Runtime\Cache\User\a07737abf35d289f8570ff8a2beb3bc2.php 第 158 行.
NOTIC: [8] Undefined index: cslogan E:\xampp\htdocs\t\User\Runtime\Cache\User\a07737abf35d289f8570ff8a2beb3bc2.php 第 158 行.
NOTIC: [8] Undefined index: cslogan E:\xampp\htdocs\t\User\Runtime\Cache\User\a07737abf35d289f8570ff8a2beb3bc2.php 第 158 行.
NOTIC: [8] Undefined index: cslogan E:\xampp\htdocs\t\User\Runtime\Cache\User\a07737abf35d289f8570ff8a2beb3bc2.php 第 158 行.
NOTIC: [8] Undefined index: cslogan E:\xampp\htdocs\t\User\Runtime\Cache\User\a07737abf35d289f8570ff8a2beb3bc2.php 第 158 行.
NOTIC: [8] Undefined index: cslogan E:\xampp\htdocs\t\User\Runtime\Cache\User\a07737abf35d289f8570ff8a2beb3bc2.php 第 158 行.
NOTIC: [8] Undefined index: cslogan E:\xampp\htdocs\t\User\Runtime\Cache\User\a07737abf35d289f8570ff8a2beb3bc2.php 第 158 行.
NOTIC: [8] Undefined index: cslogan E:\xampp\htdocs\t\User\Runtime\Cache\User\a07737abf35d289f8570ff8a2beb3bc2.php 第 158 行.
NOTIC: [8] Undefined index: cslogan E:\xampp\htdocs\t\User\Runtime\Cache\User\a07737abf35d289f8570ff8a2beb3bc2.php 第 158 行.
NOTIC: [8] Undefined index: cslogan E:\xampp\htdocs\t\User\Runtime\Cache\User\a07737abf35d289f8570ff8a2beb3bc2.php 第 158 行.
NOTIC: [8] Undefined index: cslogan E:\xampp\htdocs\t\User\Runtime\Cache\User\a07737abf35d289f8570ff8a2beb3bc2.php 第 158 行.
NOTIC: [8] Undefined index: cslogan E:\xampp\htdocs\t\User\Runtime\Cache\User\a07737abf35d289f8570ff8a2beb3bc2.php 第 158 行.
INFO: ParseTemplate Behavior ::run [ RunTime:0.057003s ]
INFO: [ view_parse ] --END-- [ RunTime:0.057003s ]
INFO: [ view_filter ] --START--
INFO: ContentReplace Behavior ::run [ RunTime:0.002000s ]
INFO: TokenBuild Behavior ::run [ RunTime:0.001000s ]
INFO: WriteHtmlCache Behavior ::run [ RunTime:0.000000s ]
INFO: ShowRuntime Behavior ::run [ RunTime:0.002000s ]
INFO: [ view_filter ] --END-- [ RunTime:0.005000s ]
INFO: [ view_end ] --START--
INFO: ShowPageTrace Behavior ::run [ RunTime:0.001000s ]
INFO: [ view_end ] --END-- [ RunTime:0.001000s ]

[ 2014-02-27T17:55:44+08:00 ] 127.0.0.1 /t/Community/Show/type/2.html
INFO: [ route_check ] --START--
INFO: CheckRoute Behavior ::run [ RunTime:0.002000s ]
INFO: [ route_check ] --END-- [ RunTime:0.002000s ]
INFO: [ app_begin ] --START--
INFO: ReadHtmlCache Behavior ::run [ RunTime:0.002000s ]
INFO: [ app_begin ] --END-- [ RunTime:0.002000s ]
NOTIC: [2048] Declaration of CommunityAction::Show() should be compatible with Action::show($content, $charset = '', $contentType = '', $prefix = '') E:\xampp\htdocs\t\User\Lib\Action\User\CommunityAction.class.php 第 101 行.
SQL: SHOW COLUMNS FROM `br_community` [ RunTime:0.008001s ]
SQL: SELECT COUNT(*) AS tp_count FROM `br_community` WHERE ( ctype = 2 ) LIMIT 1   [ RunTime:0.024001s ]
SQL: SELECT * FROM `br_community` WHERE ( ctype = 2 ) ORDER BY cid LIMIT 0,12   [ RunTime:0.000000s ]
INFO: [ view_parse ] --START--
NOTIC: [8] Undefined variable: nav1 E:\xampp\htdocs\t\User\Runtime\Cache\User\a07737abf35d289f8570ff8a2beb3bc2.php 第 66 行.
NOTIC: [8] Undefined variable: nav3 E:\xampp\htdocs\t\User\Runtime\Cache\User\a07737abf35d289f8570ff8a2beb3bc2.php 第 72 行.
NOTIC: [8] Undefined variable: nav4 E:\xampp\htdocs\t\User\Runtime\Cache\User\a07737abf35d289f8570ff8a2beb3bc2.php 第 75 行.
NOTIC: [8] Undefined index: user_name E:\xampp\htdocs\t\User\Runtime\Cache\User\a07737abf35d289f8570ff8a2beb3bc2.php 第 80 行.
NOTIC: [8] Undefined variable: tab0 E:\xampp\htdocs\t\User\Runtime\Cache\User\a07737abf35d289f8570ff8a2beb3bc2.php 第 130 行.
NOTIC: [8] Undefined variable: tab1 E:\xampp\htdocs\t\User\Runtime\Cache\User\a07737abf35d289f8570ff8a2beb3bc2.php 第 133 行.
NOTIC: [8] Undefined variable: tab3 E:\xampp\htdocs\t\User\Runtime\Cache\User\a07737abf35d289f8570ff8a2beb3bc2.php 第 139 行.
NOTIC: [8] Undefined variable: tab4 E:\xampp\htdocs\t\User\Runtime\Cache\User\a07737abf35d289f8570ff8a2beb3bc2.php 第 142 行.
NOTIC: [8] Undefined variable: tab5 E:\xampp\htdocs\t\User\Runtime\Cache\User\a07737abf35d289f8570ff8a2beb3bc2.php 第 145 行.
NOTIC: [8] Undefined index: cslogan E:\xampp\htdocs\t\User\Runtime\Cache\User\a07737abf35d289f8570ff8a2beb3bc2.php 第 158 行.
NOTIC: [8] Undefined index: cslogan E:\xampp\htdocs\t\User\Runtime\Cache\User\a07737abf35d289f8570ff8a2beb3bc2.php 第 158 行.
NOTIC: [8] Undefined index: cslogan E:\xampp\htdocs\t\User\Runtime\Cache\User\a07737abf35d289f8570ff8a2beb3bc2.php 第 158 行.
NOTIC: [8] Undefined index: cslogan E:\xampp\htdocs\t\User\Runtime\Cache\User\a07737abf35d289f8570ff8a2beb3bc2.php 第 158 行.
NOTIC: [8] Undefined index: cslogan E:\xampp\htdocs\t\User\Runtime\Cache\User\a07737abf35d289f8570ff8a2beb3bc2.php 第 158 行.
NOTIC: [8] Undefined index: cslogan E:\xampp\htdocs\t\User\Runtime\Cache\User\a07737abf35d289f8570ff8a2beb3bc2.php 第 158 行.
NOTIC: [8] Undefined index: cslogan E:\xampp\htdocs\t\User\Runtime\Cache\User\a07737abf35d289f8570ff8a2beb3bc2.php 第 158 行.
NOTIC: [8] Undefined index: cslogan E:\xampp\htdocs\t\User\Runtime\Cache\User\a07737abf35d289f8570ff8a2beb3bc2.php 第 158 行.
NOTIC: [8] Undefined index: cslogan E:\xampp\htdocs\t\User\Runtime\Cache\User\a07737abf35d289f8570ff8a2beb3bc2.php 第 158 行.
NOTIC: [8] Undefined index: cslogan E:\xampp\htdocs\t\User\Runtime\Cache\User\a07737abf35d289f8570ff8a2beb3bc2.php 第 158 行.
NOTIC: [8] Undefined index: cslogan E:\xampp\htdocs\t\User\Runtime\Cache\User\a07737abf35d289f8570ff8a2beb3bc2.php 第 158 行.
NOTIC: [8] Undefined index: cslogan E:\xampp\htdocs\t\User\Runtime\Cache\User\a07737abf35d289f8570ff8a2beb3bc2.php 第 158 行.
INFO: ParseTemplate Behavior ::run [ RunTime:0.019001s ]
INFO: [ view_parse ] --END-- [ RunTime:0.019001s ]
INFO: [ view_filter ] --START--
INFO: ContentReplace Behavior ::run [ RunTime:0.000000s ]
INFO: TokenBuild Behavior ::run [ RunTime:0.000000s ]
INFO: WriteHtmlCache Behavior ::run [ RunTime:0.000000s ]
INFO: ShowRuntime Behavior ::run [ RunTime:0.001000s ]
INFO: [ view_filter ] --END-- [ RunTime:0.002000s ]
INFO: [ view_end ] --START--
INFO: ShowPageTrace Behavior ::run [ RunTime:0.000000s ]
INFO: [ view_end ] --END-- [ RunTime:0.000000s ]

[ 2014-02-27T17:55:49+08:00 ] 127.0.0.1 /t/Community/Show/type/3.html
INFO: [ route_check ] --START--
INFO: CheckRoute Behavior ::run [ RunTime:0.002000s ]
INFO: [ route_check ] --END-- [ RunTime:0.002000s ]
INFO: [ app_begin ] --START--
INFO: ReadHtmlCache Behavior ::run [ RunTime:0.001001s ]
INFO: [ app_begin ] --END-- [ RunTime:0.001001s ]
NOTIC: [2048] Declaration of CommunityAction::Show() should be compatible with Action::show($content, $charset = '', $contentType = '', $prefix = '') E:\xampp\htdocs\t\User\Lib\Action\User\CommunityAction.class.php 第 101 行.
SQL: SHOW COLUMNS FROM `br_community` [ RunTime:0.008000s ]
SQL: SELECT COUNT(*) AS tp_count FROM `br_community` WHERE ( ctype = 3 ) LIMIT 1   [ RunTime:0.001000s ]
SQL: SELECT * FROM `br_community` WHERE ( ctype = 3 ) ORDER BY cid LIMIT 0,12   [ RunTime:0.016001s ]
INFO: [ view_parse ] --START--
NOTIC: [8] Undefined variable: nav1 E:\xampp\htdocs\t\User\Runtime\Cache\User\a07737abf35d289f8570ff8a2beb3bc2.php 第 66 行.
NOTIC: [8] Undefined variable: nav3 E:\xampp\htdocs\t\User\Runtime\Cache\User\a07737abf35d289f8570ff8a2beb3bc2.php 第 72 行.
NOTIC: [8] Undefined variable: nav4 E:\xampp\htdocs\t\User\Runtime\Cache\User\a07737abf35d289f8570ff8a2beb3bc2.php 第 75 行.
NOTIC: [8] Undefined index: user_name E:\xampp\htdocs\t\User\Runtime\Cache\User\a07737abf35d289f8570ff8a2beb3bc2.php 第 80 行.
NOTIC: [8] Undefined variable: tab0 E:\xampp\htdocs\t\User\Runtime\Cache\User\a07737abf35d289f8570ff8a2beb3bc2.php 第 130 行.
NOTIC: [8] Undefined variable: tab1 E:\xampp\htdocs\t\User\Runtime\Cache\User\a07737abf35d289f8570ff8a2beb3bc2.php 第 133 行.
NOTIC: [8] Undefined variable: tab2 E:\xampp\htdocs\t\User\Runtime\Cache\User\a07737abf35d289f8570ff8a2beb3bc2.php 第 136 行.
NOTIC: [8] Undefined variable: tab4 E:\xampp\htdocs\t\User\Runtime\Cache\User\a07737abf35d289f8570ff8a2beb3bc2.php 第 142 行.
NOTIC: [8] Undefined variable: tab5 E:\xampp\htdocs\t\User\Runtime\Cache\User\a07737abf35d289f8570ff8a2beb3bc2.php 第 145 行.
NOTIC: [8] Undefined index: cslogan E:\xampp\htdocs\t\User\Runtime\Cache\User\a07737abf35d289f8570ff8a2beb3bc2.php 第 158 行.
NOTIC: [8] Undefined index: cslogan E:\xampp\htdocs\t\User\Runtime\Cache\User\a07737abf35d289f8570ff8a2beb3bc2.php 第 158 行.
NOTIC: [8] Undefined index: cslogan E:\xampp\htdocs\t\User\Runtime\Cache\User\a07737abf35d289f8570ff8a2beb3bc2.php 第 158 行.
NOTIC: [8] Undefined index: cslogan E:\xampp\htdocs\t\User\Runtime\Cache\User\a07737abf35d289f8570ff8a2beb3bc2.php 第 158 行.
NOTIC: [8] Undefined index: cslogan E:\xampp\htdocs\t\User\Runtime\Cache\User\a07737abf35d289f8570ff8a2beb3bc2.php 第 158 行.
NOTIC: [8] Undefined index: cslogan E:\xampp\htdocs\t\User\Runtime\Cache\User\a07737abf35d289f8570ff8a2beb3bc2.php 第 158 行.
NOTIC: [8] Undefined index: cslogan E:\xampp\htdocs\t\User\Runtime\Cache\User\a07737abf35d289f8570ff8a2beb3bc2.php 第 158 行.
NOTIC: [8] Undefined index: cslogan E:\xampp\htdocs\t\User\Runtime\Cache\User\a07737abf35d289f8570ff8a2beb3bc2.php 第 158 行.
NOTIC: [8] Undefined index: cslogan E:\xampp\htdocs\t\User\Runtime\Cache\User\a07737abf35d289f8570ff8a2beb3bc2.php 第 158 行.
NOTIC: [8] Undefined index: cslogan E:\xampp\htdocs\t\User\Runtime\Cache\User\a07737abf35d289f8570ff8a2beb3bc2.php 第 158 行.
NOTIC: [8] Undefined index: cslogan E:\xampp\htdocs\t\User\Runtime\Cache\User\a07737abf35d289f8570ff8a2beb3bc2.php 第 158 行.
NOTIC: [8] Undefined index: cslogan E:\xampp\htdocs\t\User\Runtime\Cache\User\a07737abf35d289f8570ff8a2beb3bc2.php 第 158 行.
INFO: ParseTemplate Behavior ::run [ RunTime:0.018001s ]
INFO: [ view_parse ] --END-- [ RunTime:0.018001s ]
INFO: [ view_filter ] --START--
INFO: ContentReplace Behavior ::run [ RunTime:0.000000s ]
INFO: TokenBuild Behavior ::run [ RunTime:0.001000s ]
INFO: WriteHtmlCache Behavior ::run [ RunTime:0.000000s ]
INFO: ShowRuntime Behavior ::run [ RunTime:0.001000s ]
INFO: [ view_filter ] --END-- [ RunTime:0.002000s ]
INFO: [ view_end ] --START--
INFO: ShowPageTrace Behavior ::run [ RunTime:0.001001s ]
INFO: [ view_end ] --END-- [ RunTime:0.001001s ]

[ 2014-02-27T17:57:02+08:00 ] 127.0.0.1 /t/Community/ShowDetial/id/68.html
INFO: [ route_check ] --START--
INFO: CheckRoute Behavior ::run [ RunTime:0.003000s ]
INFO: [ route_check ] --END-- [ RunTime:0.003000s ]
INFO: [ app_begin ] --START--
INFO: ReadHtmlCache Behavior ::run [ RunTime:0.001000s ]
INFO: [ app_begin ] --END-- [ RunTime:0.001000s ]
NOTIC: [2048] Declaration of CommunityAction::Show() should be compatible with Action::show($content, $charset = '', $contentType = '', $prefix = '') E:\xampp\htdocs\t\User\Lib\Action\User\CommunityAction.class.php 第 101 行.
SQL: SHOW COLUMNS FROM `br_community` [ RunTime:0.009000s ]
SQL: SELECT * FROM `br_community` WHERE ( cid = 68 )  [ RunTime:0.038003s ]
INFO: [ view_parse ] --START--
NOTIC: [8] Undefined variable: nav1 E:\xampp\htdocs\t\User\Runtime\Cache\User\af4b8ff0564272b44cd9043b1636bf57.php 第 66 行.
NOTIC: [8] Undefined variable: nav3 E:\xampp\htdocs\t\User\Runtime\Cache\User\af4b8ff0564272b44cd9043b1636bf57.php 第 72 行.
NOTIC: [8] Undefined variable: nav4 E:\xampp\htdocs\t\User\Runtime\Cache\User\af4b8ff0564272b44cd9043b1636bf57.php 第 75 行.
NOTIC: [8] Undefined index: user_name E:\xampp\htdocs\t\User\Runtime\Cache\User\af4b8ff0564272b44cd9043b1636bf57.php 第 80 行.
INFO: ParseTemplate Behavior ::run [ RunTime:0.056003s ]
INFO: [ view_parse ] --END-- [ RunTime:0.057003s ]
INFO: [ view_filter ] --START--
INFO: ContentReplace Behavior ::run [ RunTime:0.000000s ]
INFO: TokenBuild Behavior ::run [ RunTime:0.001000s ]
INFO: WriteHtmlCache Behavior ::run [ RunTime:0.001000s ]
INFO: ShowRuntime Behavior ::run [ RunTime:0.000000s ]
INFO: [ view_filter ] --END-- [ RunTime:0.002000s ]
INFO: [ view_end ] --START--
INFO: ShowPageTrace Behavior ::run [ RunTime:0.001000s ]
INFO: [ view_end ] --END-- [ RunTime:0.001000s ]

[ 2014-02-27T17:58:04+08:00 ] 127.0.0.1 /t/Login/Login.html
INFO: [ route_check ] --START--
INFO: CheckRoute Behavior ::run [ RunTime:0.001000s ]
INFO: [ route_check ] --END-- [ RunTime:0.001000s ]
INFO: [ app_begin ] --START--
INFO: ReadHtmlCache Behavior ::run [ RunTime:0.001000s ]
INFO: [ app_begin ] --END-- [ RunTime:0.001000s ]
SQL: SHOW COLUMNS FROM `br_user` [ RunTime:0.052003s ]
SQL: SELECT * FROM `br_user` WHERE ( ykt = '213120497' )  [ RunTime:0.001000s ]

[ 2014-02-27T17:58:19+08:00 ] 127.0.0.1 /t/Login/Login.html
INFO: [ route_check ] --START--
INFO: CheckRoute Behavior ::run [ RunTime:0.001000s ]
INFO: [ route_check ] --END-- [ RunTime:0.002000s ]
INFO: [ app_begin ] --START--
INFO: ReadHtmlCache Behavior ::run [ RunTime:0.001000s ]
INFO: [ app_begin ] --END-- [ RunTime:0.001000s ]
SQL: SHOW COLUMNS FROM `br_user` [ RunTime:0.009001s ]
SQL: SELECT * FROM `br_user` WHERE ( ykt = '123456789' )  [ RunTime:0.001000s ]
SQL: UPDATE `br_user` SET `logintime`=1393495099,`loginip`='127.0.0.1' WHERE ( `uid` = 14 ) [ RunTime:0.023001s ]

[ 2014-02-27T17:58:20+08:00 ] 127.0.0.1 /t/Community/ShowDetial/id/68.html
INFO: [ route_check ] --START--
INFO: CheckRoute Behavior ::run [ RunTime:0.001000s ]
INFO: [ route_check ] --END-- [ RunTime:0.001000s ]
INFO: [ app_begin ] --START--
INFO: ReadHtmlCache Behavior ::run [ RunTime:0.001000s ]
INFO: [ app_begin ] --END-- [ RunTime:0.001000s ]
NOTIC: [2048] Declaration of CommunityAction::Show() should be compatible with Action::show($content, $charset = '', $contentType = '', $prefix = '') E:\xampp\htdocs\t\User\Lib\Action\User\CommunityAction.class.php 第 101 行.
SQL: SHOW COLUMNS FROM `br_community` [ RunTime:0.011000s ]
SQL: SELECT * FROM `br_community` WHERE ( cid = 68 )  [ RunTime:0.001001s ]
INFO: [ view_parse ] --START--
NOTIC: [8] Undefined variable: nav1 E:\xampp\htdocs\t\User\Runtime\Cache\User\af4b8ff0564272b44cd9043b1636bf57.php 第 66 行.
NOTIC: [8] Undefined variable: nav3 E:\xampp\htdocs\t\User\Runtime\Cache\User\af4b8ff0564272b44cd9043b1636bf57.php 第 72 行.
NOTIC: [8] Undefined variable: nav4 E:\xampp\htdocs\t\User\Runtime\Cache\User\af4b8ff0564272b44cd9043b1636bf57.php 第 75 行.
INFO: ParseTemplate Behavior ::run [ RunTime:0.020001s ]
INFO: [ view_parse ] --END-- [ RunTime:0.021001s ]
INFO: [ view_filter ] --START--
INFO: ContentReplace Behavior ::run [ RunTime:0.002000s ]
INFO: TokenBuild Behavior ::run [ RunTime:0.001000s ]
INFO: WriteHtmlCache Behavior ::run [ RunTime:0.000000s ]
INFO: ShowRuntime Behavior ::run [ RunTime:0.000000s ]
INFO: [ view_filter ] --END-- [ RunTime:0.004000s ]
INFO: [ view_end ] --START--
INFO: ShowPageTrace Behavior ::run [ RunTime:0.000000s ]
INFO: [ view_end ] --END-- [ RunTime:0.001000s ]

[ 2014-02-27T17:58:24+08:00 ] 127.0.0.1 /t/Office.html
INFO: [ route_check ] --START--
INFO: CheckRoute Behavior ::run [ RunTime:0.001000s ]
INFO: [ route_check ] --END-- [ RunTime:0.002000s ]
INFO: [ app_begin ] --START--
INFO: ReadHtmlCache Behavior ::run [ RunTime:0.001000s ]
INFO: [ app_begin ] --END-- [ RunTime:0.001000s ]
NOTIC: [2048] Declaration of OfficeAction::Show() should be compatible with Action::show($content, $charset = '', $contentType = '', $prefix = '') E:\xampp\htdocs\t\User\Lib\Action\User\OfficeAction.class.php 第 179 行.
INFO: [ view_parse ] --START--
NOTIC: [8] Undefined variable: nav1 E:\xampp\htdocs\t\User\Runtime\Cache\User\e5b574611600f340f8971129dc12d3b7.php 第 66 行.
NOTIC: [8] Undefined variable: nav2 E:\xampp\htdocs\t\User\Runtime\Cache\User\e5b574611600f340f8971129dc12d3b7.php 第 69 行.
NOTIC: [8] Undefined variable: nav3 E:\xampp\htdocs\t\User\Runtime\Cache\User\e5b574611600f340f8971129dc12d3b7.php 第 72 行.
NOTIC: [8] Undefined variable: type1_1 E:\xampp\htdocs\t\User\Runtime\Cache\User\e5b574611600f340f8971129dc12d3b7.php 第 215 行.
INFO: ParseTemplate Behavior ::run [ RunTime:0.061003s ]
INFO: [ view_parse ] --END-- [ RunTime:0.061003s ]
INFO: [ view_filter ] --START--
INFO: ContentReplace Behavior ::run [ RunTime:0.001000s ]
INFO: TokenBuild Behavior ::run [ RunTime:0.000000s ]
INFO: WriteHtmlCache Behavior ::run [ RunTime:0.001000s ]
INFO: ShowRuntime Behavior ::run [ RunTime:0.001000s ]
INFO: [ view_filter ] --END-- [ RunTime:0.003000s ]
INFO: [ view_end ] --START--
INFO: ShowPageTrace Behavior ::run [ RunTime:0.001000s ]
INFO: [ view_end ] --END-- [ RunTime:0.001000s ]

[ 2014-02-27T17:58:28+08:00 ] 127.0.0.1 /t/Login/Logout.html
INFO: [ route_check ] --START--
INFO: CheckRoute Behavior ::run [ RunTime:0.002000s ]
INFO: [ route_check ] --END-- [ RunTime:0.002000s ]
INFO: [ app_begin ] --START--
INFO: ReadHtmlCache Behavior ::run [ RunTime:0.000000s ]
INFO: [ app_begin ] --END-- [ RunTime:0.001000s ]

[ 2014-02-27T17:58:28+08:00 ] 127.0.0.1 /t/
INFO: [ app_begin ] --START--
INFO: ReadHtmlCache Behavior ::run [ RunTime:0.001000s ]
INFO: [ app_begin ] --END-- [ RunTime:0.001000s ]
INFO: [ view_parse ] --START--
NOTIC: [8] Undefined variable: nav2 E:\xampp\htdocs\t\User\Runtime\Cache\User\31f71441c69b45e90211c42e2a90e094.php 第 69 行.
NOTIC: [8] Undefined variable: nav3 E:\xampp\htdocs\t\User\Runtime\Cache\User\31f71441c69b45e90211c42e2a90e094.php 第 72 行.
NOTIC: [8] Undefined variable: nav4 E:\xampp\htdocs\t\User\Runtime\Cache\User\31f71441c69b45e90211c42e2a90e094.php 第 75 行.
NOTIC: [8] Undefined index: user_name E:\xampp\htdocs\t\User\Runtime\Cache\User\31f71441c69b45e90211c42e2a90e094.php 第 80 行.
INFO: ParseTemplate Behavior ::run [ RunTime:0.016001s ]
INFO: [ view_parse ] --END-- [ RunTime:0.016001s ]
INFO: [ view_filter ] --START--
INFO: ContentReplace Behavior ::run [ RunTime:0.000000s ]
INFO: TokenBuild Behavior ::run [ RunTime:0.001000s ]
INFO: WriteHtmlCache Behavior ::run [ RunTime:0.000000s ]
INFO: ShowRuntime Behavior ::run [ RunTime:0.001000s ]
INFO: [ view_filter ] --END-- [ RunTime:0.002000s ]
INFO: [ view_end ] --START--
INFO: ShowPageTrace Behavior ::run [ RunTime:0.001000s ]
INFO: [ view_end ] --END-- [ RunTime:0.001000s ]

[ 2014-02-27T17:58:39+08:00 ] 127.0.0.1 /t/Login/Login.html
INFO: [ route_check ] --START--
INFO: CheckRoute Behavior ::run [ RunTime:0.001000s ]
INFO: [ route_check ] --END-- [ RunTime:0.001000s ]
INFO: [ app_begin ] --START--
INFO: ReadHtmlCache Behavior ::run [ RunTime:0.001000s ]
INFO: [ app_begin ] --END-- [ RunTime:0.001000s ]
SQL: SHOW COLUMNS FROM `br_user` [ RunTime:0.012000s ]
SQL: SELECT * FROM `br_user` WHERE ( ykt = '213120497' )  [ RunTime:0.001000s ]

[ 2014-02-27T17:59:54+08:00 ] 127.0.0.1 /t/Login/Login.html
INFO: [ route_check ] --START--
INFO: CheckRoute Behavior ::run [ RunTime:0.005000s ]
INFO: [ route_check ] --END-- [ RunTime:0.005000s ]
INFO: [ app_begin ] --START--
INFO: ReadHtmlCache Behavior ::run [ RunTime:0.003000s ]
INFO: [ app_begin ] --END-- [ RunTime:0.003000s ]
SQL: SHOW COLUMNS FROM `br_user` [ RunTime:0.011000s ]
SQL: SELECT * FROM `br_user` WHERE ( ykt = '213120498' )  [ RunTime:0.000000s ]
SQL: UPDATE `br_user` SET `logintime`=1393495194,`loginip`='127.0.0.1' WHERE ( `uid` = 12 ) [ RunTime:0.050003s ]

[ 2014-02-27T17:59:54+08:00 ] 127.0.0.1 /t/
INFO: [ app_begin ] --START--
INFO: ReadHtmlCache Behavior ::run [ RunTime:0.002000s ]
INFO: [ app_begin ] --END-- [ RunTime:0.002000s ]
INFO: [ view_parse ] --START--
NOTIC: [8] Undefined variable: nav2 E:\xampp\htdocs\t\User\Runtime\Cache\User\31f71441c69b45e90211c42e2a90e094.php 第 69 行.
NOTIC: [8] Undefined variable: nav3 E:\xampp\htdocs\t\User\Runtime\Cache\User\31f71441c69b45e90211c42e2a90e094.php 第 72 行.
NOTIC: [8] Undefined variable: nav4 E:\xampp\htdocs\t\User\Runtime\Cache\User\31f71441c69b45e90211c42e2a90e094.php 第 75 行.
INFO: ParseTemplate Behavior ::run [ RunTime:0.027002s ]
INFO: [ view_parse ] --END-- [ RunTime:0.027002s ]
INFO: [ view_filter ] --START--
INFO: ContentReplace Behavior ::run [ RunTime:0.004000s ]
INFO: TokenBuild Behavior ::run [ RunTime:0.002000s ]
INFO: WriteHtmlCache Behavior ::run [ RunTime:0.002000s ]
INFO: ShowRuntime Behavior ::run [ RunTime:0.002000s ]
INFO: [ view_filter ] --END-- [ RunTime:0.010000s ]
INFO: [ view_end ] --START--
INFO: ShowPageTrace Behavior ::run [ RunTime:0.004001s ]
INFO: [ view_end ] --END-- [ RunTime:0.004001s ]

[ 2014-02-27T17:59:57+08:00 ] 127.0.0.1 /t/Office.html
INFO: [ route_check ] --START--
INFO: CheckRoute Behavior ::run [ RunTime:0.001000s ]
INFO: [ route_check ] --END-- [ RunTime:0.002000s ]
INFO: [ app_begin ] --START--
INFO: ReadHtmlCache Behavior ::run [ RunTime:0.000000s ]
INFO: [ app_begin ] --END-- [ RunTime:0.001000s ]
NOTIC: [2048] Declaration of OfficeAction::Show() should be compatible with Action::show($content, $charset = '', $contentType = '', $prefix = '') E:\xampp\htdocs\t\User\Lib\Action\User\OfficeAction.class.php 第 179 行.
INFO: [ view_parse ] --START--
NOTIC: [8] Undefined variable: nav1 E:\xampp\htdocs\t\User\Runtime\Cache\User\e5b574611600f340f8971129dc12d3b7.php 第 66 行.
NOTIC: [8] Undefined variable: nav2 E:\xampp\htdocs\t\User\Runtime\Cache\User\e5b574611600f340f8971129dc12d3b7.php 第 69 行.
NOTIC: [8] Undefined variable: nav3 E:\xampp\htdocs\t\User\Runtime\Cache\User\e5b574611600f340f8971129dc12d3b7.php 第 72 行.
NOTIC: [8] Undefined variable: type2_1 E:\xampp\htdocs\t\User\Runtime\Cache\User\e5b574611600f340f8971129dc12d3b7.php 第 141 行.
NOTIC: [8] Undefined variable: type2_2 E:\xampp\htdocs\t\User\Runtime\Cache\User\e5b574611600f340f8971129dc12d3b7.php 第 144 行.
NOTIC: [8] Undefined variable: type2_3 E:\xampp\htdocs\t\User\Runtime\Cache\User\e5b574611600f340f8971129dc12d3b7.php 第 147 行.
NOTIC: [8] Undefined variable: type2_4 E:\xampp\htdocs\t\User\Runtime\Cache\User\e5b574611600f340f8971129dc12d3b7.php 第 150 行.
NOTIC: [8] Undefined variable: type2_5 E:\xampp\htdocs\t\User\Runtime\Cache\User\e5b574611600f340f8971129dc12d3b7.php 第 153 行.
NOTIC: [8] Undefined variable: type2_6 E:\xampp\htdocs\t\User\Runtime\Cache\User\e5b574611600f340f8971129dc12d3b7.php 第 156 行.
NOTIC: [8] Undefined variable: type2_7 E:\xampp\htdocs\t\User\Runtime\Cache\User\e5b574611600f340f8971129dc12d3b7.php 第 160 行.
NOTIC: [8] Undefined variable: type2_8 E:\xampp\htdocs\t\User\Runtime\Cache\User\e5b574611600f340f8971129dc12d3b7.php 第 167 行.
NOTIC: [8] Undefined variable: type2_9 E:\xampp\htdocs\t\User\Runtime\Cache\User\e5b574611600f340f8971129dc12d3b7.php 第 170 行.
NOTIC: [8] Undefined variable: type2_11 E:\xampp\htdocs\t\User\Runtime\Cache\User\e5b574611600f340f8971129dc12d3b7.php 第 173 行.
NOTIC: [8] Undefined variable: type2_12 E:\xampp\htdocs\t\User\Runtime\Cache\User\e5b574611600f340f8971129dc12d3b7.php 第 176 行.
NOTIC: [8] Undefined variable: type2_10 E:\xampp\htdocs\t\User\Runtime\Cache\User\e5b574611600f340f8971129dc12d3b7.php 第 179 行.
INFO: ParseTemplate Behavior ::run [ RunTime:0.023002s ]
INFO: [ view_parse ] --END-- [ RunTime:0.023002s ]
INFO: [ view_filter ] --START--
INFO: ContentReplace Behavior ::run [ RunTime:0.000000s ]
INFO: TokenBuild Behavior ::run [ RunTime:0.001000s ]
INFO: WriteHtmlCache Behavior ::run [ RunTime:0.001000s ]
INFO: ShowRuntime Behavior ::run [ RunTime:0.002000s ]
INFO: [ view_filter ] --END-- [ RunTime:0.004000s ]
INFO: [ view_end ] --START--
INFO: ShowPageTrace Behavior ::run [ RunTime:0.001000s ]
INFO: [ view_end ] --END-- [ RunTime:0.001000s ]

[ 2014-02-27T18:00:15+08:00 ] 127.0.0.1 /t/Office/Show/type/8/gp/2.html
INFO: [ route_check ] --START--
INFO: CheckRoute Behavior ::run [ RunTime:0.001000s ]
INFO: [ route_check ] --END-- [ RunTime:0.001000s ]
INFO: [ app_begin ] --START--
INFO: ReadHtmlCache Behavior ::run [ RunTime:0.001000s ]
INFO: [ app_begin ] --END-- [ RunTime:0.001000s ]
NOTIC: [2048] Declaration of OfficeAction::Show() should be compatible with Action::show($content, $charset = '', $contentType = '', $prefix = '') E:\xampp\htdocs\t\User\Lib\Action\User\OfficeAction.class.php 第 179 行.
INFO: [ view_parse ] --START--
NOTIC: [8] Undefined variable: nav1 E:\xampp\htdocs\t\User\Runtime\Cache\User\e5b574611600f340f8971129dc12d3b7.php 第 66 行.
NOTIC: [8] Undefined variable: nav2 E:\xampp\htdocs\t\User\Runtime\Cache\User\e5b574611600f340f8971129dc12d3b7.php 第 69 行.
NOTIC: [8] Undefined variable: nav3 E:\xampp\htdocs\t\User\Runtime\Cache\User\e5b574611600f340f8971129dc12d3b7.php 第 72 行.
NOTIC: [8] Undefined variable: type2_1 E:\xampp\htdocs\t\User\Runtime\Cache\User\e5b574611600f340f8971129dc12d3b7.php 第 141 行.
NOTIC: [8] Undefined variable: type2_2 E:\xampp\htdocs\t\User\Runtime\Cache\User\e5b574611600f340f8971129dc12d3b7.php 第 144 行.
NOTIC: [8] Undefined variable: type2_3 E:\xampp\htdocs\t\User\Runtime\Cache\User\e5b574611600f340f8971129dc12d3b7.php 第 147 行.
NOTIC: [8] Undefined variable: type2_4 E:\xampp\htdocs\t\User\Runtime\Cache\User\e5b574611600f340f8971129dc12d3b7.php 第 150 行.
NOTIC: [8] Undefined variable: type2_5 E:\xampp\htdocs\t\User\Runtime\Cache\User\e5b574611600f340f8971129dc12d3b7.php 第 153 行.
NOTIC: [8] Undefined variable: type2_6 E:\xampp\htdocs\t\User\Runtime\Cache\User\e5b574611600f340f8971129dc12d3b7.php 第 156 行.
NOTIC: [8] Undefined variable: type2_7 E:\xampp\htdocs\t\User\Runtime\Cache\User\e5b574611600f340f8971129dc12d3b7.php 第 160 行.
NOTIC: [8] Undefined variable: type2_9 E:\xampp\htdocs\t\User\Runtime\Cache\User\e5b574611600f340f8971129dc12d3b7.php 第 170 行.
NOTIC: [8] Undefined variable: type2_11 E:\xampp\htdocs\t\User\Runtime\Cache\User\e5b574611600f340f8971129dc12d3b7.php 第 173 行.
NOTIC: [8] Undefined variable: type2_12 E:\xampp\htdocs\t\User\Runtime\Cache\User\e5b574611600f340f8971129dc12d3b7.php 第 176 行.
NOTIC: [8] Undefined variable: type2_10 E:\xampp\htdocs\t\User\Runtime\Cache\User\e5b574611600f340f8971129dc12d3b7.php 第 179 行.
INFO: ParseTemplate Behavior ::run [ RunTime:0.090005s ]
INFO: [ view_parse ] --END-- [ RunTime:0.091006s ]
INFO: [ view_filter ] --START--
INFO: ContentReplace Behavior ::run [ RunTime:0.000000s ]
INFO: TokenBuild Behavior ::run [ RunTime:0.001000s ]
INFO: WriteHtmlCache Behavior ::run [ RunTime:0.001000s ]
INFO: ShowRuntime Behavior ::run [ RunTime:0.000000s ]
INFO: [ view_filter ] --END-- [ RunTime:0.002000s ]
INFO: [ view_end ] --START--
INFO: ShowPageTrace Behavior ::run [ RunTime:0.000000s ]
INFO: [ view_end ] --END-- [ RunTime:0.000000s ]

[ 2014-02-27T18:00:16+08:00 ] 127.0.0.1 /t/Community/GetDetial/id/6.html
INFO: [ route_check ] --START--
INFO: CheckRoute Behavior ::run [ RunTime:0.002000s ]
INFO: [ route_check ] --END-- [ RunTime:0.002000s ]
INFO: [ app_begin ] --START--
INFO: ReadHtmlCache Behavior ::run [ RunTime:0.001000s ]
INFO: [ app_begin ] --END-- [ RunTime:0.001000s ]
NOTIC: [2048] Declaration of CommunityAction::Show() should be compatible with Action::show($content, $charset = '', $contentType = '', $prefix = '') E:\xampp\htdocs\t\User\Lib\Action\User\CommunityAction.class.php 第 101 行.
SQL: SHOW COLUMNS FROM `br_community` [ RunTime:0.009001s ]
SQL: SELECT * FROM `br_community` WHERE ( cid = 6 )  [ RunTime:0.000000s ]

[ 2014-02-27T18:03:56+08:00 ] 127.0.0.1 /t/Community.html
INFO: [ route_check ] --START--
INFO: CheckRoute Behavior ::run [ RunTime:0.001000s ]
INFO: [ route_check ] --END-- [ RunTime:0.002000s ]
INFO: [ app_begin ] --START--
INFO: ReadHtmlCache Behavior ::run [ RunTime:0.001000s ]
INFO: [ app_begin ] --END-- [ RunTime:0.001000s ]
NOTIC: [2048] Declaration of CommunityAction::Show() should be compatible with Action::show($content, $charset = '', $contentType = '', $prefix = '') E:\xampp\htdocs\t\User\Lib\Action\User\CommunityAction.class.php 第 101 行.
SQL: SHOW COLUMNS FROM `br_community` [ RunTime:0.010000s ]
SQL: SELECT COUNT(*) AS tp_count FROM `br_community` LIMIT 1   [ RunTime:0.000000s ]
SQL: SELECT * FROM `br_community` ORDER BY cid LIMIT 0,12   [ RunTime:0.001000s ]
INFO: [ view_parse ] --START--
NOTIC: [8] Undefined variable: nav1 E:\xampp\htdocs\t\User\Runtime\Cache\User\a07737abf35d289f8570ff8a2beb3bc2.php 第 66 行.
NOTIC: [8] Undefined variable: nav3 E:\xampp\htdocs\t\User\Runtime\Cache\User\a07737abf35d289f8570ff8a2beb3bc2.php 第 72 行.
NOTIC: [8] Undefined variable: nav4 E:\xampp\htdocs\t\User\Runtime\Cache\User\a07737abf35d289f8570ff8a2beb3bc2.php 第 75 行.
NOTIC: [8] Undefined variable: tab1 E:\xampp\htdocs\t\User\Runtime\Cache\User\a07737abf35d289f8570ff8a2beb3bc2.php 第 133 行.
NOTIC: [8] Undefined variable: tab2 E:\xampp\htdocs\t\User\Runtime\Cache\User\a07737abf35d289f8570ff8a2beb3bc2.php 第 136 行.
NOTIC: [8] Undefined variable: tab3 E:\xampp\htdocs\t\User\Runtime\Cache\User\a07737abf35d289f8570ff8a2beb3bc2.php 第 139 行.
NOTIC: [8] Undefined variable: tab4 E:\xampp\htdocs\t\User\Runtime\Cache\User\a07737abf35d289f8570ff8a2beb3bc2.php 第 142 行.
NOTIC: [8] Undefined variable: tab5 E:\xampp\htdocs\t\User\Runtime\Cache\User\a07737abf35d289f8570ff8a2beb3bc2.php 第 145 行.
NOTIC: [8] Undefined index: cslogan E:\xampp\htdocs\t\User\Runtime\Cache\User\a07737abf35d289f8570ff8a2beb3bc2.php 第 158 行.
NOTIC: [8] Undefined index: cslogan E:\xampp\htdocs\t\User\Runtime\Cache\User\a07737abf35d289f8570ff8a2beb3bc2.php 第 158 行.
NOTIC: [8] Undefined index: cslogan E:\xampp\htdocs\t\User\Runtime\Cache\User\a07737abf35d289f8570ff8a2beb3bc2.php 第 158 行.
NOTIC: [8] Undefined index: cslogan E:\xampp\htdocs\t\User\Runtime\Cache\User\a07737abf35d289f8570ff8a2beb3bc2.php 第 158 行.
NOTIC: [8] Undefined index: cslogan E:\xampp\htdocs\t\User\Runtime\Cache\User\a07737abf35d289f8570ff8a2beb3bc2.php 第 158 行.
NOTIC: [8] Undefined index: cslogan E:\xampp\htdocs\t\User\Runtime\Cache\User\a07737abf35d289f8570ff8a2beb3bc2.php 第 158 行.
NOTIC: [8] Undefined index: cslogan E:\xampp\htdocs\t\User\Runtime\Cache\User\a07737abf35d289f8570ff8a2beb3bc2.php 第 158 行.
NOTIC: [8] Undefined index: cslogan E:\xampp\htdocs\t\User\Runtime\Cache\User\a07737abf35d289f8570ff8a2beb3bc2.php 第 158 行.
NOTIC: [8] Undefined index: cslogan E:\xampp\htdocs\t\User\Runtime\Cache\User\a07737abf35d289f8570ff8a2beb3bc2.php 第 158 行.
NOTIC: [8] Undefined index: cslogan E:\xampp\htdocs\t\User\Runtime\Cache\User\a07737abf35d289f8570ff8a2beb3bc2.php 第 158 行.
NOTIC: [8] Undefined index: cslogan E:\xampp\htdocs\t\User\Runtime\Cache\User\a07737abf35d289f8570ff8a2beb3bc2.php 第 158 行.
NOTIC: [8] Undefined index: cslogan E:\xampp\htdocs\t\User\Runtime\Cache\User\a07737abf35d289f8570ff8a2beb3bc2.php 第 158 行.
INFO: ParseTemplate Behavior ::run [ RunTime:0.020002s ]
INFO: [ view_parse ] --END-- [ RunTime:0.020002s ]
INFO: [ view_filter ] --START--
INFO: ContentReplace Behavior ::run [ RunTime:0.000000s ]
INFO: TokenBuild Behavior ::run [ RunTime:0.000000s ]
INFO: WriteHtmlCache Behavior ::run [ RunTime:0.001000s ]
INFO: ShowRuntime Behavior ::run [ RunTime:0.000000s ]
INFO: [ view_filter ] --END-- [ RunTime:0.002000s ]
INFO: [ view_end ] --START--
INFO: ShowPageTrace Behavior ::run [ RunTime:0.001000s ]
INFO: [ view_end ] --END-- [ RunTime:0.001000s ]

[ 2014-02-27T18:04:00+08:00 ] 127.0.0.1 /t/Community/Show/type/1.html
INFO: [ route_check ] --START--
INFO: CheckRoute Behavior ::run [ RunTime:0.001000s ]
INFO: [ route_check ] --END-- [ RunTime:0.002000s ]
INFO: [ app_begin ] --START--
INFO: ReadHtmlCache Behavior ::run [ RunTime:0.001000s ]
INFO: [ app_begin ] --END-- [ RunTime:0.001000s ]
NOTIC: [2048] Declaration of CommunityAction::Show() should be compatible with Action::show($content, $charset = '', $contentType = '', $prefix = '') E:\xampp\htdocs\t\User\Lib\Action\User\CommunityAction.class.php 第 101 行.
SQL: SHOW COLUMNS FROM `br_community` [ RunTime:0.008001s ]
SQL: SELECT COUNT(*) AS tp_count FROM `br_community` WHERE ( ctype = 1 ) LIMIT 1   [ RunTime:0.001000s ]
SQL: SELECT * FROM `br_community` WHERE ( ctype = 1 ) ORDER BY cid LIMIT 0,12   [ RunTime:0.001000s ]
INFO: [ view_parse ] --START--
NOTIC: [8] Undefined variable: nav1 E:\xampp\htdocs\t\User\Runtime\Cache\User\a07737abf35d289f8570ff8a2beb3bc2.php 第 66 行.
NOTIC: [8] Undefined variable: nav3 E:\xampp\htdocs\t\User\Runtime\Cache\User\a07737abf35d289f8570ff8a2beb3bc2.php 第 72 行.
NOTIC: [8] Undefined variable: nav4 E:\xampp\htdocs\t\User\Runtime\Cache\User\a07737abf35d289f8570ff8a2beb3bc2.php 第 75 行.
NOTIC: [8] Undefined variable: tab0 E:\xampp\htdocs\t\User\Runtime\Cache\User\a07737abf35d289f8570ff8a2beb3bc2.php 第 130 行.
NOTIC: [8] Undefined variable: tab2 E:\xampp\htdocs\t\User\Runtime\Cache\User\a07737abf35d289f8570ff8a2beb3bc2.php 第 136 行.
NOTIC: [8] Undefined variable: tab3 E:\xampp\htdocs\t\User\Runtime\Cache\User\a07737abf35d289f8570ff8a2beb3bc2.php 第 139 行.
NOTIC: [8] Undefined variable: tab4 E:\xampp\htdocs\t\User\Runtime\Cache\User\a07737abf35d289f8570ff8a2beb3bc2.php 第 142 行.
NOTIC: [8] Undefined variable: tab5 E:\xampp\htdocs\t\User\Runtime\Cache\User\a07737abf35d289f8570ff8a2beb3bc2.php 第 145 行.
NOTIC: [8] Undefined index: cslogan E:\xampp\htdocs\t\User\Runtime\Cache\User\a07737abf35d289f8570ff8a2beb3bc2.php 第 158 行.
NOTIC: [8] Undefined index: cslogan E:\xampp\htdocs\t\User\Runtime\Cache\User\a07737abf35d289f8570ff8a2beb3bc2.php 第 158 行.
NOTIC: [8] Undefined index: cslogan E:\xampp\htdocs\t\User\Runtime\Cache\User\a07737abf35d289f8570ff8a2beb3bc2.php 第 158 行.
NOTIC: [8] Undefined index: cslogan E:\xampp\htdocs\t\User\Runtime\Cache\User\a07737abf35d289f8570ff8a2beb3bc2.php 第 158 行.
NOTIC: [8] Undefined index: cslogan E:\xampp\htdocs\t\User\Runtime\Cache\User\a07737abf35d289f8570ff8a2beb3bc2.php 第 158 行.
NOTIC: [8] Undefined index: cslogan E:\xampp\htdocs\t\User\Runtime\Cache\User\a07737abf35d289f8570ff8a2beb3bc2.php 第 158 行.
NOTIC: [8] Undefined index: cslogan E:\xampp\htdocs\t\User\Runtime\Cache\User\a07737abf35d289f8570ff8a2beb3bc2.php 第 158 行.
NOTIC: [8] Undefined index: cslogan E:\xampp\htdocs\t\User\Runtime\Cache\User\a07737abf35d289f8570ff8a2beb3bc2.php 第 158 行.
NOTIC: [8] Undefined index: cslogan E:\xampp\htdocs\t\User\Runtime\Cache\User\a07737abf35d289f8570ff8a2beb3bc2.php 第 158 行.
NOTIC: [8] Undefined index: cslogan E:\xampp\htdocs\t\User\Runtime\Cache\User\a07737abf35d289f8570ff8a2beb3bc2.php 第 158 行.
NOTIC: [8] Undefined index: cslogan E:\xampp\htdocs\t\User\Runtime\Cache\User\a07737abf35d289f8570ff8a2beb3bc2.php 第 158 行.
NOTIC: [8] Undefined index: cslogan E:\xampp\htdocs\t\User\Runtime\Cache\User\a07737abf35d289f8570ff8a2beb3bc2.php 第 158 行.
INFO: ParseTemplate Behavior ::run [ RunTime:0.018001s ]
INFO: [ view_parse ] --END-- [ RunTime:0.018001s ]
INFO: [ view_filter ] --START--
INFO: ContentReplace Behavior ::run [ RunTime:0.001000s ]
INFO: TokenBuild Behavior ::run [ RunTime:0.000000s ]
INFO: WriteHtmlCache Behavior ::run [ RunTime:0.001000s ]
INFO: ShowRuntime Behavior ::run [ RunTime:0.000000s ]
INFO: [ view_filter ] --END-- [ RunTime:0.002000s ]
INFO: [ view_end ] --START--
INFO: ShowPageTrace Behavior ::run [ RunTime:0.001000s ]
INFO: [ view_end ] --END-- [ RunTime:0.001000s ]

[ 2014-02-27T18:04:03+08:00 ] 127.0.0.1 /t/Community/Show/type/0.html
INFO: [ route_check ] --START--
INFO: CheckRoute Behavior ::run [ RunTime:0.001000s ]
INFO: [ route_check ] --END-- [ RunTime:0.001000s ]
INFO: [ app_begin ] --START--
INFO: ReadHtmlCache Behavior ::run [ RunTime:0.000000s ]
INFO: [ app_begin ] --END-- [ RunTime:0.001000s ]
NOTIC: [2048] Declaration of CommunityAction::Show() should be compatible with Action::show($content, $charset = '', $contentType = '', $prefix = '') E:\xampp\htdocs\t\User\Lib\Action\User\CommunityAction.class.php 第 101 行.
SQL: SHOW COLUMNS FROM `br_community` [ RunTime:0.010000s ]
SQL: SELECT COUNT(*) AS tp_count FROM `br_community` LIMIT 1   [ RunTime:0.001001s ]
SQL: SELECT * FROM `br_community` ORDER BY cid LIMIT 0,12   [ RunTime:0.001000s ]
INFO: [ view_parse ] --START--
NOTIC: [8] Undefined variable: nav1 E:\xampp\htdocs\t\User\Runtime\Cache\User\a07737abf35d289f8570ff8a2beb3bc2.php 第 66 行.
NOTIC: [8] Undefined variable: nav3 E:\xampp\htdocs\t\User\Runtime\Cache\User\a07737abf35d289f8570ff8a2beb3bc2.php 第 72 行.
NOTIC: [8] Undefined variable: nav4 E:\xampp\htdocs\t\User\Runtime\Cache\User\a07737abf35d289f8570ff8a2beb3bc2.php 第 75 行.
NOTIC: [8] Undefined variable: tab1 E:\xampp\htdocs\t\User\Runtime\Cache\User\a07737abf35d289f8570ff8a2beb3bc2.php 第 133 行.
NOTIC: [8] Undefined variable: tab2 E:\xampp\htdocs\t\User\Runtime\Cache\User\a07737abf35d289f8570ff8a2beb3bc2.php 第 136 行.
NOTIC: [8] Undefined variable: tab3 E:\xampp\htdocs\t\User\Runtime\Cache\User\a07737abf35d289f8570ff8a2beb3bc2.php 第 139 行.
NOTIC: [8] Undefined variable: tab4 E:\xampp\htdocs\t\User\Runtime\Cache\User\a07737abf35d289f8570ff8a2beb3bc2.php 第 142 行.
NOTIC: [8] Undefined variable: tab5 E:\xampp\htdocs\t\User\Runtime\Cache\User\a07737abf35d289f8570ff8a2beb3bc2.php 第 145 行.
NOTIC: [8] Undefined index: cslogan E:\xampp\htdocs\t\User\Runtime\Cache\User\a07737abf35d289f8570ff8a2beb3bc2.php 第 158 行.
NOTIC: [8] Undefined index: cslogan E:\xampp\htdocs\t\User\Runtime\Cache\User\a07737abf35d289f8570ff8a2beb3bc2.php 第 158 行.
NOTIC: [8] Undefined index: cslogan E:\xampp\htdocs\t\User\Runtime\Cache\User\a07737abf35d289f8570ff8a2beb3bc2.php 第 158 行.
NOTIC: [8] Undefined index: cslogan E:\xampp\htdocs\t\User\Runtime\Cache\User\a07737abf35d289f8570ff8a2beb3bc2.php 第 158 行.
NOTIC: [8] Undefined index: cslogan E:\xampp\htdocs\t\User\Runtime\Cache\User\a07737abf35d289f8570ff8a2beb3bc2.php 第 158 行.
NOTIC: [8] Undefined index: cslogan E:\xampp\htdocs\t\User\Runtime\Cache\User\a07737abf35d289f8570ff8a2beb3bc2.php 第 158 行.
NOTIC: [8] Undefined index: cslogan E:\xampp\htdocs\t\User\Runtime\Cache\User\a07737abf35d289f8570ff8a2beb3bc2.php 第 158 行.
NOTIC: [8] Undefined index: cslogan E:\xampp\htdocs\t\User\Runtime\Cache\User\a07737abf35d289f8570ff8a2beb3bc2.php 第 158 行.
NOTIC: [8] Undefined index: cslogan E:\xampp\htdocs\t\User\Runtime\Cache\User\a07737abf35d289f8570ff8a2beb3bc2.php 第 158 行.
NOTIC: [8] Undefined index: cslogan E:\xampp\htdocs\t\User\Runtime\Cache\User\a07737abf35d289f8570ff8a2beb3bc2.php 第 158 行.
NOTIC: [8] Undefined index: cslogan E:\xampp\htdocs\t\User\Runtime\Cache\User\a07737abf35d289f8570ff8a2beb3bc2.php 第 158 行.
NOTIC: [8] Undefined index: cslogan E:\xampp\htdocs\t\User\Runtime\Cache\User\a07737abf35d289f8570ff8a2beb3bc2.php 第 158 行.
INFO: ParseTemplate Behavior ::run [ RunTime:0.019001s ]
INFO: [ view_parse ] --END-- [ RunTime:0.019001s ]
INFO: [ view_filter ] --START--
INFO: ContentReplace Behavior ::run [ RunTime:0.001000s ]
INFO: TokenBuild Behavior ::run [ RunTime:0.000000s ]
INFO: WriteHtmlCache Behavior ::run [ RunTime:0.001000s ]
INFO: ShowRuntime Behavior ::run [ RunTime:0.000000s ]
INFO: [ view_filter ] --END-- [ RunTime:0.003000s ]
INFO: [ view_end ] --START--
INFO: ShowPageTrace Behavior ::run [ RunTime:0.001000s ]
INFO: [ view_end ] --END-- [ RunTime:0.001000s ]

[ 2014-02-27T18:04:12+08:00 ] 127.0.0.1 /t/Community.html
INFO: [ route_check ] --START--
INFO: CheckRoute Behavior ::run [ RunTime:0.001000s ]
INFO: [ route_check ] --END-- [ RunTime:0.001000s ]
INFO: [ app_begin ] --START--
INFO: ReadHtmlCache Behavior ::run [ RunTime:0.001000s ]
INFO: [ app_begin ] --END-- [ RunTime:0.001000s ]
NOTIC: [2048] Declaration of CommunityAction::Show() should be compatible with Action::show($content, $charset = '', $contentType = '', $prefix = '') E:\xampp\htdocs\t\User\Lib\Action\User\CommunityAction.class.php 第 101 行.
SQL: SHOW COLUMNS FROM `br_community` [ RunTime:0.012001s ]
SQL: SELECT COUNT(*) AS tp_count FROM `br_community` LIMIT 1   [ RunTime:0.001000s ]
SQL: SELECT * FROM `br_community` ORDER BY cid LIMIT 0,12   [ RunTime:0.000000s ]
INFO: [ view_parse ] --START--
NOTIC: [8] Undefined variable: nav1 E:\xampp\htdocs\t\User\Runtime\Cache\User\a07737abf35d289f8570ff8a2beb3bc2.php 第 66 行.
NOTIC: [8] Undefined variable: nav3 E:\xampp\htdocs\t\User\Runtime\Cache\User\a07737abf35d289f8570ff8a2beb3bc2.php 第 72 行.
NOTIC: [8] Undefined variable: nav4 E:\xampp\htdocs\t\User\Runtime\Cache\User\a07737abf35d289f8570ff8a2beb3bc2.php 第 75 行.
NOTIC: [8] Undefined variable: tab1 E:\xampp\htdocs\t\User\Runtime\Cache\User\a07737abf35d289f8570ff8a2beb3bc2.php 第 133 行.
NOTIC: [8] Undefined variable: tab2 E:\xampp\htdocs\t\User\Runtime\Cache\User\a07737abf35d289f8570ff8a2beb3bc2.php 第 136 行.
NOTIC: [8] Undefined variable: tab3 E:\xampp\htdocs\t\User\Runtime\Cache\User\a07737abf35d289f8570ff8a2beb3bc2.php 第 139 行.
NOTIC: [8] Undefined variable: tab4 E:\xampp\htdocs\t\User\Runtime\Cache\User\a07737abf35d289f8570ff8a2beb3bc2.php 第 142 行.
NOTIC: [8] Undefined variable: tab5 E:\xampp\htdocs\t\User\Runtime\Cache\User\a07737abf35d289f8570ff8a2beb3bc2.php 第 145 行.
NOTIC: [8] Undefined index: cslogan E:\xampp\htdocs\t\User\Runtime\Cache\User\a07737abf35d289f8570ff8a2beb3bc2.php 第 158 行.
NOTIC: [8] Undefined index: cslogan E:\xampp\htdocs\t\User\Runtime\Cache\User\a07737abf35d289f8570ff8a2beb3bc2.php 第 158 行.
NOTIC: [8] Undefined index: cslogan E:\xampp\htdocs\t\User\Runtime\Cache\User\a07737abf35d289f8570ff8a2beb3bc2.php 第 158 行.
NOTIC: [8] Undefined index: cslogan E:\xampp\htdocs\t\User\Runtime\Cache\User\a07737abf35d289f8570ff8a2beb3bc2.php 第 158 行.
NOTIC: [8] Undefined index: cslogan E:\xampp\htdocs\t\User\Runtime\Cache\User\a07737abf35d289f8570ff8a2beb3bc2.php 第 158 行.
NOTIC: [8] Undefined index: cslogan E:\xampp\htdocs\t\User\Runtime\Cache\User\a07737abf35d289f8570ff8a2beb3bc2.php 第 158 行.
NOTIC: [8] Undefined index: cslogan E:\xampp\htdocs\t\User\Runtime\Cache\User\a07737abf35d289f8570ff8a2beb3bc2.php 第 158 行.
NOTIC: [8] Undefined index: cslogan E:\xampp\htdocs\t\User\Runtime\Cache\User\a07737abf35d289f8570ff8a2beb3bc2.php 第 158 行.
NOTIC: [8] Undefined index: cslogan E:\xampp\htdocs\t\User\Runtime\Cache\User\a07737abf35d289f8570ff8a2beb3bc2.php 第 158 行.
NOTIC: [8] Undefined index: cslogan E:\xampp\htdocs\t\User\Runtime\Cache\User\a07737abf35d289f8570ff8a2beb3bc2.php 第 158 行.
NOTIC: [8] Undefined index: cslogan E:\xampp\htdocs\t\User\Runtime\Cache\User\a07737abf35d289f8570ff8a2beb3bc2.php 第 158 行.
NOTIC: [8] Undefined index: cslogan E:\xampp\htdocs\t\User\Runtime\Cache\User\a07737abf35d289f8570ff8a2beb3bc2.php 第 158 行.
INFO: ParseTemplate Behavior ::run [ RunTime:0.020001s ]
INFO: [ view_parse ] --END-- [ RunTime:0.020001s ]
INFO: [ view_filter ] --START--
INFO: ContentReplace Behavior ::run [ RunTime:0.001001s ]
INFO: TokenBuild Behavior ::run [ RunTime:0.000000s ]
INFO: WriteHtmlCache Behavior ::run [ RunTime:0.001000s ]
INFO: ShowRuntime Behavior ::run [ RunTime:0.000000s ]
INFO: [ view_filter ] --END-- [ RunTime:0.002001s ]
INFO: [ view_end ] --START--
INFO: ShowPageTrace Behavior ::run [ RunTime:0.001000s ]
INFO: [ view_end ] --END-- [ RunTime:0.001000s ]

[ 2014-02-27T18:04:14+08:00 ] 127.0.0.1 /t/Community/Show/type/1.html
INFO: [ route_check ] --START--
INFO: CheckRoute Behavior ::run [ RunTime:0.001000s ]
INFO: [ route_check ] --END-- [ RunTime:0.001000s ]
INFO: [ app_begin ] --START--
INFO: ReadHtmlCache Behavior ::run [ RunTime:0.000000s ]
INFO: [ app_begin ] --END-- [ RunTime:0.000000s ]
NOTIC: [2048] Declaration of CommunityAction::Show() should be compatible with Action::show($content, $charset = '', $contentType = '', $prefix = '') E:\xampp\htdocs\t\User\Lib\Action\User\CommunityAction.class.php 第 101 行.
SQL: SHOW COLUMNS FROM `br_community` [ RunTime:0.013001s ]
SQL: SELECT COUNT(*) AS tp_count FROM `br_community` WHERE ( ctype = 1 ) LIMIT 1   [ RunTime:0.001000s ]
SQL: SELECT * FROM `br_community` WHERE ( ctype = 1 ) ORDER BY cid LIMIT 0,12   [ RunTime:0.001000s ]
INFO: [ view_parse ] --START--
NOTIC: [8] Undefined variable: nav1 E:\xampp\htdocs\t\User\Runtime\Cache\User\a07737abf35d289f8570ff8a2beb3bc2.php 第 66 行.
NOTIC: [8] Undefined variable: nav3 E:\xampp\htdocs\t\User\Runtime\Cache\User\a07737abf35d289f8570ff8a2beb3bc2.php 第 72 行.
NOTIC: [8] Undefined variable: nav4 E:\xampp\htdocs\t\User\Runtime\Cache\User\a07737abf35d289f8570ff8a2beb3bc2.php 第 75 行.
NOTIC: [8] Undefined variable: tab0 E:\xampp\htdocs\t\User\Runtime\Cache\User\a07737abf35d289f8570ff8a2beb3bc2.php 第 130 行.
NOTIC: [8] Undefined variable: tab2 E:\xampp\htdocs\t\User\Runtime\Cache\User\a07737abf35d289f8570ff8a2beb3bc2.php 第 136 行.
NOTIC: [8] Undefined variable: tab3 E:\xampp\htdocs\t\User\Runtime\Cache\User\a07737abf35d289f8570ff8a2beb3bc2.php 第 139 行.
NOTIC: [8] Undefined variable: tab4 E:\xampp\htdocs\t\User\Runtime\Cache\User\a07737abf35d289f8570ff8a2beb3bc2.php 第 142 行.
NOTIC: [8] Undefined variable: tab5 E:\xampp\htdocs\t\User\Runtime\Cache\User\a07737abf35d289f8570ff8a2beb3bc2.php 第 145 行.
NOTIC: [8] Undefined index: cslogan E:\xampp\htdocs\t\User\Runtime\Cache\User\a07737abf35d289f8570ff8a2beb3bc2.php 第 158 行.
NOTIC: [8] Undefined index: cslogan E:\xampp\htdocs\t\User\Runtime\Cache\User\a07737abf35d289f8570ff8a2beb3bc2.php 第 158 行.
NOTIC: [8] Undefined index: cslogan E:\xampp\htdocs\t\User\Runtime\Cache\User\a07737abf35d289f8570ff8a2beb3bc2.php 第 158 行.
NOTIC: [8] Undefined index: cslogan E:\xampp\htdocs\t\User\Runtime\Cache\User\a07737abf35d289f8570ff8a2beb3bc2.php 第 158 行.
NOTIC: [8] Undefined index: cslogan E:\xampp\htdocs\t\User\Runtime\Cache\User\a07737abf35d289f8570ff8a2beb3bc2.php 第 158 行.
NOTIC: [8] Undefined index: cslogan E:\xampp\htdocs\t\User\Runtime\Cache\User\a07737abf35d289f8570ff8a2beb3bc2.php 第 158 行.
NOTIC: [8] Undefined index: cslogan E:\xampp\htdocs\t\User\Runtime\Cache\User\a07737abf35d289f8570ff8a2beb3bc2.php 第 158 行.
NOTIC: [8] Undefined index: cslogan E:\xampp\htdocs\t\User\Runtime\Cache\User\a07737abf35d289f8570ff8a2beb3bc2.php 第 158 行.
NOTIC: [8] Undefined index: cslogan E:\xampp\htdocs\t\User\Runtime\Cache\User\a07737abf35d289f8570ff8a2beb3bc2.php 第 158 行.
NOTIC: [8] Undefined index: cslogan E:\xampp\htdocs\t\User\Runtime\Cache\User\a07737abf35d289f8570ff8a2beb3bc2.php 第 158 行.
NOTIC: [8] Undefined index: cslogan E:\xampp\htdocs\t\User\Runtime\Cache\User\a07737abf35d289f8570ff8a2beb3bc2.php 第 158 行.
NOTIC: [8] Undefined index: cslogan E:\xampp\htdocs\t\User\Runtime\Cache\User\a07737abf35d289f8570ff8a2beb3bc2.php 第 158 行.
INFO: ParseTemplate Behavior ::run [ RunTime:0.018001s ]
INFO: [ view_parse ] --END-- [ RunTime:0.018001s ]
INFO: [ view_filter ] --START--
INFO: ContentReplace Behavior ::run [ RunTime:0.001000s ]
INFO: TokenBuild Behavior ::run [ RunTime:0.000000s ]
INFO: WriteHtmlCache Behavior ::run [ RunTime:0.000000s ]
INFO: ShowRuntime Behavior ::run [ RunTime:0.001001s ]
INFO: [ view_filter ] --END-- [ RunTime:0.002001s ]
INFO: [ view_end ] --START--
INFO: ShowPageTrace Behavior ::run [ RunTime:0.000000s ]
INFO: [ view_end ] --END-- [ RunTime:0.000000s ]

[ 2014-02-27T18:04:18+08:00 ] 127.0.0.1 /t/Community/Show/type/0.html
INFO: [ route_check ] --START--
INFO: CheckRoute Behavior ::run [ RunTime:0.001000s ]
INFO: [ route_check ] --END-- [ RunTime:0.001000s ]
INFO: [ app_begin ] --START--
INFO: ReadHtmlCache Behavior ::run [ RunTime:0.001001s ]
INFO: [ app_begin ] --END-- [ RunTime:0.001001s ]
NOTIC: [2048] Declaration of CommunityAction::Show() should be compatible with Action::show($content, $charset = '', $contentType = '', $prefix = '') E:\xampp\htdocs\t\User\Lib\Action\User\CommunityAction.class.php 第 101 行.
SQL: SHOW COLUMNS FROM `br_community` [ RunTime:0.007000s ]
SQL: SELECT COUNT(*) AS tp_count FROM `br_community` LIMIT 1   [ RunTime:0.000000s ]
SQL: SELECT * FROM `br_community` ORDER BY cid LIMIT 0,12   [ RunTime:0.001000s ]
INFO: [ view_parse ] --START--
NOTIC: [8] Undefined variable: nav1 E:\xampp\htdocs\t\User\Runtime\Cache\User\a07737abf35d289f8570ff8a2beb3bc2.php 第 66 行.
NOTIC: [8] Undefined variable: nav3 E:\xampp\htdocs\t\User\Runtime\Cache\User\a07737abf35d289f8570ff8a2beb3bc2.php 第 72 行.
NOTIC: [8] Undefined variable: nav4 E:\xampp\htdocs\t\User\Runtime\Cache\User\a07737abf35d289f8570ff8a2beb3bc2.php 第 75 行.
NOTIC: [8] Undefined variable: tab1 E:\xampp\htdocs\t\User\Runtime\Cache\User\a07737abf35d289f8570ff8a2beb3bc2.php 第 133 行.
NOTIC: [8] Undefined variable: tab2 E:\xampp\htdocs\t\User\Runtime\Cache\User\a07737abf35d289f8570ff8a2beb3bc2.php 第 136 行.
NOTIC: [8] Undefined variable: tab3 E:\xampp\htdocs\t\User\Runtime\Cache\User\a07737abf35d289f8570ff8a2beb3bc2.php 第 139 行.
NOTIC: [8] Undefined variable: tab4 E:\xampp\htdocs\t\User\Runtime\Cache\User\a07737abf35d289f8570ff8a2beb3bc2.php 第 142 行.
NOTIC: [8] Undefined variable: tab5 E:\xampp\htdocs\t\User\Runtime\Cache\User\a07737abf35d289f8570ff8a2beb3bc2.php 第 145 行.
NOTIC: [8] Undefined index: cslogan E:\xampp\htdocs\t\User\Runtime\Cache\User\a07737abf35d289f8570ff8a2beb3bc2.php 第 158 行.
NOTIC: [8] Undefined index: cslogan E:\xampp\htdocs\t\User\Runtime\Cache\User\a07737abf35d289f8570ff8a2beb3bc2.php 第 158 行.
NOTIC: [8] Undefined index: cslogan E:\xampp\htdocs\t\User\Runtime\Cache\User\a07737abf35d289f8570ff8a2beb3bc2.php 第 158 行.
NOTIC: [8] Undefined index: cslogan E:\xampp\htdocs\t\User\Runtime\Cache\User\a07737abf35d289f8570ff8a2beb3bc2.php 第 158 行.
NOTIC: [8] Undefined index: cslogan E:\xampp\htdocs\t\User\Runtime\Cache\User\a07737abf35d289f8570ff8a2beb3bc2.php 第 158 行.
NOTIC: [8] Undefined index: cslogan E:\xampp\htdocs\t\User\Runtime\Cache\User\a07737abf35d289f8570ff8a2beb3bc2.php 第 158 行.
NOTIC: [8] Undefined index: cslogan E:\xampp\htdocs\t\User\Runtime\Cache\User\a07737abf35d289f8570ff8a2beb3bc2.php 第 158 行.
NOTIC: [8] Undefined index: cslogan E:\xampp\htdocs\t\User\Runtime\Cache\User\a07737abf35d289f8570ff8a2beb3bc2.php 第 158 行.
NOTIC: [8] Undefined index: cslogan E:\xampp\htdocs\t\User\Runtime\Cache\User\a07737abf35d289f8570ff8a2beb3bc2.php 第 158 行.
NOTIC: [8] Undefined index: cslogan E:\xampp\htdocs\t\User\Runtime\Cache\User\a07737abf35d289f8570ff8a2beb3bc2.php 第 158 行.
NOTIC: [8] Undefined index: cslogan E:\xampp\htdocs\t\User\Runtime\Cache\User\a07737abf35d289f8570ff8a2beb3bc2.php 第 158 行.
NOTIC: [8] Undefined index: cslogan E:\xampp\htdocs\t\User\Runtime\Cache\User\a07737abf35d289f8570ff8a2beb3bc2.php 第 158 行.
INFO: ParseTemplate Behavior ::run [ RunTime:0.020001s ]
INFO: [ view_parse ] --END-- [ RunTime:0.020001s ]
INFO: [ view_filter ] --START--
INFO: ContentReplace Behavior ::run [ RunTime:0.001000s ]
INFO: TokenBuild Behavior ::run [ RunTime:0.001000s ]
INFO: WriteHtmlCache Behavior ::run [ RunTime:0.000000s ]
INFO: ShowRuntime Behavior ::run [ RunTime:0.001000s ]
INFO: [ view_filter ] --END-- [ RunTime:0.003000s ]
INFO: [ view_end ] --START--
INFO: ShowPageTrace Behavior ::run [ RunTime:0.001000s ]
INFO: [ view_end ] --END-- [ RunTime:0.001000s ]

[ 2014-02-27T18:06:38+08:00 ] 127.0.0.1 /t/Community/ShowDetial/id/1.html
INFO: [ route_check ] --START--
INFO: CheckRoute Behavior ::run [ RunTime:0.002001s ]
INFO: [ route_check ] --END-- [ RunTime:0.002001s ]
INFO: [ app_begin ] --START--
INFO: ReadHtmlCache Behavior ::run [ RunTime:0.001000s ]
INFO: [ app_begin ] --END-- [ RunTime:0.001000s ]
NOTIC: [2048] Declaration of CommunityAction::Show() should be compatible with Action::show($content, $charset = '', $contentType = '', $prefix = '') E:\xampp\htdocs\t\User\Lib\Action\User\CommunityAction.class.php 第 101 行.
SQL: SHOW COLUMNS FROM `br_community` [ RunTime:0.010000s ]
SQL: SELECT * FROM `br_community` WHERE ( cid = 1 )  [ RunTime:0.000000s ]
INFO: [ view_parse ] --START--
NOTIC: [8] Undefined variable: nav1 E:\xampp\htdocs\t\User\Runtime\Cache\User\af4b8ff0564272b44cd9043b1636bf57.php 第 66 行.
NOTIC: [8] Undefined variable: nav3 E:\xampp\htdocs\t\User\Runtime\Cache\User\af4b8ff0564272b44cd9043b1636bf57.php 第 72 行.
NOTIC: [8] Undefined variable: nav4 E:\xampp\htdocs\t\User\Runtime\Cache\User\af4b8ff0564272b44cd9043b1636bf57.php 第 75 行.
INFO: ParseTemplate Behavior ::run [ RunTime:0.018002s ]
INFO: [ view_parse ] --END-- [ RunTime:0.018002s ]
INFO: [ view_filter ] --START--
INFO: ContentReplace Behavior ::run [ RunTime:0.000000s ]
INFO: TokenBuild Behavior ::run [ RunTime:0.001000s ]
INFO: WriteHtmlCache Behavior ::run [ RunTime:0.001000s ]
INFO: ShowRuntime Behavior ::run [ RunTime:0.002000s ]
INFO: [ view_filter ] --END-- [ RunTime:0.004000s ]
INFO: [ view_end ] --START--
INFO: ShowPageTrace Behavior ::run [ RunTime:0.001000s ]
INFO: [ view_end ] --END-- [ RunTime:0.001000s ]

[ 2014-02-27T18:09:14+08:00 ] 127.0.0.1 /t/
INFO: [ app_begin ] --START--
INFO: ReadHtmlCache Behavior ::run [ RunTime:0.001000s ]
INFO: [ app_begin ] --END-- [ RunTime:0.001000s ]
INFO: [ view_parse ] --START--
NOTIC: [8] Undefined variable: nav2 E:\xampp\htdocs\t\User\Runtime\Cache\User\31f71441c69b45e90211c42e2a90e094.php 第 69 行.
NOTIC: [8] Undefined variable: nav3 E:\xampp\htdocs\t\User\Runtime\Cache\User\31f71441c69b45e90211c42e2a90e094.php 第 72 行.
NOTIC: [8] Undefined variable: nav4 E:\xampp\htdocs\t\User\Runtime\Cache\User\31f71441c69b45e90211c42e2a90e094.php 第 75 行.
INFO: ParseTemplate Behavior ::run [ RunTime:0.015001s ]
INFO: [ view_parse ] --END-- [ RunTime:0.015001s ]
INFO: [ view_filter ] --START--
INFO: ContentReplace Behavior ::run [ RunTime:0.001000s ]
INFO: TokenBuild Behavior ::run [ RunTime:0.001000s ]
INFO: WriteHtmlCache Behavior ::run [ RunTime:0.000000s ]
INFO: ShowRuntime Behavior ::run [ RunTime:0.001000s ]
INFO: [ view_filter ] --END-- [ RunTime:0.003000s ]
INFO: [ view_end ] --START--
INFO: ShowPageTrace Behavior ::run [ RunTime:0.001000s ]
INFO: [ view_end ] --END-- [ RunTime:0.001000s ]

[ 2014-02-27T18:10:55+08:00 ] 127.0.0.1 /t/Office.html
INFO: [ route_check ] --START--
INFO: CheckRoute Behavior ::run [ RunTime:0.001000s ]
INFO: [ route_check ] --END-- [ RunTime:0.001000s ]
INFO: [ app_begin ] --START--
INFO: ReadHtmlCache Behavior ::run [ RunTime:0.000000s ]
INFO: [ app_begin ] --END-- [ RunTime:0.000000s ]
NOTIC: [2048] Declaration of OfficeAction::Show() should be compatible with Action::show($content, $charset = '', $contentType = '', $prefix = '') E:\xampp\htdocs\t\User\Lib\Action\User\OfficeAction.class.php 第 179 行.
INFO: [ view_parse ] --START--
NOTIC: [8] Undefined variable: nav1 E:\xampp\htdocs\t\User\Runtime\Cache\User\e5b574611600f340f8971129dc12d3b7.php 第 66 行.
NOTIC: [8] Undefined variable: nav2 E:\xampp\htdocs\t\User\Runtime\Cache\User\e5b574611600f340f8971129dc12d3b7.php 第 69 行.
NOTIC: [8] Undefined variable: nav3 E:\xampp\htdocs\t\User\Runtime\Cache\User\e5b574611600f340f8971129dc12d3b7.php 第 72 行.
NOTIC: [8] Undefined variable: type2_1 E:\xampp\htdocs\t\User\Runtime\Cache\User\e5b574611600f340f8971129dc12d3b7.php 第 141 行.
NOTIC: [8] Undefined variable: type2_2 E:\xampp\htdocs\t\User\Runtime\Cache\User\e5b574611600f340f8971129dc12d3b7.php 第 144 行.
NOTIC: [8] Undefined variable: type2_3 E:\xampp\htdocs\t\User\Runtime\Cache\User\e5b574611600f340f8971129dc12d3b7.php 第 147 行.
NOTIC: [8] Undefined variable: type2_4 E:\xampp\htdocs\t\User\Runtime\Cache\User\e5b574611600f340f8971129dc12d3b7.php 第 150 行.
NOTIC: [8] Undefined variable: type2_5 E:\xampp\htdocs\t\User\Runtime\Cache\User\e5b574611600f340f8971129dc12d3b7.php 第 153 行.
NOTIC: [8] Undefined variable: type2_6 E:\xampp\htdocs\t\User\Runtime\Cache\User\e5b574611600f340f8971129dc12d3b7.php 第 156 行.
NOTIC: [8] Undefined variable: type2_7 E:\xampp\htdocs\t\User\Runtime\Cache\User\e5b574611600f340f8971129dc12d3b7.php 第 160 行.
NOTIC: [8] Undefined variable: type2_8 E:\xampp\htdocs\t\User\Runtime\Cache\User\e5b574611600f340f8971129dc12d3b7.php 第 167 行.
NOTIC: [8] Undefined variable: type2_9 E:\xampp\htdocs\t\User\Runtime\Cache\User\e5b574611600f340f8971129dc12d3b7.php 第 170 行.
NOTIC: [8] Undefined variable: type2_11 E:\xampp\htdocs\t\User\Runtime\Cache\User\e5b574611600f340f8971129dc12d3b7.php 第 173 行.
NOTIC: [8] Undefined variable: type2_12 E:\xampp\htdocs\t\User\Runtime\Cache\User\e5b574611600f340f8971129dc12d3b7.php 第 176 行.
NOTIC: [8] Undefined variable: type2_10 E:\xampp\htdocs\t\User\Runtime\Cache\User\e5b574611600f340f8971129dc12d3b7.php 第 179 行.
INFO: ParseTemplate Behavior ::run [ RunTime:0.020001s ]
INFO: [ view_parse ] --END-- [ RunTime:0.020001s ]
INFO: [ view_filter ] --START--
INFO: ContentReplace Behavior ::run [ RunTime:0.000000s ]
INFO: TokenBuild Behavior ::run [ RunTime:0.001000s ]
INFO: WriteHtmlCache Behavior ::run [ RunTime:0.000000s ]
INFO: ShowRuntime Behavior ::run [ RunTime:0.002000s ]
INFO: [ view_filter ] --END-- [ RunTime:0.003000s ]
INFO: [ view_end ] --START--
INFO: ShowPageTrace Behavior ::run [ RunTime:0.000000s ]
INFO: [ view_end ] --END-- [ RunTime:0.001001s ]

[ 2014-02-27T18:13:40+08:00 ] 127.0.0.1 /t/
INFO: [ app_begin ] --START--
INFO: ReadHtmlCache Behavior ::run [ RunTime:0.001000s ]
INFO: [ app_begin ] --END-- [ RunTime:0.001000s ]
INFO: [ view_parse ] --START--
NOTIC: [8] Undefined variable: nav2 E:\xampp\htdocs\t\User\Runtime\Cache\User\31f71441c69b45e90211c42e2a90e094.php 第 69 行.
NOTIC: [8] Undefined variable: nav3 E:\xampp\htdocs\t\User\Runtime\Cache\User\31f71441c69b45e90211c42e2a90e094.php 第 72 行.
NOTIC: [8] Undefined variable: nav4 E:\xampp\htdocs\t\User\Runtime\Cache\User\31f71441c69b45e90211c42e2a90e094.php 第 75 行.
INFO: ParseTemplate Behavior ::run [ RunTime:0.016001s ]
INFO: [ view_parse ] --END-- [ RunTime:0.016001s ]
INFO: [ view_filter ] --START--
INFO: ContentReplace Behavior ::run [ RunTime:0.000000s ]
INFO: TokenBuild Behavior ::run [ RunTime:0.002000s ]
INFO: WriteHtmlCache Behavior ::run [ RunTime:0.001000s ]
INFO: ShowRuntime Behavior ::run [ RunTime:0.001000s ]
INFO: [ view_filter ] --END-- [ RunTime:0.004000s ]
INFO: [ view_end ] --START--
INFO: ShowPageTrace Behavior ::run [ RunTime:0.001000s ]
INFO: [ view_end ] --END-- [ RunTime:0.001000s ]

