[ 2014-04-03T12:01:39+08:00 ] 127.0.0.1 /t/
INFO: [ app_begin ] --START--
INFO: ReadHtmlCache Behavior ::run [ RunTime:0.000000s ]
INFO: [ app_begin ] --END-- [ RunTime:0.000000s ]
INFO: [ view_parse ] --START--
NOTIC: [8] Undefined variable: nav2 E:\xampp\htdocs\t\User\Runtime\Cache\User\31f71441c69b45e90211c42e2a90e094.php 第 70 行.
NOTIC: [8] Undefined variable: nav3 E:\xampp\htdocs\t\User\Runtime\Cache\User\31f71441c69b45e90211c42e2a90e094.php 第 73 行.
NOTIC: [8] Undefined variable: nav4 E:\xampp\htdocs\t\User\Runtime\Cache\User\31f71441c69b45e90211c42e2a90e094.php 第 76 行.
NOTIC: [8] Undefined index: user_name E:\xampp\htdocs\t\User\Runtime\Cache\User\31f71441c69b45e90211c42e2a90e094.php 第 81 行.
INFO: ParseTemplate Behavior ::run [ RunTime:0.031201s ]
INFO: [ view_parse ] --END-- [ RunTime:0.031201s ]
INFO: [ view_filter ] --START--
INFO: ContentReplace Behavior ::run [ RunTime:0.000000s ]
INFO: TokenBuild Behavior ::run [ RunTime:0.015600s ]
INFO: WriteHtmlCache Behavior ::run [ RunTime:0.000000s ]
INFO: ShowRuntime Behavior ::run [ RunTime:0.000000s ]
INFO: [ view_filter ] --END-- [ RunTime:0.015600s ]
INFO: [ view_end ] --START--
INFO: ShowPageTrace Behavior ::run [ RunTime:0.000000s ]
INFO: [ view_end ] --END-- [ RunTime:0.000000s ]

[ 2014-04-03T12:01:48+08:00 ] 127.0.0.1 /t/Login/Login.html
INFO: [ route_check ] --START--
INFO: CheckRoute Behavior ::run [ RunTime:0.000000s ]
INFO: [ route_check ] --END-- [ RunTime:0.000000s ]
INFO: [ app_begin ] --START--
INFO: ReadHtmlCache Behavior ::run [ RunTime:0.000000s ]
INFO: [ app_begin ] --END-- [ RunTime:0.000000s ]
SQL: SHOW COLUMNS FROM `br_user` [ RunTime:0.093600s ]
SQL: SELECT * FROM `br_user` WHERE ( ykt = '123' )  [ RunTime:0.000000s ]
SQL: UPDATE `br_user` SET `logintime`=1396497708,`loginip`='127.0.0.1' WHERE ( `uid` = 16 ) [ RunTime:0.015600s ]

[ 2014-04-03T12:01:48+08:00 ] 127.0.0.1 /t/
INFO: [ app_begin ] --START--
INFO: ReadHtmlCache Behavior ::run [ RunTime:0.000000s ]
INFO: [ app_begin ] --END-- [ RunTime:0.000000s ]
INFO: [ view_parse ] --START--
NOTIC: [8] Undefined variable: nav2 E:\xampp\htdocs\t\User\Runtime\Cache\User\31f71441c69b45e90211c42e2a90e094.php 第 70 行.
NOTIC: [8] Undefined variable: nav3 E:\xampp\htdocs\t\User\Runtime\Cache\User\31f71441c69b45e90211c42e2a90e094.php 第 73 行.
NOTIC: [8] Undefined variable: nav4 E:\xampp\htdocs\t\User\Runtime\Cache\User\31f71441c69b45e90211c42e2a90e094.php 第 76 行.
INFO: ParseTemplate Behavior ::run [ RunTime:0.015600s ]
INFO: [ view_parse ] --END-- [ RunTime:0.015600s ]
INFO: [ view_filter ] --START--
INFO: ContentReplace Behavior ::run [ RunTime:0.000000s ]
INFO: TokenBuild Behavior ::run [ RunTime:0.000000s ]
INFO: WriteHtmlCache Behavior ::run [ RunTime:0.000000s ]
INFO: ShowRuntime Behavior ::run [ RunTime:0.000000s ]
INFO: [ view_filter ] --END-- [ RunTime:0.000000s ]
INFO: [ view_end ] --START--
INFO: ShowPageTrace Behavior ::run [ RunTime:0.000000s ]
INFO: [ view_end ] --END-- [ RunTime:0.000000s ]

[ 2014-04-03T12:01:49+08:00 ] 127.0.0.1 /t/Office.html
INFO: [ route_check ] --START--
INFO: CheckRoute Behavior ::run [ RunTime:0.015600s ]
INFO: [ route_check ] --END-- [ RunTime:0.015600s ]
INFO: [ app_begin ] --START--
INFO: ReadHtmlCache Behavior ::run [ RunTime:0.000000s ]
INFO: [ app_begin ] --END-- [ RunTime:0.000000s ]
NOTIC: [2048] Declaration of OfficeAction::Show() should be compatible with Action::show($content, $charset = '', $contentType = '', $prefix = '') E:\xampp\htdocs\t\User\Lib\Action\User\OfficeAction.class.php 第 219 行.
INFO: [ view_parse ] --START--
NOTIC: [8] Undefined variable: nav1 E:\xampp\htdocs\t\User\Runtime\Cache\User\e5b574611600f340f8971129dc12d3b7.php 第 67 行.
NOTIC: [8] Undefined variable: nav2 E:\xampp\htdocs\t\User\Runtime\Cache\User\e5b574611600f340f8971129dc12d3b7.php 第 70 行.
NOTIC: [8] Undefined variable: nav3 E:\xampp\htdocs\t\User\Runtime\Cache\User\e5b574611600f340f8971129dc12d3b7.php 第 73 行.
NOTIC: [8] Undefined variable: type3_1 E:\xampp\htdocs\t\User\Runtime\Cache\User\e5b574611600f340f8971129dc12d3b7.php 第 192 行.
NOTIC: [8] Undefined variable: type3_9 E:\xampp\htdocs\t\User\Runtime\Cache\User\e5b574611600f340f8971129dc12d3b7.php 第 195 行.
NOTIC: [8] Undefined variable: type3_2 E:\xampp\htdocs\t\User\Runtime\Cache\User\e5b574611600f340f8971129dc12d3b7.php 第 198 行.
NOTIC: [8] Undefined variable: type3_3 E:\xampp\htdocs\t\User\Runtime\Cache\User\e5b574611600f340f8971129dc12d3b7.php 第 202 行.
NOTIC: [8] Undefined variable: type3_4 E:\xampp\htdocs\t\User\Runtime\Cache\User\e5b574611600f340f8971129dc12d3b7.php 第 206 行.
NOTIC: [8] Undefined variable: type3_5 E:\xampp\htdocs\t\User\Runtime\Cache\User\e5b574611600f340f8971129dc12d3b7.php 第 209 行.
NOTIC: [8] Undefined variable: type3_6 E:\xampp\htdocs\t\User\Runtime\Cache\User\e5b574611600f340f8971129dc12d3b7.php 第 212 行.
NOTIC: [8] Undefined variable: type3_7 E:\xampp\htdocs\t\User\Runtime\Cache\User\e5b574611600f340f8971129dc12d3b7.php 第 215 行.
NOTIC: [8] Undefined variable: type3_8 E:\xampp\htdocs\t\User\Runtime\Cache\User\e5b574611600f340f8971129dc12d3b7.php 第 218 行.
INFO: ParseTemplate Behavior ::run [ RunTime:0.015600s ]
INFO: [ view_parse ] --END-- [ RunTime:0.015600s ]
INFO: [ view_filter ] --START--
INFO: ContentReplace Behavior ::run [ RunTime:0.015601s ]
INFO: TokenBuild Behavior ::run [ RunTime:0.000000s ]
INFO: WriteHtmlCache Behavior ::run [ RunTime:0.000000s ]
INFO: ShowRuntime Behavior ::run [ RunTime:0.000000s ]
INFO: [ view_filter ] --END-- [ RunTime:0.015601s ]
INFO: [ view_end ] --START--
INFO: ShowPageTrace Behavior ::run [ RunTime:0.000000s ]
INFO: [ view_end ] --END-- [ RunTime:0.000000s ]
NOTIC: [8] Constant THEME_NAME already defined E:\xampp\htdocs\t\ThinkPHP\Lib\Core\View.class.php 第 223 行.
NOTIC: [8] Constant THEME_PATH already defined E:\xampp\htdocs\t\ThinkPHP\Lib\Core\View.class.php 第 174 行.
NOTIC: [8] Constant APP_TMPL_PATH already defined E:\xampp\htdocs\t\ThinkPHP\Lib\Core\View.class.php 第 175 行.
INFO: [ view_parse ] --START--
INFO: ParseTemplate Behavior ::run [ RunTime:0.000000s ]
INFO: [ view_parse ] --END-- [ RunTime:-0.015601s ]
INFO: [ view_filter ] --START--
INFO: ContentReplace Behavior ::run [ RunTime:0.000000s ]
INFO: TokenBuild Behavior ::run [ RunTime:0.000000s ]
INFO: WriteHtmlCache Behavior ::run [ RunTime:0.000000s ]
INFO: ShowRuntime Behavior ::run [ RunTime:0.000000s ]
INFO: [ view_filter ] --END-- [ RunTime:0.000000s ]
NOTIC: [2] Cannot modify header information - headers already sent by (output started at E:\xampp\htdocs\t\ThinkPHP\Lib\Core\View.class.php:99) E:\xampp\htdocs\t\ThinkPHP\Lib\Core\View.class.php 第 95 行.
NOTIC: [2] Cannot modify header information - headers already sent by (output started at E:\xampp\htdocs\t\ThinkPHP\Lib\Core\View.class.php:99) E:\xampp\htdocs\t\ThinkPHP\Lib\Core\View.class.php 第 96 行.
NOTIC: [2] Cannot modify header information - headers already sent by (output started at E:\xampp\htdocs\t\ThinkPHP\Lib\Core\View.class.php:99) E:\xampp\htdocs\t\ThinkPHP\Lib\Core\View.class.php 第 97 行.
INFO: [ view_end ] --START--
INFO: ShowPageTrace Behavior ::run [ RunTime:0.000000s ]
INFO: [ view_end ] --END-- [ RunTime:0.000000s ]
NOTIC: [8] Constant THEME_NAME already defined E:\xampp\htdocs\t\ThinkPHP\Lib\Core\View.class.php 第 223 行.
NOTIC: [8] Constant THEME_PATH already defined E:\xampp\htdocs\t\ThinkPHP\Lib\Core\View.class.php 第 174 行.
NOTIC: [8] Constant APP_TMPL_PATH already defined E:\xampp\htdocs\t\ThinkPHP\Lib\Core\View.class.php 第 175 行.
INFO: [ view_parse ] --START--
INFO: ParseTemplate Behavior ::run [ RunTime:0.000000s ]
INFO: [ view_parse ] --END-- [ RunTime:-0.015601s ]
INFO: [ view_filter ] --START--
INFO: ContentReplace Behavior ::run [ RunTime:0.000000s ]
INFO: TokenBuild Behavior ::run [ RunTime:0.000000s ]
INFO: WriteHtmlCache Behavior ::run [ RunTime:0.000000s ]
INFO: ShowRuntime Behavior ::run [ RunTime:0.000000s ]
INFO: [ view_filter ] --END-- [ RunTime:0.000000s ]
NOTIC: [2] Cannot modify header information - headers already sent by (output started at E:\xampp\htdocs\t\ThinkPHP\Lib\Core\View.class.php:99) E:\xampp\htdocs\t\ThinkPHP\Lib\Core\View.class.php 第 95 行.
NOTIC: [2] Cannot modify header information - headers already sent by (output started at E:\xampp\htdocs\t\ThinkPHP\Lib\Core\View.class.php:99) E:\xampp\htdocs\t\ThinkPHP\Lib\Core\View.class.php 第 96 行.
NOTIC: [2] Cannot modify header information - headers already sent by (output started at E:\xampp\htdocs\t\ThinkPHP\Lib\Core\View.class.php:99) E:\xampp\htdocs\t\ThinkPHP\Lib\Core\View.class.php 第 97 行.
INFO: [ view_end ] --START--
INFO: ShowPageTrace Behavior ::run [ RunTime:0.000000s ]
INFO: [ view_end ] --END-- [ RunTime:0.000000s ]

[ 2014-04-03T12:01:52+08:00 ] 127.0.0.1 /t/Office/Show/type/1/gp/3.html
INFO: [ route_check ] --START--
INFO: CheckRoute Behavior ::run [ RunTime:0.000000s ]
INFO: [ route_check ] --END-- [ RunTime:0.000000s ]
INFO: [ app_begin ] --START--
INFO: ReadHtmlCache Behavior ::run [ RunTime:0.000000s ]
INFO: [ app_begin ] --END-- [ RunTime:0.000000s ]
NOTIC: [2048] Declaration of OfficeAction::Show() should be compatible with Action::show($content, $charset = '', $contentType = '', $prefix = '') E:\xampp\htdocs\t\User\Lib\Action\User\OfficeAction.class.php 第 219 行.
SQL: SHOW COLUMNS FROM `br_approval` [ RunTime:0.078000s ]
SQL: SELECT COUNT(*) AS tp_count FROM `br_approval` WHERE ( atype = 21 ) LIMIT 1   [ RunTime:0.000000s ]
SQL: SELECT * FROM `br_approval` WHERE ( atype = 21 ) ORDER BY adate desc LIMIT 0,30   [ RunTime:0.000000s ]
INFO: [ view_parse ] --START--
NOTIC: [8] Undefined variable: nav1 E:\xampp\htdocs\t\User\Runtime\Cache\User\e5b574611600f340f8971129dc12d3b7.php 第 67 行.
NOTIC: [8] Undefined variable: nav2 E:\xampp\htdocs\t\User\Runtime\Cache\User\e5b574611600f340f8971129dc12d3b7.php 第 70 行.
NOTIC: [8] Undefined variable: nav3 E:\xampp\htdocs\t\User\Runtime\Cache\User\e5b574611600f340f8971129dc12d3b7.php 第 73 行.
NOTIC: [8] Undefined variable: type3_9 E:\xampp\htdocs\t\User\Runtime\Cache\User\e5b574611600f340f8971129dc12d3b7.php 第 195 行.
NOTIC: [8] Undefined variable: type3_2 E:\xampp\htdocs\t\User\Runtime\Cache\User\e5b574611600f340f8971129dc12d3b7.php 第 198 行.
NOTIC: [8] Undefined variable: type3_3 E:\xampp\htdocs\t\User\Runtime\Cache\User\e5b574611600f340f8971129dc12d3b7.php 第 202 行.
NOTIC: [8] Undefined variable: type3_4 E:\xampp\htdocs\t\User\Runtime\Cache\User\e5b574611600f340f8971129dc12d3b7.php 第 206 行.
NOTIC: [8] Undefined variable: type3_5 E:\xampp\htdocs\t\User\Runtime\Cache\User\e5b574611600f340f8971129dc12d3b7.php 第 209 行.
NOTIC: [8] Undefined variable: type3_6 E:\xampp\htdocs\t\User\Runtime\Cache\User\e5b574611600f340f8971129dc12d3b7.php 第 212 行.
NOTIC: [8] Undefined variable: type3_7 E:\xampp\htdocs\t\User\Runtime\Cache\User\e5b574611600f340f8971129dc12d3b7.php 第 215 行.
NOTIC: [8] Undefined variable: type3_8 E:\xampp\htdocs\t\User\Runtime\Cache\User\e5b574611600f340f8971129dc12d3b7.php 第 218 行.
INFO: ParseTemplate Behavior ::run [ RunTime:0.015600s ]
INFO: [ view_parse ] --END-- [ RunTime:0.015600s ]
INFO: [ view_filter ] --START--
INFO: ContentReplace Behavior ::run [ RunTime:0.000000s ]
INFO: TokenBuild Behavior ::run [ RunTime:0.000000s ]
INFO: WriteHtmlCache Behavior ::run [ RunTime:0.000000s ]
INFO: ShowRuntime Behavior ::run [ RunTime:0.000000s ]
INFO: [ view_filter ] --END-- [ RunTime:0.000000s ]
INFO: [ view_end ] --START--
INFO: ShowPageTrace Behavior ::run [ RunTime:0.000000s ]
INFO: [ view_end ] --END-- [ RunTime:0.000000s ]
NOTIC: [8] Constant THEME_NAME already defined E:\xampp\htdocs\t\ThinkPHP\Lib\Core\View.class.php 第 223 行.
NOTIC: [8] Constant THEME_PATH already defined E:\xampp\htdocs\t\ThinkPHP\Lib\Core\View.class.php 第 174 行.
NOTIC: [8] Constant APP_TMPL_PATH already defined E:\xampp\htdocs\t\ThinkPHP\Lib\Core\View.class.php 第 175 行.
INFO: [ view_parse ] --START--
SQL: SHOW COLUMNS FROM `br_community` [ RunTime:0.046800s ]
SQL: SELECT * FROM `br_community` WHERE ( cid = 6 )  [ RunTime:0.000000s ]
SQL: SELECT * FROM `br_community` WHERE ( cid = 6 )  [ RunTime:0.000000s ]
SQL: SELECT * FROM `br_community` WHERE ( cid = 6 )  [ RunTime:0.000000s ]
INFO: ParseTemplate Behavior ::run [ RunTime:0.062400s ]
INFO: [ view_parse ] --END-- [ RunTime:0.000000s ]
INFO: [ view_filter ] --START--
INFO: ContentReplace Behavior ::run [ RunTime:0.000000s ]
INFO: TokenBuild Behavior ::run [ RunTime:0.000000s ]
INFO: WriteHtmlCache Behavior ::run [ RunTime:0.000000s ]
INFO: ShowRuntime Behavior ::run [ RunTime:0.000000s ]
INFO: [ view_filter ] --END-- [ RunTime:-0.062400s ]
NOTIC: [2] Cannot modify header information - headers already sent by (output started at E:\xampp\htdocs\t\ThinkPHP\Lib\Core\View.class.php:99) E:\xampp\htdocs\t\ThinkPHP\Lib\Core\View.class.php 第 95 行.
NOTIC: [2] Cannot modify header information - headers already sent by (output started at E:\xampp\htdocs\t\ThinkPHP\Lib\Core\View.class.php:99) E:\xampp\htdocs\t\ThinkPHP\Lib\Core\View.class.php 第 96 行.
NOTIC: [2] Cannot modify header information - headers already sent by (output started at E:\xampp\htdocs\t\ThinkPHP\Lib\Core\View.class.php:99) E:\xampp\htdocs\t\ThinkPHP\Lib\Core\View.class.php 第 97 行.
INFO: [ view_end ] --START--
INFO: ShowPageTrace Behavior ::run [ RunTime:0.000000s ]
INFO: [ view_end ] --END-- [ RunTime:-0.062400s ]
NOTIC: [8] Constant THEME_NAME already defined E:\xampp\htdocs\t\ThinkPHP\Lib\Core\View.class.php 第 223 行.
NOTIC: [8] Constant THEME_PATH already defined E:\xampp\htdocs\t\ThinkPHP\Lib\Core\View.class.php 第 174 行.
NOTIC: [8] Constant APP_TMPL_PATH already defined E:\xampp\htdocs\t\ThinkPHP\Lib\Core\View.class.php 第 175 行.
INFO: [ view_parse ] --START--
INFO: ParseTemplate Behavior ::run [ RunTime:0.000000s ]
INFO: [ view_parse ] --END-- [ RunTime:-0.062400s ]
INFO: [ view_filter ] --START--
INFO: ContentReplace Behavior ::run [ RunTime:0.000000s ]
INFO: TokenBuild Behavior ::run [ RunTime:0.000000s ]
INFO: WriteHtmlCache Behavior ::run [ RunTime:0.000000s ]
INFO: ShowRuntime Behavior ::run [ RunTime:0.000000s ]
INFO: [ view_filter ] --END-- [ RunTime:-0.078000s ]
NOTIC: [2] Cannot modify header information - headers already sent by (output started at E:\xampp\htdocs\t\ThinkPHP\Lib\Core\View.class.php:99) E:\xampp\htdocs\t\ThinkPHP\Lib\Core\View.class.php 第 95 行.
NOTIC: [2] Cannot modify header information - headers already sent by (output started at E:\xampp\htdocs\t\ThinkPHP\Lib\Core\View.class.php:99) E:\xampp\htdocs\t\ThinkPHP\Lib\Core\View.class.php 第 96 行.
NOTIC: [2] Cannot modify header information - headers already sent by (output started at E:\xampp\htdocs\t\ThinkPHP\Lib\Core\View.class.php:99) E:\xampp\htdocs\t\ThinkPHP\Lib\Core\View.class.php 第 97 行.
INFO: [ view_end ] --START--
INFO: ShowPageTrace Behavior ::run [ RunTime:0.000000s ]
INFO: [ view_end ] --END-- [ RunTime:-0.078000s ]

[ 2014-04-03T12:01:59+08:00 ] 127.0.0.1 /t/Office/Show/type/9/gp/3.html
INFO: [ route_check ] --START--
INFO: CheckRoute Behavior ::run [ RunTime:0.000000s ]
INFO: [ route_check ] --END-- [ RunTime:0.000000s ]
INFO: [ app_begin ] --START--
INFO: ReadHtmlCache Behavior ::run [ RunTime:0.000000s ]
INFO: [ app_begin ] --END-- [ RunTime:0.000000s ]
NOTIC: [2048] Declaration of OfficeAction::Show() should be compatible with Action::show($content, $charset = '', $contentType = '', $prefix = '') E:\xampp\htdocs\t\User\Lib\Action\User\OfficeAction.class.php 第 219 行.
SQL: SHOW COLUMNS FROM `br_approval` [ RunTime:0.000000s ]
SQL: SELECT COUNT(*) AS tp_count FROM `br_approval` WHERE ( atype = 29 ) LIMIT 1   [ RunTime:0.000000s ]
SQL: SELECT * FROM `br_approval` WHERE ( atype = 29 ) ORDER BY adate desc LIMIT 0,30   [ RunTime:0.000000s ]
INFO: [ view_parse ] --START--
NOTIC: [8] Undefined variable: nav1 E:\xampp\htdocs\t\User\Runtime\Cache\User\e5b574611600f340f8971129dc12d3b7.php 第 67 行.
NOTIC: [8] Undefined variable: nav2 E:\xampp\htdocs\t\User\Runtime\Cache\User\e5b574611600f340f8971129dc12d3b7.php 第 70 行.
NOTIC: [8] Undefined variable: nav3 E:\xampp\htdocs\t\User\Runtime\Cache\User\e5b574611600f340f8971129dc12d3b7.php 第 73 行.
NOTIC: [8] Undefined variable: type3_1 E:\xampp\htdocs\t\User\Runtime\Cache\User\e5b574611600f340f8971129dc12d3b7.php 第 192 行.
NOTIC: [8] Undefined variable: type3_2 E:\xampp\htdocs\t\User\Runtime\Cache\User\e5b574611600f340f8971129dc12d3b7.php 第 198 行.
NOTIC: [8] Undefined variable: type3_3 E:\xampp\htdocs\t\User\Runtime\Cache\User\e5b574611600f340f8971129dc12d3b7.php 第 202 行.
NOTIC: [8] Undefined variable: type3_4 E:\xampp\htdocs\t\User\Runtime\Cache\User\e5b574611600f340f8971129dc12d3b7.php 第 206 行.
NOTIC: [8] Undefined variable: type3_5 E:\xampp\htdocs\t\User\Runtime\Cache\User\e5b574611600f340f8971129dc12d3b7.php 第 209 行.
NOTIC: [8] Undefined variable: type3_6 E:\xampp\htdocs\t\User\Runtime\Cache\User\e5b574611600f340f8971129dc12d3b7.php 第 212 行.
NOTIC: [8] Undefined variable: type3_7 E:\xampp\htdocs\t\User\Runtime\Cache\User\e5b574611600f340f8971129dc12d3b7.php 第 215 行.
NOTIC: [8] Undefined variable: type3_8 E:\xampp\htdocs\t\User\Runtime\Cache\User\e5b574611600f340f8971129dc12d3b7.php 第 218 行.
INFO: ParseTemplate Behavior ::run [ RunTime:0.015600s ]
INFO: [ view_parse ] --END-- [ RunTime:0.015600s ]
INFO: [ view_filter ] --START--
INFO: ContentReplace Behavior ::run [ RunTime:0.000000s ]
INFO: TokenBuild Behavior ::run [ RunTime:0.015600s ]
INFO: WriteHtmlCache Behavior ::run [ RunTime:0.000000s ]
INFO: ShowRuntime Behavior ::run [ RunTime:0.000000s ]
INFO: [ view_filter ] --END-- [ RunTime:0.015600s ]
INFO: [ view_end ] --START--
INFO: ShowPageTrace Behavior ::run [ RunTime:0.000000s ]
INFO: [ view_end ] --END-- [ RunTime:0.000000s ]
NOTIC: [8] Constant THEME_NAME already defined E:\xampp\htdocs\t\ThinkPHP\Lib\Core\View.class.php 第 223 行.
NOTIC: [8] Constant THEME_PATH already defined E:\xampp\htdocs\t\ThinkPHP\Lib\Core\View.class.php 第 174 行.
NOTIC: [8] Constant APP_TMPL_PATH already defined E:\xampp\htdocs\t\ThinkPHP\Lib\Core\View.class.php 第 175 行.
INFO: [ view_parse ] --START--
SQL: SHOW COLUMNS FROM `br_community` [ RunTime:0.015600s ]
SQL: SELECT * FROM `br_community` WHERE ( cid = 6 )  [ RunTime:0.000000s ]
SQL: SELECT * FROM `br_community` WHERE ( cid = 6 )  [ RunTime:0.000000s ]
SQL: SELECT * FROM `br_community` WHERE ( cid = 6 )  [ RunTime:0.000000s ]
INFO: ParseTemplate Behavior ::run [ RunTime:0.015600s ]
INFO: [ view_parse ] --END-- [ RunTime:-0.015600s ]
INFO: [ view_filter ] --START--
INFO: ContentReplace Behavior ::run [ RunTime:0.000000s ]
INFO: TokenBuild Behavior ::run [ RunTime:0.000000s ]
INFO: WriteHtmlCache Behavior ::run [ RunTime:0.000000s ]
INFO: ShowRuntime Behavior ::run [ RunTime:0.000000s ]
INFO: [ view_filter ] --END-- [ RunTime:-0.015600s ]
NOTIC: [2] Cannot modify header information - headers already sent by (output started at E:\xampp\htdocs\t\ThinkPHP\Lib\Core\View.class.php:99) E:\xampp\htdocs\t\ThinkPHP\Lib\Core\View.class.php 第 95 行.
NOTIC: [2] Cannot modify header information - headers already sent by (output started at E:\xampp\htdocs\t\ThinkPHP\Lib\Core\View.class.php:99) E:\xampp\htdocs\t\ThinkPHP\Lib\Core\View.class.php 第 96 行.
NOTIC: [2] Cannot modify header information - headers already sent by (output started at E:\xampp\htdocs\t\ThinkPHP\Lib\Core\View.class.php:99) E:\xampp\htdocs\t\ThinkPHP\Lib\Core\View.class.php 第 97 行.
INFO: [ view_end ] --START--
INFO: ShowPageTrace Behavior ::run [ RunTime:0.000000s ]
INFO: [ view_end ] --END-- [ RunTime:-0.015600s ]
NOTIC: [8] Constant THEME_NAME already defined E:\xampp\htdocs\t\ThinkPHP\Lib\Core\View.class.php 第 223 行.
NOTIC: [8] Constant THEME_PATH already defined E:\xampp\htdocs\t\ThinkPHP\Lib\Core\View.class.php 第 174 行.
NOTIC: [8] Constant APP_TMPL_PATH already defined E:\xampp\htdocs\t\ThinkPHP\Lib\Core\View.class.php 第 175 行.
INFO: [ view_parse ] --START--
INFO: ParseTemplate Behavior ::run [ RunTime:0.000000s ]
INFO: [ view_parse ] --END-- [ RunTime:-0.031200s ]
INFO: [ view_filter ] --START--
INFO: ContentReplace Behavior ::run [ RunTime:0.000000s ]
INFO: TokenBuild Behavior ::run [ RunTime:0.000000s ]
INFO: WriteHtmlCache Behavior ::run [ RunTime:0.000000s ]
INFO: ShowRuntime Behavior ::run [ RunTime:0.000000s ]
INFO: [ view_filter ] --END-- [ RunTime:-0.015600s ]
NOTIC: [2] Cannot modify header information - headers already sent by (output started at E:\xampp\htdocs\t\ThinkPHP\Lib\Core\View.class.php:99) E:\xampp\htdocs\t\ThinkPHP\Lib\Core\View.class.php 第 95 行.
NOTIC: [2] Cannot modify header information - headers already sent by (output started at E:\xampp\htdocs\t\ThinkPHP\Lib\Core\View.class.php:99) E:\xampp\htdocs\t\ThinkPHP\Lib\Core\View.class.php 第 96 行.
NOTIC: [2] Cannot modify header information - headers already sent by (output started at E:\xampp\htdocs\t\ThinkPHP\Lib\Core\View.class.php:99) E:\xampp\htdocs\t\ThinkPHP\Lib\Core\View.class.php 第 97 行.
INFO: [ view_end ] --START--
INFO: ShowPageTrace Behavior ::run [ RunTime:0.000000s ]
INFO: [ view_end ] --END-- [ RunTime:-0.015600s ]

[ 2014-04-03T12:02:02+08:00 ] 127.0.0.1 /t/Office/Show/type/4/gp/3.html
INFO: [ route_check ] --START--
INFO: CheckRoute Behavior ::run [ RunTime:0.000000s ]
INFO: [ route_check ] --END-- [ RunTime:0.000000s ]
INFO: [ app_begin ] --START--
INFO: ReadHtmlCache Behavior ::run [ RunTime:0.000000s ]
INFO: [ app_begin ] --END-- [ RunTime:0.000000s ]
NOTIC: [2048] Declaration of OfficeAction::Show() should be compatible with Action::show($content, $charset = '', $contentType = '', $prefix = '') E:\xampp\htdocs\t\User\Lib\Action\User\OfficeAction.class.php 第 219 行.
SQL: SHOW COLUMNS FROM `br_approval` [ RunTime:0.000000s ]
SQL: SELECT COUNT(*) AS tp_count FROM `br_approval` WHERE ( atype = 24 ) LIMIT 1   [ RunTime:0.000000s ]
SQL: SELECT * FROM `br_approval` WHERE ( atype = 24 ) ORDER BY adate desc LIMIT 0,30   [ RunTime:0.000000s ]
INFO: [ view_parse ] --START--
NOTIC: [8] Undefined variable: nav1 E:\xampp\htdocs\t\User\Runtime\Cache\User\e5b574611600f340f8971129dc12d3b7.php 第 67 行.
NOTIC: [8] Undefined variable: nav2 E:\xampp\htdocs\t\User\Runtime\Cache\User\e5b574611600f340f8971129dc12d3b7.php 第 70 行.
NOTIC: [8] Undefined variable: nav3 E:\xampp\htdocs\t\User\Runtime\Cache\User\e5b574611600f340f8971129dc12d3b7.php 第 73 行.
NOTIC: [8] Undefined variable: type3_1 E:\xampp\htdocs\t\User\Runtime\Cache\User\e5b574611600f340f8971129dc12d3b7.php 第 192 行.
NOTIC: [8] Undefined variable: type3_9 E:\xampp\htdocs\t\User\Runtime\Cache\User\e5b574611600f340f8971129dc12d3b7.php 第 195 行.
NOTIC: [8] Undefined variable: type3_2 E:\xampp\htdocs\t\User\Runtime\Cache\User\e5b574611600f340f8971129dc12d3b7.php 第 198 行.
NOTIC: [8] Undefined variable: type3_3 E:\xampp\htdocs\t\User\Runtime\Cache\User\e5b574611600f340f8971129dc12d3b7.php 第 202 行.
NOTIC: [8] Undefined variable: type3_5 E:\xampp\htdocs\t\User\Runtime\Cache\User\e5b574611600f340f8971129dc12d3b7.php 第 209 行.
NOTIC: [8] Undefined variable: type3_6 E:\xampp\htdocs\t\User\Runtime\Cache\User\e5b574611600f340f8971129dc12d3b7.php 第 212 行.
NOTIC: [8] Undefined variable: type3_7 E:\xampp\htdocs\t\User\Runtime\Cache\User\e5b574611600f340f8971129dc12d3b7.php 第 215 行.
NOTIC: [8] Undefined variable: type3_8 E:\xampp\htdocs\t\User\Runtime\Cache\User\e5b574611600f340f8971129dc12d3b7.php 第 218 行.
INFO: ParseTemplate Behavior ::run [ RunTime:0.015600s ]
INFO: [ view_parse ] --END-- [ RunTime:0.015600s ]
INFO: [ view_filter ] --START--
INFO: ContentReplace Behavior ::run [ RunTime:0.000000s ]
INFO: TokenBuild Behavior ::run [ RunTime:0.000000s ]
INFO: WriteHtmlCache Behavior ::run [ RunTime:0.000000s ]
INFO: ShowRuntime Behavior ::run [ RunTime:0.000000s ]
INFO: [ view_filter ] --END-- [ RunTime:0.000000s ]
INFO: [ view_end ] --START--
INFO: ShowPageTrace Behavior ::run [ RunTime:0.000000s ]
INFO: [ view_end ] --END-- [ RunTime:0.000000s ]
NOTIC: [8] Constant THEME_NAME already defined E:\xampp\htdocs\t\ThinkPHP\Lib\Core\View.class.php 第 223 行.
NOTIC: [8] Constant THEME_PATH already defined E:\xampp\htdocs\t\ThinkPHP\Lib\Core\View.class.php 第 174 行.
NOTIC: [8] Constant APP_TMPL_PATH already defined E:\xampp\htdocs\t\ThinkPHP\Lib\Core\View.class.php 第 175 行.
INFO: [ view_parse ] --START--
SQL: SHOW COLUMNS FROM `br_community` [ RunTime:0.015600s ]
SQL: SELECT * FROM `br_community` WHERE ( cid = 6 )  [ RunTime:0.000000s ]
SQL: SELECT * FROM `br_community` WHERE ( cid = 6 )  [ RunTime:0.000000s ]
INFO: ParseTemplate Behavior ::run [ RunTime:0.015600s ]
INFO: [ view_parse ] --END-- [ RunTime:0.000000s ]
INFO: [ view_filter ] --START--
INFO: ContentReplace Behavior ::run [ RunTime:0.000000s ]
INFO: TokenBuild Behavior ::run [ RunTime:0.000000s ]
INFO: WriteHtmlCache Behavior ::run [ RunTime:0.000000s ]
INFO: ShowRuntime Behavior ::run [ RunTime:0.000000s ]
INFO: [ view_filter ] --END-- [ RunTime:-0.015600s ]
NOTIC: [2] Cannot modify header information - headers already sent by (output started at E:\xampp\htdocs\t\ThinkPHP\Lib\Core\View.class.php:99) E:\xampp\htdocs\t\ThinkPHP\Lib\Core\View.class.php 第 95 行.
NOTIC: [2] Cannot modify header information - headers already sent by (output started at E:\xampp\htdocs\t\ThinkPHP\Lib\Core\View.class.php:99) E:\xampp\htdocs\t\ThinkPHP\Lib\Core\View.class.php 第 96 行.
NOTIC: [2] Cannot modify header information - headers already sent by (output started at E:\xampp\htdocs\t\ThinkPHP\Lib\Core\View.class.php:99) E:\xampp\htdocs\t\ThinkPHP\Lib\Core\View.class.php 第 97 行.
INFO: [ view_end ] --START--
INFO: ShowPageTrace Behavior ::run [ RunTime:0.000000s ]
INFO: [ view_end ] --END-- [ RunTime:-0.015600s ]
NOTIC: [8] Constant THEME_NAME already defined E:\xampp\htdocs\t\ThinkPHP\Lib\Core\View.class.php 第 223 行.
NOTIC: [8] Constant THEME_PATH already defined E:\xampp\htdocs\t\ThinkPHP\Lib\Core\View.class.php 第 174 行.
NOTIC: [8] Constant APP_TMPL_PATH already defined E:\xampp\htdocs\t\ThinkPHP\Lib\Core\View.class.php 第 175 行.
INFO: [ view_parse ] --START--
INFO: ParseTemplate Behavior ::run [ RunTime:0.000000s ]
INFO: [ view_parse ] --END-- [ RunTime:-0.015600s ]
INFO: [ view_filter ] --START--
INFO: ContentReplace Behavior ::run [ RunTime:0.000000s ]
INFO: TokenBuild Behavior ::run [ RunTime:0.000000s ]
INFO: WriteHtmlCache Behavior ::run [ RunTime:0.000000s ]
INFO: ShowRuntime Behavior ::run [ RunTime:0.000000s ]
INFO: [ view_filter ] --END-- [ RunTime:-0.015600s ]
NOTIC: [2] Cannot modify header information - headers already sent by (output started at E:\xampp\htdocs\t\ThinkPHP\Lib\Core\View.class.php:99) E:\xampp\htdocs\t\ThinkPHP\Lib\Core\View.class.php 第 95 行.
NOTIC: [2] Cannot modify header information - headers already sent by (output started at E:\xampp\htdocs\t\ThinkPHP\Lib\Core\View.class.php:99) E:\xampp\htdocs\t\ThinkPHP\Lib\Core\View.class.php 第 96 行.
NOTIC: [2] Cannot modify header information - headers already sent by (output started at E:\xampp\htdocs\t\ThinkPHP\Lib\Core\View.class.php:99) E:\xampp\htdocs\t\ThinkPHP\Lib\Core\View.class.php 第 97 行.
INFO: [ view_end ] --START--
INFO: ShowPageTrace Behavior ::run [ RunTime:0.000000s ]
INFO: [ view_end ] --END-- [ RunTime:-0.015600s ]

[ 2014-04-03T12:02:03+08:00 ] 127.0.0.1 /t/Office/Show/type/4/gp/3.html
INFO: [ route_check ] --START--
INFO: CheckRoute Behavior ::run [ RunTime:0.000000s ]
INFO: [ route_check ] --END-- [ RunTime:0.000000s ]
INFO: [ app_begin ] --START--
INFO: ReadHtmlCache Behavior ::run [ RunTime:0.000000s ]
INFO: [ app_begin ] --END-- [ RunTime:0.000000s ]
NOTIC: [2048] Declaration of OfficeAction::Show() should be compatible with Action::show($content, $charset = '', $contentType = '', $prefix = '') E:\xampp\htdocs\t\User\Lib\Action\User\OfficeAction.class.php 第 219 行.
SQL: SHOW COLUMNS FROM `br_approval` [ RunTime:0.000000s ]
SQL: SELECT COUNT(*) AS tp_count FROM `br_approval` WHERE ( atype = 24 ) LIMIT 1   [ RunTime:0.000000s ]
SQL: SELECT * FROM `br_approval` WHERE ( atype = 24 ) ORDER BY adate desc LIMIT 0,30   [ RunTime:0.000000s ]
INFO: [ view_parse ] --START--
NOTIC: [8] Undefined variable: nav1 E:\xampp\htdocs\t\User\Runtime\Cache\User\e5b574611600f340f8971129dc12d3b7.php 第 67 行.
NOTIC: [8] Undefined variable: nav2 E:\xampp\htdocs\t\User\Runtime\Cache\User\e5b574611600f340f8971129dc12d3b7.php 第 70 行.
NOTIC: [8] Undefined variable: nav3 E:\xampp\htdocs\t\User\Runtime\Cache\User\e5b574611600f340f8971129dc12d3b7.php 第 73 行.
NOTIC: [8] Undefined variable: type3_1 E:\xampp\htdocs\t\User\Runtime\Cache\User\e5b574611600f340f8971129dc12d3b7.php 第 192 行.
NOTIC: [8] Undefined variable: type3_9 E:\xampp\htdocs\t\User\Runtime\Cache\User\e5b574611600f340f8971129dc12d3b7.php 第 195 行.
NOTIC: [8] Undefined variable: type3_2 E:\xampp\htdocs\t\User\Runtime\Cache\User\e5b574611600f340f8971129dc12d3b7.php 第 198 行.
NOTIC: [8] Undefined variable: type3_3 E:\xampp\htdocs\t\User\Runtime\Cache\User\e5b574611600f340f8971129dc12d3b7.php 第 202 行.
NOTIC: [8] Undefined variable: type3_5 E:\xampp\htdocs\t\User\Runtime\Cache\User\e5b574611600f340f8971129dc12d3b7.php 第 209 行.
NOTIC: [8] Undefined variable: type3_6 E:\xampp\htdocs\t\User\Runtime\Cache\User\e5b574611600f340f8971129dc12d3b7.php 第 212 行.
NOTIC: [8] Undefined variable: type3_7 E:\xampp\htdocs\t\User\Runtime\Cache\User\e5b574611600f340f8971129dc12d3b7.php 第 215 行.
NOTIC: [8] Undefined variable: type3_8 E:\xampp\htdocs\t\User\Runtime\Cache\User\e5b574611600f340f8971129dc12d3b7.php 第 218 行.
INFO: ParseTemplate Behavior ::run [ RunTime:0.031200s ]
INFO: [ view_parse ] --END-- [ RunTime:0.031200s ]
INFO: [ view_filter ] --START--
INFO: ContentReplace Behavior ::run [ RunTime:0.000000s ]
INFO: TokenBuild Behavior ::run [ RunTime:0.000000s ]
INFO: WriteHtmlCache Behavior ::run [ RunTime:0.000000s ]
INFO: ShowRuntime Behavior ::run [ RunTime:0.000000s ]
INFO: [ view_filter ] --END-- [ RunTime:0.000000s ]
INFO: [ view_end ] --START--
INFO: ShowPageTrace Behavior ::run [ RunTime:0.000000s ]
INFO: [ view_end ] --END-- [ RunTime:0.000000s ]
NOTIC: [8] Constant THEME_NAME already defined E:\xampp\htdocs\t\ThinkPHP\Lib\Core\View.class.php 第 223 行.
NOTIC: [8] Constant THEME_PATH already defined E:\xampp\htdocs\t\ThinkPHP\Lib\Core\View.class.php 第 174 行.
NOTIC: [8] Constant APP_TMPL_PATH already defined E:\xampp\htdocs\t\ThinkPHP\Lib\Core\View.class.php 第 175 行.
INFO: [ view_parse ] --START--
SQL: SHOW COLUMNS FROM `br_community` [ RunTime:0.015600s ]
SQL: SELECT * FROM `br_community` WHERE ( cid = 6 )  [ RunTime:0.000000s ]
SQL: SELECT * FROM `br_community` WHERE ( cid = 6 )  [ RunTime:0.000000s ]
INFO: ParseTemplate Behavior ::run [ RunTime:0.015600s ]
INFO: [ view_parse ] --END-- [ RunTime:0.000000s ]
INFO: [ view_filter ] --START--
INFO: ContentReplace Behavior ::run [ RunTime:0.000000s ]
INFO: TokenBuild Behavior ::run [ RunTime:0.000000s ]
INFO: WriteHtmlCache Behavior ::run [ RunTime:0.000000s ]
INFO: ShowRuntime Behavior ::run [ RunTime:0.000000s ]
INFO: [ view_filter ] --END-- [ RunTime:-0.015600s ]
NOTIC: [2] Cannot modify header information - headers already sent by (output started at E:\xampp\htdocs\t\ThinkPHP\Lib\Core\View.class.php:99) E:\xampp\htdocs\t\ThinkPHP\Lib\Core\View.class.php 第 95 行.
NOTIC: [2] Cannot modify header information - headers already sent by (output started at E:\xampp\htdocs\t\ThinkPHP\Lib\Core\View.class.php:99) E:\xampp\htdocs\t\ThinkPHP\Lib\Core\View.class.php 第 96 行.
NOTIC: [2] Cannot modify header information - headers already sent by (output started at E:\xampp\htdocs\t\ThinkPHP\Lib\Core\View.class.php:99) E:\xampp\htdocs\t\ThinkPHP\Lib\Core\View.class.php 第 97 行.
INFO: [ view_end ] --START--
INFO: ShowPageTrace Behavior ::run [ RunTime:0.000000s ]
INFO: [ view_end ] --END-- [ RunTime:-0.015600s ]
NOTIC: [8] Constant THEME_NAME already defined E:\xampp\htdocs\t\ThinkPHP\Lib\Core\View.class.php 第 223 行.
NOTIC: [8] Constant THEME_PATH already defined E:\xampp\htdocs\t\ThinkPHP\Lib\Core\View.class.php 第 174 行.
NOTIC: [8] Constant APP_TMPL_PATH already defined E:\xampp\htdocs\t\ThinkPHP\Lib\Core\View.class.php 第 175 行.
INFO: [ view_parse ] --START--
INFO: ParseTemplate Behavior ::run [ RunTime:0.000000s ]
INFO: [ view_parse ] --END-- [ RunTime:-0.015600s ]
INFO: [ view_filter ] --START--
INFO: ContentReplace Behavior ::run [ RunTime:0.000000s ]
INFO: TokenBuild Behavior ::run [ RunTime:0.000000s ]
INFO: WriteHtmlCache Behavior ::run [ RunTime:0.000000s ]
INFO: ShowRuntime Behavior ::run [ RunTime:0.000000s ]
INFO: [ view_filter ] --END-- [ RunTime:-0.015600s ]
NOTIC: [2] Cannot modify header information - headers already sent by (output started at E:\xampp\htdocs\t\ThinkPHP\Lib\Core\View.class.php:99) E:\xampp\htdocs\t\ThinkPHP\Lib\Core\View.class.php 第 95 行.
NOTIC: [2] Cannot modify header information - headers already sent by (output started at E:\xampp\htdocs\t\ThinkPHP\Lib\Core\View.class.php:99) E:\xampp\htdocs\t\ThinkPHP\Lib\Core\View.class.php 第 96 行.
NOTIC: [2] Cannot modify header information - headers already sent by (output started at E:\xampp\htdocs\t\ThinkPHP\Lib\Core\View.class.php:99) E:\xampp\htdocs\t\ThinkPHP\Lib\Core\View.class.php 第 97 行.
INFO: [ view_end ] --START--
INFO: ShowPageTrace Behavior ::run [ RunTime:0.000000s ]
INFO: [ view_end ] --END-- [ RunTime:-0.015600s ]

[ 2014-04-03T12:02:04+08:00 ] 127.0.0.1 /t/Office/Show/type/2/gp/3.html
INFO: [ route_check ] --START--
INFO: CheckRoute Behavior ::run [ RunTime:0.000000s ]
INFO: [ route_check ] --END-- [ RunTime:0.000000s ]
INFO: [ app_begin ] --START--
INFO: ReadHtmlCache Behavior ::run [ RunTime:0.000000s ]
INFO: [ app_begin ] --END-- [ RunTime:0.000000s ]
NOTIC: [2048] Declaration of OfficeAction::Show() should be compatible with Action::show($content, $charset = '', $contentType = '', $prefix = '') E:\xampp\htdocs\t\User\Lib\Action\User\OfficeAction.class.php 第 219 行.
SQL: SHOW COLUMNS FROM `br_approval` [ RunTime:0.000000s ]
SQL: SELECT COUNT(*) AS tp_count FROM `br_approval` WHERE ( atype = 22 ) LIMIT 1   [ RunTime:0.000000s ]
SQL: SELECT * FROM `br_approval` WHERE ( atype = 22 ) ORDER BY adate desc LIMIT 0,30   [ RunTime:0.000000s ]
INFO: [ view_parse ] --START--
NOTIC: [8] Undefined variable: nav1 E:\xampp\htdocs\t\User\Runtime\Cache\User\e5b574611600f340f8971129dc12d3b7.php 第 67 行.
NOTIC: [8] Undefined variable: nav2 E:\xampp\htdocs\t\User\Runtime\Cache\User\e5b574611600f340f8971129dc12d3b7.php 第 70 行.
NOTIC: [8] Undefined variable: nav3 E:\xampp\htdocs\t\User\Runtime\Cache\User\e5b574611600f340f8971129dc12d3b7.php 第 73 行.
NOTIC: [8] Undefined variable: type3_1 E:\xampp\htdocs\t\User\Runtime\Cache\User\e5b574611600f340f8971129dc12d3b7.php 第 192 行.
NOTIC: [8] Undefined variable: type3_9 E:\xampp\htdocs\t\User\Runtime\Cache\User\e5b574611600f340f8971129dc12d3b7.php 第 195 行.
NOTIC: [8] Undefined variable: type3_3 E:\xampp\htdocs\t\User\Runtime\Cache\User\e5b574611600f340f8971129dc12d3b7.php 第 202 行.
NOTIC: [8] Undefined variable: type3_4 E:\xampp\htdocs\t\User\Runtime\Cache\User\e5b574611600f340f8971129dc12d3b7.php 第 206 行.
NOTIC: [8] Undefined variable: type3_5 E:\xampp\htdocs\t\User\Runtime\Cache\User\e5b574611600f340f8971129dc12d3b7.php 第 209 行.
NOTIC: [8] Undefined variable: type3_6 E:\xampp\htdocs\t\User\Runtime\Cache\User\e5b574611600f340f8971129dc12d3b7.php 第 212 行.
NOTIC: [8] Undefined variable: type3_7 E:\xampp\htdocs\t\User\Runtime\Cache\User\e5b574611600f340f8971129dc12d3b7.php 第 215 行.
NOTIC: [8] Undefined variable: type3_8 E:\xampp\htdocs\t\User\Runtime\Cache\User\e5b574611600f340f8971129dc12d3b7.php 第 218 行.
INFO: ParseTemplate Behavior ::run [ RunTime:0.015600s ]
INFO: [ view_parse ] --END-- [ RunTime:0.015600s ]
INFO: [ view_filter ] --START--
INFO: ContentReplace Behavior ::run [ RunTime:0.000000s ]
INFO: TokenBuild Behavior ::run [ RunTime:0.000000s ]
INFO: WriteHtmlCache Behavior ::run [ RunTime:0.000000s ]
INFO: ShowRuntime Behavior ::run [ RunTime:0.000000s ]
INFO: [ view_filter ] --END-- [ RunTime:0.000000s ]
INFO: [ view_end ] --START--
INFO: ShowPageTrace Behavior ::run [ RunTime:0.000000s ]
INFO: [ view_end ] --END-- [ RunTime:0.000000s ]
NOTIC: [8] Constant THEME_NAME already defined E:\xampp\htdocs\t\ThinkPHP\Lib\Core\View.class.php 第 223 行.
NOTIC: [8] Constant THEME_PATH already defined E:\xampp\htdocs\t\ThinkPHP\Lib\Core\View.class.php 第 174 行.
NOTIC: [8] Constant APP_TMPL_PATH already defined E:\xampp\htdocs\t\ThinkPHP\Lib\Core\View.class.php 第 175 行.
INFO: [ view_parse ] --START--
SQL: SHOW COLUMNS FROM `br_community` [ RunTime:0.000000s ]
SQL: SELECT * FROM `br_community` WHERE ( cid = 6 )  [ RunTime:0.000000s ]
SQL: SELECT * FROM `br_community` WHERE ( cid = 6 )  [ RunTime:0.000000s ]
INFO: ParseTemplate Behavior ::run [ RunTime:0.015600s ]
INFO: [ view_parse ] --END-- [ RunTime:-0.015600s ]
INFO: [ view_filter ] --START--
INFO: ContentReplace Behavior ::run [ RunTime:0.000000s ]
INFO: TokenBuild Behavior ::run [ RunTime:0.000000s ]
INFO: WriteHtmlCache Behavior ::run [ RunTime:0.000000s ]
INFO: ShowRuntime Behavior ::run [ RunTime:0.000000s ]
INFO: [ view_filter ] --END-- [ RunTime:-0.031200s ]
NOTIC: [2] Cannot modify header information - headers already sent by (output started at E:\xampp\htdocs\t\ThinkPHP\Lib\Core\View.class.php:99) E:\xampp\htdocs\t\ThinkPHP\Lib\Core\View.class.php 第 95 行.
NOTIC: [2] Cannot modify header information - headers already sent by (output started at E:\xampp\htdocs\t\ThinkPHP\Lib\Core\View.class.php:99) E:\xampp\htdocs\t\ThinkPHP\Lib\Core\View.class.php 第 96 行.
NOTIC: [2] Cannot modify header information - headers already sent by (output started at E:\xampp\htdocs\t\ThinkPHP\Lib\Core\View.class.php:99) E:\xampp\htdocs\t\ThinkPHP\Lib\Core\View.class.php 第 97 行.
INFO: [ view_end ] --START--
INFO: ShowPageTrace Behavior ::run [ RunTime:0.000000s ]
INFO: [ view_end ] --END-- [ RunTime:-0.015600s ]
NOTIC: [8] Constant THEME_NAME already defined E:\xampp\htdocs\t\ThinkPHP\Lib\Core\View.class.php 第 223 行.
NOTIC: [8] Constant THEME_PATH already defined E:\xampp\htdocs\t\ThinkPHP\Lib\Core\View.class.php 第 174 行.
NOTIC: [8] Constant APP_TMPL_PATH already defined E:\xampp\htdocs\t\ThinkPHP\Lib\Core\View.class.php 第 175 行.
INFO: [ view_parse ] --START--
INFO: ParseTemplate Behavior ::run [ RunTime:0.000000s ]
INFO: [ view_parse ] --END-- [ RunTime:-0.031200s ]
INFO: [ view_filter ] --START--
INFO: ContentReplace Behavior ::run [ RunTime:0.000000s ]
INFO: TokenBuild Behavior ::run [ RunTime:0.000000s ]
INFO: WriteHtmlCache Behavior ::run [ RunTime:0.000000s ]
INFO: ShowRuntime Behavior ::run [ RunTime:0.000000s ]
INFO: [ view_filter ] --END-- [ RunTime:-0.031200s ]
NOTIC: [2] Cannot modify header information - headers already sent by (output started at E:\xampp\htdocs\t\ThinkPHP\Lib\Core\View.class.php:99) E:\xampp\htdocs\t\ThinkPHP\Lib\Core\View.class.php 第 95 行.
NOTIC: [2] Cannot modify header information - headers already sent by (output started at E:\xampp\htdocs\t\ThinkPHP\Lib\Core\View.class.php:99) E:\xampp\htdocs\t\ThinkPHP\Lib\Core\View.class.php 第 96 行.
NOTIC: [2] Cannot modify header information - headers already sent by (output started at E:\xampp\htdocs\t\ThinkPHP\Lib\Core\View.class.php:99) E:\xampp\htdocs\t\ThinkPHP\Lib\Core\View.class.php 第 97 行.
INFO: [ view_end ] --START--
INFO: ShowPageTrace Behavior ::run [ RunTime:0.000000s ]
INFO: [ view_end ] --END-- [ RunTime:-0.015600s ]

[ 2014-04-03T12:02:07+08:00 ] 127.0.0.1 /t/Office/Show/type/5/gp/3.html
INFO: [ route_check ] --START--
INFO: CheckRoute Behavior ::run [ RunTime:0.000000s ]
INFO: [ route_check ] --END-- [ RunTime:0.000000s ]
INFO: [ app_begin ] --START--
INFO: ReadHtmlCache Behavior ::run [ RunTime:0.000000s ]
INFO: [ app_begin ] --END-- [ RunTime:0.000000s ]
NOTIC: [2048] Declaration of OfficeAction::Show() should be compatible with Action::show($content, $charset = '', $contentType = '', $prefix = '') E:\xampp\htdocs\t\User\Lib\Action\User\OfficeAction.class.php 第 219 行.
SQL: SHOW COLUMNS FROM `br_approval` [ RunTime:0.000000s ]
SQL: SELECT COUNT(*) AS tp_count FROM `br_approval` WHERE ( atype = 25 ) LIMIT 1   [ RunTime:0.000000s ]
SQL: SELECT * FROM `br_approval` WHERE ( atype = 25 ) ORDER BY adate desc LIMIT 0,30   [ RunTime:0.000000s ]
INFO: [ view_parse ] --START--
NOTIC: [8] Undefined variable: nav1 E:\xampp\htdocs\t\User\Runtime\Cache\User\e5b574611600f340f8971129dc12d3b7.php 第 67 行.
NOTIC: [8] Undefined variable: nav2 E:\xampp\htdocs\t\User\Runtime\Cache\User\e5b574611600f340f8971129dc12d3b7.php 第 70 行.
NOTIC: [8] Undefined variable: nav3 E:\xampp\htdocs\t\User\Runtime\Cache\User\e5b574611600f340f8971129dc12d3b7.php 第 73 行.
NOTIC: [8] Undefined variable: type3_1 E:\xampp\htdocs\t\User\Runtime\Cache\User\e5b574611600f340f8971129dc12d3b7.php 第 192 行.
NOTIC: [8] Undefined variable: type3_9 E:\xampp\htdocs\t\User\Runtime\Cache\User\e5b574611600f340f8971129dc12d3b7.php 第 195 行.
NOTIC: [8] Undefined variable: type3_2 E:\xampp\htdocs\t\User\Runtime\Cache\User\e5b574611600f340f8971129dc12d3b7.php 第 198 行.
NOTIC: [8] Undefined variable: type3_3 E:\xampp\htdocs\t\User\Runtime\Cache\User\e5b574611600f340f8971129dc12d3b7.php 第 202 行.
NOTIC: [8] Undefined variable: type3_4 E:\xampp\htdocs\t\User\Runtime\Cache\User\e5b574611600f340f8971129dc12d3b7.php 第 206 行.
NOTIC: [8] Undefined variable: type3_6 E:\xampp\htdocs\t\User\Runtime\Cache\User\e5b574611600f340f8971129dc12d3b7.php 第 212 行.
NOTIC: [8] Undefined variable: type3_7 E:\xampp\htdocs\t\User\Runtime\Cache\User\e5b574611600f340f8971129dc12d3b7.php 第 215 行.
NOTIC: [8] Undefined variable: type3_8 E:\xampp\htdocs\t\User\Runtime\Cache\User\e5b574611600f340f8971129dc12d3b7.php 第 218 行.
INFO: ParseTemplate Behavior ::run [ RunTime:0.015600s ]
INFO: [ view_parse ] --END-- [ RunTime:0.015600s ]
INFO: [ view_filter ] --START--
INFO: ContentReplace Behavior ::run [ RunTime:0.000000s ]
INFO: TokenBuild Behavior ::run [ RunTime:0.000000s ]
INFO: WriteHtmlCache Behavior ::run [ RunTime:0.000000s ]
INFO: ShowRuntime Behavior ::run [ RunTime:0.015600s ]
INFO: [ view_filter ] --END-- [ RunTime:0.015600s ]
INFO: [ view_end ] --START--
INFO: ShowPageTrace Behavior ::run [ RunTime:0.000000s ]
INFO: [ view_end ] --END-- [ RunTime:0.000000s ]
NOTIC: [8] Constant THEME_NAME already defined E:\xampp\htdocs\t\ThinkPHP\Lib\Core\View.class.php 第 223 行.
NOTIC: [8] Constant THEME_PATH already defined E:\xampp\htdocs\t\ThinkPHP\Lib\Core\View.class.php 第 174 行.
NOTIC: [8] Constant APP_TMPL_PATH already defined E:\xampp\htdocs\t\ThinkPHP\Lib\Core\View.class.php 第 175 行.
INFO: [ view_parse ] --START--
SQL: SHOW COLUMNS FROM `br_community` [ RunTime:0.000000s ]
SQL: SELECT * FROM `br_community` WHERE ( cid = 6 )  [ RunTime:0.000000s ]
SQL: SELECT * FROM `br_community` WHERE ( cid = 6 )  [ RunTime:0.000000s ]
INFO: ParseTemplate Behavior ::run [ RunTime:0.015600s ]
INFO: [ view_parse ] --END-- [ RunTime:-0.015600s ]
INFO: [ view_filter ] --START--
INFO: ContentReplace Behavior ::run [ RunTime:0.000000s ]
INFO: TokenBuild Behavior ::run [ RunTime:0.000000s ]
INFO: WriteHtmlCache Behavior ::run [ RunTime:0.000000s ]
INFO: ShowRuntime Behavior ::run [ RunTime:0.000000s ]
INFO: [ view_filter ] --END-- [ RunTime:-0.015600s ]
NOTIC: [2] Cannot modify header information - headers already sent by (output started at E:\xampp\htdocs\t\ThinkPHP\Lib\Core\View.class.php:99) E:\xampp\htdocs\t\ThinkPHP\Lib\Core\View.class.php 第 95 行.
NOTIC: [2] Cannot modify header information - headers already sent by (output started at E:\xampp\htdocs\t\ThinkPHP\Lib\Core\View.class.php:99) E:\xampp\htdocs\t\ThinkPHP\Lib\Core\View.class.php 第 96 行.
NOTIC: [2] Cannot modify header information - headers already sent by (output started at E:\xampp\htdocs\t\ThinkPHP\Lib\Core\View.class.php:99) E:\xampp\htdocs\t\ThinkPHP\Lib\Core\View.class.php 第 97 行.
INFO: [ view_end ] --START--
INFO: ShowPageTrace Behavior ::run [ RunTime:0.000000s ]
INFO: [ view_end ] --END-- [ RunTime:-0.015600s ]
NOTIC: [8] Constant THEME_NAME already defined E:\xampp\htdocs\t\ThinkPHP\Lib\Core\View.class.php 第 223 行.
NOTIC: [8] Constant THEME_PATH already defined E:\xampp\htdocs\t\ThinkPHP\Lib\Core\View.class.php 第 174 行.
NOTIC: [8] Constant APP_TMPL_PATH already defined E:\xampp\htdocs\t\ThinkPHP\Lib\Core\View.class.php 第 175 行.
INFO: [ view_parse ] --START--
INFO: ParseTemplate Behavior ::run [ RunTime:0.000000s ]
INFO: [ view_parse ] --END-- [ RunTime:-0.031200s ]
INFO: [ view_filter ] --START--
INFO: ContentReplace Behavior ::run [ RunTime:0.000000s ]
INFO: TokenBuild Behavior ::run [ RunTime:0.000000s ]
INFO: WriteHtmlCache Behavior ::run [ RunTime:0.000000s ]
INFO: ShowRuntime Behavior ::run [ RunTime:0.000000s ]
INFO: [ view_filter ] --END-- [ RunTime:-0.015600s ]
NOTIC: [2] Cannot modify header information - headers already sent by (output started at E:\xampp\htdocs\t\ThinkPHP\Lib\Core\View.class.php:99) E:\xampp\htdocs\t\ThinkPHP\Lib\Core\View.class.php 第 95 行.
NOTIC: [2] Cannot modify header information - headers already sent by (output started at E:\xampp\htdocs\t\ThinkPHP\Lib\Core\View.class.php:99) E:\xampp\htdocs\t\ThinkPHP\Lib\Core\View.class.php 第 96 行.
NOTIC: [2] Cannot modify header information - headers already sent by (output started at E:\xampp\htdocs\t\ThinkPHP\Lib\Core\View.class.php:99) E:\xampp\htdocs\t\ThinkPHP\Lib\Core\View.class.php 第 97 行.
INFO: [ view_end ] --START--
INFO: ShowPageTrace Behavior ::run [ RunTime:0.000000s ]
INFO: [ view_end ] --END-- [ RunTime:-0.015600s ]

[ 2014-04-03T12:02:09+08:00 ] 127.0.0.1 /t/Office/Show/type/7/gp/3.html
INFO: [ route_check ] --START--
INFO: CheckRoute Behavior ::run [ RunTime:0.000000s ]
INFO: [ route_check ] --END-- [ RunTime:0.000000s ]
INFO: [ app_begin ] --START--
INFO: ReadHtmlCache Behavior ::run [ RunTime:0.000000s ]
INFO: [ app_begin ] --END-- [ RunTime:0.000000s ]
NOTIC: [2048] Declaration of OfficeAction::Show() should be compatible with Action::show($content, $charset = '', $contentType = '', $prefix = '') E:\xampp\htdocs\t\User\Lib\Action\User\OfficeAction.class.php 第 219 行.
SQL: SHOW COLUMNS FROM `br_approval` [ RunTime:0.000000s ]
SQL: SELECT COUNT(*) AS tp_count FROM `br_approval` WHERE ( atype = 27 ) LIMIT 1   [ RunTime:0.000000s ]
SQL: SELECT * FROM `br_approval` WHERE ( atype = 27 ) ORDER BY adate desc LIMIT 0,30   [ RunTime:0.000000s ]
INFO: [ view_parse ] --START--
NOTIC: [8] Undefined variable: nav1 E:\xampp\htdocs\t\User\Runtime\Cache\User\e5b574611600f340f8971129dc12d3b7.php 第 67 行.
NOTIC: [8] Undefined variable: nav2 E:\xampp\htdocs\t\User\Runtime\Cache\User\e5b574611600f340f8971129dc12d3b7.php 第 70 行.
NOTIC: [8] Undefined variable: nav3 E:\xampp\htdocs\t\User\Runtime\Cache\User\e5b574611600f340f8971129dc12d3b7.php 第 73 行.
NOTIC: [8] Undefined variable: type3_1 E:\xampp\htdocs\t\User\Runtime\Cache\User\e5b574611600f340f8971129dc12d3b7.php 第 192 行.
NOTIC: [8] Undefined variable: type3_9 E:\xampp\htdocs\t\User\Runtime\Cache\User\e5b574611600f340f8971129dc12d3b7.php 第 195 行.
NOTIC: [8] Undefined variable: type3_2 E:\xampp\htdocs\t\User\Runtime\Cache\User\e5b574611600f340f8971129dc12d3b7.php 第 198 行.
NOTIC: [8] Undefined variable: type3_3 E:\xampp\htdocs\t\User\Runtime\Cache\User\e5b574611600f340f8971129dc12d3b7.php 第 202 行.
NOTIC: [8] Undefined variable: type3_4 E:\xampp\htdocs\t\User\Runtime\Cache\User\e5b574611600f340f8971129dc12d3b7.php 第 206 行.
NOTIC: [8] Undefined variable: type3_5 E:\xampp\htdocs\t\User\Runtime\Cache\User\e5b574611600f340f8971129dc12d3b7.php 第 209 行.
NOTIC: [8] Undefined variable: type3_6 E:\xampp\htdocs\t\User\Runtime\Cache\User\e5b574611600f340f8971129dc12d3b7.php 第 212 行.
NOTIC: [8] Undefined variable: type3_8 E:\xampp\htdocs\t\User\Runtime\Cache\User\e5b574611600f340f8971129dc12d3b7.php 第 218 行.
INFO: ParseTemplate Behavior ::run [ RunTime:0.031200s ]
INFO: [ view_parse ] --END-- [ RunTime:0.031200s ]
INFO: [ view_filter ] --START--
INFO: ContentReplace Behavior ::run [ RunTime:0.000000s ]
INFO: TokenBuild Behavior ::run [ RunTime:0.000000s ]
INFO: WriteHtmlCache Behavior ::run [ RunTime:0.000000s ]
INFO: ShowRuntime Behavior ::run [ RunTime:0.000000s ]
INFO: [ view_filter ] --END-- [ RunTime:0.000000s ]
INFO: [ view_end ] --START--
INFO: ShowPageTrace Behavior ::run [ RunTime:0.000000s ]
INFO: [ view_end ] --END-- [ RunTime:0.000000s ]
NOTIC: [8] Constant THEME_NAME already defined E:\xampp\htdocs\t\ThinkPHP\Lib\Core\View.class.php 第 223 行.
NOTIC: [8] Constant THEME_PATH already defined E:\xampp\htdocs\t\ThinkPHP\Lib\Core\View.class.php 第 174 行.
NOTIC: [8] Constant APP_TMPL_PATH already defined E:\xampp\htdocs\t\ThinkPHP\Lib\Core\View.class.php 第 175 行.
INFO: [ view_parse ] --START--
INFO: ParseTemplate Behavior ::run [ RunTime:0.000000s ]
INFO: [ view_parse ] --END-- [ RunTime:0.000000s ]
INFO: [ view_filter ] --START--
INFO: ContentReplace Behavior ::run [ RunTime:0.000000s ]
INFO: TokenBuild Behavior ::run [ RunTime:0.000000s ]
INFO: WriteHtmlCache Behavior ::run [ RunTime:0.000000s ]
INFO: ShowRuntime Behavior ::run [ RunTime:0.000000s ]
INFO: [ view_filter ] --END-- [ RunTime:0.000000s ]
NOTIC: [2] Cannot modify header information - headers already sent by (output started at E:\xampp\htdocs\t\ThinkPHP\Lib\Core\View.class.php:99) E:\xampp\htdocs\t\ThinkPHP\Lib\Core\View.class.php 第 95 行.
NOTIC: [2] Cannot modify header information - headers already sent by (output started at E:\xampp\htdocs\t\ThinkPHP\Lib\Core\View.class.php:99) E:\xampp\htdocs\t\ThinkPHP\Lib\Core\View.class.php 第 96 行.
NOTIC: [2] Cannot modify header information - headers already sent by (output started at E:\xampp\htdocs\t\ThinkPHP\Lib\Core\View.class.php:99) E:\xampp\htdocs\t\ThinkPHP\Lib\Core\View.class.php 第 97 行.
INFO: [ view_end ] --START--
INFO: ShowPageTrace Behavior ::run [ RunTime:0.000000s ]
INFO: [ view_end ] --END-- [ RunTime:0.000000s ]
NOTIC: [8] Constant THEME_NAME already defined E:\xampp\htdocs\t\ThinkPHP\Lib\Core\View.class.php 第 223 行.
NOTIC: [8] Constant THEME_PATH already defined E:\xampp\htdocs\t\ThinkPHP\Lib\Core\View.class.php 第 174 行.
NOTIC: [8] Constant APP_TMPL_PATH already defined E:\xampp\htdocs\t\ThinkPHP\Lib\Core\View.class.php 第 175 行.
INFO: [ view_parse ] --START--
INFO: ParseTemplate Behavior ::run [ RunTime:0.015600s ]
INFO: [ view_parse ] --END-- [ RunTime:0.000000s ]
INFO: [ view_filter ] --START--
INFO: ContentReplace Behavior ::run [ RunTime:0.000000s ]
INFO: TokenBuild Behavior ::run [ RunTime:0.000000s ]
INFO: WriteHtmlCache Behavior ::run [ RunTime:0.000000s ]
INFO: ShowRuntime Behavior ::run [ RunTime:0.000000s ]
INFO: [ view_filter ] --END-- [ RunTime:-0.015600s ]
NOTIC: [2] Cannot modify header information - headers already sent by (output started at E:\xampp\htdocs\t\ThinkPHP\Lib\Core\View.class.php:99) E:\xampp\htdocs\t\ThinkPHP\Lib\Core\View.class.php 第 95 行.
NOTIC: [2] Cannot modify header information - headers already sent by (output started at E:\xampp\htdocs\t\ThinkPHP\Lib\Core\View.class.php:99) E:\xampp\htdocs\t\ThinkPHP\Lib\Core\View.class.php 第 96 行.
NOTIC: [2] Cannot modify header information - headers already sent by (output started at E:\xampp\htdocs\t\ThinkPHP\Lib\Core\View.class.php:99) E:\xampp\htdocs\t\ThinkPHP\Lib\Core\View.class.php 第 97 行.
INFO: [ view_end ] --START--
INFO: ShowPageTrace Behavior ::run [ RunTime:0.000000s ]
INFO: [ view_end ] --END-- [ RunTime:-0.015600s ]

